Building DAG of jobs...
Using shell: /usr/bin/bash
Provided cores: 4
Rules claiming more threads will be scaled down.
Job counts:
	count	jobs
	1	get_segmentation_based_on_entropy
	1

[Wed Jul 14 19:03:32 2021]
rule get_segmentation_based_on_entropy:
    input: ../../model_analysis/K562_hg19/three_mark_model/state_8/full_model/POSTERIOR/entropy/entropy_chr1.txt.gz, ../../model_analysis/K562_hg19/three_mark_model/state_8/full_model/POSTERIOR/entropy/entropy_chrX.txt.gz
    output: ../../model_analysis/K562_hg19/three_mark_model/state_8/full_model/segment_based_on_entropy/genome_segments_sorted.bed.gz, ../../model_analysis/K562_hg19/three_mark_model/state_8/full_model/segment_based_on_entropy/higher/genome_segments_sorted.bed.gz, ../../model_analysis/K562_hg19/three_mark_model/state_8/full_model/segment_based_on_entropy/leq/genome_segments_sorted.bed.gz
    jobid: 0
    wildcards: model_folder=../../model_analysis/K562_hg19/three_mark_model/state_8/full_model

Folder../../model_analysis/K562_hg19/three_mark_model/state_8/full_model/segment_based_on_entropy is already created
Done getting command line argument
          0   1
0  0.174139  E5
1  0.171300  E5
2  0.170665  E5
3  0.169711  E5
4  0.169073  E5
Done calculating for chrom: 1
          0   1
0  0.048065  E5
1  0.044703  E5
2  0.043717  E5
3  0.042232  E5
4  0.041236  E5
Done calculating for chrom: 10
          0   1
0  0.048065  E5
1  0.044703  E5
2  0.043717  E5
3  0.042232  E5
4  0.041236  E5
Done calculating for chrom: 11
          0   1
0  0.048550  E5
1  0.045192  E5
2  0.043720  E5
3  0.042729  E5
4  0.041239  E5
Done calculating for chrom: 12
          0   1
0  0.048065  E5
1  0.044703  E5
2  0.043717  E5
3  0.042232  E5
4  0.041236  E5
Done calculating for chrom: 13
          0   1
0  0.048065  E5
1  0.044703  E5
2  0.043717  E5
3  0.042232  E5
4  0.041236  E5
Done calculating for chrom: 14
          0   1
0  0.048065  E5
1  0.044703  E5
2  0.043717  E5
3  0.042232  E5
4  0.041236  E5
Done calculating for chrom: 15
          0   1
0  0.048065  E5
1  0.044703  E5
2  0.043717  E5
3  0.042236  E5
4  0.041236  E5
Done calculating for chrom: 16
          0   1
0  0.048554  E5
1  0.045676  E5
2  0.044212  E5
3  0.043223  E5
4  0.041735  E5
Done calculating for chrom: 17
          0   1
0  0.677123  E1
1  0.660402  E1
2  0.658142  E1
3  0.657757  E1
4  0.657389  E1
Done calculating for chrom: 18
          0   1
0  0.048065  E5
1  0.044703  E5
2  0.043717  E5
3  0.042232  E5
4  0.041236  E5
Done calculating for chrom: 19
          0   1
0  0.512225  E5
1  0.506442  E5
2  0.504938  E5
3  0.504798  E5
4  0.504798  E5
Done calculating for chrom: 2
          0   1
0  0.048065  E5
1  0.044703  E5
2  0.043717  E5
3  0.042236  E5
4  0.041236  E5
Done calculating for chrom: 20
          0   1
0  0.048065  E5
1  0.044703  E5
2  0.043717  E5
3  0.042232  E5
4  0.041236  E5
Done calculating for chrom: 21
          0   1
0  0.048065  E5
1  0.044703  E5
2  0.043717  E5
3  0.042232  E5
4  0.041236  E5
Done calculating for chrom: 22
          0   1
0  0.048065  E5
1  0.044703  E5
2  0.043717  E5
3  0.042232  E5
4  0.041236  E5
Done calculating for chrom: 3
          0   1
0  0.675522  E1
1  0.658828  E1
2  0.656517  E1
3  0.656145  E1
4  0.655728  E1
Done calculating for chrom: 4
          0   1
0  0.715890  E1
1  0.701612  E1
2  0.700404  E1
3  0.700258  E1
4  0.700141  E1
Done calculating for chrom: 5
          0   1
0  0.048065  E5
1  0.044703  E5
2  0.043717  E5
3  0.042232  E5
4  0.041236  E5
Done calculating for chrom: 6
          0   1
0  0.708610  E1
1  0.694552  E1
2  0.692486  E1
3  0.692289  E1
4  0.692091  E1
Done calculating for chrom: 7
          0   1
0  0.048065  E5
1  0.044703  E5
2  0.043717  E5
3  0.042232  E5
4  0.041236  E5
Done calculating for chrom: 8
          0   1
0  0.677524  E1
1  0.662020  E1
2  0.659765  E1
3  0.659362  E1
4  0.658957  E1
Done calculating for chrom: 9
          0   1
0  0.048069  E5
1  0.045192  E5
2  0.043720  E5
3  0.042729  E5
4  0.041239  E5
Done calculating for chrom: X
Folder../../model_analysis/K562_hg19/three_mark_model/state_8/full_model/segment_based_on_entropy/higher is already created
Folder../../model_analysis/K562_hg19/three_mark_model/state_8/full_model/segment_based_on_entropy/leq is already created
Done
[Wed Jul 14 19:14:42 2021]
Finished job 0.
1 of 1 steps (100%) done
