Building DAG of jobs...
MissingInputException in line 106 of /gstore/home/vuh6/source/train_model/input_data_preparation.snakefile:
Missing input files for rule get_chrom_mark_signals_for_training:
__iter__
__reduce_ex__
isdigit
isalpha
partition
__sizeof__
join
__gt__
rindex
isidentifier
center
replace
upper
__repr__
__reduce__
__ge__
__eq__
__le__
isnumeric
rpartition
rstrip
isupper
encode
__mod__
__str__
zfill
__class__
format
rfind
__init_subclass__
count
isprintable
endswith
title
istitle
__format__
expandtabs
__setattr__
format_map
__dir__
__delattr__
find
maketrans
rsplit
__ne__
casefold
swapcase
capitalize
__len__
__new__
__rmod__
translate
__subclasshook__
startswith
splitlines
lstrip
index
__contains__
__getitem__
__doc__
__rmul__
__mul__
__getnewargs__
__hash__
__getattribute__
isalnum
ljust
split
islower
rjust
isspace
strip
isdecimal
__add__
lower
__init__
__lt__
