Building DAG of jobs...
MissingInputException in line 106 of /gstore/home/vuh6/source/train_model/input_data_preparation.snakefile:
Missing input files for rule get_chrom_mark_signals_for_training:
rstrip
__init_subclass__
__delattr__
__rmul__
splitlines
__mod__
capitalize
__dir__
format_map
__mul__
isdecimal
__hash__
rindex
__new__
__rmod__
__sizeof__
casefold
zfill
__reduce_ex__
center
replace
strip
swapcase
__iter__
__repr__
__eq__
__ne__
isalpha
isspace
encode
endswith
index
__reduce__
__init__
__subclasshook__
__getitem__
isupper
__len__
__contains__
__setattr__
find
title
translate
__getnewargs__
rsplit
__doc__
expandtabs
__class__
join
rfind
ljust
__format__
count
startswith
__ge__
isdigit
partition
isalnum
isnumeric
__add__
__getattribute__
rjust
upper
isidentifier
__lt__
format
__gt__
istitle
lstrip
__str__
rpartition
__le__
split
isprintable
maketrans
islower
lower
