Building DAG of jobs...
Using shell: /usr/bin/bash
Provided cluster nodes: 100
Job counts:
	count	jobs
	1	all
	1	get_training_ref_segmentation
	126	sort_roadmap_S25_segment
	128

[Mon Aug  2 13:58:47 2021]
rule sort_roadmap_S25_segment:
    input: ../../data/hg19/roadmap/S25_segment/E024/E024_25_imputed12marks_segments.bed.gz
    output: ../../data/hg19/roadmap/S25_segment/E024/E024_25_segments_sorted.bed.gz
    jobid: 10
    wildcards: ct=E024

Submitted job 10 with external jobid 'Submitted batch job 5455437'.

[Mon Aug  2 13:58:47 2021]
rule sort_roadmap_S25_segment:
    input: ../../data/hg19/roadmap/S25_segment/E062/E062_25_imputed12marks_segments.bed.gz
    output: ../../data/hg19/roadmap/S25_segment/E062/E062_25_segments_sorted.bed.gz
    jobid: 25
    wildcards: ct=E062

Submitted job 25 with external jobid 'Submitted batch job 5455438'.

[Mon Aug  2 13:58:47 2021]
rule sort_roadmap_S25_segment:
    input: ../../data/hg19/roadmap/S25_segment/E031/E031_25_imputed12marks_segments.bed.gz
    output: ../../data/hg19/roadmap/S25_segment/E031/E031_25_segments_sorted.bed.gz
    jobid: 40
    wildcards: ct=E031

Submitted job 40 with external jobid 'Submitted batch job 5455439'.

[Mon Aug  2 13:58:47 2021]
rule sort_roadmap_S25_segment:
    input: ../../data/hg19/roadmap/S25_segment/E020/E020_25_imputed12marks_segments.bed.gz
    output: ../../data/hg19/roadmap/S25_segment/E020/E020_25_segments_sorted.bed.gz
    jobid: 11
    wildcards: ct=E020

Submitted job 11 with external jobid 'Submitted batch job 5455440'.

[Mon Aug  2 13:58:47 2021]
rule sort_roadmap_S25_segment:
    input: ../../data/hg19/roadmap/S25_segment/E035/E035_25_imputed12marks_segments.bed.gz
    output: ../../data/hg19/roadmap/S25_segment/E035/E035_25_segments_sorted.bed.gz
    jobid: 41
    wildcards: ct=E035

Submitted job 41 with external jobid 'Submitted batch job 5455441'.

[Mon Aug  2 13:58:47 2021]
rule sort_roadmap_S25_segment:
    input: ../../data/hg19/roadmap/S25_segment/E078/E078_25_imputed12marks_segments.bed.gz
    output: ../../data/hg19/roadmap/S25_segment/E078/E078_25_segments_sorted.bed.gz
    jobid: 86
    wildcards: ct=E078

Submitted job 86 with external jobid 'Submitted batch job 5455442'.

[Mon Aug  2 13:58:47 2021]
rule sort_roadmap_S25_segment:
    input: ../../data/hg19/roadmap/S25_segment/E019/E019_25_imputed12marks_segments.bed.gz
    output: ../../data/hg19/roadmap/S25_segment/E019/E019_25_segments_sorted.bed.gz
    jobid: 12
    wildcards: ct=E019

Submitted job 12 with external jobid 'Submitted batch job 5455443'.

[Mon Aug  2 13:58:47 2021]
rule sort_roadmap_S25_segment:
    input: ../../data/hg19/roadmap/S25_segment/E051/E051_25_imputed12marks_segments.bed.gz
    output: ../../data/hg19/roadmap/S25_segment/E051/E051_25_segments_sorted.bed.gz
    jobid: 42
    wildcards: ct=E051

Submitted job 42 with external jobid 'Submitted batch job 5455444'.

[Mon Aug  2 13:58:47 2021]
rule sort_roadmap_S25_segment:
    input: ../../data/hg19/roadmap/S25_segment/E076/E076_25_imputed12marks_segments.bed.gz
    output: ../../data/hg19/roadmap/S25_segment/E076/E076_25_segments_sorted.bed.gz
    jobid: 87
    wildcards: ct=E076

Submitted job 87 with external jobid 'Submitted batch job 5455445'.

[Mon Aug  2 13:58:47 2021]
rule sort_roadmap_S25_segment:
    input: ../../data/hg19/roadmap/S25_segment/E018/E018_25_imputed12marks_segments.bed.gz
    output: ../../data/hg19/roadmap/S25_segment/E018/E018_25_segments_sorted.bed.gz
    jobid: 13
    wildcards: ct=E018

Submitted job 13 with external jobid 'Submitted batch job 5455446'.

[Mon Aug  2 13:58:47 2021]
rule sort_roadmap_S25_segment:
    input: ../../data/hg19/roadmap/S25_segment/E050/E050_25_imputed12marks_segments.bed.gz
    output: ../../data/hg19/roadmap/S25_segment/E050/E050_25_segments_sorted.bed.gz
    jobid: 43
    wildcards: ct=E050

Submitted job 43 with external jobid 'Submitted batch job 5455447'.

[Mon Aug  2 13:58:48 2021]
rule sort_roadmap_S25_segment:
    input: ../../data/hg19/roadmap/S25_segment/E103/E103_25_imputed12marks_segments.bed.gz
    output: ../../data/hg19/roadmap/S25_segment/E103/E103_25_segments_sorted.bed.gz
    jobid: 88
    wildcards: ct=E103

Submitted job 88 with external jobid 'Submitted batch job 5455448'.

[Mon Aug  2 13:58:48 2021]
rule sort_roadmap_S25_segment:
    input: ../../data/hg19/roadmap/S25_segment/E036/E036_25_imputed12marks_segments.bed.gz
    output: ../../data/hg19/roadmap/S25_segment/E036/E036_25_segments_sorted.bed.gz
    jobid: 44
    wildcards: ct=E036

Submitted job 44 with external jobid 'Submitted batch job 5455449'.

[Mon Aug  2 13:58:48 2021]
rule sort_roadmap_S25_segment:
    input: ../../data/hg19/roadmap/S25_segment/E111/E111_25_imputed12marks_segments.bed.gz
    output: ../../data/hg19/roadmap/S25_segment/E111/E111_25_segments_sorted.bed.gz
    jobid: 89
    wildcards: ct=E111

Submitted job 89 with external jobid 'Submitted batch job 5455450'.

[Mon Aug  2 13:58:48 2021]
rule sort_roadmap_S25_segment:
    input: ../../data/hg19/roadmap/S25_segment/E022/E022_25_imputed12marks_segments.bed.gz
    output: ../../data/hg19/roadmap/S25_segment/E022/E022_25_segments_sorted.bed.gz
    jobid: 15
    wildcards: ct=E022

Submitted job 15 with external jobid 'Submitted batch job 5455451'.

[Mon Aug  2 13:58:48 2021]
rule sort_roadmap_S25_segment:
    input: ../../data/hg19/roadmap/S25_segment/E092/E092_25_imputed12marks_segments.bed.gz
    output: ../../data/hg19/roadmap/S25_segment/E092/E092_25_segments_sorted.bed.gz
    jobid: 90
    wildcards: ct=E092

Submitted job 90 with external jobid 'Submitted batch job 5455452'.

[Mon Aug  2 13:58:48 2021]
rule sort_roadmap_S25_segment:
    input: ../../data/hg19/roadmap/S25_segment/E007/E007_25_imputed12marks_segments.bed.gz
    output: ../../data/hg19/roadmap/S25_segment/E007/E007_25_segments_sorted.bed.gz
    jobid: 16
    wildcards: ct=E007

Submitted job 16 with external jobid 'Submitted batch job 5455453'.

[Mon Aug  2 13:58:48 2021]
rule sort_roadmap_S25_segment:
    input: ../../data/hg19/roadmap/S25_segment/E085/E085_25_imputed12marks_segments.bed.gz
    output: ../../data/hg19/roadmap/S25_segment/E085/E085_25_segments_sorted.bed.gz
    jobid: 91
    wildcards: ct=E085

Submitted job 91 with external jobid 'Submitted batch job 5455454'.

[Mon Aug  2 13:58:48 2021]
rule sort_roadmap_S25_segment:
    input: ../../data/hg19/roadmap/S25_segment/E030/E030_25_imputed12marks_segments.bed.gz
    output: ../../data/hg19/roadmap/S25_segment/E030/E030_25_segments_sorted.bed.gz
    jobid: 47
    wildcards: ct=E030

Submitted job 47 with external jobid 'Submitted batch job 5455455'.

[Mon Aug  2 13:58:48 2021]
rule sort_roadmap_S25_segment:
    input: ../../data/hg19/roadmap/S25_segment/E009/E009_25_imputed12marks_segments.bed.gz
    output: ../../data/hg19/roadmap/S25_segment/E009/E009_25_segments_sorted.bed.gz
    jobid: 17
    wildcards: ct=E009

Submitted job 17 with external jobid 'Submitted batch job 5455456'.

[Mon Aug  2 13:58:48 2021]
rule sort_roadmap_S25_segment:
    input: ../../data/hg19/roadmap/S25_segment/E084/E084_25_imputed12marks_segments.bed.gz
    output: ../../data/hg19/roadmap/S25_segment/E084/E084_25_segments_sorted.bed.gz
    jobid: 92
    wildcards: ct=E084

Submitted job 92 with external jobid 'Submitted batch job 5455457'.

[Mon Aug  2 13:58:48 2021]
rule sort_roadmap_S25_segment:
    input: ../../data/hg19/roadmap/S25_segment/E010/E010_25_imputed12marks_segments.bed.gz
    output: ../../data/hg19/roadmap/S25_segment/E010/E010_25_segments_sorted.bed.gz
    jobid: 18
    wildcards: ct=E010

Submitted job 18 with external jobid 'Submitted batch job 5455458'.

[Mon Aug  2 13:58:48 2021]
rule sort_roadmap_S25_segment:
    input: ../../data/hg19/roadmap/S25_segment/E026/E026_25_imputed12marks_segments.bed.gz
    output: ../../data/hg19/roadmap/S25_segment/E026/E026_25_segments_sorted.bed.gz
    jobid: 48
    wildcards: ct=E026

Submitted job 48 with external jobid 'Submitted batch job 5455459'.

[Mon Aug  2 13:58:48 2021]
rule sort_roadmap_S25_segment:
    input: ../../data/hg19/roadmap/S25_segment/E109/E109_25_imputed12marks_segments.bed.gz
    output: ../../data/hg19/roadmap/S25_segment/E109/E109_25_segments_sorted.bed.gz
    jobid: 93
    wildcards: ct=E109

Submitted job 93 with external jobid 'Submitted batch job 5455460'.

[Mon Aug  2 13:58:48 2021]
rule sort_roadmap_S25_segment:
    input: ../../data/hg19/roadmap/S25_segment/E013/E013_25_imputed12marks_segments.bed.gz
    output: ../../data/hg19/roadmap/S25_segment/E013/E013_25_segments_sorted.bed.gz
    jobid: 19
    wildcards: ct=E013

Submitted job 19 with external jobid 'Submitted batch job 5455461'.

[Mon Aug  2 13:58:48 2021]
rule sort_roadmap_S25_segment:
    input: ../../data/hg19/roadmap/S25_segment/E049/E049_25_imputed12marks_segments.bed.gz
    output: ../../data/hg19/roadmap/S25_segment/E049/E049_25_segments_sorted.bed.gz
    jobid: 49
    wildcards: ct=E049

Submitted job 49 with external jobid 'Submitted batch job 5455462'.

[Mon Aug  2 13:58:48 2021]
rule sort_roadmap_S25_segment:
    input: ../../data/hg19/roadmap/S25_segment/E106/E106_25_imputed12marks_segments.bed.gz
    output: ../../data/hg19/roadmap/S25_segment/E106/E106_25_segments_sorted.bed.gz
    jobid: 94
    wildcards: ct=E106

Submitted job 94 with external jobid 'Submitted batch job 5455463'.

[Mon Aug  2 13:58:48 2021]
rule sort_roadmap_S25_segment:
    input: ../../data/hg19/roadmap/S25_segment/E012/E012_25_imputed12marks_segments.bed.gz
    output: ../../data/hg19/roadmap/S25_segment/E012/E012_25_segments_sorted.bed.gz
    jobid: 20
    wildcards: ct=E012

Submitted job 20 with external jobid 'Submitted batch job 5455464'.

[Mon Aug  2 13:58:48 2021]
rule sort_roadmap_S25_segment:
    input: ../../data/hg19/roadmap/S25_segment/E025/E025_25_imputed12marks_segments.bed.gz
    output: ../../data/hg19/roadmap/S25_segment/E025/E025_25_segments_sorted.bed.gz
    jobid: 50
    wildcards: ct=E025

Submitted job 50 with external jobid 'Submitted batch job 5455465'.

[Mon Aug  2 13:58:48 2021]
rule sort_roadmap_S25_segment:
    input: ../../data/hg19/roadmap/S25_segment/E075/E075_25_imputed12marks_segments.bed.gz
    output: ../../data/hg19/roadmap/S25_segment/E075/E075_25_segments_sorted.bed.gz
    jobid: 95
    wildcards: ct=E075

Submitted job 95 with external jobid 'Submitted batch job 5455466'.

[Mon Aug  2 13:58:48 2021]
rule sort_roadmap_S25_segment:
    input: ../../data/hg19/roadmap/S25_segment/E011/E011_25_imputed12marks_segments.bed.gz
    output: ../../data/hg19/roadmap/S25_segment/E011/E011_25_segments_sorted.bed.gz
    jobid: 21
    wildcards: ct=E011

Submitted job 21 with external jobid 'Submitted batch job 5455467'.

[Mon Aug  2 13:58:48 2021]
rule sort_roadmap_S25_segment:
    input: ../../data/hg19/roadmap/S25_segment/E023/E023_25_imputed12marks_segments.bed.gz
    output: ../../data/hg19/roadmap/S25_segment/E023/E023_25_segments_sorted.bed.gz
    jobid: 51
    wildcards: ct=E023

Submitted job 51 with external jobid 'Submitted batch job 5455468'.

[Mon Aug  2 13:58:48 2021]
rule sort_roadmap_S25_segment:
    input: ../../data/hg19/roadmap/S25_segment/E101/E101_25_imputed12marks_segments.bed.gz
    output: ../../data/hg19/roadmap/S25_segment/E101/E101_25_segments_sorted.bed.gz
    jobid: 96
    wildcards: ct=E101

Submitted job 96 with external jobid 'Submitted batch job 5455469'.

[Mon Aug  2 13:58:48 2021]
rule sort_roadmap_S25_segment:
    input: ../../data/hg19/roadmap/S25_segment/E004/E004_25_imputed12marks_segments.bed.gz
    output: ../../data/hg19/roadmap/S25_segment/E004/E004_25_segments_sorted.bed.gz
    jobid: 22
    wildcards: ct=E004

Submitted job 22 with external jobid 'Submitted batch job 5455470'.

[Mon Aug  2 13:58:48 2021]
rule sort_roadmap_S25_segment:
    input: ../../data/hg19/roadmap/S25_segment/E052/E052_25_imputed12marks_segments.bed.gz
    output: ../../data/hg19/roadmap/S25_segment/E052/E052_25_segments_sorted.bed.gz
    jobid: 52
    wildcards: ct=E052

Submitted job 52 with external jobid 'Submitted batch job 5455471'.

[Mon Aug  2 13:58:48 2021]
rule sort_roadmap_S25_segment:
    input: ../../data/hg19/roadmap/S25_segment/E102/E102_25_imputed12marks_segments.bed.gz
    output: ../../data/hg19/roadmap/S25_segment/E102/E102_25_segments_sorted.bed.gz
    jobid: 97
    wildcards: ct=E102

Submitted job 97 with external jobid 'Submitted batch job 5455472'.

[Mon Aug  2 13:58:48 2021]
rule sort_roadmap_S25_segment:
    input: ../../data/hg19/roadmap/S25_segment/E005/E005_25_imputed12marks_segments.bed.gz
    output: ../../data/hg19/roadmap/S25_segment/E005/E005_25_segments_sorted.bed.gz
    jobid: 23
    wildcards: ct=E005

Submitted job 23 with external jobid 'Submitted batch job 5455473'.

[Mon Aug  2 13:58:48 2021]
rule sort_roadmap_S25_segment:
    input: ../../data/hg19/roadmap/S25_segment/E055/E055_25_imputed12marks_segments.bed.gz
    output: ../../data/hg19/roadmap/S25_segment/E055/E055_25_segments_sorted.bed.gz
    jobid: 53
    wildcards: ct=E055

Submitted job 53 with external jobid 'Submitted batch job 5455474'.

[Mon Aug  2 13:58:48 2021]
rule sort_roadmap_S25_segment:
    input: ../../data/hg19/roadmap/S25_segment/E110/E110_25_imputed12marks_segments.bed.gz
    output: ../../data/hg19/roadmap/S25_segment/E110/E110_25_segments_sorted.bed.gz
    jobid: 98
    wildcards: ct=E110

Submitted job 98 with external jobid 'Submitted batch job 5455475'.

[Mon Aug  2 13:58:48 2021]
rule sort_roadmap_S25_segment:
    input: ../../data/hg19/roadmap/S25_segment/E006/E006_25_imputed12marks_segments.bed.gz
    output: ../../data/hg19/roadmap/S25_segment/E006/E006_25_segments_sorted.bed.gz
    jobid: 24
    wildcards: ct=E006

Submitted job 24 with external jobid 'Submitted batch job 5455476'.

[Mon Aug  2 13:58:48 2021]
rule sort_roadmap_S25_segment:
    input: ../../data/hg19/roadmap/S25_segment/E056/E056_25_imputed12marks_segments.bed.gz
    output: ../../data/hg19/roadmap/S25_segment/E056/E056_25_segments_sorted.bed.gz
    jobid: 54
    wildcards: ct=E056

Submitted job 54 with external jobid 'Submitted batch job 5455477'.

[Mon Aug  2 13:58:48 2021]
rule sort_roadmap_S25_segment:
    input: ../../data/hg19/roadmap/S25_segment/E077/E077_25_imputed12marks_segments.bed.gz
    output: ../../data/hg19/roadmap/S25_segment/E077/E077_25_segments_sorted.bed.gz
    jobid: 99
    wildcards: ct=E077

Submitted job 99 with external jobid 'Submitted batch job 5455478'.

[Mon Aug  2 13:58:48 2021]
rule sort_roadmap_S25_segment:
    input: ../../data/hg19/roadmap/S25_segment/E059/E059_25_imputed12marks_segments.bed.gz
    output: ../../data/hg19/roadmap/S25_segment/E059/E059_25_segments_sorted.bed.gz
    jobid: 55
    wildcards: ct=E059

Submitted job 55 with external jobid 'Submitted batch job 5455479'.

[Mon Aug  2 13:58:48 2021]
rule sort_roadmap_S25_segment:
    input: ../../data/hg19/roadmap/S25_segment/E067/E067_25_imputed12marks_segments.bed.gz
    output: ../../data/hg19/roadmap/S25_segment/E067/E067_25_segments_sorted.bed.gz
    jobid: 70
    wildcards: ct=E067

Submitted job 70 with external jobid 'Submitted batch job 5455480'.

[Mon Aug  2 13:58:48 2021]
rule sort_roadmap_S25_segment:
    input: ../../data/hg19/roadmap/S25_segment/E061/E061_25_imputed12marks_segments.bed.gz
    output: ../../data/hg19/roadmap/S25_segment/E061/E061_25_segments_sorted.bed.gz
    jobid: 56
    wildcards: ct=E061

Submitted job 56 with external jobid 'Submitted batch job 5455481'.

[Mon Aug  2 13:58:48 2021]
rule sort_roadmap_S25_segment:
    input: ../../data/hg19/roadmap/S25_segment/E073/E073_25_imputed12marks_segments.bed.gz
    output: ../../data/hg19/roadmap/S25_segment/E073/E073_25_segments_sorted.bed.gz
    jobid: 71
    wildcards: ct=E073

Submitted job 71 with external jobid 'Submitted batch job 5455482'.

[Mon Aug  2 13:58:48 2021]
rule sort_roadmap_S25_segment:
    input: ../../data/hg19/roadmap/S25_segment/E117/E117_25_imputed12marks_segments.bed.gz
    output: ../../data/hg19/roadmap/S25_segment/E117/E117_25_segments_sorted.bed.gz
    jobid: 116
    wildcards: ct=E117

Submitted job 116 with external jobid 'Submitted batch job 5455483'.

[Mon Aug  2 13:58:48 2021]
rule sort_roadmap_S25_segment:
    input: ../../data/hg19/roadmap/S25_segment/E057/E057_25_imputed12marks_segments.bed.gz
    output: ../../data/hg19/roadmap/S25_segment/E057/E057_25_segments_sorted.bed.gz
    jobid: 57
    wildcards: ct=E057

Submitted job 57 with external jobid 'Submitted batch job 5455484'.

[Mon Aug  2 13:58:48 2021]
rule sort_roadmap_S25_segment:
    input: ../../data/hg19/roadmap/S25_segment/E070/E070_25_imputed12marks_segments.bed.gz
    output: ../../data/hg19/roadmap/S25_segment/E070/E070_25_segments_sorted.bed.gz
    jobid: 72
    wildcards: ct=E070

Submitted job 72 with external jobid 'Submitted batch job 5455485'.

[Mon Aug  2 13:58:49 2021]
rule sort_roadmap_S25_segment:
    input: ../../data/hg19/roadmap/S25_segment/E099/E099_25_imputed12marks_segments.bed.gz
    output: ../../data/hg19/roadmap/S25_segment/E099/E099_25_segments_sorted.bed.gz
    jobid: 102
    wildcards: ct=E099

Submitted job 102 with external jobid 'Submitted batch job 5455486'.

[Mon Aug  2 13:58:49 2021]
rule sort_roadmap_S25_segment:
    input: ../../data/hg19/roadmap/S25_segment/E118/E118_25_imputed12marks_segments.bed.gz
    output: ../../data/hg19/roadmap/S25_segment/E118/E118_25_segments_sorted.bed.gz
    jobid: 117
    wildcards: ct=E118

Submitted job 117 with external jobid 'Submitted batch job 5455487'.

[Mon Aug  2 13:58:49 2021]
rule sort_roadmap_S25_segment:
    input: ../../data/hg19/roadmap/S25_segment/E058/E058_25_imputed12marks_segments.bed.gz
    output: ../../data/hg19/roadmap/S25_segment/E058/E058_25_segments_sorted.bed.gz
    jobid: 58
    wildcards: ct=E058

Submitted job 58 with external jobid 'Submitted batch job 5455488'.

[Mon Aug  2 13:58:49 2021]
rule sort_roadmap_S25_segment:
    input: ../../data/hg19/roadmap/S25_segment/E082/E082_25_imputed12marks_segments.bed.gz
    output: ../../data/hg19/roadmap/S25_segment/E082/E082_25_segments_sorted.bed.gz
    jobid: 73
    wildcards: ct=E082

Submitted job 73 with external jobid 'Submitted batch job 5455489'.

[Mon Aug  2 13:58:49 2021]
rule sort_roadmap_S25_segment:
    input: ../../data/hg19/roadmap/S25_segment/E086/E086_25_imputed12marks_segments.bed.gz
    output: ../../data/hg19/roadmap/S25_segment/E086/E086_25_segments_sorted.bed.gz
    jobid: 103
    wildcards: ct=E086

Submitted job 103 with external jobid 'Submitted batch job 5455490'.

[Mon Aug  2 13:58:49 2021]
rule sort_roadmap_S25_segment:
    input: ../../data/hg19/roadmap/S25_segment/E119/E119_25_imputed12marks_segments.bed.gz
    output: ../../data/hg19/roadmap/S25_segment/E119/E119_25_segments_sorted.bed.gz
    jobid: 118
    wildcards: ct=E119

Submitted job 118 with external jobid 'Submitted batch job 5455491'.

[Mon Aug  2 13:58:49 2021]
rule sort_roadmap_S25_segment:
    input: ../../data/hg19/roadmap/S25_segment/E081/E081_25_imputed12marks_segments.bed.gz
    output: ../../data/hg19/roadmap/S25_segment/E081/E081_25_segments_sorted.bed.gz
    jobid: 74
    wildcards: ct=E081

Submitted job 74 with external jobid 'Submitted batch job 5455492'.

[Mon Aug  2 13:58:49 2021]
rule sort_roadmap_S25_segment:
    input: ../../data/hg19/roadmap/S25_segment/E028/E028_25_imputed12marks_segments.bed.gz
    output: ../../data/hg19/roadmap/S25_segment/E028/E028_25_segments_sorted.bed.gz
    jobid: 59
    wildcards: ct=E028

Submitted job 59 with external jobid 'Submitted batch job 5455493'.

[Mon Aug  2 13:58:49 2021]
rule sort_roadmap_S25_segment:
    input: ../../data/hg19/roadmap/S25_segment/E088/E088_25_imputed12marks_segments.bed.gz
    output: ../../data/hg19/roadmap/S25_segment/E088/E088_25_segments_sorted.bed.gz
    jobid: 104
    wildcards: ct=E088

Submitted job 104 with external jobid 'Submitted batch job 5455494'.

[Mon Aug  2 13:58:49 2021]
rule sort_roadmap_S25_segment:
    input: ../../data/hg19/roadmap/S25_segment/E120/E120_25_imputed12marks_segments.bed.gz
    output: ../../data/hg19/roadmap/S25_segment/E120/E120_25_segments_sorted.bed.gz
    jobid: 119
    wildcards: ct=E120

Submitted job 119 with external jobid 'Submitted batch job 5455495'.

[Mon Aug  2 13:58:49 2021]
rule sort_roadmap_S25_segment:
    input: ../../data/hg19/roadmap/S25_segment/E027/E027_25_imputed12marks_segments.bed.gz
    output: ../../data/hg19/roadmap/S25_segment/E027/E027_25_segments_sorted.bed.gz
    jobid: 60
    wildcards: ct=E027

Submitted job 60 with external jobid 'Submitted batch job 5455496'.

[Mon Aug  2 13:58:49 2021]
rule sort_roadmap_S25_segment:
    input: ../../data/hg19/roadmap/S25_segment/E063/E063_25_imputed12marks_segments.bed.gz
    output: ../../data/hg19/roadmap/S25_segment/E063/E063_25_segments_sorted.bed.gz
    jobid: 75
    wildcards: ct=E063

Submitted job 75 with external jobid 'Submitted batch job 5455497'.

[Mon Aug  2 13:58:49 2021]
rule sort_roadmap_S25_segment:
    input: ../../data/hg19/roadmap/S25_segment/E097/E097_25_imputed12marks_segments.bed.gz
    output: ../../data/hg19/roadmap/S25_segment/E097/E097_25_segments_sorted.bed.gz
    jobid: 105
    wildcards: ct=E097

Submitted job 105 with external jobid 'Submitted batch job 5455498'.

[Mon Aug  2 13:58:49 2021]
rule sort_roadmap_S25_segment:
    input: ../../data/hg19/roadmap/S25_segment/E121/E121_25_imputed12marks_segments.bed.gz
    output: ../../data/hg19/roadmap/S25_segment/E121/E121_25_segments_sorted.bed.gz
    jobid: 120
    wildcards: ct=E121

Submitted job 120 with external jobid 'Submitted batch job 5455499'.

[Mon Aug  2 13:58:49 2021]
rule sort_roadmap_S25_segment:
    input: ../../data/hg19/roadmap/S25_segment/E100/E100_25_imputed12marks_segments.bed.gz
    output: ../../data/hg19/roadmap/S25_segment/E100/E100_25_segments_sorted.bed.gz
    jobid: 76
    wildcards: ct=E100

Submitted job 76 with external jobid 'Submitted batch job 5455500'.

[Mon Aug  2 13:58:49 2021]
rule sort_roadmap_S25_segment:
    input: ../../data/hg19/roadmap/S25_segment/E017/E017_25_imputed12marks_segments.bed.gz
    output: ../../data/hg19/roadmap/S25_segment/E017/E017_25_segments_sorted.bed.gz
    jobid: 2
    wildcards: ct=E017

Submitted job 2 with external jobid 'Submitted batch job 5455501'.

[Mon Aug  2 13:58:49 2021]
rule sort_roadmap_S25_segment:
    input: ../../data/hg19/roadmap/S25_segment/E054/E054_25_imputed12marks_segments.bed.gz
    output: ../../data/hg19/roadmap/S25_segment/E054/E054_25_segments_sorted.bed.gz
    jobid: 61
    wildcards: ct=E054

Submitted job 61 with external jobid 'Submitted batch job 5455502'.

[Mon Aug  2 13:58:49 2021]
rule sort_roadmap_S25_segment:
    input: ../../data/hg19/roadmap/S25_segment/E122/E122_25_imputed12marks_segments.bed.gz
    output: ../../data/hg19/roadmap/S25_segment/E122/E122_25_segments_sorted.bed.gz
    jobid: 121
    wildcards: ct=E122

Submitted job 121 with external jobid 'Submitted batch job 5455503'.

[Mon Aug  2 13:58:49 2021]
rule sort_roadmap_S25_segment:
    input: ../../data/hg19/roadmap/S25_segment/E053/E053_25_imputed12marks_segments.bed.gz
    output: ../../data/hg19/roadmap/S25_segment/E053/E053_25_segments_sorted.bed.gz
    jobid: 62
    wildcards: ct=E053

Submitted job 62 with external jobid 'Submitted batch job 5455504'.

[Mon Aug  2 13:58:49 2021]
rule sort_roadmap_S25_segment:
    input: ../../data/hg19/roadmap/S25_segment/E108/E108_25_imputed12marks_segments.bed.gz
    output: ../../data/hg19/roadmap/S25_segment/E108/E108_25_segments_sorted.bed.gz
    jobid: 77
    wildcards: ct=E108

Submitted job 77 with external jobid 'Submitted batch job 5455505'.

[Mon Aug  2 13:58:49 2021]
rule sort_roadmap_S25_segment:
    input: ../../data/hg19/roadmap/S25_segment/E080/E080_25_imputed12marks_segments.bed.gz
    output: ../../data/hg19/roadmap/S25_segment/E080/E080_25_segments_sorted.bed.gz
    jobid: 107
    wildcards: ct=E080

Submitted job 107 with external jobid 'Submitted batch job 5455506'.

[Mon Aug  2 13:58:49 2021]
rule sort_roadmap_S25_segment:
    input: ../../data/hg19/roadmap/S25_segment/E124/E124_25_imputed12marks_segments.bed.gz
    output: ../../data/hg19/roadmap/S25_segment/E124/E124_25_segments_sorted.bed.gz
    jobid: 122
    wildcards: ct=E124

Submitted job 122 with external jobid 'Submitted batch job 5455507'.

[Mon Aug  2 13:58:49 2021]
rule sort_roadmap_S25_segment:
    input: ../../data/hg19/roadmap/S25_segment/E002/E002_25_imputed12marks_segments.bed.gz
    output: ../../data/hg19/roadmap/S25_segment/E002/E002_25_segments_sorted.bed.gz
    jobid: 3
    wildcards: ct=E002

Submitted job 3 with external jobid 'Submitted batch job 5455508'.

[Mon Aug  2 13:58:49 2021]
rule sort_roadmap_S25_segment:
    input: ../../data/hg19/roadmap/S25_segment/E107/E107_25_imputed12marks_segments.bed.gz
    output: ../../data/hg19/roadmap/S25_segment/E107/E107_25_segments_sorted.bed.gz
    jobid: 78
    wildcards: ct=E107

Submitted job 78 with external jobid 'Submitted batch job 5455509'.

[Mon Aug  2 13:58:49 2021]
rule sort_roadmap_S25_segment:
    input: ../../data/hg19/roadmap/S25_segment/E091/E091_25_imputed12marks_segments.bed.gz
    output: ../../data/hg19/roadmap/S25_segment/E091/E091_25_segments_sorted.bed.gz
    jobid: 108
    wildcards: ct=E091

Submitted job 108 with external jobid 'Submitted batch job 5455510'.

[Mon Aug  2 13:58:49 2021]
rule sort_roadmap_S25_segment:
    input: ../../data/hg19/roadmap/S25_segment/E125/E125_25_imputed12marks_segments.bed.gz
    output: ../../data/hg19/roadmap/S25_segment/E125/E125_25_segments_sorted.bed.gz
    jobid: 123
    wildcards: ct=E125

Submitted job 123 with external jobid 'Submitted batch job 5455511'.

[Mon Aug  2 13:58:49 2021]
rule sort_roadmap_S25_segment:
    input: ../../data/hg19/roadmap/S25_segment/E008/E008_25_imputed12marks_segments.bed.gz
    output: ../../data/hg19/roadmap/S25_segment/E008/E008_25_segments_sorted.bed.gz
    jobid: 4
    wildcards: ct=E008

Submitted job 4 with external jobid 'Submitted batch job 5455512'.

[Mon Aug  2 13:58:49 2021]
rule sort_roadmap_S25_segment:
    input: ../../data/hg19/roadmap/S25_segment/E089/E089_25_imputed12marks_segments.bed.gz
    output: ../../data/hg19/roadmap/S25_segment/E089/E089_25_segments_sorted.bed.gz
    jobid: 79
    wildcards: ct=E089

Submitted job 79 with external jobid 'Submitted batch job 5455513'.

[Mon Aug  2 13:58:49 2021]
rule sort_roadmap_S25_segment:
    input: ../../data/hg19/roadmap/S25_segment/E066/E066_25_imputed12marks_segments.bed.gz
    output: ../../data/hg19/roadmap/S25_segment/E066/E066_25_segments_sorted.bed.gz
    jobid: 109
    wildcards: ct=E066

Submitted job 109 with external jobid 'Submitted batch job 5455514'.

[Mon Aug  2 13:58:49 2021]
rule sort_roadmap_S25_segment:
    input: ../../data/hg19/roadmap/S25_segment/E126/E126_25_imputed12marks_segments.bed.gz
    output: ../../data/hg19/roadmap/S25_segment/E126/E126_25_segments_sorted.bed.gz
    jobid: 124
    wildcards: ct=E126

Submitted job 124 with external jobid 'Submitted batch job 5455515'.

[Mon Aug  2 13:58:49 2021]
rule sort_roadmap_S25_segment:
    input: ../../data/hg19/roadmap/S25_segment/E001/E001_25_imputed12marks_segments.bed.gz
    output: ../../data/hg19/roadmap/S25_segment/E001/E001_25_segments_sorted.bed.gz
    jobid: 5
    wildcards: ct=E001

Submitted job 5 with external jobid 'Submitted batch job 5455516'.

[Mon Aug  2 13:58:49 2021]
rule sort_roadmap_S25_segment:
    input: ../../data/hg19/roadmap/S25_segment/E071/E071_25_imputed12marks_segments.bed.gz
    output: ../../data/hg19/roadmap/S25_segment/E071/E071_25_segments_sorted.bed.gz
    jobid: 65
    wildcards: ct=E071

Submitted job 65 with external jobid 'Submitted batch job 5455517'.

[Mon Aug  2 13:58:49 2021]
rule sort_roadmap_S25_segment:
    input: ../../data/hg19/roadmap/S25_segment/E090/E090_25_imputed12marks_segments.bed.gz
    output: ../../data/hg19/roadmap/S25_segment/E090/E090_25_segments_sorted.bed.gz
    jobid: 80
    wildcards: ct=E090

Submitted job 80 with external jobid 'Submitted batch job 5455518'.

[Mon Aug  2 13:58:49 2021]
rule sort_roadmap_S25_segment:
    input: ../../data/hg19/roadmap/S25_segment/E127/E127_25_imputed12marks_segments.bed.gz
    output: ../../data/hg19/roadmap/S25_segment/E127/E127_25_segments_sorted.bed.gz
    jobid: 125
    wildcards: ct=E127

Submitted job 125 with external jobid 'Submitted batch job 5455519'.

[Mon Aug  2 13:58:49 2021]
rule sort_roadmap_S25_segment:
    input: ../../data/hg19/roadmap/S25_segment/E015/E015_25_imputed12marks_segments.bed.gz
    output: ../../data/hg19/roadmap/S25_segment/E015/E015_25_segments_sorted.bed.gz
    jobid: 6
    wildcards: ct=E015

Submitted job 6 with external jobid 'Submitted batch job 5455520'.

[Mon Aug  2 13:58:49 2021]
rule sort_roadmap_S25_segment:
    input: ../../data/hg19/roadmap/S25_segment/E074/E074_25_imputed12marks_segments.bed.gz
    output: ../../data/hg19/roadmap/S25_segment/E074/E074_25_segments_sorted.bed.gz
    jobid: 66
    wildcards: ct=E074

Submitted job 66 with external jobid 'Submitted batch job 5455521'.

[Mon Aug  2 13:58:49 2021]
rule sort_roadmap_S25_segment:
    input: ../../data/hg19/roadmap/S25_segment/E083/E083_25_imputed12marks_segments.bed.gz
    output: ../../data/hg19/roadmap/S25_segment/E083/E083_25_segments_sorted.bed.gz
    jobid: 81
    wildcards: ct=E083

Submitted job 81 with external jobid 'Submitted batch job 5455522'.

[Mon Aug  2 13:58:49 2021]
rule sort_roadmap_S25_segment:
    input: ../../data/hg19/roadmap/S25_segment/E096/E096_25_imputed12marks_segments.bed.gz
    output: ../../data/hg19/roadmap/S25_segment/E096/E096_25_segments_sorted.bed.gz
    jobid: 111
    wildcards: ct=E096

Submitted job 111 with external jobid 'Submitted batch job 5455523'.

[Mon Aug  2 13:58:49 2021]
rule sort_roadmap_S25_segment:
    input: ../../data/hg19/roadmap/S25_segment/E128/E128_25_imputed12marks_segments.bed.gz
    output: ../../data/hg19/roadmap/S25_segment/E128/E128_25_segments_sorted.bed.gz
    jobid: 126
    wildcards: ct=E128

Submitted job 126 with external jobid 'Submitted batch job 5455524'.

[Mon Aug  2 13:58:49 2021]
rule sort_roadmap_S25_segment:
    input: ../../data/hg19/roadmap/S25_segment/E014/E014_25_imputed12marks_segments.bed.gz
    output: ../../data/hg19/roadmap/S25_segment/E014/E014_25_segments_sorted.bed.gz
    jobid: 7
    wildcards: ct=E014

Submitted job 7 with external jobid 'Submitted batch job 5455525'.

[Mon Aug  2 13:58:49 2021]
rule sort_roadmap_S25_segment:
    input: ../../data/hg19/roadmap/S25_segment/E068/E068_25_imputed12marks_segments.bed.gz
    output: ../../data/hg19/roadmap/S25_segment/E068/E068_25_segments_sorted.bed.gz
    jobid: 67
    wildcards: ct=E068

Submitted job 67 with external jobid 'Submitted batch job 5455526'.

[Mon Aug  2 13:58:49 2021]
rule sort_roadmap_S25_segment:
    input: ../../data/hg19/roadmap/S25_segment/E113/E113_25_imputed12marks_segments.bed.gz
    output: ../../data/hg19/roadmap/S25_segment/E113/E113_25_segments_sorted.bed.gz
    jobid: 112
    wildcards: ct=E113

Submitted job 112 with external jobid 'Submitted batch job 5455527'.

[Mon Aug  2 13:58:50 2021]
rule sort_roadmap_S25_segment:
    input: ../../data/hg19/roadmap/S25_segment/E129/E129_25_imputed12marks_segments.bed.gz
    output: ../../data/hg19/roadmap/S25_segment/E129/E129_25_segments_sorted.bed.gz
    jobid: 127
    wildcards: ct=E129

Submitted job 127 with external jobid 'Submitted batch job 5455529'.

[Mon Aug  2 13:58:50 2021]
rule sort_roadmap_S25_segment:
    input: ../../data/hg19/roadmap/S25_segment/E016/E016_25_imputed12marks_segments.bed.gz
    output: ../../data/hg19/roadmap/S25_segment/E016/E016_25_segments_sorted.bed.gz
    jobid: 8
    wildcards: ct=E016

Submitted job 8 with external jobid 'Submitted batch job 5455530'.

[Mon Aug  2 13:58:50 2021]
rule sort_roadmap_S25_segment:
    input: ../../data/hg19/roadmap/S25_segment/E069/E069_25_imputed12marks_segments.bed.gz
    output: ../../data/hg19/roadmap/S25_segment/E069/E069_25_segments_sorted.bed.gz
    jobid: 68
    wildcards: ct=E069

Submitted job 68 with external jobid 'Submitted batch job 5455531'.

[Mon Aug  2 13:58:50 2021]
rule sort_roadmap_S25_segment:
    input: ../../data/hg19/roadmap/S25_segment/E095/E095_25_imputed12marks_segments.bed.gz
    output: ../../data/hg19/roadmap/S25_segment/E095/E095_25_segments_sorted.bed.gz
    jobid: 83
    wildcards: ct=E095

Submitted job 83 with external jobid 'Submitted batch job 5455532'.

[Mon Aug  2 13:58:50 2021]
rule sort_roadmap_S25_segment:
    input: ../../data/hg19/roadmap/S25_segment/E114/E114_25_imputed12marks_segments.bed.gz
    output: ../../data/hg19/roadmap/S25_segment/E114/E114_25_segments_sorted.bed.gz
    jobid: 113
    wildcards: ct=E114

Submitted job 113 with external jobid 'Submitted batch job 5455533'.

[Mon Aug  2 13:58:50 2021]
rule get_training_ref_segmentation:
    input: ../../pyro_model/K562_hg19/train_data/frac_0.1/sample_genome.bed.gz, ../../data/hg19/roadmap/S25_segment/E017/E017_25_imputed12marks_segments.bed.gz, ../../data/hg19/roadmap/S25_segment/E002/E002_25_imputed12marks_segments.bed.gz, ../../data/hg19/roadmap/S25_segment/E008/E008_25_imputed12marks_segments.bed.gz, ../../data/hg19/roadmap/S25_segment/E001/E001_25_imputed12marks_segments.bed.gz, ../../data/hg19/roadmap/S25_segment/E015/E015_25_imputed12marks_segments.bed.gz, ../../data/hg19/roadmap/S25_segment/E014/E014_25_imputed12marks_segments.bed.gz, ../../data/hg19/roadmap/S25_segment/E016/E016_25_imputed12marks_segments.bed.gz, ../../data/hg19/roadmap/S25_segment/E003/E003_25_imputed12marks_segments.bed.gz, ../../data/hg19/roadmap/S25_segment/E024/E024_25_imputed12marks_segments.bed.gz, ../../data/hg19/roadmap/S25_segment/E020/E020_25_imputed12marks_segments.bed.gz, ../../data/hg19/roadmap/S25_segment/E019/E019_25_imputed12marks_segments.bed.gz, ../../data/hg19/roadmap/S25_segment/E018/E018_25_imputed12marks_segments.bed.gz, ../../data/hg19/roadmap/S25_segment/E021/E021_25_imputed12marks_segments.bed.gz, ../../data/hg19/roadmap/S25_segment/E022/E022_25_imputed12marks_segments.bed.gz, ../../data/hg19/roadmap/S25_segment/E007/E007_25_imputed12marks_segments.bed.gz, ../../data/hg19/roadmap/S25_segment/E009/E009_25_imputed12marks_segments.bed.gz, ../../data/hg19/roadmap/S25_segment/E010/E010_25_imputed12marks_segments.bed.gz, ../../data/hg19/roadmap/S25_segment/E013/E013_25_imputed12marks_segments.bed.gz, ../../data/hg19/roadmap/S25_segment/E012/E012_25_imputed12marks_segments.bed.gz, ../../data/hg19/roadmap/S25_segment/E011/E011_25_imputed12marks_segments.bed.gz, ../../data/hg19/roadmap/S25_segment/E004/E004_25_imputed12marks_segments.bed.gz, ../../data/hg19/roadmap/S25_segment/E005/E005_25_imputed12marks_segments.bed.gz, ../../data/hg19/roadmap/S25_segment/E006/E006_25_imputed12marks_segments.bed.gz, ../../data/hg19/roadmap/S25_segment/E062/E062_25_imputed12marks_segments.bed.gz, ../../data/hg19/roadmap/S25_segment/E034/E034_25_imputed12marks_segments.bed.gz, ../../data/hg19/roadmap/S25_segment/E045/E045_25_imputed12marks_segments.bed.gz, ../../data/hg19/roadmap/S25_segment/E033/E033_25_imputed12marks_segments.bed.gz, ../../data/hg19/roadmap/S25_segment/E044/E044_25_imputed12marks_segments.bed.gz, ../../data/hg19/roadmap/S25_segment/E043/E043_25_imputed12marks_segments.bed.gz, ../../data/hg19/roadmap/S25_segment/E039/E039_25_imputed12marks_segments.bed.gz, ../../data/hg19/roadmap/S25_segment/E041/E041_25_imputed12marks_segments.bed.gz, ../../data/hg19/roadmap/S25_segment/E042/E042_25_imputed12marks_segments.bed.gz, ../../data/hg19/roadmap/S25_segment/E040/E040_25_imputed12marks_segments.bed.gz, ../../data/hg19/roadmap/S25_segment/E037/E037_25_imputed12marks_segments.bed.gz, ../../data/hg19/roadmap/S25_segment/E048/E048_25_imputed12marks_segments.bed.gz, ../../data/hg19/roadmap/S25_segment/E038/E038_25_imputed12marks_segments.bed.gz, ../../data/hg19/roadmap/S25_segment/E047/E047_25_imputed12marks_segments.bed.gz, ../../data/hg19/roadmap/S25_segment/E029/E029_25_imputed12marks_segments.bed.gz, ../../data/hg19/roadmap/S25_segment/E031/E031_25_imputed12marks_segments.bed.gz, ../../data/hg19/roadmap/S25_segment/E035/E035_25_imputed12marks_segments.bed.gz, ../../data/hg19/roadmap/S25_segment/E051/E051_25_imputed12marks_segments.bed.gz, ../../data/hg19/roadmap/S25_segment/E050/E050_25_imputed12marks_segments.bed.gz, ../../data/hg19/roadmap/S25_segment/E036/E036_25_imputed12marks_segments.bed.gz, ../../data/hg19/roadmap/S25_segment/E032/E032_25_imputed12marks_segments.bed.gz, ../../data/hg19/roadmap/S25_segment/E046/E046_25_imputed12marks_segments.bed.gz, ../../data/hg19/roadmap/S25_segment/E030/E030_25_imputed12marks_segments.bed.gz, ../../data/hg19/roadmap/S25_segment/E026/E026_25_imputed12marks_segments.bed.gz, ../../data/hg19/roadmap/S25_segment/E049/E049_25_imputed12marks_segments.bed.gz, ../../data/hg19/roadmap/S25_segment/E025/E025_25_imputed12marks_segments.bed.gz, ../../data/hg19/roadmap/S25_segment/E023/E023_25_imputed12marks_segments.bed.gz, ../../data/hg19/roadmap/S25_segment/E052/E052_25_imputed12marks_segments.bed.gz, ../../data/hg19/roadmap/S25_segment/E055/E055_25_imputed12marks_segments.bed.gz, ../../data/hg19/roadmap/S25_segment/E056/E056_25_imputed12marks_segments.bed.gz, ../../data/hg19/roadmap/S25_segment/E059/E059_25_imputed12marks_segments.bed.gz, ../../data/hg19/roadmap/S25_segment/E061/E061_25_imputed12marks_segments.bed.gz, ../../data/hg19/roadmap/S25_segment/E057/E057_25_imputed12marks_segments.bed.gz, ../../data/hg19/roadmap/S25_segment/E058/E058_25_imputed12marks_segments.bed.gz, ../../data/hg19/roadmap/S25_segment/E028/E028_25_imputed12marks_segments.bed.gz, ../../data/hg19/roadmap/S25_segment/E027/E027_25_imputed12marks_segments.bed.gz, ../../data/hg19/roadmap/S25_segment/E054/E054_25_imputed12marks_segments.bed.gz, ../../data/hg19/roadmap/S25_segment/E053/E053_25_imputed12marks_segments.bed.gz, ../../data/hg19/roadmap/S25_segment/E112/E112_25_imputed12marks_segments.bed.gz, ../../data/hg19/roadmap/S25_segment/E093/E093_25_imputed12marks_segments.bed.gz, ../../data/hg19/roadmap/S25_segment/E071/E071_25_imputed12marks_segments.bed.gz, ../../data/hg19/roadmap/S25_segment/E074/E074_25_imputed12marks_segments.bed.gz, ../../data/hg19/roadmap/S25_segment/E068/E068_25_imputed12marks_segments.bed.gz, ../../data/hg19/roadmap/S25_segment/E069/E069_25_imputed12marks_segments.bed.gz, ../../data/hg19/roadmap/S25_segment/E072/E072_25_imputed12marks_segments.bed.gz, ../../data/hg19/roadmap/S25_segment/E067/E067_25_imputed12marks_segments.bed.gz, ../../data/hg19/roadmap/S25_segment/E073/E073_25_imputed12marks_segments.bed.gz, ../../data/hg19/roadmap/S25_segment/E070/E070_25_imputed12marks_segments.bed.gz, ../../data/hg19/roadmap/S25_segment/E082/E082_25_imputed12marks_segments.bed.gz, ../../data/hg19/roadmap/S25_segment/E081/E081_25_imputed12marks_segments.bed.gz, ../../data/hg19/roadmap/S25_segment/E063/E063_25_imputed12marks_segments.bed.gz, ../../data/hg19/roadmap/S25_segment/E100/E100_25_imputed12marks_segments.bed.gz, ../../data/hg19/roadmap/S25_segment/E108/E108_25_imputed12marks_segments.bed.gz, ../../data/hg19/roadmap/S25_segment/E107/E107_25_imputed12marks_segments.bed.gz, ../../data/hg19/roadmap/S25_segment/E089/E089_25_imputed12marks_segments.bed.gz, ../../data/hg19/roadmap/S25_segment/E090/E090_25_imputed12marks_segments.bed.gz, ../../data/hg19/roadmap/S25_segment/E083/E083_25_imputed12marks_segments.bed.gz, ../../data/hg19/roadmap/S25_segment/E104/E104_25_imputed12marks_segments.bed.gz, ../../data/hg19/roadmap/S25_segment/E095/E095_25_imputed12marks_segments.bed.gz, ../../data/hg19/roadmap/S25_segment/E105/E105_25_imputed12marks_segments.bed.gz, ../../data/hg19/roadmap/S25_segment/E065/E065_25_imputed12marks_segments.bed.gz, ../../data/hg19/roadmap/S25_segment/E078/E078_25_imputed12marks_segments.bed.gz, ../../data/hg19/roadmap/S25_segment/E076/E076_25_imputed12marks_segments.bed.gz, ../../data/hg19/roadmap/S25_segment/E103/E103_25_imputed12marks_segments.bed.gz, ../../data/hg19/roadmap/S25_segment/E111/E111_25_imputed12marks_segments.bed.gz, ../../data/hg19/roadmap/S25_segment/E092/E092_25_imputed12marks_segments.bed.gz, ../../data/hg19/roadmap/S25_segment/E085/E085_25_imputed12marks_segments.bed.gz, ../../data/hg19/roadmap/S25_segment/E084/E084_25_imputed12marks_segments.bed.gz, ../../data/hg19/roadmap/S25_segment/E109/E109_25_imputed12marks_segments.bed.gz, ../../data/hg19/roadmap/S25_segment/E106/E106_25_imputed12marks_segments.bed.gz, ../../data/hg19/roadmap/S25_segment/E075/E075_25_imputed12marks_segments.bed.gz, ../../data/hg19/roadmap/S25_segment/E101/E101_25_imputed12marks_segments.bed.gz, ../../data/hg19/roadmap/S25_segment/E102/E102_25_imputed12marks_segments.bed.gz, ../../data/hg19/roadmap/S25_segment/E110/E110_25_imputed12marks_segments.bed.gz, ../../data/hg19/roadmap/S25_segment/E077/E077_25_imputed12marks_segments.bed.gz, ../../data/hg19/roadmap/S25_segment/E079/E079_25_imputed12marks_segments.bed.gz, ../../data/hg19/roadmap/S25_segment/E094/E094_25_imputed12marks_segments.bed.gz, ../../data/hg19/roadmap/S25_segment/E099/E099_25_imputed12marks_segments.bed.gz, ../../data/hg19/roadmap/S25_segment/E086/E086_25_imputed12marks_segments.bed.gz, ../../data/hg19/roadmap/S25_segment/E088/E088_25_imputed12marks_segments.bed.gz, ../../data/hg19/roadmap/S25_segment/E097/E097_25_imputed12marks_segments.bed.gz, ../../data/hg19/roadmap/S25_segment/E087/E087_25_imputed12marks_segments.bed.gz, ../../data/hg19/roadmap/S25_segment/E080/E080_25_imputed12marks_segments.bed.gz, ../../data/hg19/roadmap/S25_segment/E091/E091_25_imputed12marks_segments.bed.gz, ../../data/hg19/roadmap/S25_segment/E066/E066_25_imputed12marks_segments.bed.gz, ../../data/hg19/roadmap/S25_segment/E098/E098_25_imputed12marks_segments.bed.gz, ../../data/hg19/roadmap/S25_segment/E096/E096_25_imputed12marks_segments.bed.gz, ../../data/hg19/roadmap/S25_segment/E113/E113_25_imputed12marks_segments.bed.gz, ../../data/hg19/roadmap/S25_segment/E114/E114_25_imputed12marks_segments.bed.gz, ../../data/hg19/roadmap/S25_segment/E115/E115_25_imputed12marks_segments.bed.gz, ../../data/hg19/roadmap/S25_segment/E116/E116_25_imputed12marks_segments.bed.gz, ../../data/hg19/roadmap/S25_segment/E117/E117_25_imputed12marks_segments.bed.gz, ../../data/hg19/roadmap/S25_segment/E118/E118_25_imputed12marks_segments.bed.gz, ../../data/hg19/roadmap/S25_segment/E119/E119_25_imputed12marks_segments.bed.gz, ../../data/hg19/roadmap/S25_segment/E120/E120_25_imputed12marks_segments.bed.gz, ../../data/hg19/roadmap/S25_segment/E121/E121_25_imputed12marks_segments.bed.gz, ../../data/hg19/roadmap/S25_segment/E122/E122_25_imputed12marks_segments.bed.gz, ../../data/hg19/roadmap/S25_segment/E124/E124_25_imputed12marks_segments.bed.gz, ../../data/hg19/roadmap/S25_segment/E125/E125_25_imputed12marks_segments.bed.gz, ../../data/hg19/roadmap/S25_segment/E126/E126_25_imputed12marks_segments.bed.gz, ../../data/hg19/roadmap/S25_segment/E127/E127_25_imputed12marks_segments.bed.gz, ../../data/hg19/roadmap/S25_segment/E128/E128_25_imputed12marks_segments.bed.gz, ../../data/hg19/roadmap/S25_segment/E129/E129_25_imputed12marks_segments.bed.gz
    output: ../../pyro_model/K562_hg19/train_data/frac_0.1/ref_epig_segment_for_training.bed.gz
    jobid: 128
    wildcards: train_frac=0.1

Submitted job 128 with external jobid 'Submitted batch job 5455534'.

[Mon Aug  2 13:58:50 2021]
rule sort_roadmap_S25_segment:
    input: ../../data/hg19/roadmap/S25_segment/E003/E003_25_imputed12marks_segments.bed.gz
    output: ../../data/hg19/roadmap/S25_segment/E003/E003_25_segments_sorted.bed.gz
    jobid: 9
    wildcards: ct=E003

Submitted job 9 with external jobid 'Submitted batch job 5455535'.

[Mon Aug  2 13:58:50 2021]
rule sort_roadmap_S25_segment:
    input: ../../data/hg19/roadmap/S25_segment/E072/E072_25_imputed12marks_segments.bed.gz
    output: ../../data/hg19/roadmap/S25_segment/E072/E072_25_segments_sorted.bed.gz
    jobid: 69
    wildcards: ct=E072

Submitted job 69 with external jobid 'Submitted batch job 5455536'.

[Mon Aug  2 13:58:50 2021]
rule sort_roadmap_S25_segment:
    input: ../../data/hg19/roadmap/S25_segment/E105/E105_25_imputed12marks_segments.bed.gz
    output: ../../data/hg19/roadmap/S25_segment/E105/E105_25_segments_sorted.bed.gz
    jobid: 84
    wildcards: ct=E105

Submitted job 84 with external jobid 'Submitted batch job 5455537'.
[Mon Aug  2 13:59:04 2021]
Finished job 122.
1 of 128 steps (0.78%) done

[Mon Aug  2 13:59:04 2021]
rule sort_roadmap_S25_segment:
    input: ../../data/hg19/roadmap/S25_segment/E079/E079_25_imputed12marks_segments.bed.gz
    output: ../../data/hg19/roadmap/S25_segment/E079/E079_25_segments_sorted.bed.gz
    jobid: 100
    wildcards: ct=E079

Submitted job 100 with external jobid 'Submitted batch job 5455538'.
[Mon Aug  2 13:59:04 2021]
Finished job 4.
2 of 128 steps (2%) done

[Mon Aug  2 13:59:04 2021]
rule sort_roadmap_S25_segment:
    input: ../../data/hg19/roadmap/S25_segment/E065/E065_25_imputed12marks_segments.bed.gz
    output: ../../data/hg19/roadmap/S25_segment/E065/E065_25_segments_sorted.bed.gz
    jobid: 85
    wildcards: ct=E065

Submitted job 85 with external jobid 'Submitted batch job 5455539'.
[Mon Aug  2 13:59:05 2021]
Finished job 111.
3 of 128 steps (2%) done

[Mon Aug  2 13:59:05 2021]
rule sort_roadmap_S25_segment:
    input: ../../data/hg19/roadmap/S25_segment/E094/E094_25_imputed12marks_segments.bed.gz
    output: ../../data/hg19/roadmap/S25_segment/E094/E094_25_segments_sorted.bed.gz
    jobid: 101
    wildcards: ct=E094

Submitted job 101 with external jobid 'Submitted batch job 5455540'.
[Mon Aug  2 13:59:06 2021]
Finished job 112.
4 of 128 steps (3%) done

[Mon Aug  2 13:59:06 2021]
rule sort_roadmap_S25_segment:
    input: ../../data/hg19/roadmap/S25_segment/E093/E093_25_imputed12marks_segments.bed.gz
    output: ../../data/hg19/roadmap/S25_segment/E093/E093_25_segments_sorted.bed.gz
    jobid: 64
    wildcards: ct=E093

[Mon Aug  2 13:59:06 2021]
Finished job 8.
5 of 128 steps (4%) done
[Mon Aug  2 13:59:06 2021]
Finished job 83.
6 of 128 steps (5%) done
Submitted job 64 with external jobid 'Submitted batch job 5455541'.
[Mon Aug  2 13:59:06 2021]
Finished job 113.
7 of 128 steps (5%) done

[Mon Aug  2 13:59:06 2021]
rule sort_roadmap_S25_segment:
    input: ../../data/hg19/roadmap/S25_segment/E021/E021_25_imputed12marks_segments.bed.gz
    output: ../../data/hg19/roadmap/S25_segment/E021/E021_25_segments_sorted.bed.gz
    jobid: 14
    wildcards: ct=E021

[Mon Aug  2 13:59:06 2021]
Error in rule get_training_ref_segmentation:
    jobid: 128
    output: ../../pyro_model/K562_hg19/train_data/frac_0.1/ref_epig_segment_for_training.bed.gz
    shell:
        
		for fn in ../../data/hg19/roadmap/S25_segment/E017/E017_25_imputed12marks_segments.bed.gz ../../data/hg19/roadmap/S25_segment/E002/E002_25_imputed12marks_segments.bed.gz ../../data/hg19/roadmap/S25_segment/E008/E008_25_imputed12marks_segments.bed.gz ../../data/hg19/roadmap/S25_segment/E001/E001_25_imputed12marks_segments.bed.gz ../../data/hg19/roadmap/S25_segment/E015/E015_25_imputed12marks_segments.bed.gz ../../data/hg19/roadmap/S25_segment/E014/E014_25_imputed12marks_segments.bed.gz ../../data/hg19/roadmap/S25_segment/E016/E016_25_imputed12marks_segments.bed.gz ../../data/hg19/roadmap/S25_segment/E003/E003_25_imputed12marks_segments.bed.gz ../../data/hg19/roadmap/S25_segment/E024/E024_25_imputed12marks_segments.bed.gz ../../data/hg19/roadmap/S25_segment/E020/E020_25_imputed12marks_segments.bed.gz ../../data/hg19/roadmap/S25_segment/E019/E019_25_imputed12marks_segments.bed.gz ../../data/hg19/roadmap/S25_segment/E018/E018_25_imputed12marks_segments.bed.gz ../../data/hg19/roadmap/S25_segment/E021/E021_25_imputed12marks_segments.bed.gz ../../data/hg19/roadmap/S25_segment/E022/E022_25_imputed12marks_segments.bed.gz ../../data/hg19/roadmap/S25_segment/E007/E007_25_imputed12marks_segments.bed.gz ../../data/hg19/roadmap/S25_segment/E009/E009_25_imputed12marks_segments.bed.gz ../../data/hg19/roadmap/S25_segment/E010/E010_25_imputed12marks_segments.bed.gz ../../data/hg19/roadmap/S25_segment/E013/E013_25_imputed12marks_segments.bed.gz ../../data/hg19/roadmap/S25_segment/E012/E012_25_imputed12marks_segments.bed.gz ../../data/hg19/roadmap/S25_segment/E011/E011_25_imputed12marks_segments.bed.gz ../../data/hg19/roadmap/S25_segment/E004/E004_25_imputed12marks_segments.bed.gz ../../data/hg19/roadmap/S25_segment/E005/E005_25_imputed12marks_segments.bed.gz ../../data/hg19/roadmap/S25_segment/E006/E006_25_imputed12marks_segments.bed.gz ../../data/hg19/roadmap/S25_segment/E062/E062_25_imputed12marks_segments.bed.gz ../../data/hg19/roadmap/S25_segment/E034/E034_25_imputed12marks_segments.bed.gz ../../data/hg19/roadmap/S25_segment/E045/E045_25_imputed12marks_segments.bed.gz ../../data/hg19/roadmap/S25_segment/E033/E033_25_imputed12marks_segments.bed.gz ../../data/hg19/roadmap/S25_segment/E044/E044_25_imputed12marks_segments.bed.gz ../../data/hg19/roadmap/S25_segment/E043/E043_25_imputed12marks_segments.bed.gz ../../data/hg19/roadmap/S25_segment/E039/E039_25_imputed12marks_segments.bed.gz ../../data/hg19/roadmap/S25_segment/E041/E041_25_imputed12marks_segments.bed.gz ../../data/hg19/roadmap/S25_segment/E042/E042_25_imputed12marks_segments.bed.gz ../../data/hg19/roadmap/S25_segment/E040/E040_25_imputed12marks_segments.bed.gz ../../data/hg19/roadmap/S25_segment/E037/E037_25_imputed12marks_segments.bed.gz ../../data/hg19/roadmap/S25_segment/E048/E048_25_imputed12marks_segments.bed.gz ../../data/hg19/roadmap/S25_segment/E038/E038_25_imputed12marks_segments.bed.gz ../../data/hg19/roadmap/S25_segment/E047/E047_25_imputed12marks_segments.bed.gz ../../data/hg19/roadmap/S25_segment/E029/E029_25_imputed12marks_segments.bed.gz ../../data/hg19/roadmap/S25_segment/E031/E031_25_imputed12marks_segments.bed.gz ../../data/hg19/roadmap/S25_segment/E035/E035_25_imputed12marks_segments.bed.gz ../../data/hg19/roadmap/S25_segment/E051/E051_25_imputed12marks_segments.bed.gz ../../data/hg19/roadmap/S25_segment/E050/E050_25_imputed12marks_segments.bed.gz ../../data/hg19/roadmap/S25_segment/E036/E036_25_imputed12marks_segments.bed.gz ../../data/hg19/roadmap/S25_segment/E032/E032_25_imputed12marks_segments.bed.gz ../../data/hg19/roadmap/S25_segment/E046/E046_25_imputed12marks_segments.bed.gz ../../data/hg19/roadmap/S25_segment/E030/E030_25_imputed12marks_segments.bed.gz ../../data/hg19/roadmap/S25_segment/E026/E026_25_imputed12marks_segments.bed.gz ../../data/hg19/roadmap/S25_segment/E049/E049_25_imputed12marks_segments.bed.gz ../../data/hg19/roadmap/S25_segment/E025/E025_25_imputed12marks_segments.bed.gz ../../data/hg19/roadmap/S25_segment/E023/E023_25_imputed12marks_segments.bed.gz ../../data/hg19/roadmap/S25_segment/E052/E052_25_imputed12marks_segments.bed.gz ../../data/hg19/roadmap/S25_segment/E055/E055_25_imputed12marks_segments.bed.gz ../../data/hg19/roadmap/S25_segment/E056/E056_25_imputed12marks_segments.bed.gz ../../data/hg19/roadmap/S25_segment/E059/E059_25_imputed12marks_segments.bed.gz ../../data/hg19/roadmap/S25_segment/E061/E061_25_imputed12marks_segments.bed.gz ../../data/hg19/roadmap/S25_segment/E057/E057_25_imputed12marks_segments.bed.gz ../../data/hg19/roadmap/S25_segment/E058/E058_25_imputed12marks_segments.bed.gz ../../data/hg19/roadmap/S25_segment/E028/E028_25_imputed12marks_segments.bed.gz ../../data/hg19/roadmap/S25_segment/E027/E027_25_imputed12marks_segments.bed.gz ../../data/hg19/roadmap/S25_segment/E054/E054_25_imputed12marks_segments.bed.gz ../../data/hg19/roadmap/S25_segment/E053/E053_25_imputed12marks_segments.bed.gz ../../data/hg19/roadmap/S25_segment/E112/E112_25_imputed12marks_segments.bed.gz ../../data/hg19/roadmap/S25_segment/E093/E093_25_imputed12marks_segments.bed.gz ../../data/hg19/roadmap/S25_segment/E071/E071_25_imputed12marks_segments.bed.gz ../../data/hg19/roadmap/S25_segment/E074/E074_25_imputed12marks_segments.bed.gz ../../data/hg19/roadmap/S25_segment/E068/E068_25_imputed12marks_segments.bed.gz ../../data/hg19/roadmap/S25_segment/E069/E069_25_imputed12marks_segments.bed.gz ../../data/hg19/roadmap/S25_segment/E072/E072_25_imputed12marks_segments.bed.gz ../../data/hg19/roadmap/S25_segment/E067/E067_25_imputed12marks_segments.bed.gz ../../data/hg19/roadmap/S25_segment/E073/E073_25_imputed12marks_segments.bed.gz ../../data/hg19/roadmap/S25_segment/E070/E070_25_imputed12marks_segments.bed.gz ../../data/hg19/roadmap/S25_segment/E082/E082_25_imputed12marks_segments.bed.gz ../../data/hg19/roadmap/S25_segment/E081/E081_25_imputed12marks_segments.bed.gz ../../data/hg19/roadmap/S25_segment/E063/E063_25_imputed12marks_segments.bed.gz ../../data/hg19/roadmap/S25_segment/E100/E100_25_imputed12marks_segments.bed.gz ../../data/hg19/roadmap/S25_segment/E108/E108_25_imputed12marks_segments.bed.gz ../../data/hg19/roadmap/S25_segment/E107/E107_25_imputed12marks_segments.bed.gz ../../data/hg19/roadmap/S25_segment/E089/E089_25_imputed12marks_segments.bed.gz ../../data/hg19/roadmap/S25_segment/E090/E090_25_imputed12marks_segments.bed.gz ../../data/hg19/roadmap/S25_segment/E083/E083_25_imputed12marks_segments.bed.gz ../../data/hg19/roadmap/S25_segment/E104/E104_25_imputed12marks_segments.bed.gz ../../data/hg19/roadmap/S25_segment/E095/E095_25_imputed12marks_segments.bed.gz ../../data/hg19/roadmap/S25_segment/E105/E105_25_imputed12marks_segments.bed.gz ../../data/hg19/roadmap/S25_segment/E065/E065_25_imputed12marks_segments.bed.gz ../../data/hg19/roadmap/S25_segment/E078/E078_25_imputed12marks_segments.bed.gz ../../data/hg19/roadmap/S25_segment/E076/E076_25_imputed12marks_segments.bed.gz ../../data/hg19/roadmap/S25_segment/E103/E103_25_imputed12marks_segments.bed.gz ../../data/hg19/roadmap/S25_segment/E111/E111_25_imputed12marks_segments.bed.gz ../../data/hg19/roadmap/S25_segment/E092/E092_25_imputed12marks_segments.bed.gz ../../data/hg19/roadmap/S25_segment/E085/E085_25_imputed12marks_segments.bed.gz ../../data/hg19/roadmap/S25_segment/E084/E084_25_imputed12marks_segments.bed.gz ../../data/hg19/roadmap/S25_segment/E109/E109_25_imputed12marks_segments.bed.gz ../../data/hg19/roadmap/S25_segment/E106/E106_25_imputed12marks_segments.bed.gz ../../data/hg19/roadmap/S25_segment/E075/E075_25_imputed12marks_segments.bed.gz ../../data/hg19/roadmap/S25_segment/E101/E101_25_imputed12marks_segments.bed.gz ../../data/hg19/roadmap/S25_segment/E102/E102_25_imputed12marks_segments.bed.gz ../../data/hg19/roadmap/S25_segment/E110/E110_25_imputed12marks_segments.bed.gz ../../data/hg19/roadmap/S25_segment/E077/E077_25_imputed12marks_segments.bed.gz ../../data/hg19/roadmap/S25_segment/E079/E079_25_imputed12marks_segments.bed.gz ../../data/hg19/roadmap/S25_segment/E094/E094_25_imputed12marks_segments.bed.gz ../../data/hg19/roadmap/S25_segment/E099/E099_25_imputed12marks_segments.bed.gz ../../data/hg19/roadmap/S25_segment/E086/E086_25_imputed12marks_segments.bed.gz ../../data/hg19/roadmap/S25_segment/E088/E088_25_imputed12marks_segments.bed.gz ../../data/hg19/roadmap/S25_segment/E097/E097_25_imputed12marks_segments.bed.gz ../../data/hg19/roadmap/S25_segment/E087/E087_25_imputed12marks_segments.bed.gz ../../data/hg19/roadmap/S25_segment/E080/E080_25_imputed12marks_segments.bed.gz ../../data/hg19/roadmap/S25_segment/E091/E091_25_imputed12marks_segments.bed.gz ../../data/hg19/roadmap/S25_segment/E066/E066_25_imputed12marks_segments.bed.gz ../../data/hg19/roadmap/S25_segment/E098/E098_25_imputed12marks_segments.bed.gz ../../data/hg19/roadmap/S25_segment/E096/E096_25_imputed12marks_segments.bed.gz ../../data/hg19/roadmap/S25_segment/E113/E113_25_imputed12marks_segments.bed.gz ../../data/hg19/roadmap/S25_segment/E114/E114_25_imputed12marks_segments.bed.gz ../../data/hg19/roadmap/S25_segment/E115/E115_25_imputed12marks_segments.bed.gz ../../data/hg19/roadmap/S25_segment/E116/E116_25_imputed12marks_segments.bed.gz ../../data/hg19/roadmap/S25_segment/E117/E117_25_imputed12marks_segments.bed.gz ../../data/hg19/roadmap/S25_segment/E118/E118_25_imputed12marks_segments.bed.gz ../../data/hg19/roadmap/S25_segment/E119/E119_25_imputed12marks_segments.bed.gz ../../data/hg19/roadmap/S25_segment/E120/E120_25_imputed12marks_segments.bed.gz ../../data/hg19/roadmap/S25_segment/E121/E121_25_imputed12marks_segments.bed.gz ../../data/hg19/roadmap/S25_segment/E122/E122_25_imputed12marks_segments.bed.gz ../../data/hg19/roadmap/S25_segment/E124/E124_25_imputed12marks_segments.bed.gz ../../data/hg19/roadmap/S25_segment/E125/E125_25_imputed12marks_segments.bed.gz ../../data/hg19/roadmap/S25_segment/E126/E126_25_imputed12marks_segments.bed.gz ../../data/hg19/roadmap/S25_segment/E127/E127_25_imputed12marks_segments.bed.gz ../../data/hg19/roadmap/S25_segment/E128/E128_25_imputed12marks_segments.bed.gz ../../data/hg19/roadmap/S25_segment/E129/E129_25_imputed12marks_segments.bed.gz
		do
			
		done
		
        (one of the commands exited with non-zero exit code; note that snakemake uses bash strict mode!)
    cluster_jobid: Submitted batch job 5455534

Error executing rule get_training_ref_segmentation on cluster (jobid: 128, external: Submitted batch job 5455534, jobscript: /gstore/home/vuh6/source/train_model/.snakemake/tmp.iod2zcgp/snakejob.get_training_ref_segmentation.128.sh). For error details see the cluster log and the log files of the involved rule(s).
Submitted job 14 with external jobid 'Submitted batch job 5455542'.

[Mon Aug  2 13:59:06 2021]
rule sort_roadmap_S25_segment:
    input: ../../data/hg19/roadmap/S25_segment/E029/E029_25_imputed12marks_segments.bed.gz
    output: ../../data/hg19/roadmap/S25_segment/E029/E029_25_segments_sorted.bed.gz
    jobid: 39
    wildcards: ct=E029

[Mon Aug  2 13:59:06 2021]
Finished job 9.
8 of 128 steps (6%) done
Submitted job 39 with external jobid 'Submitted batch job 5455543'.

[Mon Aug  2 13:59:07 2021]
rule sort_roadmap_S25_segment:
    input: ../../data/hg19/roadmap/S25_segment/E104/E104_25_imputed12marks_segments.bed.gz
    output: ../../data/hg19/roadmap/S25_segment/E104/E104_25_segments_sorted.bed.gz
    jobid: 82
    wildcards: ct=E104

[Mon Aug  2 13:59:07 2021]
Finished job 69.
9 of 128 steps (7%) done
Submitted job 82 with external jobid 'Submitted batch job 5455544'.
[Mon Aug  2 13:59:07 2021]
Finished job 84.
10 of 128 steps (8%) done
[Mon Aug  2 13:59:17 2021]
Finished job 100.
11 of 128 steps (9%) done
[Mon Aug  2 13:59:17 2021]
Finished job 85.
12 of 128 steps (9%) done
[Mon Aug  2 13:59:17 2021]
Finished job 101.
13 of 128 steps (10%) done
[Mon Aug  2 13:59:18 2021]
Finished job 64.
14 of 128 steps (11%) done
[Mon Aug  2 13:59:18 2021]
Finished job 14.
15 of 128 steps (12%) done
[Mon Aug  2 13:59:18 2021]
Finished job 39.
16 of 128 steps (12%) done
[Mon Aug  2 13:59:18 2021]
Finished job 82.
17 of 128 steps (13%) done
[Mon Aug  2 13:59:18 2021]
Finished job 10.
18 of 128 steps (14%) done
[Mon Aug  2 13:59:18 2021]
Finished job 25.
19 of 128 steps (15%) done
[Mon Aug  2 13:59:18 2021]
Finished job 40.
20 of 128 steps (16%) done
[Mon Aug  2 13:59:18 2021]
Finished job 11.
21 of 128 steps (16%) done
[Mon Aug  2 13:59:18 2021]
Finished job 41.
22 of 128 steps (17%) done
[Mon Aug  2 13:59:18 2021]
Finished job 86.
23 of 128 steps (18%) done
[Mon Aug  2 13:59:19 2021]
Finished job 12.
24 of 128 steps (19%) done
[Mon Aug  2 13:59:19 2021]
Finished job 42.
25 of 128 steps (20%) done
[Mon Aug  2 13:59:19 2021]
Finished job 87.
26 of 128 steps (20%) done
[Mon Aug  2 13:59:19 2021]
Finished job 13.
27 of 128 steps (21%) done
[Mon Aug  2 13:59:19 2021]
Finished job 43.
28 of 128 steps (22%) done
[Mon Aug  2 13:59:19 2021]
Finished job 88.
29 of 128 steps (23%) done
[Mon Aug  2 13:59:19 2021]
Finished job 44.
30 of 128 steps (23%) done
[Mon Aug  2 13:59:19 2021]
Finished job 89.
31 of 128 steps (24%) done
[Mon Aug  2 13:59:19 2021]
Finished job 15.
32 of 128 steps (25%) done
[Mon Aug  2 13:59:20 2021]
Finished job 90.
33 of 128 steps (26%) done
[Mon Aug  2 13:59:20 2021]
Finished job 16.
34 of 128 steps (27%) done
[Mon Aug  2 13:59:20 2021]
Finished job 91.
35 of 128 steps (27%) done
[Mon Aug  2 13:59:20 2021]
Finished job 47.
36 of 128 steps (28%) done
[Mon Aug  2 13:59:20 2021]
Finished job 17.
37 of 128 steps (29%) done
[Mon Aug  2 13:59:20 2021]
Finished job 92.
38 of 128 steps (30%) done
[Mon Aug  2 13:59:20 2021]
Finished job 18.
39 of 128 steps (30%) done
[Mon Aug  2 13:59:20 2021]
Finished job 48.
40 of 128 steps (31%) done
[Mon Aug  2 13:59:20 2021]
Finished job 93.
41 of 128 steps (32%) done
[Mon Aug  2 13:59:20 2021]
Finished job 19.
42 of 128 steps (33%) done
[Mon Aug  2 13:59:21 2021]
Finished job 49.
43 of 128 steps (34%) done
[Mon Aug  2 13:59:21 2021]
Finished job 94.
44 of 128 steps (34%) done
[Mon Aug  2 13:59:21 2021]
Finished job 20.
45 of 128 steps (35%) done
[Mon Aug  2 13:59:21 2021]
Finished job 50.
46 of 128 steps (36%) done
[Mon Aug  2 13:59:21 2021]
Finished job 95.
47 of 128 steps (37%) done
[Mon Aug  2 13:59:21 2021]
Finished job 21.
48 of 128 steps (38%) done
[Mon Aug  2 13:59:21 2021]
Finished job 51.
49 of 128 steps (38%) done
[Mon Aug  2 13:59:21 2021]
Finished job 96.
50 of 128 steps (39%) done
[Mon Aug  2 13:59:21 2021]
Finished job 22.
51 of 128 steps (40%) done
[Mon Aug  2 13:59:21 2021]
Finished job 52.
52 of 128 steps (41%) done
[Mon Aug  2 13:59:22 2021]
Finished job 97.
53 of 128 steps (41%) done
[Mon Aug  2 13:59:22 2021]
Finished job 23.
54 of 128 steps (42%) done
[Mon Aug  2 13:59:22 2021]
Finished job 53.
55 of 128 steps (43%) done
[Mon Aug  2 13:59:22 2021]
Finished job 98.
56 of 128 steps (44%) done
[Mon Aug  2 13:59:22 2021]
Finished job 24.
57 of 128 steps (45%) done
[Mon Aug  2 13:59:22 2021]
Finished job 54.
58 of 128 steps (45%) done
[Mon Aug  2 13:59:22 2021]
Finished job 99.
59 of 128 steps (46%) done
[Mon Aug  2 13:59:22 2021]
Finished job 55.
60 of 128 steps (47%) done
[Mon Aug  2 13:59:22 2021]
Finished job 70.
61 of 128 steps (48%) done
[Mon Aug  2 13:59:22 2021]
Finished job 56.
62 of 128 steps (48%) done
[Mon Aug  2 13:59:23 2021]
Finished job 71.
63 of 128 steps (49%) done
[Mon Aug  2 13:59:23 2021]
Finished job 116.
64 of 128 steps (50%) done
[Mon Aug  2 13:59:23 2021]
Finished job 57.
65 of 128 steps (51%) done
[Mon Aug  2 13:59:23 2021]
Finished job 72.
66 of 128 steps (52%) done
[Mon Aug  2 13:59:23 2021]
Finished job 102.
67 of 128 steps (52%) done
[Mon Aug  2 13:59:23 2021]
Finished job 117.
68 of 128 steps (53%) done
[Mon Aug  2 13:59:23 2021]
Finished job 58.
69 of 128 steps (54%) done
[Mon Aug  2 13:59:23 2021]
Finished job 73.
70 of 128 steps (55%) done
[Mon Aug  2 13:59:24 2021]
Finished job 103.
71 of 128 steps (55%) done
[Mon Aug  2 13:59:24 2021]
Finished job 118.
72 of 128 steps (56%) done
[Mon Aug  2 13:59:24 2021]
Finished job 74.
73 of 128 steps (57%) done
[Mon Aug  2 13:59:24 2021]
Finished job 59.
74 of 128 steps (58%) done
[Mon Aug  2 13:59:24 2021]
Finished job 104.
75 of 128 steps (59%) done
[Mon Aug  2 13:59:24 2021]
Finished job 119.
76 of 128 steps (59%) done
[Mon Aug  2 13:59:24 2021]
Finished job 60.
77 of 128 steps (60%) done
[Mon Aug  2 13:59:24 2021]
Finished job 75.
78 of 128 steps (61%) done
[Mon Aug  2 13:59:24 2021]
Finished job 105.
79 of 128 steps (62%) done
[Mon Aug  2 13:59:24 2021]
Finished job 120.
80 of 128 steps (62%) done
[Mon Aug  2 13:59:25 2021]
Finished job 76.
81 of 128 steps (63%) done
[Mon Aug  2 13:59:25 2021]
Finished job 2.
82 of 128 steps (64%) done
[Mon Aug  2 13:59:25 2021]
Finished job 61.
83 of 128 steps (65%) done
[Mon Aug  2 13:59:25 2021]
Finished job 121.
84 of 128 steps (66%) done
[Mon Aug  2 13:59:25 2021]
Finished job 62.
85 of 128 steps (66%) done
[Mon Aug  2 13:59:25 2021]
Finished job 77.
86 of 128 steps (67%) done
[Mon Aug  2 13:59:25 2021]
Finished job 107.
87 of 128 steps (68%) done
[Mon Aug  2 13:59:25 2021]
Finished job 3.
88 of 128 steps (69%) done
[Mon Aug  2 13:59:25 2021]
Finished job 78.
89 of 128 steps (70%) done
[Mon Aug  2 13:59:25 2021]
Finished job 108.
90 of 128 steps (70%) done
[Mon Aug  2 13:59:26 2021]
Finished job 123.
91 of 128 steps (71%) done
[Mon Aug  2 13:59:26 2021]
Finished job 79.
92 of 128 steps (72%) done
[Mon Aug  2 13:59:26 2021]
Finished job 109.
93 of 128 steps (73%) done
[Mon Aug  2 13:59:26 2021]
Finished job 124.
94 of 128 steps (73%) done
[Mon Aug  2 13:59:26 2021]
Finished job 5.
95 of 128 steps (74%) done
[Mon Aug  2 13:59:26 2021]
Finished job 65.
96 of 128 steps (75%) done
[Mon Aug  2 13:59:26 2021]
Finished job 80.
97 of 128 steps (76%) done
[Mon Aug  2 13:59:26 2021]
Finished job 125.
98 of 128 steps (77%) done
[Mon Aug  2 13:59:26 2021]
Finished job 6.
99 of 128 steps (77%) done
[Mon Aug  2 13:59:26 2021]
Finished job 66.
100 of 128 steps (78%) done
[Mon Aug  2 13:59:27 2021]
Finished job 81.
101 of 128 steps (79%) done
[Mon Aug  2 13:59:27 2021]
Finished job 126.
102 of 128 steps (80%) done
[Mon Aug  2 13:59:27 2021]
Finished job 7.
103 of 128 steps (80%) done
[Mon Aug  2 13:59:27 2021]
Finished job 67.
104 of 128 steps (81%) done
[Mon Aug  2 13:59:27 2021]
Finished job 127.
105 of 128 steps (82%) done
[Mon Aug  2 13:59:27 2021]
Finished job 68.
106 of 128 steps (83%) done
Shutting down, this might take some time.
Exiting because a job execution failed. Look above for error message
Complete log: /gstore/home/vuh6/source/train_model/.snakemake/log/2021-08-02T135846.633730.snakemake.log
