Building DAG of jobs...
Using shell: /usr/bin/bash
Provided cores: 1 (use --cores to define parallelism)
Rules claiming more threads will be scaled down.
Job counts:
	count	jobs
	1	all
	127	download_roadmap_S25_segment
	128

[Sun Aug  1 17:04:41 2021]
rule download_roadmap_S25_segment:
    input: ../../data/hg19/processed_raw_metadata_roadmap_epig_summary.csv
    output: ../../data/hg19/roadmap/S25_segment/E024/E024_25_imputed12marks_segments.bed.gz
    jobid: 10
    wildcards: ct=E024

Waiting at most 5 seconds for missing files.
MissingOutputException in line 26 of /gstore/home/vuh6/source/train_model/input_data_preparation.snakefile:
Job completed successfully, but some output files are missing. Missing files after 5 seconds:
../../data/hg19/roadmap/S25_segment/E024/E024_25_imputed12marks_segments.bed.gz
This might be due to filesystem latency. If that is the case, consider to increase the wait time with --latency-wait.
  File "/gstore/apps/snakemake/5.22.0-foss-2017a-Python-3.6.3/lib/python3.6/site-packages/snakemake/executors/__init__.py", line 544, in handle_job_success
  File "/gstore/apps/snakemake/5.22.0-foss-2017a-Python-3.6.3/lib/python3.6/site-packages/snakemake/executors/__init__.py", line 231, in handle_job_success
Shutting down, this might take some time.
Exiting because a job execution failed. Look above for error message
Complete log: /gstore/home/vuh6/source/train_model/.snakemake/log/2021-08-01T170440.357946.snakemake.log
