Building DAG of jobs...
Using shell: /usr/bin/bash
Provided cluster nodes: 100
Job counts:
	count	jobs
	1	all
	1	get_training_ref_segmentation
	20	sort_roadmap_S25_segment
	22

[Mon Aug  2 14:00:13 2021]
rule sort_roadmap_S25_segment:
    input: ../../data/hg19/roadmap/S25_segment/E116/E116_25_imputed12marks_segments.bed.gz
    output: ../../data/hg19/roadmap/S25_segment/E116/E116_25_segments_sorted.bed.gz
    jobid: 115
    wildcards: ct=E116

Submitted job 115 with external jobid 'Submitted batch job 5455726'.

[Mon Aug  2 14:00:13 2021]
rule sort_roadmap_S25_segment:
    input: ../../data/hg19/roadmap/S25_segment/E045/E045_25_imputed12marks_segments.bed.gz
    output: ../../data/hg19/roadmap/S25_segment/E045/E045_25_segments_sorted.bed.gz
    jobid: 27
    wildcards: ct=E045

Submitted job 27 with external jobid 'Submitted batch job 5455727'.

[Mon Aug  2 14:00:13 2021]
rule sort_roadmap_S25_segment:
    input: ../../data/hg19/roadmap/S25_segment/E044/E044_25_imputed12marks_segments.bed.gz
    output: ../../data/hg19/roadmap/S25_segment/E044/E044_25_segments_sorted.bed.gz
    jobid: 29
    wildcards: ct=E044

Submitted job 29 with external jobid 'Submitted batch job 5455728'.

[Mon Aug  2 14:00:13 2021]
rule sort_roadmap_S25_segment:
    input: ../../data/hg19/roadmap/S25_segment/E039/E039_25_imputed12marks_segments.bed.gz
    output: ../../data/hg19/roadmap/S25_segment/E039/E039_25_segments_sorted.bed.gz
    jobid: 31
    wildcards: ct=E039

Submitted job 31 with external jobid 'Submitted batch job 5455729'.

[Mon Aug  2 14:00:13 2021]
rule sort_roadmap_S25_segment:
    input: ../../data/hg19/roadmap/S25_segment/E042/E042_25_imputed12marks_segments.bed.gz
    output: ../../data/hg19/roadmap/S25_segment/E042/E042_25_segments_sorted.bed.gz
    jobid: 33
    wildcards: ct=E042

Submitted job 33 with external jobid 'Submitted batch job 5455730'.

[Mon Aug  2 14:00:13 2021]
rule sort_roadmap_S25_segment:
    input: ../../data/hg19/roadmap/S25_segment/E037/E037_25_imputed12marks_segments.bed.gz
    output: ../../data/hg19/roadmap/S25_segment/E037/E037_25_segments_sorted.bed.gz
    jobid: 35
    wildcards: ct=E037

Submitted job 35 with external jobid 'Submitted batch job 5455731'.

[Mon Aug  2 14:00:13 2021]
rule sort_roadmap_S25_segment:
    input: ../../data/hg19/roadmap/S25_segment/E038/E038_25_imputed12marks_segments.bed.gz
    output: ../../data/hg19/roadmap/S25_segment/E038/E038_25_segments_sorted.bed.gz
    jobid: 37
    wildcards: ct=E038

Submitted job 37 with external jobid 'Submitted batch job 5455732'.

[Mon Aug  2 14:00:13 2021]
rule sort_roadmap_S25_segment:
    input: ../../data/hg19/roadmap/S25_segment/E046/E046_25_imputed12marks_segments.bed.gz
    output: ../../data/hg19/roadmap/S25_segment/E046/E046_25_segments_sorted.bed.gz
    jobid: 46
    wildcards: ct=E046

Submitted job 46 with external jobid 'Submitted batch job 5455733'.

[Mon Aug  2 14:00:13 2021]
rule sort_roadmap_S25_segment:
    input: ../../data/hg19/roadmap/S25_segment/E112/E112_25_imputed12marks_segments.bed.gz
    output: ../../data/hg19/roadmap/S25_segment/E112/E112_25_segments_sorted.bed.gz
    jobid: 63
    wildcards: ct=E112

Submitted job 63 with external jobid 'Submitted batch job 5455734'.

[Mon Aug  2 14:00:13 2021]
rule sort_roadmap_S25_segment:
    input: ../../data/hg19/roadmap/S25_segment/E087/E087_25_imputed12marks_segments.bed.gz
    output: ../../data/hg19/roadmap/S25_segment/E087/E087_25_segments_sorted.bed.gz
    jobid: 106
    wildcards: ct=E087

Submitted job 106 with external jobid 'Submitted batch job 5455735'.

[Mon Aug  2 14:00:13 2021]
rule sort_roadmap_S25_segment:
    input: ../../data/hg19/roadmap/S25_segment/E098/E098_25_imputed12marks_segments.bed.gz
    output: ../../data/hg19/roadmap/S25_segment/E098/E098_25_segments_sorted.bed.gz
    jobid: 110
    wildcards: ct=E098

Submitted job 110 with external jobid 'Submitted batch job 5455736'.

[Mon Aug  2 14:00:13 2021]
rule sort_roadmap_S25_segment:
    input: ../../data/hg19/roadmap/S25_segment/E115/E115_25_imputed12marks_segments.bed.gz
    output: ../../data/hg19/roadmap/S25_segment/E115/E115_25_segments_sorted.bed.gz
    jobid: 114
    wildcards: ct=E115

Submitted job 114 with external jobid 'Submitted batch job 5455737'.

[Mon Aug  2 14:00:13 2021]
rule sort_roadmap_S25_segment:
    input: ../../data/hg19/roadmap/S25_segment/E034/E034_25_imputed12marks_segments.bed.gz
    output: ../../data/hg19/roadmap/S25_segment/E034/E034_25_segments_sorted.bed.gz
    jobid: 26
    wildcards: ct=E034

Submitted job 26 with external jobid 'Submitted batch job 5455738'.

[Mon Aug  2 14:00:13 2021]
rule sort_roadmap_S25_segment:
    input: ../../data/hg19/roadmap/S25_segment/E033/E033_25_imputed12marks_segments.bed.gz
    output: ../../data/hg19/roadmap/S25_segment/E033/E033_25_segments_sorted.bed.gz
    jobid: 28
    wildcards: ct=E033

Submitted job 28 with external jobid 'Submitted batch job 5455739'.

[Mon Aug  2 14:00:13 2021]
rule sort_roadmap_S25_segment:
    input: ../../data/hg19/roadmap/S25_segment/E043/E043_25_imputed12marks_segments.bed.gz
    output: ../../data/hg19/roadmap/S25_segment/E043/E043_25_segments_sorted.bed.gz
    jobid: 30
    wildcards: ct=E043

Submitted job 30 with external jobid 'Submitted batch job 5455740'.

[Mon Aug  2 14:00:13 2021]
rule sort_roadmap_S25_segment:
    input: ../../data/hg19/roadmap/S25_segment/E041/E041_25_imputed12marks_segments.bed.gz
    output: ../../data/hg19/roadmap/S25_segment/E041/E041_25_segments_sorted.bed.gz
    jobid: 32
    wildcards: ct=E041

Submitted job 32 with external jobid 'Submitted batch job 5455741'.

[Mon Aug  2 14:00:13 2021]
rule sort_roadmap_S25_segment:
    input: ../../data/hg19/roadmap/S25_segment/E040/E040_25_imputed12marks_segments.bed.gz
    output: ../../data/hg19/roadmap/S25_segment/E040/E040_25_segments_sorted.bed.gz
    jobid: 34
    wildcards: ct=E040

Submitted job 34 with external jobid 'Submitted batch job 5455742'.

[Mon Aug  2 14:00:13 2021]
rule sort_roadmap_S25_segment:
    input: ../../data/hg19/roadmap/S25_segment/E048/E048_25_imputed12marks_segments.bed.gz
    output: ../../data/hg19/roadmap/S25_segment/E048/E048_25_segments_sorted.bed.gz
    jobid: 36
    wildcards: ct=E048

Submitted job 36 with external jobid 'Submitted batch job 5455743'.

[Mon Aug  2 14:00:14 2021]
rule sort_roadmap_S25_segment:
    input: ../../data/hg19/roadmap/S25_segment/E047/E047_25_imputed12marks_segments.bed.gz
    output: ../../data/hg19/roadmap/S25_segment/E047/E047_25_segments_sorted.bed.gz
    jobid: 38
    wildcards: ct=E047

Submitted job 38 with external jobid 'Submitted batch job 5455744'.

[Mon Aug  2 14:00:14 2021]
rule sort_roadmap_S25_segment:
    input: ../../data/hg19/roadmap/S25_segment/E032/E032_25_imputed12marks_segments.bed.gz
    output: ../../data/hg19/roadmap/S25_segment/E032/E032_25_segments_sorted.bed.gz
    jobid: 45
    wildcards: ct=E032

Submitted job 45 with external jobid 'Submitted batch job 5455745'.
[Mon Aug  2 14:00:24 2021]
Finished job 26.
1 of 22 steps (5%) done
[Mon Aug  2 14:00:24 2021]
Finished job 30.
2 of 22 steps (9%) done
[Mon Aug  2 14:00:24 2021]
Finished job 32.
3 of 22 steps (14%) done
[Mon Aug  2 14:00:35 2021]
Finished job 115.
4 of 22 steps (18%) done
[Mon Aug  2 14:00:35 2021]
Finished job 27.
5 of 22 steps (23%) done
[Mon Aug  2 14:00:35 2021]
Finished job 29.
6 of 22 steps (27%) done
[Mon Aug  2 14:00:35 2021]
Finished job 31.
7 of 22 steps (32%) done
[Mon Aug  2 14:00:35 2021]
Finished job 33.
8 of 22 steps (36%) done
[Mon Aug  2 14:00:35 2021]
Finished job 35.
9 of 22 steps (41%) done
[Mon Aug  2 14:00:35 2021]
Finished job 37.
10 of 22 steps (45%) done
[Mon Aug  2 14:00:35 2021]
Finished job 46.
11 of 22 steps (50%) done
[Mon Aug  2 14:00:35 2021]
Finished job 63.
12 of 22 steps (55%) done
[Mon Aug  2 14:00:35 2021]
Finished job 106.
13 of 22 steps (59%) done
[Mon Aug  2 14:00:36 2021]
Finished job 110.
14 of 22 steps (64%) done
[Mon Aug  2 14:00:36 2021]
Finished job 114.
15 of 22 steps (68%) done
[Mon Aug  2 14:00:36 2021]
Finished job 28.
16 of 22 steps (73%) done
[Mon Aug  2 14:00:36 2021]
Finished job 34.
17 of 22 steps (77%) done
[Mon Aug  2 14:00:36 2021]
Finished job 36.
18 of 22 steps (82%) done
[Mon Aug  2 14:00:36 2021]
Finished job 38.
19 of 22 steps (86%) done
[Mon Aug  2 14:00:36 2021]
Finished job 45.
20 of 22 steps (91%) done

[Mon Aug  2 14:00:36 2021]
rule get_training_ref_segmentation:
    input: ../../pyro_model/K562_hg19/train_data/frac_0.1/sample_genome.bed.gz, ../../data/hg19/roadmap/S25_segment/E017/E017_25_segments_sorted.bed.gz, ../../data/hg19/roadmap/S25_segment/E002/E002_25_segments_sorted.bed.gz, ../../data/hg19/roadmap/S25_segment/E008/E008_25_segments_sorted.bed.gz, ../../data/hg19/roadmap/S25_segment/E001/E001_25_segments_sorted.bed.gz, ../../data/hg19/roadmap/S25_segment/E015/E015_25_segments_sorted.bed.gz, ../../data/hg19/roadmap/S25_segment/E014/E014_25_segments_sorted.bed.gz, ../../data/hg19/roadmap/S25_segment/E016/E016_25_segments_sorted.bed.gz, ../../data/hg19/roadmap/S25_segment/E003/E003_25_segments_sorted.bed.gz, ../../data/hg19/roadmap/S25_segment/E024/E024_25_segments_sorted.bed.gz, ../../data/hg19/roadmap/S25_segment/E020/E020_25_segments_sorted.bed.gz, ../../data/hg19/roadmap/S25_segment/E019/E019_25_segments_sorted.bed.gz, ../../data/hg19/roadmap/S25_segment/E018/E018_25_segments_sorted.bed.gz, ../../data/hg19/roadmap/S25_segment/E021/E021_25_segments_sorted.bed.gz, ../../data/hg19/roadmap/S25_segment/E022/E022_25_segments_sorted.bed.gz, ../../data/hg19/roadmap/S25_segment/E007/E007_25_segments_sorted.bed.gz, ../../data/hg19/roadmap/S25_segment/E009/E009_25_segments_sorted.bed.gz, ../../data/hg19/roadmap/S25_segment/E010/E010_25_segments_sorted.bed.gz, ../../data/hg19/roadmap/S25_segment/E013/E013_25_segments_sorted.bed.gz, ../../data/hg19/roadmap/S25_segment/E012/E012_25_segments_sorted.bed.gz, ../../data/hg19/roadmap/S25_segment/E011/E011_25_segments_sorted.bed.gz, ../../data/hg19/roadmap/S25_segment/E004/E004_25_segments_sorted.bed.gz, ../../data/hg19/roadmap/S25_segment/E005/E005_25_segments_sorted.bed.gz, ../../data/hg19/roadmap/S25_segment/E006/E006_25_segments_sorted.bed.gz, ../../data/hg19/roadmap/S25_segment/E062/E062_25_segments_sorted.bed.gz, ../../data/hg19/roadmap/S25_segment/E034/E034_25_segments_sorted.bed.gz, ../../data/hg19/roadmap/S25_segment/E045/E045_25_segments_sorted.bed.gz, ../../data/hg19/roadmap/S25_segment/E033/E033_25_segments_sorted.bed.gz, ../../data/hg19/roadmap/S25_segment/E044/E044_25_segments_sorted.bed.gz, ../../data/hg19/roadmap/S25_segment/E043/E043_25_segments_sorted.bed.gz, ../../data/hg19/roadmap/S25_segment/E039/E039_25_segments_sorted.bed.gz, ../../data/hg19/roadmap/S25_segment/E041/E041_25_segments_sorted.bed.gz, ../../data/hg19/roadmap/S25_segment/E042/E042_25_segments_sorted.bed.gz, ../../data/hg19/roadmap/S25_segment/E040/E040_25_segments_sorted.bed.gz, ../../data/hg19/roadmap/S25_segment/E037/E037_25_segments_sorted.bed.gz, ../../data/hg19/roadmap/S25_segment/E048/E048_25_segments_sorted.bed.gz, ../../data/hg19/roadmap/S25_segment/E038/E038_25_segments_sorted.bed.gz, ../../data/hg19/roadmap/S25_segment/E047/E047_25_segments_sorted.bed.gz, ../../data/hg19/roadmap/S25_segment/E029/E029_25_segments_sorted.bed.gz, ../../data/hg19/roadmap/S25_segment/E031/E031_25_segments_sorted.bed.gz, ../../data/hg19/roadmap/S25_segment/E035/E035_25_segments_sorted.bed.gz, ../../data/hg19/roadmap/S25_segment/E051/E051_25_segments_sorted.bed.gz, ../../data/hg19/roadmap/S25_segment/E050/E050_25_segments_sorted.bed.gz, ../../data/hg19/roadmap/S25_segment/E036/E036_25_segments_sorted.bed.gz, ../../data/hg19/roadmap/S25_segment/E032/E032_25_segments_sorted.bed.gz, ../../data/hg19/roadmap/S25_segment/E046/E046_25_segments_sorted.bed.gz, ../../data/hg19/roadmap/S25_segment/E030/E030_25_segments_sorted.bed.gz, ../../data/hg19/roadmap/S25_segment/E026/E026_25_segments_sorted.bed.gz, ../../data/hg19/roadmap/S25_segment/E049/E049_25_segments_sorted.bed.gz, ../../data/hg19/roadmap/S25_segment/E025/E025_25_segments_sorted.bed.gz, ../../data/hg19/roadmap/S25_segment/E023/E023_25_segments_sorted.bed.gz, ../../data/hg19/roadmap/S25_segment/E052/E052_25_segments_sorted.bed.gz, ../../data/hg19/roadmap/S25_segment/E055/E055_25_segments_sorted.bed.gz, ../../data/hg19/roadmap/S25_segment/E056/E056_25_segments_sorted.bed.gz, ../../data/hg19/roadmap/S25_segment/E059/E059_25_segments_sorted.bed.gz, ../../data/hg19/roadmap/S25_segment/E061/E061_25_segments_sorted.bed.gz, ../../data/hg19/roadmap/S25_segment/E057/E057_25_segments_sorted.bed.gz, ../../data/hg19/roadmap/S25_segment/E058/E058_25_segments_sorted.bed.gz, ../../data/hg19/roadmap/S25_segment/E028/E028_25_segments_sorted.bed.gz, ../../data/hg19/roadmap/S25_segment/E027/E027_25_segments_sorted.bed.gz, ../../data/hg19/roadmap/S25_segment/E054/E054_25_segments_sorted.bed.gz, ../../data/hg19/roadmap/S25_segment/E053/E053_25_segments_sorted.bed.gz, ../../data/hg19/roadmap/S25_segment/E112/E112_25_segments_sorted.bed.gz, ../../data/hg19/roadmap/S25_segment/E093/E093_25_segments_sorted.bed.gz, ../../data/hg19/roadmap/S25_segment/E071/E071_25_segments_sorted.bed.gz, ../../data/hg19/roadmap/S25_segment/E074/E074_25_segments_sorted.bed.gz, ../../data/hg19/roadmap/S25_segment/E068/E068_25_segments_sorted.bed.gz, ../../data/hg19/roadmap/S25_segment/E069/E069_25_segments_sorted.bed.gz, ../../data/hg19/roadmap/S25_segment/E072/E072_25_segments_sorted.bed.gz, ../../data/hg19/roadmap/S25_segment/E067/E067_25_segments_sorted.bed.gz, ../../data/hg19/roadmap/S25_segment/E073/E073_25_segments_sorted.bed.gz, ../../data/hg19/roadmap/S25_segment/E070/E070_25_segments_sorted.bed.gz, ../../data/hg19/roadmap/S25_segment/E082/E082_25_segments_sorted.bed.gz, ../../data/hg19/roadmap/S25_segment/E081/E081_25_segments_sorted.bed.gz, ../../data/hg19/roadmap/S25_segment/E063/E063_25_segments_sorted.bed.gz, ../../data/hg19/roadmap/S25_segment/E100/E100_25_segments_sorted.bed.gz, ../../data/hg19/roadmap/S25_segment/E108/E108_25_segments_sorted.bed.gz, ../../data/hg19/roadmap/S25_segment/E107/E107_25_segments_sorted.bed.gz, ../../data/hg19/roadmap/S25_segment/E089/E089_25_segments_sorted.bed.gz, ../../data/hg19/roadmap/S25_segment/E090/E090_25_segments_sorted.bed.gz, ../../data/hg19/roadmap/S25_segment/E083/E083_25_segments_sorted.bed.gz, ../../data/hg19/roadmap/S25_segment/E104/E104_25_segments_sorted.bed.gz, ../../data/hg19/roadmap/S25_segment/E095/E095_25_segments_sorted.bed.gz, ../../data/hg19/roadmap/S25_segment/E105/E105_25_segments_sorted.bed.gz, ../../data/hg19/roadmap/S25_segment/E065/E065_25_segments_sorted.bed.gz, ../../data/hg19/roadmap/S25_segment/E078/E078_25_segments_sorted.bed.gz, ../../data/hg19/roadmap/S25_segment/E076/E076_25_segments_sorted.bed.gz, ../../data/hg19/roadmap/S25_segment/E103/E103_25_segments_sorted.bed.gz, ../../data/hg19/roadmap/S25_segment/E111/E111_25_segments_sorted.bed.gz, ../../data/hg19/roadmap/S25_segment/E092/E092_25_segments_sorted.bed.gz, ../../data/hg19/roadmap/S25_segment/E085/E085_25_segments_sorted.bed.gz, ../../data/hg19/roadmap/S25_segment/E084/E084_25_segments_sorted.bed.gz, ../../data/hg19/roadmap/S25_segment/E109/E109_25_segments_sorted.bed.gz, ../../data/hg19/roadmap/S25_segment/E106/E106_25_segments_sorted.bed.gz, ../../data/hg19/roadmap/S25_segment/E075/E075_25_segments_sorted.bed.gz, ../../data/hg19/roadmap/S25_segment/E101/E101_25_segments_sorted.bed.gz, ../../data/hg19/roadmap/S25_segment/E102/E102_25_segments_sorted.bed.gz, ../../data/hg19/roadmap/S25_segment/E110/E110_25_segments_sorted.bed.gz, ../../data/hg19/roadmap/S25_segment/E077/E077_25_segments_sorted.bed.gz, ../../data/hg19/roadmap/S25_segment/E079/E079_25_segments_sorted.bed.gz, ../../data/hg19/roadmap/S25_segment/E094/E094_25_segments_sorted.bed.gz, ../../data/hg19/roadmap/S25_segment/E099/E099_25_segments_sorted.bed.gz, ../../data/hg19/roadmap/S25_segment/E086/E086_25_segments_sorted.bed.gz, ../../data/hg19/roadmap/S25_segment/E088/E088_25_segments_sorted.bed.gz, ../../data/hg19/roadmap/S25_segment/E097/E097_25_segments_sorted.bed.gz, ../../data/hg19/roadmap/S25_segment/E087/E087_25_segments_sorted.bed.gz, ../../data/hg19/roadmap/S25_segment/E080/E080_25_segments_sorted.bed.gz, ../../data/hg19/roadmap/S25_segment/E091/E091_25_segments_sorted.bed.gz, ../../data/hg19/roadmap/S25_segment/E066/E066_25_segments_sorted.bed.gz, ../../data/hg19/roadmap/S25_segment/E098/E098_25_segments_sorted.bed.gz, ../../data/hg19/roadmap/S25_segment/E096/E096_25_segments_sorted.bed.gz, ../../data/hg19/roadmap/S25_segment/E113/E113_25_segments_sorted.bed.gz, ../../data/hg19/roadmap/S25_segment/E114/E114_25_segments_sorted.bed.gz, ../../data/hg19/roadmap/S25_segment/E115/E115_25_segments_sorted.bed.gz, ../../data/hg19/roadmap/S25_segment/E116/E116_25_segments_sorted.bed.gz, ../../data/hg19/roadmap/S25_segment/E117/E117_25_segments_sorted.bed.gz, ../../data/hg19/roadmap/S25_segment/E118/E118_25_segments_sorted.bed.gz, ../../data/hg19/roadmap/S25_segment/E119/E119_25_segments_sorted.bed.gz, ../../data/hg19/roadmap/S25_segment/E120/E120_25_segments_sorted.bed.gz, ../../data/hg19/roadmap/S25_segment/E121/E121_25_segments_sorted.bed.gz, ../../data/hg19/roadmap/S25_segment/E122/E122_25_segments_sorted.bed.gz, ../../data/hg19/roadmap/S25_segment/E124/E124_25_segments_sorted.bed.gz, ../../data/hg19/roadmap/S25_segment/E125/E125_25_segments_sorted.bed.gz, ../../data/hg19/roadmap/S25_segment/E126/E126_25_segments_sorted.bed.gz, ../../data/hg19/roadmap/S25_segment/E127/E127_25_segments_sorted.bed.gz, ../../data/hg19/roadmap/S25_segment/E128/E128_25_segments_sorted.bed.gz, ../../data/hg19/roadmap/S25_segment/E129/E129_25_segments_sorted.bed.gz
    output: ../../pyro_model/K562_hg19/train_data/frac_0.1/ref_epig_segment_for_training.bed.gz
    jobid: 128
    wildcards: train_frac=0.1

Submitted job 128 with external jobid 'Submitted batch job 5455781'.
[Mon Aug  2 14:00:46 2021]
Error in rule get_training_ref_segmentation:
    jobid: 128
    output: ../../pyro_model/K562_hg19/train_data/frac_0.1/ref_epig_segment_for_training.bed.gz
    shell:
        
		for fn in ../../data/hg19/roadmap/S25_segment/E017/E017_25_imputed12marks_segments.bed.gz ../../data/hg19/roadmap/S25_segment/E002/E002_25_imputed12marks_segments.bed.gz ../../data/hg19/roadmap/S25_segment/E008/E008_25_imputed12marks_segments.bed.gz ../../data/hg19/roadmap/S25_segment/E001/E001_25_imputed12marks_segments.bed.gz ../../data/hg19/roadmap/S25_segment/E015/E015_25_imputed12marks_segments.bed.gz ../../data/hg19/roadmap/S25_segment/E014/E014_25_imputed12marks_segments.bed.gz ../../data/hg19/roadmap/S25_segment/E016/E016_25_imputed12marks_segments.bed.gz ../../data/hg19/roadmap/S25_segment/E003/E003_25_imputed12marks_segments.bed.gz ../../data/hg19/roadmap/S25_segment/E024/E024_25_imputed12marks_segments.bed.gz ../../data/hg19/roadmap/S25_segment/E020/E020_25_imputed12marks_segments.bed.gz ../../data/hg19/roadmap/S25_segment/E019/E019_25_imputed12marks_segments.bed.gz ../../data/hg19/roadmap/S25_segment/E018/E018_25_imputed12marks_segments.bed.gz ../../data/hg19/roadmap/S25_segment/E021/E021_25_imputed12marks_segments.bed.gz ../../data/hg19/roadmap/S25_segment/E022/E022_25_imputed12marks_segments.bed.gz ../../data/hg19/roadmap/S25_segment/E007/E007_25_imputed12marks_segments.bed.gz ../../data/hg19/roadmap/S25_segment/E009/E009_25_imputed12marks_segments.bed.gz ../../data/hg19/roadmap/S25_segment/E010/E010_25_imputed12marks_segments.bed.gz ../../data/hg19/roadmap/S25_segment/E013/E013_25_imputed12marks_segments.bed.gz ../../data/hg19/roadmap/S25_segment/E012/E012_25_imputed12marks_segments.bed.gz ../../data/hg19/roadmap/S25_segment/E011/E011_25_imputed12marks_segments.bed.gz ../../data/hg19/roadmap/S25_segment/E004/E004_25_imputed12marks_segments.bed.gz ../../data/hg19/roadmap/S25_segment/E005/E005_25_imputed12marks_segments.bed.gz ../../data/hg19/roadmap/S25_segment/E006/E006_25_imputed12marks_segments.bed.gz ../../data/hg19/roadmap/S25_segment/E062/E062_25_imputed12marks_segments.bed.gz ../../data/hg19/roadmap/S25_segment/E034/E034_25_imputed12marks_segments.bed.gz ../../data/hg19/roadmap/S25_segment/E045/E045_25_imputed12marks_segments.bed.gz ../../data/hg19/roadmap/S25_segment/E033/E033_25_imputed12marks_segments.bed.gz ../../data/hg19/roadmap/S25_segment/E044/E044_25_imputed12marks_segments.bed.gz ../../data/hg19/roadmap/S25_segment/E043/E043_25_imputed12marks_segments.bed.gz ../../data/hg19/roadmap/S25_segment/E039/E039_25_imputed12marks_segments.bed.gz ../../data/hg19/roadmap/S25_segment/E041/E041_25_imputed12marks_segments.bed.gz ../../data/hg19/roadmap/S25_segment/E042/E042_25_imputed12marks_segments.bed.gz ../../data/hg19/roadmap/S25_segment/E040/E040_25_imputed12marks_segments.bed.gz ../../data/hg19/roadmap/S25_segment/E037/E037_25_imputed12marks_segments.bed.gz ../../data/hg19/roadmap/S25_segment/E048/E048_25_imputed12marks_segments.bed.gz ../../data/hg19/roadmap/S25_segment/E038/E038_25_imputed12marks_segments.bed.gz ../../data/hg19/roadmap/S25_segment/E047/E047_25_imputed12marks_segments.bed.gz ../../data/hg19/roadmap/S25_segment/E029/E029_25_imputed12marks_segments.bed.gz ../../data/hg19/roadmap/S25_segment/E031/E031_25_imputed12marks_segments.bed.gz ../../data/hg19/roadmap/S25_segment/E035/E035_25_imputed12marks_segments.bed.gz ../../data/hg19/roadmap/S25_segment/E051/E051_25_imputed12marks_segments.bed.gz ../../data/hg19/roadmap/S25_segment/E050/E050_25_imputed12marks_segments.bed.gz ../../data/hg19/roadmap/S25_segment/E036/E036_25_imputed12marks_segments.bed.gz ../../data/hg19/roadmap/S25_segment/E032/E032_25_imputed12marks_segments.bed.gz ../../data/hg19/roadmap/S25_segment/E046/E046_25_imputed12marks_segments.bed.gz ../../data/hg19/roadmap/S25_segment/E030/E030_25_imputed12marks_segments.bed.gz ../../data/hg19/roadmap/S25_segment/E026/E026_25_imputed12marks_segments.bed.gz ../../data/hg19/roadmap/S25_segment/E049/E049_25_imputed12marks_segments.bed.gz ../../data/hg19/roadmap/S25_segment/E025/E025_25_imputed12marks_segments.bed.gz ../../data/hg19/roadmap/S25_segment/E023/E023_25_imputed12marks_segments.bed.gz ../../data/hg19/roadmap/S25_segment/E052/E052_25_imputed12marks_segments.bed.gz ../../data/hg19/roadmap/S25_segment/E055/E055_25_imputed12marks_segments.bed.gz ../../data/hg19/roadmap/S25_segment/E056/E056_25_imputed12marks_segments.bed.gz ../../data/hg19/roadmap/S25_segment/E059/E059_25_imputed12marks_segments.bed.gz ../../data/hg19/roadmap/S25_segment/E061/E061_25_imputed12marks_segments.bed.gz ../../data/hg19/roadmap/S25_segment/E057/E057_25_imputed12marks_segments.bed.gz ../../data/hg19/roadmap/S25_segment/E058/E058_25_imputed12marks_segments.bed.gz ../../data/hg19/roadmap/S25_segment/E028/E028_25_imputed12marks_segments.bed.gz ../../data/hg19/roadmap/S25_segment/E027/E027_25_imputed12marks_segments.bed.gz ../../data/hg19/roadmap/S25_segment/E054/E054_25_imputed12marks_segments.bed.gz ../../data/hg19/roadmap/S25_segment/E053/E053_25_imputed12marks_segments.bed.gz ../../data/hg19/roadmap/S25_segment/E112/E112_25_imputed12marks_segments.bed.gz ../../data/hg19/roadmap/S25_segment/E093/E093_25_imputed12marks_segments.bed.gz ../../data/hg19/roadmap/S25_segment/E071/E071_25_imputed12marks_segments.bed.gz ../../data/hg19/roadmap/S25_segment/E074/E074_25_imputed12marks_segments.bed.gz ../../data/hg19/roadmap/S25_segment/E068/E068_25_imputed12marks_segments.bed.gz ../../data/hg19/roadmap/S25_segment/E069/E069_25_imputed12marks_segments.bed.gz ../../data/hg19/roadmap/S25_segment/E072/E072_25_imputed12marks_segments.bed.gz ../../data/hg19/roadmap/S25_segment/E067/E067_25_imputed12marks_segments.bed.gz ../../data/hg19/roadmap/S25_segment/E073/E073_25_imputed12marks_segments.bed.gz ../../data/hg19/roadmap/S25_segment/E070/E070_25_imputed12marks_segments.bed.gz ../../data/hg19/roadmap/S25_segment/E082/E082_25_imputed12marks_segments.bed.gz ../../data/hg19/roadmap/S25_segment/E081/E081_25_imputed12marks_segments.bed.gz ../../data/hg19/roadmap/S25_segment/E063/E063_25_imputed12marks_segments.bed.gz ../../data/hg19/roadmap/S25_segment/E100/E100_25_imputed12marks_segments.bed.gz ../../data/hg19/roadmap/S25_segment/E108/E108_25_imputed12marks_segments.bed.gz ../../data/hg19/roadmap/S25_segment/E107/E107_25_imputed12marks_segments.bed.gz ../../data/hg19/roadmap/S25_segment/E089/E089_25_imputed12marks_segments.bed.gz ../../data/hg19/roadmap/S25_segment/E090/E090_25_imputed12marks_segments.bed.gz ../../data/hg19/roadmap/S25_segment/E083/E083_25_imputed12marks_segments.bed.gz ../../data/hg19/roadmap/S25_segment/E104/E104_25_imputed12marks_segments.bed.gz ../../data/hg19/roadmap/S25_segment/E095/E095_25_imputed12marks_segments.bed.gz ../../data/hg19/roadmap/S25_segment/E105/E105_25_imputed12marks_segments.bed.gz ../../data/hg19/roadmap/S25_segment/E065/E065_25_imputed12marks_segments.bed.gz ../../data/hg19/roadmap/S25_segment/E078/E078_25_imputed12marks_segments.bed.gz ../../data/hg19/roadmap/S25_segment/E076/E076_25_imputed12marks_segments.bed.gz ../../data/hg19/roadmap/S25_segment/E103/E103_25_imputed12marks_segments.bed.gz ../../data/hg19/roadmap/S25_segment/E111/E111_25_imputed12marks_segments.bed.gz ../../data/hg19/roadmap/S25_segment/E092/E092_25_imputed12marks_segments.bed.gz ../../data/hg19/roadmap/S25_segment/E085/E085_25_imputed12marks_segments.bed.gz ../../data/hg19/roadmap/S25_segment/E084/E084_25_imputed12marks_segments.bed.gz ../../data/hg19/roadmap/S25_segment/E109/E109_25_imputed12marks_segments.bed.gz ../../data/hg19/roadmap/S25_segment/E106/E106_25_imputed12marks_segments.bed.gz ../../data/hg19/roadmap/S25_segment/E075/E075_25_imputed12marks_segments.bed.gz ../../data/hg19/roadmap/S25_segment/E101/E101_25_imputed12marks_segments.bed.gz ../../data/hg19/roadmap/S25_segment/E102/E102_25_imputed12marks_segments.bed.gz ../../data/hg19/roadmap/S25_segment/E110/E110_25_imputed12marks_segments.bed.gz ../../data/hg19/roadmap/S25_segment/E077/E077_25_imputed12marks_segments.bed.gz ../../data/hg19/roadmap/S25_segment/E079/E079_25_imputed12marks_segments.bed.gz ../../data/hg19/roadmap/S25_segment/E094/E094_25_imputed12marks_segments.bed.gz ../../data/hg19/roadmap/S25_segment/E099/E099_25_imputed12marks_segments.bed.gz ../../data/hg19/roadmap/S25_segment/E086/E086_25_imputed12marks_segments.bed.gz ../../data/hg19/roadmap/S25_segment/E088/E088_25_imputed12marks_segments.bed.gz ../../data/hg19/roadmap/S25_segment/E097/E097_25_imputed12marks_segments.bed.gz ../../data/hg19/roadmap/S25_segment/E087/E087_25_imputed12marks_segments.bed.gz ../../data/hg19/roadmap/S25_segment/E080/E080_25_imputed12marks_segments.bed.gz ../../data/hg19/roadmap/S25_segment/E091/E091_25_imputed12marks_segments.bed.gz ../../data/hg19/roadmap/S25_segment/E066/E066_25_imputed12marks_segments.bed.gz ../../data/hg19/roadmap/S25_segment/E098/E098_25_imputed12marks_segments.bed.gz ../../data/hg19/roadmap/S25_segment/E096/E096_25_imputed12marks_segments.bed.gz ../../data/hg19/roadmap/S25_segment/E113/E113_25_imputed12marks_segments.bed.gz ../../data/hg19/roadmap/S25_segment/E114/E114_25_imputed12marks_segments.bed.gz ../../data/hg19/roadmap/S25_segment/E115/E115_25_imputed12marks_segments.bed.gz ../../data/hg19/roadmap/S25_segment/E116/E116_25_imputed12marks_segments.bed.gz ../../data/hg19/roadmap/S25_segment/E117/E117_25_imputed12marks_segments.bed.gz ../../data/hg19/roadmap/S25_segment/E118/E118_25_imputed12marks_segments.bed.gz ../../data/hg19/roadmap/S25_segment/E119/E119_25_imputed12marks_segments.bed.gz ../../data/hg19/roadmap/S25_segment/E120/E120_25_imputed12marks_segments.bed.gz ../../data/hg19/roadmap/S25_segment/E121/E121_25_imputed12marks_segments.bed.gz ../../data/hg19/roadmap/S25_segment/E122/E122_25_imputed12marks_segments.bed.gz ../../data/hg19/roadmap/S25_segment/E124/E124_25_imputed12marks_segments.bed.gz ../../data/hg19/roadmap/S25_segment/E125/E125_25_imputed12marks_segments.bed.gz ../../data/hg19/roadmap/S25_segment/E126/E126_25_imputed12marks_segments.bed.gz ../../data/hg19/roadmap/S25_segment/E127/E127_25_imputed12marks_segments.bed.gz ../../data/hg19/roadmap/S25_segment/E128/E128_25_imputed12marks_segments.bed.gz ../../data/hg19/roadmap/S25_segment/E129/E129_25_imputed12marks_segments.bed.gz
		do
			
		done
		
        (one of the commands exited with non-zero exit code; note that snakemake uses bash strict mode!)
    cluster_jobid: Submitted batch job 5455781

Error executing rule get_training_ref_segmentation on cluster (jobid: 128, external: Submitted batch job 5455781, jobscript: /gstore/home/vuh6/source/train_model/.snakemake/tmp.fmyjjlmw/snakejob.get_training_ref_segmentation.128.sh). For error details see the cluster log and the log files of the involved rule(s).
Shutting down, this might take some time.
Exiting because a job execution failed. Look above for error message
Complete log: /gstore/home/vuh6/source/train_model/.snakemake/log/2021-08-02T140011.761337.snakemake.log
