Building DAG of jobs...
Using shell: /usr/bin/bash
Provided cores: 1 (use --cores to define parallelism)
Rules claiming more threads will be scaled down.
Job counts:
	count	jobs
	1	all
	1	calculate_train_test_ROC_precall_against_bg
	2

[Tue Jul 13 14:52:23 2021]
rule calculate_train_test_ROC_precall_against_bg:
    input: ../../model_analysis/K562_hg19/all_mark_model/state_25/full_model/segment_based_on_entropy/overlap_crispr_mpra/fg_against_bg/train_overlap_against_bg.txt, ../../model_analysis/K562_hg19/all_mark_model/state_25/full_model/segment_based_on_entropy/overlap_crispr_mpra/fg_against_bg/test_overlap_against_bg.txt, ../../model_analysis/K562_hg19/three_mark_model/state_8/full_model/segment_based_on_entropy/overlap_crispr_mpra/fg_against_bg/train_overlap_against_bg.txt, ../../model_analysis/K562_hg19/three_mark_model/state_8/full_model/segment_based_on_entropy/overlap_crispr_mpra/fg_against_bg/test_overlap_against_bg.txt, ../../data/hg19/K562/roadmap_published_chromHMM/25_state/overlap_crispr_mpra/fg_against_bg/train_overlap_against_bg.txt, ../../data/hg19/K562/roadmap_published_chromHMM/25_state/overlap_crispr_mpra/fg_against_bg/test_overlap_against_bg.txt, ../../model_analysis/K562_hg19/simple_rules_from_natalie/overlap_crispr_mpra/fg_against_bg/train_overlap_against_bg.txt, ../../model_analysis/K562_hg19/simple_rules_from_natalie/overlap_crispr_mpra/fg_against_bg/test_overlap_against_bg.txt
    output: ../../model_analysis/K562_hg19/compare_models_recover_crispr_mpra/entropy_stratified/fg_against_bg/auc_Fulco19_significant_DE_G_ST6a.txt, ../../model_analysis/K562_hg19/compare_models_recover_crispr_mpra/entropy_stratified/fg_against_bg/auc_gasperini19_altScale_664_enhancerGenePairs_ST2B.txt, ../../model_analysis/K562_hg19/compare_models_recover_crispr_mpra/entropy_stratified/fg_against_bg/auc_gasperini19_pilot_145_EnhancerGenePairs_ST1B.txt, ../../model_analysis/K562_hg19/compare_models_recover_crispr_mpra/entropy_stratified/fg_against_bg/auc_klann21_S1_discovery_K562_sgrna.txt, ../../model_analysis/K562_hg19/compare_models_recover_crispr_mpra/entropy_stratified/fg_against_bg/auc_klann21_S2_discovery_K562_bin2.txt, ../../model_analysis/K562_hg19/compare_models_recover_crispr_mpra/entropy_stratified/fg_against_bg/auc_klann21_S3_discovery_K562_bin3.txt, ../../model_analysis/K562_hg19/compare_models_recover_crispr_mpra/entropy_stratified/fg_against_bg/auc_klann21_S5_discovery_K562_dhs.txt, ../../model_analysis/K562_hg19/compare_models_recover_crispr_mpra/entropy_stratified/fg_against_bg/auc_klann21_S6_validation_K562_sgrna.txt, ../../model_analysis/K562_hg19/compare_models_recover_crispr_mpra/entropy_stratified/fg_against_bg/auc_klann21_S7_validation_K562_bin2.txt, ../../model_analysis/K562_hg19/compare_models_recover_crispr_mpra/entropy_stratified/fg_against_bg/auc_klann21_S8_validation_K562_bin3.txt
    jobid: 3

[Tue Jul 13 14:52:25 2021]
Finished job 3.
1 of 2 steps (50%) done

[Tue Jul 13 14:52:25 2021]
localrule all:
    input: ../../model_analysis/K562_hg19/all_mark_model/state_25/full_model/POSTERIOR/entropy/plots/entropy_density_gw.png, ../../model_analysis/K562_hg19/three_mark_model/state_8/full_model/POSTERIOR/entropy/plots/entropy_density_gw.png, ../../model_analysis/K562_hg19/compare_models_recover_crispr_mpra/entropy_stratified/fg_against_bg/auc_Fulco19_significant_DE_G_ST6a.txt, ../../model_analysis/K562_hg19/compare_models_recover_crispr_mpra/entropy_stratified/fg_against_bg/auc_gasperini19_altScale_664_enhancerGenePairs_ST2B.txt, ../../model_analysis/K562_hg19/compare_models_recover_crispr_mpra/entropy_stratified/fg_against_bg/auc_gasperini19_pilot_145_EnhancerGenePairs_ST1B.txt, ../../model_analysis/K562_hg19/compare_models_recover_crispr_mpra/entropy_stratified/fg_against_bg/auc_klann21_S1_discovery_K562_sgrna.txt, ../../model_analysis/K562_hg19/compare_models_recover_crispr_mpra/entropy_stratified/fg_against_bg/auc_klann21_S2_discovery_K562_bin2.txt, ../../model_analysis/K562_hg19/compare_models_recover_crispr_mpra/entropy_stratified/fg_against_bg/auc_klann21_S3_discovery_K562_bin3.txt, ../../model_analysis/K562_hg19/compare_models_recover_crispr_mpra/entropy_stratified/fg_against_bg/auc_klann21_S5_discovery_K562_dhs.txt, ../../model_analysis/K562_hg19/compare_models_recover_crispr_mpra/entropy_stratified/fg_against_bg/auc_klann21_S6_validation_K562_sgrna.txt, ../../model_analysis/K562_hg19/compare_models_recover_crispr_mpra/entropy_stratified/fg_against_bg/auc_klann21_S7_validation_K562_bin2.txt, ../../model_analysis/K562_hg19/compare_models_recover_crispr_mpra/entropy_stratified/fg_against_bg/auc_klann21_S8_validation_K562_bin3.txt
    jobid: 0

[Tue Jul 13 14:52:25 2021]
Finished job 0.
2 of 2 steps (100%) done
Complete log: /gstore/home/vuh6/source/compare_overlap_external_annot/.snakemake/log/2021-07-13T145221.532941.snakemake.log
