Building DAG of jobs...
Using shell: /usr/bin/bash
Provided cores: 1 (use --cores to define parallelism)
Rules claiming more threads will be scaled down.
Job counts:
	count	jobs
	1	all
	2	get_segmentation_based_on_entropy
	3

[Tue Jul 13 13:29:18 2021]
rule get_segmentation_based_on_entropy:
    input: ../../model_analysis/K562_hg19/all_mark_model/state_25/full_model/POSTERIOR/entropy/entropy_chr1.txt.gz, ../../model_analysis/K562_hg19/all_mark_model/state_25/full_model/POSTERIOR/entropy/entropy_chrX.txt.gz
    output: ../../model_analysis/K562_hg19/all_mark_model/state_25/full_model/segment_based_on_entropy/genome_25_segments.bed.gz
    jobid: 4
    wildcards: num_mark_model=all_mark_model, num_state=25

[Tue Jul 13 13:31:50 2021]
Error in rule get_segmentation_based_on_entropy:
    jobid: 4
    output: ../../model_analysis/K562_hg19/all_mark_model/state_25/full_model/segment_based_on_entropy/genome_25_segments.bed.gz
    shell:
        
		python ./scripts/change_segmentation_based_on_entropy.py ../../model_analysis/K562_hg19/all_mark_model/state_25/full_model/POSTERIOR/entropy ../../model_analysis/K562_hg19/all_mark_model/state_25/full_model/segment_based_on_entropy/genome_25_segments.bed.gz 
		
        (one of the commands exited with non-zero exit code; note that snakemake uses bash strict mode!)

Shutting down, this might take some time.
Exiting because a job execution failed. Look above for error message
Complete log: /gstore/home/vuh6/source/compare_overlap_external_annot/.snakemake/log/2021-07-13T132916.780514.snakemake.log
