Building DAG of jobs...
Using shell: /usr/bin/bash
Provided cluster nodes: 100
Job counts:
	count	jobs
	1	all
	7	overlap_with_genome_contexts
	8

[Thu Jul  8 17:05:22 2021]
rule overlap_with_genome_contexts:
    input: ../../model_analysis/K562_hg19/three_mark_model/state_5/full_model/train_and_test_segments_sorted/train_segments.bed.gz, ../../model_analysis/K562_hg19/three_mark_model/state_5/full_model/train_and_test_segments_sorted/test_segments.bed.gz
    output: ../../model_analysis/K562_hg19/three_mark_model/state_5/full_model/overlap_crispr_mpra/background/train_overlap.txt, ../../model_analysis/K562_hg19/three_mark_model/state_5/full_model/overlap_crispr_mpra/background/test_overlap.txt
    jobid: 11
    wildcards: model_folder=../../model_analysis/K562_hg19/three_mark_model/state_5/full_model, fore_or_back=background

Submitted job 11 with external jobid 'Submitted batch job 1927556'.

[Thu Jul  8 17:05:22 2021]
rule overlap_with_genome_contexts:
    input: ../../model_analysis/K562_hg19/three_mark_model/state_7/full_model/train_and_test_segments_sorted/train_segments.bed.gz, ../../model_analysis/K562_hg19/three_mark_model/state_7/full_model/train_and_test_segments_sorted/test_segments.bed.gz
    output: ../../model_analysis/K562_hg19/three_mark_model/state_7/full_model/overlap_crispr_mpra/background/train_overlap.txt, ../../model_analysis/K562_hg19/three_mark_model/state_7/full_model/overlap_crispr_mpra/background/test_overlap.txt
    jobid: 13
    wildcards: model_folder=../../model_analysis/K562_hg19/three_mark_model/state_7/full_model, fore_or_back=background

Submitted job 13 with external jobid 'Submitted batch job 1927557'.

[Thu Jul  8 17:05:22 2021]
rule overlap_with_genome_contexts:
    input: ../../model_analysis/K562_hg19/three_mark_model/state_2/full_model/train_and_test_segments_sorted/train_segments.bed.gz, ../../model_analysis/K562_hg19/three_mark_model/state_2/full_model/train_and_test_segments_sorted/test_segments.bed.gz
    output: ../../model_analysis/K562_hg19/three_mark_model/state_2/full_model/overlap_crispr_mpra/background/train_overlap.txt, ../../model_analysis/K562_hg19/three_mark_model/state_2/full_model/overlap_crispr_mpra/background/test_overlap.txt
    jobid: 8
    wildcards: model_folder=../../model_analysis/K562_hg19/three_mark_model/state_2/full_model, fore_or_back=background

Submitted job 8 with external jobid 'Submitted batch job 1927558'.

[Thu Jul  8 17:05:22 2021]
rule overlap_with_genome_contexts:
    input: ../../model_analysis/K562_hg19/three_mark_model/state_4/full_model/train_and_test_segments_sorted/train_segments.bed.gz, ../../model_analysis/K562_hg19/three_mark_model/state_4/full_model/train_and_test_segments_sorted/test_segments.bed.gz
    output: ../../model_analysis/K562_hg19/three_mark_model/state_4/full_model/overlap_crispr_mpra/background/train_overlap.txt, ../../model_analysis/K562_hg19/three_mark_model/state_4/full_model/overlap_crispr_mpra/background/test_overlap.txt
    jobid: 10
    wildcards: model_folder=../../model_analysis/K562_hg19/three_mark_model/state_4/full_model, fore_or_back=background

Submitted job 10 with external jobid 'Submitted batch job 1927559'.

[Thu Jul  8 17:05:22 2021]
rule overlap_with_genome_contexts:
    input: ../../model_analysis/K562_hg19/three_mark_model/state_6/full_model/train_and_test_segments_sorted/train_segments.bed.gz, ../../model_analysis/K562_hg19/three_mark_model/state_6/full_model/train_and_test_segments_sorted/test_segments.bed.gz
    output: ../../model_analysis/K562_hg19/three_mark_model/state_6/full_model/overlap_crispr_mpra/background/train_overlap.txt, ../../model_analysis/K562_hg19/three_mark_model/state_6/full_model/overlap_crispr_mpra/background/test_overlap.txt
    jobid: 12
    wildcards: model_folder=../../model_analysis/K562_hg19/three_mark_model/state_6/full_model, fore_or_back=background

Submitted job 12 with external jobid 'Submitted batch job 1927560'.

[Thu Jul  8 17:05:22 2021]
rule overlap_with_genome_contexts:
    input: ../../model_analysis/K562_hg19/three_mark_model/state_8/full_model/train_and_test_segments_sorted/train_segments.bed.gz, ../../model_analysis/K562_hg19/three_mark_model/state_8/full_model/train_and_test_segments_sorted/test_segments.bed.gz
    output: ../../model_analysis/K562_hg19/three_mark_model/state_8/full_model/overlap_crispr_mpra/background/train_overlap.txt, ../../model_analysis/K562_hg19/three_mark_model/state_8/full_model/overlap_crispr_mpra/background/test_overlap.txt
    jobid: 14
    wildcards: model_folder=../../model_analysis/K562_hg19/three_mark_model/state_8/full_model, fore_or_back=background

Submitted job 14 with external jobid 'Submitted batch job 1927561'.

[Thu Jul  8 17:05:22 2021]
rule overlap_with_genome_contexts:
    input: ../../model_analysis/K562_hg19/three_mark_model/state_3/full_model/train_and_test_segments_sorted/train_segments.bed.gz, ../../model_analysis/K562_hg19/three_mark_model/state_3/full_model/train_and_test_segments_sorted/test_segments.bed.gz
    output: ../../model_analysis/K562_hg19/three_mark_model/state_3/full_model/overlap_crispr_mpra/background/train_overlap.txt, ../../model_analysis/K562_hg19/three_mark_model/state_3/full_model/overlap_crispr_mpra/background/test_overlap.txt
    jobid: 9
    wildcards: model_folder=../../model_analysis/K562_hg19/three_mark_model/state_3/full_model, fore_or_back=background

Submitted job 9 with external jobid 'Submitted batch job 1927562'.
[Thu Jul  8 17:08:32 2021]
Finished job 10.
1 of 8 steps (12%) done
[Thu Jul  8 17:08:32 2021]
Finished job 12.
2 of 8 steps (25%) done
[Thu Jul  8 17:08:42 2021]
Finished job 11.
3 of 8 steps (38%) done
[Thu Jul  8 17:08:42 2021]
Finished job 8.
4 of 8 steps (50%) done
[Thu Jul  8 17:08:52 2021]
Finished job 14.
5 of 8 steps (62%) done
[Thu Jul  8 17:08:52 2021]
Finished job 9.
6 of 8 steps (75%) done
[Thu Jul  8 17:09:02 2021]
Finished job 13.
7 of 8 steps (88%) done

[Thu Jul  8 17:09:02 2021]
localrule all:
    input: ../../model_analysis/K562_hg19/three_mark_model/state_2/full_model/overlap_crispr_mpra/foreground/train_overlap.txt, ../../model_analysis/K562_hg19/three_mark_model/state_2/full_model/overlap_crispr_mpra/foreground/test_overlap.txt, ../../model_analysis/K562_hg19/three_mark_model/state_3/full_model/overlap_crispr_mpra/foreground/train_overlap.txt, ../../model_analysis/K562_hg19/three_mark_model/state_3/full_model/overlap_crispr_mpra/foreground/test_overlap.txt, ../../model_analysis/K562_hg19/three_mark_model/state_4/full_model/overlap_crispr_mpra/foreground/train_overlap.txt, ../../model_analysis/K562_hg19/three_mark_model/state_4/full_model/overlap_crispr_mpra/foreground/test_overlap.txt, ../../model_analysis/K562_hg19/three_mark_model/state_5/full_model/overlap_crispr_mpra/foreground/train_overlap.txt, ../../model_analysis/K562_hg19/three_mark_model/state_5/full_model/overlap_crispr_mpra/foreground/test_overlap.txt, ../../model_analysis/K562_hg19/three_mark_model/state_6/full_model/overlap_crispr_mpra/foreground/train_overlap.txt, ../../model_analysis/K562_hg19/three_mark_model/state_6/full_model/overlap_crispr_mpra/foreground/test_overlap.txt, ../../model_analysis/K562_hg19/three_mark_model/state_7/full_model/overlap_crispr_mpra/foreground/train_overlap.txt, ../../model_analysis/K562_hg19/three_mark_model/state_7/full_model/overlap_crispr_mpra/foreground/test_overlap.txt, ../../model_analysis/K562_hg19/three_mark_model/state_8/full_model/overlap_crispr_mpra/foreground/train_overlap.txt, ../../model_analysis/K562_hg19/three_mark_model/state_8/full_model/overlap_crispr_mpra/foreground/test_overlap.txt, ../../model_analysis/K562_hg19/three_mark_model/state_2/full_model/overlap_crispr_mpra/background/train_overlap.txt, ../../model_analysis/K562_hg19/three_mark_model/state_2/full_model/overlap_crispr_mpra/background/test_overlap.txt, ../../model_analysis/K562_hg19/three_mark_model/state_3/full_model/overlap_crispr_mpra/background/train_overlap.txt, ../../model_analysis/K562_hg19/three_mark_model/state_3/full_model/overlap_crispr_mpra/background/test_overlap.txt, ../../model_analysis/K562_hg19/three_mark_model/state_4/full_model/overlap_crispr_mpra/background/train_overlap.txt, ../../model_analysis/K562_hg19/three_mark_model/state_4/full_model/overlap_crispr_mpra/background/test_overlap.txt, ../../model_analysis/K562_hg19/three_mark_model/state_5/full_model/overlap_crispr_mpra/background/train_overlap.txt, ../../model_analysis/K562_hg19/three_mark_model/state_5/full_model/overlap_crispr_mpra/background/test_overlap.txt, ../../model_analysis/K562_hg19/three_mark_model/state_6/full_model/overlap_crispr_mpra/background/train_overlap.txt, ../../model_analysis/K562_hg19/three_mark_model/state_6/full_model/overlap_crispr_mpra/background/test_overlap.txt, ../../model_analysis/K562_hg19/three_mark_model/state_7/full_model/overlap_crispr_mpra/background/train_overlap.txt, ../../model_analysis/K562_hg19/three_mark_model/state_7/full_model/overlap_crispr_mpra/background/test_overlap.txt, ../../model_analysis/K562_hg19/three_mark_model/state_8/full_model/overlap_crispr_mpra/background/train_overlap.txt, ../../model_analysis/K562_hg19/three_mark_model/state_8/full_model/overlap_crispr_mpra/background/test_overlap.txt
    jobid: 0

[Thu Jul  8 17:09:02 2021]
Finished job 0.
8 of 8 steps (100%) done
Complete log: /gstore/home/vuh6/source/compare_overlap_external_annot/.snakemake/log/2021-07-08T170522.053625.snakemake.log
