Building DAG of jobs...
Using shell: /usr/bin/bash
Provided cores: 1 (use --cores to define parallelism)
Rules claiming more threads will be scaled down.
Job counts:
	count	jobs
	1	all
	1	prepare_sign_DEG_fulco19
	2

[Tue Jul  6 17:51:01 2021]
rule prepare_sign_DEG_fulco19:
    input: ../../data/hg19/K562/fulco_2019/ST6a_expTested_DE-G.csv
    output: ../../data/hg19/K562/fulco_2019/Fulco19_significant_DE_G_ST6a.txt
    jobid: 1

[Tue Jul  6 17:51:01 2021]
Finished job 1.
1 of 2 steps (50%) done

[Tue Jul  6 17:51:01 2021]
localrule all:
    input: ../../data/hg19/K562/fulco_2019/Fulco19_significant_DE_G_ST6a.txt, ../../data/hg19/K562/klann_2021/for_enrichment/klann21_S1_discovery_K562_sgrna.bed, ../../data/hg19/K562/klann_2021/for_enrichment/klann21_S2_discovery_K562_bin2.bed, ../../data/hg19/K562/klann_2021/for_enrichment/klann21_S3_discovery_K562_bin3.bed, ../../data/hg19/K562/klann_2021/for_enrichment/klann21_S5_discovery_K562_dhs.bed, ../../data/hg19/K562/klann_2021/for_enrichment/klann21_S6_validation_K562_sgrna.bed, ../../data/hg19/K562/klann_2021/for_enrichment/klann21_S7_validation_K562_bin2.bed, ../../data/hg19/K562/klann_2021/for_enrichment/klann21_S8_validation_K562_bin3.bed, ../../data/hg19/K562/gasperini_2019/for_enrichment/gasperini19_altScale_664_enhancerGenePairs_ST2B.bed, ../../data/hg19/K562/gasperini_2019/for_enrichment/gasperini19_pilot_145_EnhancerGenePairs_ST1B.bed
    jobid: 0

[Tue Jul  6 17:51:01 2021]
Finished job 0.
2 of 2 steps (100%) done
Complete log: /gstore/home/vuh6/source/compare_overlap_external_annot/.snakemake/log/2021-07-06T175101.248235.snakemake.log
