Building DAG of jobs...
Using shell: /usr/bin/bash
Provided cores: 4
Rules claiming more threads will be scaled down.
Job counts:
	count	jobs
	1	all
	12	get_segment_file_train_test
	10	sort_segment_file
	23

[Tue Jul  6 16:55:35 2021]
rule sort_segment_file:
    input: ../../model_analysis/K562_hg19/all_mark_model/state_7/full_model/genome_7_segments.bed.gz
    output: ../../model_analysis/K562_hg19/all_mark_model/state_7/full_model/genome_7_segments_sorted.bed.gz
    jobid: 28
    wildcards: num_mark_model=all_mark_model, num_state=7


[Tue Jul  6 16:55:35 2021]
rule get_segment_file_train_test:
    input: ../../model_analysis/K562_hg19/three_mark_model/state_7/full_model/genome_7_segments_sorted.bed.gz, ../../model_analysis/train_segments.bed.gz, ../../model_analysis/test_segments.bed.gz
    output: ../../model_analysis/K562_hg19/three_mark_model/state_7/full_model/train_and_test_segments/train_segments.bed.gz, ../../model_analysis/K562_hg19/three_mark_model/state_7/full_model/train_and_test_segments/test_segments.bed.gz
    jobid: 6
    wildcards: num_mark_model=three_mark_model, num_state=7


[Tue Jul  6 16:55:35 2021]
rule sort_segment_file:
    input: ../../model_analysis/K562_hg19/all_mark_model/state_8/full_model/genome_8_segments.bed.gz
    output: ../../model_analysis/K562_hg19/all_mark_model/state_8/full_model/genome_8_segments_sorted.bed.gz
    jobid: 29
    wildcards: num_mark_model=all_mark_model, num_state=8


[Tue Jul  6 16:55:35 2021]
rule get_segment_file_train_test:
    input: ../../model_analysis/K562_hg19/three_mark_model/state_8/full_model/genome_8_segments_sorted.bed.gz, ../../model_analysis/train_segments.bed.gz, ../../model_analysis/test_segments.bed.gz
    output: ../../model_analysis/K562_hg19/three_mark_model/state_8/full_model/train_and_test_segments/train_segments.bed.gz, ../../model_analysis/K562_hg19/three_mark_model/state_8/full_model/train_and_test_segments/test_segments.bed.gz
    jobid: 7
    wildcards: num_mark_model=three_mark_model, num_state=8

[Tue Jul  6 16:55:46 2021]
Finished job 28.
1 of 23 steps (4%) done

[Tue Jul  6 16:55:46 2021]
rule get_segment_file_train_test:
    input: ../../model_analysis/K562_hg19/all_mark_model/state_7/full_model/genome_7_segments_sorted.bed.gz, ../../model_analysis/train_segments.bed.gz, ../../model_analysis/test_segments.bed.gz
    output: ../../model_analysis/K562_hg19/all_mark_model/state_7/full_model/train_and_test_segments/train_segments.bed.gz, ../../model_analysis/K562_hg19/all_mark_model/state_7/full_model/train_and_test_segments/test_segments.bed.gz
    jobid: 13
    wildcards: num_mark_model=all_mark_model, num_state=7

[Tue Jul  6 16:55:47 2021]
Finished job 29.
2 of 23 steps (9%) done

[Tue Jul  6 16:55:47 2021]
rule get_segment_file_train_test:
    input: ../../model_analysis/K562_hg19/all_mark_model/state_8/full_model/genome_8_segments_sorted.bed.gz, ../../model_analysis/train_segments.bed.gz, ../../model_analysis/test_segments.bed.gz
    output: ../../model_analysis/K562_hg19/all_mark_model/state_8/full_model/train_and_test_segments/train_segments.bed.gz, ../../model_analysis/K562_hg19/all_mark_model/state_8/full_model/train_and_test_segments/test_segments.bed.gz
    jobid: 14
    wildcards: num_mark_model=all_mark_model, num_state=8

[Tue Jul  6 16:57:14 2021]
Finished job 6.
3 of 23 steps (13%) done

[Tue Jul  6 16:57:14 2021]
rule sort_segment_file:
    input: ../../model_analysis/K562_hg19/three_mark_model/state_6/full_model/genome_6_segments.bed.gz
    output: ../../model_analysis/K562_hg19/three_mark_model/state_6/full_model/genome_6_segments_sorted.bed.gz
    jobid: 20
    wildcards: num_mark_model=three_mark_model, num_state=6

[Tue Jul  6 16:57:15 2021]
Finished job 7.
4 of 23 steps (17%) done

[Tue Jul  6 16:57:15 2021]
rule sort_segment_file:
    input: ../../model_analysis/K562_hg19/all_mark_model/state_6/full_model/genome_6_segments.bed.gz
    output: ../../model_analysis/K562_hg19/all_mark_model/state_6/full_model/genome_6_segments_sorted.bed.gz
    jobid: 27
    wildcards: num_mark_model=all_mark_model, num_state=6

[Tue Jul  6 16:57:29 2021]
Finished job 13.
5 of 23 steps (22%) done

[Tue Jul  6 16:57:29 2021]
rule sort_segment_file:
    input: ../../model_analysis/K562_hg19/three_mark_model/state_5/full_model/genome_5_segments.bed.gz
    output: ../../model_analysis/K562_hg19/three_mark_model/state_5/full_model/genome_5_segments_sorted.bed.gz
    jobid: 19
    wildcards: num_mark_model=three_mark_model, num_state=5

[Tue Jul  6 16:57:30 2021]
Finished job 14.
6 of 23 steps (26%) done

[Tue Jul  6 16:57:30 2021]
rule sort_segment_file:
    input: ../../model_analysis/K562_hg19/all_mark_model/state_5/full_model/genome_5_segments.bed.gz
    output: ../../model_analysis/K562_hg19/all_mark_model/state_5/full_model/genome_5_segments_sorted.bed.gz
    jobid: 26
    wildcards: num_mark_model=all_mark_model, num_state=5

[Tue Jul  6 16:57:35 2021]
Finished job 20.
7 of 23 steps (30%) done

[Tue Jul  6 16:57:35 2021]
rule get_segment_file_train_test:
    input: ../../model_analysis/K562_hg19/three_mark_model/state_6/full_model/genome_6_segments_sorted.bed.gz, ../../model_analysis/train_segments.bed.gz, ../../model_analysis/test_segments.bed.gz
    output: ../../model_analysis/K562_hg19/three_mark_model/state_6/full_model/train_and_test_segments/train_segments.bed.gz, ../../model_analysis/K562_hg19/three_mark_model/state_6/full_model/train_and_test_segments/test_segments.bed.gz
    jobid: 5
    wildcards: num_mark_model=three_mark_model, num_state=6

[Tue Jul  6 16:57:36 2021]
Finished job 27.
8 of 23 steps (35%) done

[Tue Jul  6 16:57:36 2021]
rule get_segment_file_train_test:
    input: ../../model_analysis/K562_hg19/all_mark_model/state_6/full_model/genome_6_segments_sorted.bed.gz, ../../model_analysis/train_segments.bed.gz, ../../model_analysis/test_segments.bed.gz
    output: ../../model_analysis/K562_hg19/all_mark_model/state_6/full_model/train_and_test_segments/train_segments.bed.gz, ../../model_analysis/K562_hg19/all_mark_model/state_6/full_model/train_and_test_segments/test_segments.bed.gz
    jobid: 12
    wildcards: num_mark_model=all_mark_model, num_state=6

[Tue Jul  6 16:57:39 2021]
Finished job 19.
9 of 23 steps (39%) done

[Tue Jul  6 16:57:39 2021]
rule get_segment_file_train_test:
    input: ../../model_analysis/K562_hg19/three_mark_model/state_5/full_model/genome_5_segments_sorted.bed.gz, ../../model_analysis/train_segments.bed.gz, ../../model_analysis/test_segments.bed.gz
    output: ../../model_analysis/K562_hg19/three_mark_model/state_5/full_model/train_and_test_segments/train_segments.bed.gz, ../../model_analysis/K562_hg19/three_mark_model/state_5/full_model/train_and_test_segments/test_segments.bed.gz
    jobid: 4
    wildcards: num_mark_model=three_mark_model, num_state=5

[Tue Jul  6 16:57:39 2021]
Finished job 26.
10 of 23 steps (43%) done

[Tue Jul  6 16:57:39 2021]
rule get_segment_file_train_test:
    input: ../../model_analysis/K562_hg19/all_mark_model/state_5/full_model/genome_5_segments_sorted.bed.gz, ../../model_analysis/train_segments.bed.gz, ../../model_analysis/test_segments.bed.gz
    output: ../../model_analysis/K562_hg19/all_mark_model/state_5/full_model/train_and_test_segments/train_segments.bed.gz, ../../model_analysis/K562_hg19/all_mark_model/state_5/full_model/train_and_test_segments/test_segments.bed.gz
    jobid: 11
    wildcards: num_mark_model=all_mark_model, num_state=5

[Tue Jul  6 16:59:11 2021]
Finished job 5.
11 of 23 steps (48%) done

[Tue Jul  6 16:59:11 2021]
rule sort_segment_file:
    input: ../../model_analysis/K562_hg19/all_mark_model/state_4/full_model/genome_4_segments.bed.gz
    output: ../../model_analysis/K562_hg19/all_mark_model/state_4/full_model/genome_4_segments_sorted.bed.gz
    jobid: 25
    wildcards: num_mark_model=all_mark_model, num_state=4

[Tue Jul  6 16:59:13 2021]
Finished job 12.
12 of 23 steps (52%) done

[Tue Jul  6 16:59:13 2021]
rule sort_segment_file:
    input: ../../model_analysis/K562_hg19/all_mark_model/state_3/full_model/genome_3_segments.bed.gz
    output: ../../model_analysis/K562_hg19/all_mark_model/state_3/full_model/genome_3_segments_sorted.bed.gz
    jobid: 24
    wildcards: num_mark_model=all_mark_model, num_state=3

[Tue Jul  6 16:59:17 2021]
Finished job 4.
13 of 23 steps (57%) done

[Tue Jul  6 16:59:17 2021]
rule sort_segment_file:
    input: ../../model_analysis/K562_hg19/three_mark_model/state_4/full_model/genome_4_segments.bed.gz
    output: ../../model_analysis/K562_hg19/three_mark_model/state_4/full_model/genome_4_segments_sorted.bed.gz
    jobid: 18
    wildcards: num_mark_model=three_mark_model, num_state=4

[Tue Jul  6 16:59:19 2021]
Finished job 11.
14 of 23 steps (61%) done

[Tue Jul  6 16:59:19 2021]
rule sort_segment_file:
    input: ../../model_analysis/K562_hg19/three_mark_model/state_3/full_model/genome_3_segments.bed.gz
    output: ../../model_analysis/K562_hg19/three_mark_model/state_3/full_model/genome_3_segments_sorted.bed.gz
    jobid: 17
    wildcards: num_mark_model=three_mark_model, num_state=3

[Tue Jul  6 16:59:27 2021]
Finished job 25.
15 of 23 steps (65%) done

[Tue Jul  6 16:59:27 2021]
rule get_segment_file_train_test:
    input: ../../model_analysis/K562_hg19/all_mark_model/state_4/full_model/genome_4_segments_sorted.bed.gz, ../../model_analysis/train_segments.bed.gz, ../../model_analysis/test_segments.bed.gz
    output: ../../model_analysis/K562_hg19/all_mark_model/state_4/full_model/train_and_test_segments/train_segments.bed.gz, ../../model_analysis/K562_hg19/all_mark_model/state_4/full_model/train_and_test_segments/test_segments.bed.gz
    jobid: 10
    wildcards: num_mark_model=all_mark_model, num_state=4

[Tue Jul  6 16:59:27 2021]
Finished job 17.
16 of 23 steps (70%) done

[Tue Jul  6 16:59:27 2021]
rule get_segment_file_train_test:
    input: ../../model_analysis/K562_hg19/three_mark_model/state_3/full_model/genome_3_segments_sorted.bed.gz, ../../model_analysis/train_segments.bed.gz, ../../model_analysis/test_segments.bed.gz
    output: ../../model_analysis/K562_hg19/three_mark_model/state_3/full_model/train_and_test_segments/train_segments.bed.gz, ../../model_analysis/K562_hg19/three_mark_model/state_3/full_model/train_and_test_segments/test_segments.bed.gz
    jobid: 2
    wildcards: num_mark_model=three_mark_model, num_state=3

[Tue Jul  6 16:59:28 2021]
Finished job 24.
17 of 23 steps (74%) done

[Tue Jul  6 16:59:28 2021]
rule get_segment_file_train_test:
    input: ../../model_analysis/K562_hg19/all_mark_model/state_3/full_model/genome_3_segments_sorted.bed.gz, ../../model_analysis/train_segments.bed.gz, ../../model_analysis/test_segments.bed.gz
    output: ../../model_analysis/K562_hg19/all_mark_model/state_3/full_model/train_and_test_segments/train_segments.bed.gz, ../../model_analysis/K562_hg19/all_mark_model/state_3/full_model/train_and_test_segments/test_segments.bed.gz
    jobid: 9
    wildcards: num_mark_model=all_mark_model, num_state=3

[Tue Jul  6 16:59:28 2021]
Finished job 18.
18 of 23 steps (78%) done

[Tue Jul  6 16:59:28 2021]
rule get_segment_file_train_test:
    input: ../../model_analysis/K562_hg19/three_mark_model/state_4/full_model/genome_4_segments_sorted.bed.gz, ../../model_analysis/train_segments.bed.gz, ../../model_analysis/test_segments.bed.gz
    output: ../../model_analysis/K562_hg19/three_mark_model/state_4/full_model/train_and_test_segments/train_segments.bed.gz, ../../model_analysis/K562_hg19/three_mark_model/state_4/full_model/train_and_test_segments/test_segments.bed.gz
    jobid: 3
    wildcards: num_mark_model=three_mark_model, num_state=4

[Tue Jul  6 17:01:04 2021]
Finished job 2.
19 of 23 steps (83%) done
[Tue Jul  6 17:01:06 2021]
Finished job 10.
20 of 23 steps (87%) done
[Tue Jul  6 17:01:06 2021]
Finished job 9.
21 of 23 steps (91%) done
[Tue Jul  6 17:01:07 2021]
Finished job 3.
22 of 23 steps (96%) done

[Tue Jul  6 17:01:07 2021]
localrule all:
    input: ../../model_analysis/K562_hg19/three_mark_model/state_2/full_model/train_and_test_segments/train_segments.bed.gz, ../../model_analysis/K562_hg19/three_mark_model/state_3/full_model/train_and_test_segments/train_segments.bed.gz, ../../model_analysis/K562_hg19/three_mark_model/state_4/full_model/train_and_test_segments/train_segments.bed.gz, ../../model_analysis/K562_hg19/three_mark_model/state_5/full_model/train_and_test_segments/train_segments.bed.gz, ../../model_analysis/K562_hg19/three_mark_model/state_6/full_model/train_and_test_segments/train_segments.bed.gz, ../../model_analysis/K562_hg19/three_mark_model/state_7/full_model/train_and_test_segments/train_segments.bed.gz, ../../model_analysis/K562_hg19/three_mark_model/state_8/full_model/train_and_test_segments/train_segments.bed.gz, ../../model_analysis/K562_hg19/all_mark_model/state_2/full_model/train_and_test_segments/train_segments.bed.gz, ../../model_analysis/K562_hg19/all_mark_model/state_3/full_model/train_and_test_segments/train_segments.bed.gz, ../../model_analysis/K562_hg19/all_mark_model/state_4/full_model/train_and_test_segments/train_segments.bed.gz, ../../model_analysis/K562_hg19/all_mark_model/state_5/full_model/train_and_test_segments/train_segments.bed.gz, ../../model_analysis/K562_hg19/all_mark_model/state_6/full_model/train_and_test_segments/train_segments.bed.gz, ../../model_analysis/K562_hg19/all_mark_model/state_7/full_model/train_and_test_segments/train_segments.bed.gz, ../../model_analysis/K562_hg19/all_mark_model/state_8/full_model/train_and_test_segments/train_segments.bed.gz, ../../model_analysis/K562_hg19/three_mark_model/state_2/full_model/train_and_test_segments/test_segments.bed.gz, ../../model_analysis/K562_hg19/three_mark_model/state_3/full_model/train_and_test_segments/test_segments.bed.gz, ../../model_analysis/K562_hg19/three_mark_model/state_4/full_model/train_and_test_segments/test_segments.bed.gz, ../../model_analysis/K562_hg19/three_mark_model/state_5/full_model/train_and_test_segments/test_segments.bed.gz, ../../model_analysis/K562_hg19/three_mark_model/state_6/full_model/train_and_test_segments/test_segments.bed.gz, ../../model_analysis/K562_hg19/three_mark_model/state_7/full_model/train_and_test_segments/test_segments.bed.gz, ../../model_analysis/K562_hg19/three_mark_model/state_8/full_model/train_and_test_segments/test_segments.bed.gz, ../../model_analysis/K562_hg19/all_mark_model/state_2/full_model/train_and_test_segments/test_segments.bed.gz, ../../model_analysis/K562_hg19/all_mark_model/state_3/full_model/train_and_test_segments/test_segments.bed.gz, ../../model_analysis/K562_hg19/all_mark_model/state_4/full_model/train_and_test_segments/test_segments.bed.gz, ../../model_analysis/K562_hg19/all_mark_model/state_5/full_model/train_and_test_segments/test_segments.bed.gz, ../../model_analysis/K562_hg19/all_mark_model/state_6/full_model/train_and_test_segments/test_segments.bed.gz, ../../model_analysis/K562_hg19/all_mark_model/state_7/full_model/train_and_test_segments/test_segments.bed.gz, ../../model_analysis/K562_hg19/all_mark_model/state_8/full_model/train_and_test_segments/test_segments.bed.gz
    jobid: 0

[Tue Jul  6 17:01:07 2021]
Finished job 0.
23 of 23 steps (100%) done
Complete log: /gstore/home/vuh6/source/compare_overlap_external_annot/.snakemake/log/2021-07-06T165535.626920.snakemake.log
