Building DAG of jobs...
Using shell: /usr/bin/bash
Provided cores: 4
Rules claiming more threads will be scaled down.
Job counts:
	count	jobs
	1	all
	14	get_segment_file_train_test
	1	get_train_test_bed_fn
	14	overlap_with_genome_contexts
	30

[Tue Jul  6 18:54:33 2021]
rule get_train_test_bed_fn:
    input: ../../model_analysis/hg19_chrom_length_for_segmentation.bed
    output: ../../model_analysis/train_segments_sorted.bed.gz, ../../model_analysis/test_segments_sorted.bed.gz
    jobid: 30

[Tue Jul  6 19:02:10 2021]
Finished job 30.
1 of 30 steps (3%) done

[Tue Jul  6 19:02:10 2021]
rule get_segment_file_train_test:
    input: ../../model_analysis/K562_hg19/all_mark_model/state_7/full_model/genome_7_segments_sorted.bed.gz, ../../model_analysis/train_segments_sorted.bed.gz, ../../model_analysis/test_segments_sorted.bed.gz
    output: ../../model_analysis/K562_hg19/all_mark_model/state_7/full_model/train_and_test_segments_sorted/train_segments.bed.gz, ../../model_analysis/K562_hg19/all_mark_model/state_7/full_model/train_and_test_segments_sorted/test_segments.bed.gz
    jobid: 20
    wildcards: num_mark_model=all_mark_model, num_state=7


[Tue Jul  6 19:02:10 2021]
rule get_segment_file_train_test:
    input: ../../model_analysis/K562_hg19/all_mark_model/state_8/full_model/genome_8_segments_sorted.bed.gz, ../../model_analysis/train_segments_sorted.bed.gz, ../../model_analysis/test_segments_sorted.bed.gz
    output: ../../model_analysis/K562_hg19/all_mark_model/state_8/full_model/train_and_test_segments_sorted/train_segments.bed.gz, ../../model_analysis/K562_hg19/all_mark_model/state_8/full_model/train_and_test_segments_sorted/test_segments.bed.gz
    jobid: 21
    wildcards: num_mark_model=all_mark_model, num_state=8


[Tue Jul  6 19:02:10 2021]
rule get_segment_file_train_test:
    input: ../../model_analysis/K562_hg19/three_mark_model/state_7/full_model/genome_7_segments_sorted.bed.gz, ../../model_analysis/train_segments_sorted.bed.gz, ../../model_analysis/test_segments_sorted.bed.gz
    output: ../../model_analysis/K562_hg19/three_mark_model/state_7/full_model/train_and_test_segments_sorted/train_segments.bed.gz, ../../model_analysis/K562_hg19/three_mark_model/state_7/full_model/train_and_test_segments_sorted/test_segments.bed.gz
    jobid: 27
    wildcards: num_mark_model=three_mark_model, num_state=7


[Tue Jul  6 19:02:10 2021]
rule get_segment_file_train_test:
    input: ../../model_analysis/K562_hg19/three_mark_model/state_8/full_model/genome_8_segments_sorted.bed.gz, ../../model_analysis/train_segments_sorted.bed.gz, ../../model_analysis/test_segments_sorted.bed.gz
    output: ../../model_analysis/K562_hg19/three_mark_model/state_8/full_model/train_and_test_segments_sorted/train_segments.bed.gz, ../../model_analysis/K562_hg19/three_mark_model/state_8/full_model/train_and_test_segments_sorted/test_segments.bed.gz
    jobid: 28
    wildcards: num_mark_model=three_mark_model, num_state=8

[Tue Jul  6 19:04:25 2021]
Finished job 27.
2 of 30 steps (7%) done

[Tue Jul  6 19:04:25 2021]
rule get_segment_file_train_test:
    input: ../../model_analysis/K562_hg19/three_mark_model/state_6/full_model/genome_6_segments_sorted.bed.gz, ../../model_analysis/train_segments_sorted.bed.gz, ../../model_analysis/test_segments_sorted.bed.gz
    output: ../../model_analysis/K562_hg19/three_mark_model/state_6/full_model/train_and_test_segments_sorted/train_segments.bed.gz, ../../model_analysis/K562_hg19/three_mark_model/state_6/full_model/train_and_test_segments_sorted/test_segments.bed.gz
    jobid: 26
    wildcards: num_mark_model=three_mark_model, num_state=6

[Tue Jul  6 19:04:27 2021]
Finished job 28.
3 of 30 steps (10%) done

[Tue Jul  6 19:04:27 2021]
rule get_segment_file_train_test:
    input: ../../model_analysis/K562_hg19/all_mark_model/state_6/full_model/genome_6_segments_sorted.bed.gz, ../../model_analysis/train_segments_sorted.bed.gz, ../../model_analysis/test_segments_sorted.bed.gz
    output: ../../model_analysis/K562_hg19/all_mark_model/state_6/full_model/train_and_test_segments_sorted/train_segments.bed.gz, ../../model_analysis/K562_hg19/all_mark_model/state_6/full_model/train_and_test_segments_sorted/test_segments.bed.gz
    jobid: 19
    wildcards: num_mark_model=all_mark_model, num_state=6

[Tue Jul  6 19:04:28 2021]
Finished job 20.
4 of 30 steps (13%) done

[Tue Jul  6 19:04:28 2021]
rule get_segment_file_train_test:
    input: ../../model_analysis/K562_hg19/three_mark_model/state_5/full_model/genome_5_segments_sorted.bed.gz, ../../model_analysis/train_segments_sorted.bed.gz, ../../model_analysis/test_segments_sorted.bed.gz
    output: ../../model_analysis/K562_hg19/three_mark_model/state_5/full_model/train_and_test_segments_sorted/train_segments.bed.gz, ../../model_analysis/K562_hg19/three_mark_model/state_5/full_model/train_and_test_segments_sorted/test_segments.bed.gz
    jobid: 25
    wildcards: num_mark_model=three_mark_model, num_state=5

[Tue Jul  6 19:04:28 2021]
Finished job 21.
5 of 30 steps (17%) done

[Tue Jul  6 19:04:28 2021]
rule get_segment_file_train_test:
    input: ../../model_analysis/K562_hg19/all_mark_model/state_5/full_model/genome_5_segments_sorted.bed.gz, ../../model_analysis/train_segments_sorted.bed.gz, ../../model_analysis/test_segments_sorted.bed.gz
    output: ../../model_analysis/K562_hg19/all_mark_model/state_5/full_model/train_and_test_segments_sorted/train_segments.bed.gz, ../../model_analysis/K562_hg19/all_mark_model/state_5/full_model/train_and_test_segments_sorted/test_segments.bed.gz
    jobid: 18
    wildcards: num_mark_model=all_mark_model, num_state=5

[Tue Jul  6 19:06:30 2021]
Finished job 26.
6 of 30 steps (20%) done

[Tue Jul  6 19:06:30 2021]
rule overlap_with_genome_contexts:
    input: ../../model_analysis/K562_hg19/all_mark_model/state_8/full_model/train_and_test_segments_sorted/train_segments.bed.gz, ../../model_analysis/K562_hg19/all_mark_model/state_8/full_model/train_and_test_segments_sorted/test_segments.bed.gz
    output: ../../model_analysis/K562_hg19/all_mark_model/state_8/full_model/overlap_crispr_mpra/train_overlap.txt, ../../model_analysis/K562_hg19/all_mark_model/state_8/full_model/overlap_crispr_mpra/test_overlap.txt
    jobid: 7
    wildcards: num_mark_model=all_mark_model, num_state=8

[Tue Jul  6 19:06:34 2021]
Finished job 25.
7 of 30 steps (23%) done

[Tue Jul  6 19:06:34 2021]
rule get_segment_file_train_test:
    input: ../../model_analysis/K562_hg19/all_mark_model/state_4/full_model/genome_4_segments_sorted.bed.gz, ../../model_analysis/train_segments_sorted.bed.gz, ../../model_analysis/test_segments_sorted.bed.gz
    output: ../../model_analysis/K562_hg19/all_mark_model/state_4/full_model/train_and_test_segments_sorted/train_segments.bed.gz, ../../model_analysis/K562_hg19/all_mark_model/state_4/full_model/train_and_test_segments_sorted/test_segments.bed.gz
    jobid: 17
    wildcards: num_mark_model=all_mark_model, num_state=4

[Tue Jul  6 19:06:37 2021]
Finished job 19.
8 of 30 steps (27%) done
[Tue Jul  6 19:06:37 2021]
Finished job 18.
9 of 30 steps (30%) done

[Tue Jul  6 19:06:37 2021]
rule get_segment_file_train_test:
    input: ../../model_analysis/K562_hg19/three_mark_model/state_4/full_model/genome_4_segments_sorted.bed.gz, ../../model_analysis/train_segments_sorted.bed.gz, ../../model_analysis/test_segments_sorted.bed.gz
    output: ../../model_analysis/K562_hg19/three_mark_model/state_4/full_model/train_and_test_segments_sorted/train_segments.bed.gz, ../../model_analysis/K562_hg19/three_mark_model/state_4/full_model/train_and_test_segments_sorted/test_segments.bed.gz
    jobid: 24
    wildcards: num_mark_model=three_mark_model, num_state=4


[Tue Jul  6 19:06:37 2021]
rule get_segment_file_train_test:
    input: ../../model_analysis/K562_hg19/all_mark_model/state_3/full_model/genome_3_segments_sorted.bed.gz, ../../model_analysis/train_segments_sorted.bed.gz, ../../model_analysis/test_segments_sorted.bed.gz
    output: ../../model_analysis/K562_hg19/all_mark_model/state_3/full_model/train_and_test_segments_sorted/train_segments.bed.gz, ../../model_analysis/K562_hg19/all_mark_model/state_3/full_model/train_and_test_segments_sorted/test_segments.bed.gz
    jobid: 16
    wildcards: num_mark_model=all_mark_model, num_state=3

[Tue Jul  6 19:07:20 2021]
Finished job 7.
10 of 30 steps (33%) done

[Tue Jul  6 19:07:20 2021]
rule overlap_with_genome_contexts:
    input: ../../model_analysis/K562_hg19/all_mark_model/state_7/full_model/train_and_test_segments_sorted/train_segments.bed.gz, ../../model_analysis/K562_hg19/all_mark_model/state_7/full_model/train_and_test_segments_sorted/test_segments.bed.gz
    output: ../../model_analysis/K562_hg19/all_mark_model/state_7/full_model/overlap_crispr_mpra/train_overlap.txt, ../../model_analysis/K562_hg19/all_mark_model/state_7/full_model/overlap_crispr_mpra/test_overlap.txt
    jobid: 6
    wildcards: num_mark_model=all_mark_model, num_state=7

[Tue Jul  6 19:08:05 2021]
Finished job 6.
11 of 30 steps (37%) done

[Tue Jul  6 19:08:05 2021]
rule overlap_with_genome_contexts:
    input: ../../model_analysis/K562_hg19/all_mark_model/state_6/full_model/train_and_test_segments_sorted/train_segments.bed.gz, ../../model_analysis/K562_hg19/all_mark_model/state_6/full_model/train_and_test_segments_sorted/test_segments.bed.gz
    output: ../../model_analysis/K562_hg19/all_mark_model/state_6/full_model/overlap_crispr_mpra/train_overlap.txt, ../../model_analysis/K562_hg19/all_mark_model/state_6/full_model/overlap_crispr_mpra/test_overlap.txt
    jobid: 5
    wildcards: num_mark_model=all_mark_model, num_state=6

[Tue Jul  6 19:08:52 2021]
Finished job 5.
12 of 30 steps (40%) done

[Tue Jul  6 19:08:52 2021]
rule overlap_with_genome_contexts:
    input: ../../model_analysis/K562_hg19/three_mark_model/state_8/full_model/train_and_test_segments_sorted/train_segments.bed.gz, ../../model_analysis/K562_hg19/three_mark_model/state_8/full_model/train_and_test_segments_sorted/test_segments.bed.gz
    output: ../../model_analysis/K562_hg19/three_mark_model/state_8/full_model/overlap_crispr_mpra/train_overlap.txt, ../../model_analysis/K562_hg19/three_mark_model/state_8/full_model/overlap_crispr_mpra/test_overlap.txt
    jobid: 14
    wildcards: num_mark_model=three_mark_model, num_state=8

[Tue Jul  6 19:09:50 2021]
Finished job 14.
13 of 30 steps (43%) done

[Tue Jul  6 19:09:50 2021]
rule get_segment_file_train_test:
    input: ../../model_analysis/K562_hg19/three_mark_model/state_3/full_model/genome_3_segments_sorted.bed.gz, ../../model_analysis/train_segments_sorted.bed.gz, ../../model_analysis/test_segments_sorted.bed.gz
    output: ../../model_analysis/K562_hg19/three_mark_model/state_3/full_model/train_and_test_segments_sorted/train_segments.bed.gz, ../../model_analysis/K562_hg19/three_mark_model/state_3/full_model/train_and_test_segments_sorted/test_segments.bed.gz
    jobid: 23
    wildcards: num_mark_model=three_mark_model, num_state=3

[Tue Jul  6 19:10:38 2021]
Finished job 17.
14 of 30 steps (47%) done

[Tue Jul  6 19:10:38 2021]
rule overlap_with_genome_contexts:
    input: ../../model_analysis/K562_hg19/all_mark_model/state_5/full_model/train_and_test_segments_sorted/train_segments.bed.gz, ../../model_analysis/K562_hg19/all_mark_model/state_5/full_model/train_and_test_segments_sorted/test_segments.bed.gz
    output: ../../model_analysis/K562_hg19/all_mark_model/state_5/full_model/overlap_crispr_mpra/train_overlap.txt, ../../model_analysis/K562_hg19/all_mark_model/state_5/full_model/overlap_crispr_mpra/test_overlap.txt
    jobid: 4
    wildcards: num_mark_model=all_mark_model, num_state=5

[Tue Jul  6 19:10:40 2021]
Finished job 16.
15 of 30 steps (50%) done

[Tue Jul  6 19:10:40 2021]
rule get_segment_file_train_test:
    input: ../../model_analysis/K562_hg19/all_mark_model/state_2/full_model/genome_2_segments_sorted.bed.gz, ../../model_analysis/train_segments_sorted.bed.gz, ../../model_analysis/test_segments_sorted.bed.gz
    output: ../../model_analysis/K562_hg19/all_mark_model/state_2/full_model/train_and_test_segments_sorted/train_segments.bed.gz, ../../model_analysis/K562_hg19/all_mark_model/state_2/full_model/train_and_test_segments_sorted/test_segments.bed.gz
    jobid: 15
    wildcards: num_mark_model=all_mark_model, num_state=2

[Tue Jul  6 19:10:42 2021]
Finished job 24.
16 of 30 steps (53%) done

[Tue Jul  6 19:10:42 2021]
rule overlap_with_genome_contexts:
    input: ../../model_analysis/K562_hg19/three_mark_model/state_4/full_model/train_and_test_segments_sorted/train_segments.bed.gz, ../../model_analysis/K562_hg19/three_mark_model/state_4/full_model/train_and_test_segments_sorted/test_segments.bed.gz
    output: ../../model_analysis/K562_hg19/three_mark_model/state_4/full_model/overlap_crispr_mpra/train_overlap.txt, ../../model_analysis/K562_hg19/three_mark_model/state_4/full_model/overlap_crispr_mpra/test_overlap.txt
    jobid: 10
    wildcards: num_mark_model=three_mark_model, num_state=4

[Tue Jul  6 19:12:05 2021]
Finished job 4.
17 of 30 steps (57%) done

[Tue Jul  6 19:12:05 2021]
rule overlap_with_genome_contexts:
    input: ../../model_analysis/K562_hg19/all_mark_model/state_4/full_model/train_and_test_segments_sorted/train_segments.bed.gz, ../../model_analysis/K562_hg19/all_mark_model/state_4/full_model/train_and_test_segments_sorted/test_segments.bed.gz
    output: ../../model_analysis/K562_hg19/all_mark_model/state_4/full_model/overlap_crispr_mpra/train_overlap.txt, ../../model_analysis/K562_hg19/all_mark_model/state_4/full_model/overlap_crispr_mpra/test_overlap.txt
    jobid: 3
    wildcards: num_mark_model=all_mark_model, num_state=4

[Tue Jul  6 19:12:08 2021]
Finished job 10.
18 of 30 steps (60%) done

[Tue Jul  6 19:12:08 2021]
rule overlap_with_genome_contexts:
    input: ../../model_analysis/K562_hg19/all_mark_model/state_3/full_model/train_and_test_segments_sorted/train_segments.bed.gz, ../../model_analysis/K562_hg19/all_mark_model/state_3/full_model/train_and_test_segments_sorted/test_segments.bed.gz
    output: ../../model_analysis/K562_hg19/all_mark_model/state_3/full_model/overlap_crispr_mpra/train_overlap.txt, ../../model_analysis/K562_hg19/all_mark_model/state_3/full_model/overlap_crispr_mpra/test_overlap.txt
    jobid: 2
    wildcards: num_mark_model=all_mark_model, num_state=3

[Tue Jul  6 19:13:23 2021]
Finished job 23.
19 of 30 steps (63%) done

[Tue Jul  6 19:13:23 2021]
rule get_segment_file_train_test:
    input: ../../model_analysis/K562_hg19/three_mark_model/state_2/full_model/genome_2_segments_sorted.bed.gz, ../../model_analysis/train_segments_sorted.bed.gz, ../../model_analysis/test_segments_sorted.bed.gz
    output: ../../model_analysis/K562_hg19/three_mark_model/state_2/full_model/train_and_test_segments_sorted/train_segments.bed.gz, ../../model_analysis/K562_hg19/three_mark_model/state_2/full_model/train_and_test_segments_sorted/test_segments.bed.gz
    jobid: 22
    wildcards: num_mark_model=three_mark_model, num_state=2

[Tue Jul  6 19:13:37 2021]
Finished job 3.
20 of 30 steps (67%) done

[Tue Jul  6 19:13:37 2021]
rule overlap_with_genome_contexts:
    input: ../../model_analysis/K562_hg19/three_mark_model/state_7/full_model/train_and_test_segments_sorted/train_segments.bed.gz, ../../model_analysis/K562_hg19/three_mark_model/state_7/full_model/train_and_test_segments_sorted/test_segments.bed.gz
    output: ../../model_analysis/K562_hg19/three_mark_model/state_7/full_model/overlap_crispr_mpra/train_overlap.txt, ../../model_analysis/K562_hg19/three_mark_model/state_7/full_model/overlap_crispr_mpra/test_overlap.txt
    jobid: 13
    wildcards: num_mark_model=three_mark_model, num_state=7

[Tue Jul  6 19:13:41 2021]
Finished job 2.
21 of 30 steps (70%) done

[Tue Jul  6 19:13:41 2021]
rule overlap_with_genome_contexts:
    input: ../../model_analysis/K562_hg19/three_mark_model/state_6/full_model/train_and_test_segments_sorted/train_segments.bed.gz, ../../model_analysis/K562_hg19/three_mark_model/state_6/full_model/train_and_test_segments_sorted/test_segments.bed.gz
    output: ../../model_analysis/K562_hg19/three_mark_model/state_6/full_model/overlap_crispr_mpra/train_overlap.txt, ../../model_analysis/K562_hg19/three_mark_model/state_6/full_model/overlap_crispr_mpra/test_overlap.txt
    jobid: 12
    wildcards: num_mark_model=three_mark_model, num_state=6

[Tue Jul  6 19:14:57 2021]
Finished job 13.
22 of 30 steps (73%) done

[Tue Jul  6 19:14:57 2021]
rule overlap_with_genome_contexts:
    input: ../../model_analysis/K562_hg19/three_mark_model/state_5/full_model/train_and_test_segments_sorted/train_segments.bed.gz, ../../model_analysis/K562_hg19/three_mark_model/state_5/full_model/train_and_test_segments_sorted/test_segments.bed.gz
    output: ../../model_analysis/K562_hg19/three_mark_model/state_5/full_model/overlap_crispr_mpra/train_overlap.txt, ../../model_analysis/K562_hg19/three_mark_model/state_5/full_model/overlap_crispr_mpra/test_overlap.txt
    jobid: 11
    wildcards: num_mark_model=three_mark_model, num_state=5

[Tue Jul  6 19:15:03 2021]
Finished job 12.
23 of 30 steps (77%) done

[Tue Jul  6 19:15:03 2021]
rule overlap_with_genome_contexts:
    input: ../../model_analysis/K562_hg19/three_mark_model/state_3/full_model/train_and_test_segments_sorted/train_segments.bed.gz, ../../model_analysis/K562_hg19/three_mark_model/state_3/full_model/train_and_test_segments_sorted/test_segments.bed.gz
    output: ../../model_analysis/K562_hg19/three_mark_model/state_3/full_model/overlap_crispr_mpra/train_overlap.txt, ../../model_analysis/K562_hg19/three_mark_model/state_3/full_model/overlap_crispr_mpra/test_overlap.txt
    jobid: 9
    wildcards: num_mark_model=three_mark_model, num_state=3

[Tue Jul  6 19:15:21 2021]
Finished job 15.
24 of 30 steps (80%) done

[Tue Jul  6 19:15:21 2021]
rule overlap_with_genome_contexts:
    input: ../../model_analysis/K562_hg19/all_mark_model/state_2/full_model/train_and_test_segments_sorted/train_segments.bed.gz, ../../model_analysis/K562_hg19/all_mark_model/state_2/full_model/train_and_test_segments_sorted/test_segments.bed.gz
    output: ../../model_analysis/K562_hg19/all_mark_model/state_2/full_model/overlap_crispr_mpra/train_overlap.txt, ../../model_analysis/K562_hg19/all_mark_model/state_2/full_model/overlap_crispr_mpra/test_overlap.txt
    jobid: 1
    wildcards: num_mark_model=all_mark_model, num_state=2

[Tue Jul  6 19:16:56 2021]
Finished job 11.
25 of 30 steps (83%) done
[Tue Jul  6 19:16:59 2021]
Finished job 9.
26 of 30 steps (87%) done
[Tue Jul  6 19:17:06 2021]
Finished job 1.
27 of 30 steps (90%) done
[Tue Jul  6 19:17:15 2021]
Finished job 22.
28 of 30 steps (93%) done

[Tue Jul  6 19:17:15 2021]
rule overlap_with_genome_contexts:
    input: ../../model_analysis/K562_hg19/three_mark_model/state_2/full_model/train_and_test_segments_sorted/train_segments.bed.gz, ../../model_analysis/K562_hg19/three_mark_model/state_2/full_model/train_and_test_segments_sorted/test_segments.bed.gz
    output: ../../model_analysis/K562_hg19/three_mark_model/state_2/full_model/overlap_crispr_mpra/train_overlap.txt, ../../model_analysis/K562_hg19/three_mark_model/state_2/full_model/overlap_crispr_mpra/test_overlap.txt
    jobid: 8
    wildcards: num_mark_model=three_mark_model, num_state=2

[Tue Jul  6 19:17:49 2021]
Finished job 8.
29 of 30 steps (97%) done

[Tue Jul  6 19:17:49 2021]
localrule all:
    input: ../../model_analysis/K562_hg19/all_mark_model/state_2/full_model/overlap_crispr_mpra/train_overlap.txt, ../../model_analysis/K562_hg19/all_mark_model/state_2/full_model/overlap_crispr_mpra/test_overlap.txt, ../../model_analysis/K562_hg19/all_mark_model/state_3/full_model/overlap_crispr_mpra/train_overlap.txt, ../../model_analysis/K562_hg19/all_mark_model/state_3/full_model/overlap_crispr_mpra/test_overlap.txt, ../../model_analysis/K562_hg19/all_mark_model/state_4/full_model/overlap_crispr_mpra/train_overlap.txt, ../../model_analysis/K562_hg19/all_mark_model/state_4/full_model/overlap_crispr_mpra/test_overlap.txt, ../../model_analysis/K562_hg19/all_mark_model/state_5/full_model/overlap_crispr_mpra/train_overlap.txt, ../../model_analysis/K562_hg19/all_mark_model/state_5/full_model/overlap_crispr_mpra/test_overlap.txt, ../../model_analysis/K562_hg19/all_mark_model/state_6/full_model/overlap_crispr_mpra/train_overlap.txt, ../../model_analysis/K562_hg19/all_mark_model/state_6/full_model/overlap_crispr_mpra/test_overlap.txt, ../../model_analysis/K562_hg19/all_mark_model/state_7/full_model/overlap_crispr_mpra/train_overlap.txt, ../../model_analysis/K562_hg19/all_mark_model/state_7/full_model/overlap_crispr_mpra/test_overlap.txt, ../../model_analysis/K562_hg19/all_mark_model/state_8/full_model/overlap_crispr_mpra/train_overlap.txt, ../../model_analysis/K562_hg19/all_mark_model/state_8/full_model/overlap_crispr_mpra/test_overlap.txt, ../../model_analysis/K562_hg19/three_mark_model/state_2/full_model/overlap_crispr_mpra/train_overlap.txt, ../../model_analysis/K562_hg19/three_mark_model/state_2/full_model/overlap_crispr_mpra/test_overlap.txt, ../../model_analysis/K562_hg19/three_mark_model/state_3/full_model/overlap_crispr_mpra/train_overlap.txt, ../../model_analysis/K562_hg19/three_mark_model/state_3/full_model/overlap_crispr_mpra/test_overlap.txt, ../../model_analysis/K562_hg19/three_mark_model/state_4/full_model/overlap_crispr_mpra/train_overlap.txt, ../../model_analysis/K562_hg19/three_mark_model/state_4/full_model/overlap_crispr_mpra/test_overlap.txt, ../../model_analysis/K562_hg19/three_mark_model/state_5/full_model/overlap_crispr_mpra/train_overlap.txt, ../../model_analysis/K562_hg19/three_mark_model/state_5/full_model/overlap_crispr_mpra/test_overlap.txt, ../../model_analysis/K562_hg19/three_mark_model/state_6/full_model/overlap_crispr_mpra/train_overlap.txt, ../../model_analysis/K562_hg19/three_mark_model/state_6/full_model/overlap_crispr_mpra/test_overlap.txt, ../../model_analysis/K562_hg19/three_mark_model/state_7/full_model/overlap_crispr_mpra/train_overlap.txt, ../../model_analysis/K562_hg19/three_mark_model/state_7/full_model/overlap_crispr_mpra/test_overlap.txt, ../../model_analysis/K562_hg19/three_mark_model/state_8/full_model/overlap_crispr_mpra/train_overlap.txt, ../../model_analysis/K562_hg19/three_mark_model/state_8/full_model/overlap_crispr_mpra/test_overlap.txt
    jobid: 0

[Tue Jul  6 19:17:49 2021]
Finished job 0.
30 of 30 steps (100%) done
Complete log: /gstore/home/vuh6/source/compare_overlap_external_annot/.snakemake/log/2021-07-06T185433.361149.snakemake.log
