Building DAG of jobs...
Using shell: /usr/bin/bash
Provided cores: 1 (use --cores to define parallelism)
Rules claiming more threads will be scaled down.
Job counts:
	count	jobs
	1	all
	1	calculate_train_test_ROC_precall_against_bg
	29	get_segment_file_train_test
	29	get_segmentation_based_on_entropy
	58	overlap_against_background
	58	overlap_with_genome_contexts
	176

[Tue Jul 13 14:49:46 2021]
rule get_segmentation_based_on_entropy:
    input: ../../model_analysis/K562_hg19/all_mark_model/state_24/full_model/POSTERIOR/entropy/entropy_chr1.txt.gz, ../../model_analysis/K562_hg19/all_mark_model/state_24/full_model/POSTERIOR/entropy/entropy_chrX.txt.gz
    output: ../../model_analysis/K562_hg19/all_mark_model/state_24/full_model/segment_based_on_entropy/genome_segments_sorted.bed.gz
    jobid: 197
    wildcards: num_mark_model=all_mark_model, num_state=24

[Tue Jul 13 14:49:47 2021]
Error in rule get_segmentation_based_on_entropy:
    jobid: 197
    output: ../../model_analysis/K562_hg19/all_mark_model/state_24/full_model/segment_based_on_entropy/genome_segments_sorted.bed.gz
    shell:
        
		python ./scripts/change_segmentation_based_on_entropy.py ../../model_analysis/K562_hg19/all_mark_model/state_24/full_model/POSTERIOR/entropy ../../model_analysis/K562_hg19/all_mark_model/state_24/full_model/segment_based_on_entropy/genome_segments_sorted.bed.gz 
		
        (one of the commands exited with non-zero exit code; note that snakemake uses bash strict mode!)

Shutting down, this might take some time.
Exiting because a job execution failed. Look above for error message
Complete log: /gstore/home/vuh6/source/compare_overlap_external_annot/.snakemake/log/2021-07-13T144944.025694.snakemake.log
