Building DAG of jobs...
Using shell: /usr/bin/bash
Provided cores: 1 (use --cores to define parallelism)
Rules claiming more threads will be scaled down.
Job counts:
	count	jobs
	1	all
	1	calculate_train_test_ROC_precall_against_bg
	2	overlap_against_background
	2	overlap_with_genome_contexts
	6

[Mon Jul 12 12:26:31 2021]
rule overlap_with_genome_contexts:
    input: /gstore/home/vuh6/model_analysis/K562_hg19/simple_rules_from_natalie/train_and_test_segments_sorted/train_segments.bed.gz, /gstore/home/vuh6/model_analysis/K562_hg19/simple_rules_from_natalie/train_and_test_segments_sorted/test_segments.bed.gz
    output: /gstore/home/vuh6/model_analysis/K562_hg19/simple_rules_from_natalie/overlap_crispr_mpra/foreground/train_overlap.txt, /gstore/home/vuh6/model_analysis/K562_hg19/simple_rules_from_natalie/overlap_crispr_mpra/foreground/test_overlap.txt
    jobid: 132
    wildcards: model_folder=/gstore/home/vuh6/model_analysis/K562_hg19/simple_rules_from_natalie, fore_or_back=foreground

[Mon Jul 12 12:26:32 2021]
Error in rule overlap_with_genome_contexts:
    jobid: 132
    output: /gstore/home/vuh6/model_analysis/K562_hg19/simple_rules_from_natalie/overlap_crispr_mpra/foreground/train_overlap.txt, /gstore/home/vuh6/model_analysis/K562_hg19/simple_rules_from_natalie/overlap_crispr_mpra/foreground/test_overlap.txt
    shell:
        
		java -jar /gstore/home/vuh6/program_source/ChromHMM/ChromHMM/ChromHMM.jar OverlapEnrichment -noimage /gstore/home/vuh6/model_analysis/K562_hg19/simple_rules_from_natalie/train_and_test_segments_sorted/train_segments.bed.gz /gstore/home/vuh6/data/hg19/K562/COORD_CRISPR_MPRA_DATA/for_enrichment/foreground /gstore/home/vuh6/model_analysis/K562_hg19/simple_rules_from_natalie/overlap_crispr_mpra/foreground/train_overlap
		java -jar /gstore/home/vuh6/program_source/ChromHMM/ChromHMM/ChromHMM.jar OverlapEnrichment -noimage /gstore/home/vuh6/model_analysis/K562_hg19/simple_rules_from_natalie/train_and_test_segments_sorted/test_segments.bed.gz /gstore/home/vuh6/data/hg19/K562/COORD_CRISPR_MPRA_DATA/for_enrichment/foreground /gstore/home/vuh6/model_analysis/K562_hg19/simple_rules_from_natalie/overlap_crispr_mpra/foreground/test_overlap
		
        (one of the commands exited with non-zero exit code; note that snakemake uses bash strict mode!)

Shutting down, this might take some time.
Exiting because a job execution failed. Look above for error message
Complete log: /gstore/home/vuh6/source/compare_overlap_external_annot/.snakemake/log/2021-07-12T122631.328617.snakemake.log
