Building DAG of jobs...
Using shell: /usr/bin/bash
Provided cluster nodes: 100
Job counts:
	count	jobs
	1	all
	30	get_posterior_chromHMM
	31

[Mon Jul 12 15:29:46 2021]
rule get_posterior_chromHMM:
    input: ../../model_analysis/K562_hg19/all_mark_model/state_12/full_model/model_12.txt
    output: ../../model_analysis/K562_hg19/all_mark_model/state_12/full_model/POSTERIOR/genome_12_chr1_posterior.txt.gz, ../../model_analysis/K562_hg19/all_mark_model/state_12/full_model/POSTERIOR/genome_12_chrX_posterior.txt.gz
    jobid: 11
    wildcards: num_mark_model=all_mark_model, num_state=12

Submitted job 11 with external jobid 'Submitted batch job 2205380'.

[Mon Jul 12 15:29:46 2021]
rule get_posterior_chromHMM:
    input: ../../model_analysis/K562_hg19/three_mark_model/state_3/full_model/model_3.txt
    output: ../../model_analysis/K562_hg19/three_mark_model/state_3/full_model/POSTERIOR/genome_3_chr1_posterior.txt.gz, ../../model_analysis/K562_hg19/three_mark_model/state_3/full_model/POSTERIOR/genome_3_chrX_posterior.txt.gz
    jobid: 26
    wildcards: num_mark_model=three_mark_model, num_state=3

Submitted job 26 with external jobid 'Submitted batch job 2205381'.

[Mon Jul 12 15:29:46 2021]
rule get_posterior_chromHMM:
    input: ../../model_analysis/K562_hg19/all_mark_model/state_5/full_model/model_5.txt
    output: ../../model_analysis/K562_hg19/all_mark_model/state_5/full_model/POSTERIOR/genome_5_chr1_posterior.txt.gz, ../../model_analysis/K562_hg19/all_mark_model/state_5/full_model/POSTERIOR/genome_5_chrX_posterior.txt.gz
    jobid: 4
    wildcards: num_mark_model=all_mark_model, num_state=5

Submitted job 4 with external jobid 'Submitted batch job 2205382'.

[Mon Jul 12 15:29:46 2021]
rule get_posterior_chromHMM:
    input: ../../model_analysis/K562_hg19/all_mark_model/state_20/full_model/model_20.txt
    output: ../../model_analysis/K562_hg19/all_mark_model/state_20/full_model/POSTERIOR/genome_20_chr1_posterior.txt.gz, ../../model_analysis/K562_hg19/all_mark_model/state_20/full_model/POSTERIOR/genome_20_chrX_posterior.txt.gz
    jobid: 19
    wildcards: num_mark_model=all_mark_model, num_state=20

Submitted job 19 with external jobid 'Submitted batch job 2205383'.

[Mon Jul 12 15:29:46 2021]
rule get_posterior_chromHMM:
    input: ../../model_analysis/K562_hg19/all_mark_model/state_13/full_model/model_13.txt
    output: ../../model_analysis/K562_hg19/all_mark_model/state_13/full_model/POSTERIOR/genome_13_chr1_posterior.txt.gz, ../../model_analysis/K562_hg19/all_mark_model/state_13/full_model/POSTERIOR/genome_13_chrX_posterior.txt.gz
    jobid: 12
    wildcards: num_mark_model=all_mark_model, num_state=13

Submitted job 12 with external jobid 'Submitted batch job 2205384'.

[Mon Jul 12 15:29:46 2021]
rule get_posterior_chromHMM:
    input: ../../model_analysis/K562_hg19/three_mark_model/state_4/full_model/model_4.txt
    output: ../../model_analysis/K562_hg19/three_mark_model/state_4/full_model/POSTERIOR/genome_4_chr1_posterior.txt.gz, ../../model_analysis/K562_hg19/three_mark_model/state_4/full_model/POSTERIOR/genome_4_chrX_posterior.txt.gz
    jobid: 27
    wildcards: num_mark_model=three_mark_model, num_state=4

Submitted job 27 with external jobid 'Submitted batch job 2205385'.

[Mon Jul 12 15:29:46 2021]
rule get_posterior_chromHMM:
    input: ../../model_analysis/K562_hg19/all_mark_model/state_21/full_model/model_21.txt
    output: ../../model_analysis/K562_hg19/all_mark_model/state_21/full_model/POSTERIOR/genome_21_chr1_posterior.txt.gz, ../../model_analysis/K562_hg19/all_mark_model/state_21/full_model/POSTERIOR/genome_21_chrX_posterior.txt.gz
    jobid: 20
    wildcards: num_mark_model=all_mark_model, num_state=21

Submitted job 20 with external jobid 'Submitted batch job 2205386'.

[Mon Jul 12 15:29:46 2021]
rule get_posterior_chromHMM:
    input: ../../model_analysis/K562_hg19/all_mark_model/state_6/full_model/model_6.txt
    output: ../../model_analysis/K562_hg19/all_mark_model/state_6/full_model/POSTERIOR/genome_6_chr1_posterior.txt.gz, ../../model_analysis/K562_hg19/all_mark_model/state_6/full_model/POSTERIOR/genome_6_chrX_posterior.txt.gz
    jobid: 5
    wildcards: num_mark_model=all_mark_model, num_state=6

Submitted job 5 with external jobid 'Submitted batch job 2205387'.

[Mon Jul 12 15:29:46 2021]
rule get_posterior_chromHMM:
    input: ../../model_analysis/K562_hg19/all_mark_model/state_14/full_model/model_14.txt
    output: ../../model_analysis/K562_hg19/all_mark_model/state_14/full_model/POSTERIOR/genome_14_chr1_posterior.txt.gz, ../../model_analysis/K562_hg19/all_mark_model/state_14/full_model/POSTERIOR/genome_14_chrX_posterior.txt.gz
    jobid: 13
    wildcards: num_mark_model=all_mark_model, num_state=14

Submitted job 13 with external jobid 'Submitted batch job 2205388'.

[Mon Jul 12 15:29:46 2021]
rule get_posterior_chromHMM:
    input: ../../model_analysis/K562_hg19/three_mark_model/state_5/full_model/model_5.txt
    output: ../../model_analysis/K562_hg19/three_mark_model/state_5/full_model/POSTERIOR/genome_5_chr1_posterior.txt.gz, ../../model_analysis/K562_hg19/three_mark_model/state_5/full_model/POSTERIOR/genome_5_chrX_posterior.txt.gz
    jobid: 28
    wildcards: num_mark_model=three_mark_model, num_state=5

Submitted job 28 with external jobid 'Submitted batch job 2205389'.

[Mon Jul 12 15:29:46 2021]
rule get_posterior_chromHMM:
    input: ../../model_analysis/K562_hg19/all_mark_model/state_7/full_model/model_7.txt
    output: ../../model_analysis/K562_hg19/all_mark_model/state_7/full_model/POSTERIOR/genome_7_chr1_posterior.txt.gz, ../../model_analysis/K562_hg19/all_mark_model/state_7/full_model/POSTERIOR/genome_7_chrX_posterior.txt.gz
    jobid: 6
    wildcards: num_mark_model=all_mark_model, num_state=7

Submitted job 6 with external jobid 'Submitted batch job 2205390'.

[Mon Jul 12 15:29:46 2021]
rule get_posterior_chromHMM:
    input: ../../model_analysis/K562_hg19/all_mark_model/state_22/full_model/model_22.txt
    output: ../../model_analysis/K562_hg19/all_mark_model/state_22/full_model/POSTERIOR/genome_22_chr1_posterior.txt.gz, ../../model_analysis/K562_hg19/all_mark_model/state_22/full_model/POSTERIOR/genome_22_chrX_posterior.txt.gz
    jobid: 21
    wildcards: num_mark_model=all_mark_model, num_state=22

Submitted job 21 with external jobid 'Submitted batch job 2205391'.

[Mon Jul 12 15:29:46 2021]
rule get_posterior_chromHMM:
    input: ../../model_analysis/K562_hg19/all_mark_model/state_15/full_model/model_15.txt
    output: ../../model_analysis/K562_hg19/all_mark_model/state_15/full_model/POSTERIOR/genome_15_chr1_posterior.txt.gz, ../../model_analysis/K562_hg19/all_mark_model/state_15/full_model/POSTERIOR/genome_15_chrX_posterior.txt.gz
    jobid: 14
    wildcards: num_mark_model=all_mark_model, num_state=15

Submitted job 14 with external jobid 'Submitted batch job 2205392'.

[Mon Jul 12 15:29:46 2021]
rule get_posterior_chromHMM:
    input: ../../model_analysis/K562_hg19/three_mark_model/state_6/full_model/model_6.txt
    output: ../../model_analysis/K562_hg19/three_mark_model/state_6/full_model/POSTERIOR/genome_6_chr1_posterior.txt.gz, ../../model_analysis/K562_hg19/three_mark_model/state_6/full_model/POSTERIOR/genome_6_chrX_posterior.txt.gz
    jobid: 29
    wildcards: num_mark_model=three_mark_model, num_state=6

Submitted job 29 with external jobid 'Submitted batch job 2205393'.

[Mon Jul 12 15:29:46 2021]
rule get_posterior_chromHMM:
    input: ../../model_analysis/K562_hg19/all_mark_model/state_8/full_model/model_8.txt
    output: ../../model_analysis/K562_hg19/all_mark_model/state_8/full_model/POSTERIOR/genome_8_chr1_posterior.txt.gz, ../../model_analysis/K562_hg19/all_mark_model/state_8/full_model/POSTERIOR/genome_8_chrX_posterior.txt.gz
    jobid: 7
    wildcards: num_mark_model=all_mark_model, num_state=8

Submitted job 7 with external jobid 'Submitted batch job 2205394'.

[Mon Jul 12 15:29:46 2021]
rule get_posterior_chromHMM:
    input: ../../model_analysis/K562_hg19/all_mark_model/state_23/full_model/model_23.txt
    output: ../../model_analysis/K562_hg19/all_mark_model/state_23/full_model/POSTERIOR/genome_23_chr1_posterior.txt.gz, ../../model_analysis/K562_hg19/all_mark_model/state_23/full_model/POSTERIOR/genome_23_chrX_posterior.txt.gz
    jobid: 22
    wildcards: num_mark_model=all_mark_model, num_state=23

Submitted job 22 with external jobid 'Submitted batch job 2205395'.

[Mon Jul 12 15:29:46 2021]
rule get_posterior_chromHMM:
    input: ../../model_analysis/K562_hg19/all_mark_model/state_4/full_model/model_4.txt
    output: ../../model_analysis/K562_hg19/all_mark_model/state_4/full_model/POSTERIOR/genome_4_chr1_posterior.txt.gz, ../../model_analysis/K562_hg19/all_mark_model/state_4/full_model/POSTERIOR/genome_4_chrX_posterior.txt.gz
    jobid: 3
    wildcards: num_mark_model=all_mark_model, num_state=4

Submitted job 3 with external jobid 'Submitted batch job 2205396'.

[Mon Jul 12 15:29:46 2021]
rule get_posterior_chromHMM:
    input: ../../model_analysis/K562_hg19/all_mark_model/state_3/full_model/model_3.txt
    output: ../../model_analysis/K562_hg19/all_mark_model/state_3/full_model/POSTERIOR/genome_3_chr1_posterior.txt.gz, ../../model_analysis/K562_hg19/all_mark_model/state_3/full_model/POSTERIOR/genome_3_chrX_posterior.txt.gz
    jobid: 2
    wildcards: num_mark_model=all_mark_model, num_state=3

Submitted job 2 with external jobid 'Submitted batch job 2205397'.

[Mon Jul 12 15:29:46 2021]
rule get_posterior_chromHMM:
    input: ../../model_analysis/K562_hg19/all_mark_model/state_16/full_model/model_16.txt
    output: ../../model_analysis/K562_hg19/all_mark_model/state_16/full_model/POSTERIOR/genome_16_chr1_posterior.txt.gz, ../../model_analysis/K562_hg19/all_mark_model/state_16/full_model/POSTERIOR/genome_16_chrX_posterior.txt.gz
    jobid: 15
    wildcards: num_mark_model=all_mark_model, num_state=16

Submitted job 15 with external jobid 'Submitted batch job 2205398'.

[Mon Jul 12 15:29:47 2021]
rule get_posterior_chromHMM:
    input: ../../model_analysis/K562_hg19/three_mark_model/state_7/full_model/model_7.txt
    output: ../../model_analysis/K562_hg19/three_mark_model/state_7/full_model/POSTERIOR/genome_7_chr1_posterior.txt.gz, ../../model_analysis/K562_hg19/three_mark_model/state_7/full_model/POSTERIOR/genome_7_chrX_posterior.txt.gz
    jobid: 30
    wildcards: num_mark_model=three_mark_model, num_state=7

Submitted job 30 with external jobid 'Submitted batch job 2205404'.

[Mon Jul 12 15:29:48 2021]
rule get_posterior_chromHMM:
    input: ../../model_analysis/K562_hg19/all_mark_model/state_9/full_model/model_9.txt
    output: ../../model_analysis/K562_hg19/all_mark_model/state_9/full_model/POSTERIOR/genome_9_chr1_posterior.txt.gz, ../../model_analysis/K562_hg19/all_mark_model/state_9/full_model/POSTERIOR/genome_9_chrX_posterior.txt.gz
    jobid: 8
    wildcards: num_mark_model=all_mark_model, num_state=9

Submitted job 8 with external jobid 'Submitted batch job 2205405'.

[Mon Jul 12 15:29:48 2021]
rule get_posterior_chromHMM:
    input: ../../model_analysis/K562_hg19/all_mark_model/state_24/full_model/model_24.txt
    output: ../../model_analysis/K562_hg19/all_mark_model/state_24/full_model/POSTERIOR/genome_24_chr1_posterior.txt.gz, ../../model_analysis/K562_hg19/all_mark_model/state_24/full_model/POSTERIOR/genome_24_chrX_posterior.txt.gz
    jobid: 23
    wildcards: num_mark_model=all_mark_model, num_state=24

Submitted job 23 with external jobid 'Submitted batch job 2205406'.

[Mon Jul 12 15:29:48 2021]
rule get_posterior_chromHMM:
    input: ../../model_analysis/K562_hg19/all_mark_model/state_2/full_model/model_2.txt
    output: ../../model_analysis/K562_hg19/all_mark_model/state_2/full_model/POSTERIOR/genome_2_chr1_posterior.txt.gz, ../../model_analysis/K562_hg19/all_mark_model/state_2/full_model/POSTERIOR/genome_2_chrX_posterior.txt.gz
    jobid: 1
    wildcards: num_mark_model=all_mark_model, num_state=2

Submitted job 1 with external jobid 'Submitted batch job 2205407'.

[Mon Jul 12 15:29:48 2021]
rule get_posterior_chromHMM:
    input: ../../model_analysis/K562_hg19/all_mark_model/state_17/full_model/model_17.txt
    output: ../../model_analysis/K562_hg19/all_mark_model/state_17/full_model/POSTERIOR/genome_17_chr1_posterior.txt.gz, ../../model_analysis/K562_hg19/all_mark_model/state_17/full_model/POSTERIOR/genome_17_chrX_posterior.txt.gz
    jobid: 16
    wildcards: num_mark_model=all_mark_model, num_state=17

Submitted job 16 with external jobid 'Submitted batch job 2205408'.

[Mon Jul 12 15:29:48 2021]
rule get_posterior_chromHMM:
    input: ../../model_analysis/K562_hg19/three_mark_model/state_8/full_model/model_8.txt
    output: ../../model_analysis/K562_hg19/three_mark_model/state_8/full_model/POSTERIOR/genome_8_chr1_posterior.txt.gz, ../../model_analysis/K562_hg19/three_mark_model/state_8/full_model/POSTERIOR/genome_8_chrX_posterior.txt.gz
    jobid: 31
    wildcards: num_mark_model=three_mark_model, num_state=8

Submitted job 31 with external jobid 'Submitted batch job 2205409'.

[Mon Jul 12 15:29:48 2021]
rule get_posterior_chromHMM:
    input: ../../model_analysis/K562_hg19/all_mark_model/state_10/full_model/model_10.txt
    output: ../../model_analysis/K562_hg19/all_mark_model/state_10/full_model/POSTERIOR/genome_10_chr1_posterior.txt.gz, ../../model_analysis/K562_hg19/all_mark_model/state_10/full_model/POSTERIOR/genome_10_chrX_posterior.txt.gz
    jobid: 9
    wildcards: num_mark_model=all_mark_model, num_state=10

Submitted job 9 with external jobid 'Submitted batch job 2205410'.

[Mon Jul 12 15:29:48 2021]
rule get_posterior_chromHMM:
    input: ../../model_analysis/K562_hg19/all_mark_model/state_25/full_model/model_25.txt
    output: ../../model_analysis/K562_hg19/all_mark_model/state_25/full_model/POSTERIOR/genome_25_chr1_posterior.txt.gz, ../../model_analysis/K562_hg19/all_mark_model/state_25/full_model/POSTERIOR/genome_25_chrX_posterior.txt.gz
    jobid: 24
    wildcards: num_mark_model=all_mark_model, num_state=25

Submitted job 24 with external jobid 'Submitted batch job 2205411'.

[Mon Jul 12 15:29:48 2021]
rule get_posterior_chromHMM:
    input: ../../model_analysis/K562_hg19/all_mark_model/state_18/full_model/model_18.txt
    output: ../../model_analysis/K562_hg19/all_mark_model/state_18/full_model/POSTERIOR/genome_18_chr1_posterior.txt.gz, ../../model_analysis/K562_hg19/all_mark_model/state_18/full_model/POSTERIOR/genome_18_chrX_posterior.txt.gz
    jobid: 17
    wildcards: num_mark_model=all_mark_model, num_state=18

Submitted job 17 with external jobid 'Submitted batch job 2205412'.

[Mon Jul 12 15:29:48 2021]
rule get_posterior_chromHMM:
    input: ../../model_analysis/K562_hg19/all_mark_model/state_11/full_model/model_11.txt
    output: ../../model_analysis/K562_hg19/all_mark_model/state_11/full_model/POSTERIOR/genome_11_chr1_posterior.txt.gz, ../../model_analysis/K562_hg19/all_mark_model/state_11/full_model/POSTERIOR/genome_11_chrX_posterior.txt.gz
    jobid: 10
    wildcards: num_mark_model=all_mark_model, num_state=11

Submitted job 10 with external jobid 'Submitted batch job 2205413'.

[Mon Jul 12 15:29:48 2021]
rule get_posterior_chromHMM:
    input: ../../model_analysis/K562_hg19/all_mark_model/state_19/full_model/model_19.txt
    output: ../../model_analysis/K562_hg19/all_mark_model/state_19/full_model/POSTERIOR/genome_19_chr1_posterior.txt.gz, ../../model_analysis/K562_hg19/all_mark_model/state_19/full_model/POSTERIOR/genome_19_chrX_posterior.txt.gz
    jobid: 18
    wildcards: num_mark_model=all_mark_model, num_state=19

Submitted job 18 with external jobid 'Submitted batch job 2205414'.
[Mon Jul 12 15:29:56 2021]
Error in rule get_posterior_chromHMM:
    jobid: 11
    output: ../../model_analysis/K562_hg19/all_mark_model/state_12/full_model/POSTERIOR/genome_12_chr1_posterior.txt.gz, ../../model_analysis/K562_hg19/all_mark_model/state_12/full_model/POSTERIOR/genome_12_chrX_posterior.txt.gz
    shell:
        
		all_data_dir='../../data/hg19/K562/'
		if [[ all_mark_model == "all_mark_model" ]]
		then 
			binarized_dir=${all_data_dir}/big_model_training/
		elif [[ all_mark_model == "three_mark_model" ]]
		then 
			binarized_dir=${all_data_dir}/three_mark_model_training/
		fi
		java -jar ../../program_source/ChromHMM/ChromHMM/ChromHMM.jar MakeSegmentation -gzip -splitrows -printposterior ../../model_analysis/K562_hg19/all_mark_model/state_12/full_model/model_12.txt ${binarized_dir} ../../model_analysis/K562_hg19/all_mark_model/state_12/full_model
		
        (one of the commands exited with non-zero exit code; note that snakemake uses bash strict mode!)
    cluster_jobid: Submitted batch job 2205380

Error executing rule get_posterior_chromHMM on cluster (jobid: 11, external: Submitted batch job 2205380, jobscript: /gstore/home/vuh6/source/compare_overlap_external_annot/.snakemake/tmp.m0wskiwb/snakejob.get_posterior_chromHMM.11.sh). For error details see the cluster log and the log files of the involved rule(s).
[Mon Jul 12 15:29:56 2021]
Error in rule get_posterior_chromHMM:
    jobid: 4
    output: ../../model_analysis/K562_hg19/all_mark_model/state_5/full_model/POSTERIOR/genome_5_chr1_posterior.txt.gz, ../../model_analysis/K562_hg19/all_mark_model/state_5/full_model/POSTERIOR/genome_5_chrX_posterior.txt.gz
    shell:
        
		all_data_dir='../../data/hg19/K562/'
		if [[ all_mark_model == "all_mark_model" ]]
		then 
			binarized_dir=${all_data_dir}/big_model_training/
		elif [[ all_mark_model == "three_mark_model" ]]
		then 
			binarized_dir=${all_data_dir}/three_mark_model_training/
		fi
		java -jar ../../program_source/ChromHMM/ChromHMM/ChromHMM.jar MakeSegmentation -gzip -splitrows -printposterior ../../model_analysis/K562_hg19/all_mark_model/state_5/full_model/model_5.txt ${binarized_dir} ../../model_analysis/K562_hg19/all_mark_model/state_5/full_model
		
        (one of the commands exited with non-zero exit code; note that snakemake uses bash strict mode!)
    cluster_jobid: Submitted batch job 2205382

Error executing rule get_posterior_chromHMM on cluster (jobid: 4, external: Submitted batch job 2205382, jobscript: /gstore/home/vuh6/source/compare_overlap_external_annot/.snakemake/tmp.m0wskiwb/snakejob.get_posterior_chromHMM.4.sh). For error details see the cluster log and the log files of the involved rule(s).
[Mon Jul 12 15:29:56 2021]
Error in rule get_posterior_chromHMM:
    jobid: 19
    output: ../../model_analysis/K562_hg19/all_mark_model/state_20/full_model/POSTERIOR/genome_20_chr1_posterior.txt.gz, ../../model_analysis/K562_hg19/all_mark_model/state_20/full_model/POSTERIOR/genome_20_chrX_posterior.txt.gz
    shell:
        
		all_data_dir='../../data/hg19/K562/'
		if [[ all_mark_model == "all_mark_model" ]]
		then 
			binarized_dir=${all_data_dir}/big_model_training/
		elif [[ all_mark_model == "three_mark_model" ]]
		then 
			binarized_dir=${all_data_dir}/three_mark_model_training/
		fi
		java -jar ../../program_source/ChromHMM/ChromHMM/ChromHMM.jar MakeSegmentation -gzip -splitrows -printposterior ../../model_analysis/K562_hg19/all_mark_model/state_20/full_model/model_20.txt ${binarized_dir} ../../model_analysis/K562_hg19/all_mark_model/state_20/full_model
		
        (one of the commands exited with non-zero exit code; note that snakemake uses bash strict mode!)
    cluster_jobid: Submitted batch job 2205383

Error executing rule get_posterior_chromHMM on cluster (jobid: 19, external: Submitted batch job 2205383, jobscript: /gstore/home/vuh6/source/compare_overlap_external_annot/.snakemake/tmp.m0wskiwb/snakejob.get_posterior_chromHMM.19.sh). For error details see the cluster log and the log files of the involved rule(s).
[Mon Jul 12 15:29:56 2021]
Error in rule get_posterior_chromHMM:
    jobid: 12
    output: ../../model_analysis/K562_hg19/all_mark_model/state_13/full_model/POSTERIOR/genome_13_chr1_posterior.txt.gz, ../../model_analysis/K562_hg19/all_mark_model/state_13/full_model/POSTERIOR/genome_13_chrX_posterior.txt.gz
    shell:
        
		all_data_dir='../../data/hg19/K562/'
		if [[ all_mark_model == "all_mark_model" ]]
		then 
			binarized_dir=${all_data_dir}/big_model_training/
		elif [[ all_mark_model == "three_mark_model" ]]
		then 
			binarized_dir=${all_data_dir}/three_mark_model_training/
		fi
		java -jar ../../program_source/ChromHMM/ChromHMM/ChromHMM.jar MakeSegmentation -gzip -splitrows -printposterior ../../model_analysis/K562_hg19/all_mark_model/state_13/full_model/model_13.txt ${binarized_dir} ../../model_analysis/K562_hg19/all_mark_model/state_13/full_model
		
        (one of the commands exited with non-zero exit code; note that snakemake uses bash strict mode!)
    cluster_jobid: Submitted batch job 2205384

Error executing rule get_posterior_chromHMM on cluster (jobid: 12, external: Submitted batch job 2205384, jobscript: /gstore/home/vuh6/source/compare_overlap_external_annot/.snakemake/tmp.m0wskiwb/snakejob.get_posterior_chromHMM.12.sh). For error details see the cluster log and the log files of the involved rule(s).
[Mon Jul 12 15:29:56 2021]
Error in rule get_posterior_chromHMM:
    jobid: 20
    output: ../../model_analysis/K562_hg19/all_mark_model/state_21/full_model/POSTERIOR/genome_21_chr1_posterior.txt.gz, ../../model_analysis/K562_hg19/all_mark_model/state_21/full_model/POSTERIOR/genome_21_chrX_posterior.txt.gz
    shell:
        
		all_data_dir='../../data/hg19/K562/'
		if [[ all_mark_model == "all_mark_model" ]]
		then 
			binarized_dir=${all_data_dir}/big_model_training/
		elif [[ all_mark_model == "three_mark_model" ]]
		then 
			binarized_dir=${all_data_dir}/three_mark_model_training/
		fi
		java -jar ../../program_source/ChromHMM/ChromHMM/ChromHMM.jar MakeSegmentation -gzip -splitrows -printposterior ../../model_analysis/K562_hg19/all_mark_model/state_21/full_model/model_21.txt ${binarized_dir} ../../model_analysis/K562_hg19/all_mark_model/state_21/full_model
		
        (one of the commands exited with non-zero exit code; note that snakemake uses bash strict mode!)
    cluster_jobid: Submitted batch job 2205386

Error executing rule get_posterior_chromHMM on cluster (jobid: 20, external: Submitted batch job 2205386, jobscript: /gstore/home/vuh6/source/compare_overlap_external_annot/.snakemake/tmp.m0wskiwb/snakejob.get_posterior_chromHMM.20.sh). For error details see the cluster log and the log files of the involved rule(s).
[Mon Jul 12 15:29:56 2021]
Error in rule get_posterior_chromHMM:
    jobid: 5
    output: ../../model_analysis/K562_hg19/all_mark_model/state_6/full_model/POSTERIOR/genome_6_chr1_posterior.txt.gz, ../../model_analysis/K562_hg19/all_mark_model/state_6/full_model/POSTERIOR/genome_6_chrX_posterior.txt.gz
    shell:
        
		all_data_dir='../../data/hg19/K562/'
		if [[ all_mark_model == "all_mark_model" ]]
		then 
			binarized_dir=${all_data_dir}/big_model_training/
		elif [[ all_mark_model == "three_mark_model" ]]
		then 
			binarized_dir=${all_data_dir}/three_mark_model_training/
		fi
		java -jar ../../program_source/ChromHMM/ChromHMM/ChromHMM.jar MakeSegmentation -gzip -splitrows -printposterior ../../model_analysis/K562_hg19/all_mark_model/state_6/full_model/model_6.txt ${binarized_dir} ../../model_analysis/K562_hg19/all_mark_model/state_6/full_model
		
        (one of the commands exited with non-zero exit code; note that snakemake uses bash strict mode!)
    cluster_jobid: Submitted batch job 2205387

Error executing rule get_posterior_chromHMM on cluster (jobid: 5, external: Submitted batch job 2205387, jobscript: /gstore/home/vuh6/source/compare_overlap_external_annot/.snakemake/tmp.m0wskiwb/snakejob.get_posterior_chromHMM.5.sh). For error details see the cluster log and the log files of the involved rule(s).
[Mon Jul 12 15:29:56 2021]
Error in rule get_posterior_chromHMM:
    jobid: 13
    output: ../../model_analysis/K562_hg19/all_mark_model/state_14/full_model/POSTERIOR/genome_14_chr1_posterior.txt.gz, ../../model_analysis/K562_hg19/all_mark_model/state_14/full_model/POSTERIOR/genome_14_chrX_posterior.txt.gz
    shell:
        
		all_data_dir='../../data/hg19/K562/'
		if [[ all_mark_model == "all_mark_model" ]]
		then 
			binarized_dir=${all_data_dir}/big_model_training/
		elif [[ all_mark_model == "three_mark_model" ]]
		then 
			binarized_dir=${all_data_dir}/three_mark_model_training/
		fi
		java -jar ../../program_source/ChromHMM/ChromHMM/ChromHMM.jar MakeSegmentation -gzip -splitrows -printposterior ../../model_analysis/K562_hg19/all_mark_model/state_14/full_model/model_14.txt ${binarized_dir} ../../model_analysis/K562_hg19/all_mark_model/state_14/full_model
		
        (one of the commands exited with non-zero exit code; note that snakemake uses bash strict mode!)
    cluster_jobid: Submitted batch job 2205388

Error executing rule get_posterior_chromHMM on cluster (jobid: 13, external: Submitted batch job 2205388, jobscript: /gstore/home/vuh6/source/compare_overlap_external_annot/.snakemake/tmp.m0wskiwb/snakejob.get_posterior_chromHMM.13.sh). For error details see the cluster log and the log files of the involved rule(s).
[Mon Jul 12 15:29:57 2021]
Error in rule get_posterior_chromHMM:
    jobid: 6
    output: ../../model_analysis/K562_hg19/all_mark_model/state_7/full_model/POSTERIOR/genome_7_chr1_posterior.txt.gz, ../../model_analysis/K562_hg19/all_mark_model/state_7/full_model/POSTERIOR/genome_7_chrX_posterior.txt.gz
    shell:
        
		all_data_dir='../../data/hg19/K562/'
		if [[ all_mark_model == "all_mark_model" ]]
		then 
			binarized_dir=${all_data_dir}/big_model_training/
		elif [[ all_mark_model == "three_mark_model" ]]
		then 
			binarized_dir=${all_data_dir}/three_mark_model_training/
		fi
		java -jar ../../program_source/ChromHMM/ChromHMM/ChromHMM.jar MakeSegmentation -gzip -splitrows -printposterior ../../model_analysis/K562_hg19/all_mark_model/state_7/full_model/model_7.txt ${binarized_dir} ../../model_analysis/K562_hg19/all_mark_model/state_7/full_model
		
        (one of the commands exited with non-zero exit code; note that snakemake uses bash strict mode!)
    cluster_jobid: Submitted batch job 2205390

Error executing rule get_posterior_chromHMM on cluster (jobid: 6, external: Submitted batch job 2205390, jobscript: /gstore/home/vuh6/source/compare_overlap_external_annot/.snakemake/tmp.m0wskiwb/snakejob.get_posterior_chromHMM.6.sh). For error details see the cluster log and the log files of the involved rule(s).
[Mon Jul 12 15:29:57 2021]
Error in rule get_posterior_chromHMM:
    jobid: 21
    output: ../../model_analysis/K562_hg19/all_mark_model/state_22/full_model/POSTERIOR/genome_22_chr1_posterior.txt.gz, ../../model_analysis/K562_hg19/all_mark_model/state_22/full_model/POSTERIOR/genome_22_chrX_posterior.txt.gz
    shell:
        
		all_data_dir='../../data/hg19/K562/'
		if [[ all_mark_model == "all_mark_model" ]]
		then 
			binarized_dir=${all_data_dir}/big_model_training/
		elif [[ all_mark_model == "three_mark_model" ]]
		then 
			binarized_dir=${all_data_dir}/three_mark_model_training/
		fi
		java -jar ../../program_source/ChromHMM/ChromHMM/ChromHMM.jar MakeSegmentation -gzip -splitrows -printposterior ../../model_analysis/K562_hg19/all_mark_model/state_22/full_model/model_22.txt ${binarized_dir} ../../model_analysis/K562_hg19/all_mark_model/state_22/full_model
		
        (one of the commands exited with non-zero exit code; note that snakemake uses bash strict mode!)
    cluster_jobid: Submitted batch job 2205391

Error executing rule get_posterior_chromHMM on cluster (jobid: 21, external: Submitted batch job 2205391, jobscript: /gstore/home/vuh6/source/compare_overlap_external_annot/.snakemake/tmp.m0wskiwb/snakejob.get_posterior_chromHMM.21.sh). For error details see the cluster log and the log files of the involved rule(s).
[Mon Jul 12 15:29:57 2021]
Error in rule get_posterior_chromHMM:
    jobid: 14
    output: ../../model_analysis/K562_hg19/all_mark_model/state_15/full_model/POSTERIOR/genome_15_chr1_posterior.txt.gz, ../../model_analysis/K562_hg19/all_mark_model/state_15/full_model/POSTERIOR/genome_15_chrX_posterior.txt.gz
    shell:
        
		all_data_dir='../../data/hg19/K562/'
		if [[ all_mark_model == "all_mark_model" ]]
		then 
			binarized_dir=${all_data_dir}/big_model_training/
		elif [[ all_mark_model == "three_mark_model" ]]
		then 
			binarized_dir=${all_data_dir}/three_mark_model_training/
		fi
		java -jar ../../program_source/ChromHMM/ChromHMM/ChromHMM.jar MakeSegmentation -gzip -splitrows -printposterior ../../model_analysis/K562_hg19/all_mark_model/state_15/full_model/model_15.txt ${binarized_dir} ../../model_analysis/K562_hg19/all_mark_model/state_15/full_model
		
        (one of the commands exited with non-zero exit code; note that snakemake uses bash strict mode!)
    cluster_jobid: Submitted batch job 2205392

Error executing rule get_posterior_chromHMM on cluster (jobid: 14, external: Submitted batch job 2205392, jobscript: /gstore/home/vuh6/source/compare_overlap_external_annot/.snakemake/tmp.m0wskiwb/snakejob.get_posterior_chromHMM.14.sh). For error details see the cluster log and the log files of the involved rule(s).
[Mon Jul 12 15:29:57 2021]
Error in rule get_posterior_chromHMM:
    jobid: 7
    output: ../../model_analysis/K562_hg19/all_mark_model/state_8/full_model/POSTERIOR/genome_8_chr1_posterior.txt.gz, ../../model_analysis/K562_hg19/all_mark_model/state_8/full_model/POSTERIOR/genome_8_chrX_posterior.txt.gz
    shell:
        
		all_data_dir='../../data/hg19/K562/'
		if [[ all_mark_model == "all_mark_model" ]]
		then 
			binarized_dir=${all_data_dir}/big_model_training/
		elif [[ all_mark_model == "three_mark_model" ]]
		then 
			binarized_dir=${all_data_dir}/three_mark_model_training/
		fi
		java -jar ../../program_source/ChromHMM/ChromHMM/ChromHMM.jar MakeSegmentation -gzip -splitrows -printposterior ../../model_analysis/K562_hg19/all_mark_model/state_8/full_model/model_8.txt ${binarized_dir} ../../model_analysis/K562_hg19/all_mark_model/state_8/full_model
		
        (one of the commands exited with non-zero exit code; note that snakemake uses bash strict mode!)
    cluster_jobid: Submitted batch job 2205394

Error executing rule get_posterior_chromHMM on cluster (jobid: 7, external: Submitted batch job 2205394, jobscript: /gstore/home/vuh6/source/compare_overlap_external_annot/.snakemake/tmp.m0wskiwb/snakejob.get_posterior_chromHMM.7.sh). For error details see the cluster log and the log files of the involved rule(s).
[Mon Jul 12 15:29:57 2021]
Error in rule get_posterior_chromHMM:
    jobid: 22
    output: ../../model_analysis/K562_hg19/all_mark_model/state_23/full_model/POSTERIOR/genome_23_chr1_posterior.txt.gz, ../../model_analysis/K562_hg19/all_mark_model/state_23/full_model/POSTERIOR/genome_23_chrX_posterior.txt.gz
    shell:
        
		all_data_dir='../../data/hg19/K562/'
		if [[ all_mark_model == "all_mark_model" ]]
		then 
			binarized_dir=${all_data_dir}/big_model_training/
		elif [[ all_mark_model == "three_mark_model" ]]
		then 
			binarized_dir=${all_data_dir}/three_mark_model_training/
		fi
		java -jar ../../program_source/ChromHMM/ChromHMM/ChromHMM.jar MakeSegmentation -gzip -splitrows -printposterior ../../model_analysis/K562_hg19/all_mark_model/state_23/full_model/model_23.txt ${binarized_dir} ../../model_analysis/K562_hg19/all_mark_model/state_23/full_model
		
        (one of the commands exited with non-zero exit code; note that snakemake uses bash strict mode!)
    cluster_jobid: Submitted batch job 2205395

Error executing rule get_posterior_chromHMM on cluster (jobid: 22, external: Submitted batch job 2205395, jobscript: /gstore/home/vuh6/source/compare_overlap_external_annot/.snakemake/tmp.m0wskiwb/snakejob.get_posterior_chromHMM.22.sh). For error details see the cluster log and the log files of the involved rule(s).
[Mon Jul 12 15:29:57 2021]
Error in rule get_posterior_chromHMM:
    jobid: 2
    output: ../../model_analysis/K562_hg19/all_mark_model/state_3/full_model/POSTERIOR/genome_3_chr1_posterior.txt.gz, ../../model_analysis/K562_hg19/all_mark_model/state_3/full_model/POSTERIOR/genome_3_chrX_posterior.txt.gz
    shell:
        
		all_data_dir='../../data/hg19/K562/'
		if [[ all_mark_model == "all_mark_model" ]]
		then 
			binarized_dir=${all_data_dir}/big_model_training/
		elif [[ all_mark_model == "three_mark_model" ]]
		then 
			binarized_dir=${all_data_dir}/three_mark_model_training/
		fi
		java -jar ../../program_source/ChromHMM/ChromHMM/ChromHMM.jar MakeSegmentation -gzip -splitrows -printposterior ../../model_analysis/K562_hg19/all_mark_model/state_3/full_model/model_3.txt ${binarized_dir} ../../model_analysis/K562_hg19/all_mark_model/state_3/full_model
		
        (one of the commands exited with non-zero exit code; note that snakemake uses bash strict mode!)
    cluster_jobid: Submitted batch job 2205397

Error executing rule get_posterior_chromHMM on cluster (jobid: 2, external: Submitted batch job 2205397, jobscript: /gstore/home/vuh6/source/compare_overlap_external_annot/.snakemake/tmp.m0wskiwb/snakejob.get_posterior_chromHMM.2.sh). For error details see the cluster log and the log files of the involved rule(s).
[Mon Jul 12 15:29:57 2021]
Error in rule get_posterior_chromHMM:
    jobid: 15
    output: ../../model_analysis/K562_hg19/all_mark_model/state_16/full_model/POSTERIOR/genome_16_chr1_posterior.txt.gz, ../../model_analysis/K562_hg19/all_mark_model/state_16/full_model/POSTERIOR/genome_16_chrX_posterior.txt.gz
    shell:
        
		all_data_dir='../../data/hg19/K562/'
		if [[ all_mark_model == "all_mark_model" ]]
		then 
			binarized_dir=${all_data_dir}/big_model_training/
		elif [[ all_mark_model == "three_mark_model" ]]
		then 
			binarized_dir=${all_data_dir}/three_mark_model_training/
		fi
		java -jar ../../program_source/ChromHMM/ChromHMM/ChromHMM.jar MakeSegmentation -gzip -splitrows -printposterior ../../model_analysis/K562_hg19/all_mark_model/state_16/full_model/model_16.txt ${binarized_dir} ../../model_analysis/K562_hg19/all_mark_model/state_16/full_model
		
        (one of the commands exited with non-zero exit code; note that snakemake uses bash strict mode!)
    cluster_jobid: Submitted batch job 2205398

Error executing rule get_posterior_chromHMM on cluster (jobid: 15, external: Submitted batch job 2205398, jobscript: /gstore/home/vuh6/source/compare_overlap_external_annot/.snakemake/tmp.m0wskiwb/snakejob.get_posterior_chromHMM.15.sh). For error details see the cluster log and the log files of the involved rule(s).
[Mon Jul 12 15:29:58 2021]
Error in rule get_posterior_chromHMM:
    jobid: 8
    output: ../../model_analysis/K562_hg19/all_mark_model/state_9/full_model/POSTERIOR/genome_9_chr1_posterior.txt.gz, ../../model_analysis/K562_hg19/all_mark_model/state_9/full_model/POSTERIOR/genome_9_chrX_posterior.txt.gz
    shell:
        
		all_data_dir='../../data/hg19/K562/'
		if [[ all_mark_model == "all_mark_model" ]]
		then 
			binarized_dir=${all_data_dir}/big_model_training/
		elif [[ all_mark_model == "three_mark_model" ]]
		then 
			binarized_dir=${all_data_dir}/three_mark_model_training/
		fi
		java -jar ../../program_source/ChromHMM/ChromHMM/ChromHMM.jar MakeSegmentation -gzip -splitrows -printposterior ../../model_analysis/K562_hg19/all_mark_model/state_9/full_model/model_9.txt ${binarized_dir} ../../model_analysis/K562_hg19/all_mark_model/state_9/full_model
		
        (one of the commands exited with non-zero exit code; note that snakemake uses bash strict mode!)
    cluster_jobid: Submitted batch job 2205405

Error executing rule get_posterior_chromHMM on cluster (jobid: 8, external: Submitted batch job 2205405, jobscript: /gstore/home/vuh6/source/compare_overlap_external_annot/.snakemake/tmp.m0wskiwb/snakejob.get_posterior_chromHMM.8.sh). For error details see the cluster log and the log files of the involved rule(s).
[Mon Jul 12 15:29:58 2021]
Error in rule get_posterior_chromHMM:
    jobid: 23
    output: ../../model_analysis/K562_hg19/all_mark_model/state_24/full_model/POSTERIOR/genome_24_chr1_posterior.txt.gz, ../../model_analysis/K562_hg19/all_mark_model/state_24/full_model/POSTERIOR/genome_24_chrX_posterior.txt.gz
    shell:
        
		all_data_dir='../../data/hg19/K562/'
		if [[ all_mark_model == "all_mark_model" ]]
		then 
			binarized_dir=${all_data_dir}/big_model_training/
		elif [[ all_mark_model == "three_mark_model" ]]
		then 
			binarized_dir=${all_data_dir}/three_mark_model_training/
		fi
		java -jar ../../program_source/ChromHMM/ChromHMM/ChromHMM.jar MakeSegmentation -gzip -splitrows -printposterior ../../model_analysis/K562_hg19/all_mark_model/state_24/full_model/model_24.txt ${binarized_dir} ../../model_analysis/K562_hg19/all_mark_model/state_24/full_model
		
        (one of the commands exited with non-zero exit code; note that snakemake uses bash strict mode!)
    cluster_jobid: Submitted batch job 2205406

Error executing rule get_posterior_chromHMM on cluster (jobid: 23, external: Submitted batch job 2205406, jobscript: /gstore/home/vuh6/source/compare_overlap_external_annot/.snakemake/tmp.m0wskiwb/snakejob.get_posterior_chromHMM.23.sh). For error details see the cluster log and the log files of the involved rule(s).
Terminating processes on user request, this might take some time.
Will exit after finishing currently running jobs.
Cancelling snakemake on user request.
