Building DAG of jobs...
Using shell: /usr/bin/bash
Provided cores: 1 (use --cores to define parallelism)
Rules claiming more threads will be scaled down.
Job counts:
	count	jobs
	1	all
	2	get_colored_excel_enrichment_gw
	3

[Wed Jul 14 17:31:21 2021]
rule get_colored_excel_enrichment_gw:
    input: ../../model_analysis/K562_hg19/all_mark_model/state_25/full_model/overlap_crispr_mpra/fg_against_bg/gw_overlap_against_bg.txt
    output: ../../model_analysis/K562_hg19/all_mark_model/state_25/full_model/overlap_crispr_mpra/fg_against_bg/gw_overlap_against_bg.xlsx
    jobid: 1
    wildcards: model_folder=../../model_analysis/K562_hg19/all_mark_model/state_25/full_model, fore_or_back=fg_against_bg, TT=gw

[Wed Jul 14 17:31:22 2021]
Error in rule get_colored_excel_enrichment_gw:
    jobid: 1
    output: ../../model_analysis/K562_hg19/all_mark_model/state_25/full_model/overlap_crispr_mpra/fg_against_bg/gw_overlap_against_bg.xlsx
    shell:
        
		python ../utils/create_excel_overlap_enrichment.py ../../model_analysis/K562_hg19/all_mark_model/state_25/full_model/overlap_crispr_mpra/fg_against_bg/gw_overlap_against_bg.txt ../../model_analysis/K562_hg19/all_mark_model/state_25/full_model/overlap_crispr_mpra/fg_against_bg/gw_overlap_against_bg.xlsx ''
		
        (one of the commands exited with non-zero exit code; note that snakemake uses bash strict mode!)

Shutting down, this might take some time.
Exiting because a job execution failed. Look above for error message
Complete log: /gstore/home/vuh6/source/compare_overlap_external_annot/.snakemake/log/2021-07-14T173120.530567.snakemake.log
