Building DAG of jobs...
Using shell: /usr/bin/bash
Provided cores: 1 (use --cores to define parallelism)
Rules claiming more threads will be scaled down.
Job counts:
	count	jobs
	1	all
	24	get_posterior_chromHMM
	25

[Mon Jul 12 15:39:52 2021]
rule get_posterior_chromHMM:
    input: ../../model_analysis/K562_hg19/all_mark_model/state_25/full_model/model_25.txt
    output: ../../model_analysis/K562_hg19/all_mark_model/state_25/full_model/POSTERIOR/genome_25_chr1_posterior.txt.gz, ../../model_analysis/K562_hg19/all_mark_model/state_25/full_model/POSTERIOR/genome_25_chrX_posterior.txt.gz
    jobid: 24
    wildcards: num_mark_model=all_mark_model, num_state=25

[Mon Jul 12 15:39:52 2021]
Error in rule get_posterior_chromHMM:
    jobid: 24
    output: ../../model_analysis/K562_hg19/all_mark_model/state_25/full_model/POSTERIOR/genome_25_chr1_posterior.txt.gz, ../../model_analysis/K562_hg19/all_mark_model/state_25/full_model/POSTERIOR/genome_25_chrX_posterior.txt.gz
    shell:
        
		echo 
		java -jar ../../program_source/ChromHMM/ChromHMM/ChromHMM.jar MakeSegmentation -gzip -splitrows -printposterior ../../model_analysis/K562_hg19/all_mark_model/state_25/full_model/model_25.txt  ../../model_analysis/K562_hg19/all_mark_model/state_25/full_model
		
        (one of the commands exited with non-zero exit code; note that snakemake uses bash strict mode!)

Shutting down, this might take some time.
Exiting because a job execution failed. Look above for error message
Complete log: /gstore/home/vuh6/source/compare_overlap_external_annot/.snakemake/log/2021-07-12T153952.041173.snakemake.log
