Building DAG of jobs...
Using shell: /usr/bin/bash
Provided cluster nodes: 100
Job counts:
	count	jobs
	1	all
	2	get_segment_file_train_test
	4	overlap_against_background
	4	overlap_with_genome_contexts
	11

[Tue Jul 13 13:55:18 2021]
rule get_segment_file_train_test:
    input: ../../model_analysis/K562_hg19/three_mark_model/state_8/full_model/segment_based_on_entropy/genome_segments_sorted.bed.gz, ../../model_analysis/train_segments_sorted.bed.gz, ../../model_analysis/test_segments_sorted.bed.gz
    output: ../../model_analysis/K562_hg19/three_mark_model/state_8/full_model/segment_based_on_entropy/train_and_test_segments_sorted/train_segments.bed.gz, ../../model_analysis/K562_hg19/three_mark_model/state_8/full_model/segment_based_on_entropy/train_and_test_segments_sorted/test_segments.bed.gz
    jobid: 16
    wildcards: model_folder=../../model_analysis/K562_hg19/three_mark_model/state_8/full_model/segment_based_on_entropy

Submitted job 16 with external jobid 'Submitted batch job 2331032'.

[Tue Jul 13 13:55:18 2021]
rule get_segment_file_train_test:
    input: ../../model_analysis/K562_hg19/all_mark_model/state_25/full_model/segment_based_on_entropy/genome_segments_sorted.bed.gz, ../../model_analysis/train_segments_sorted.bed.gz, ../../model_analysis/test_segments_sorted.bed.gz
    output: ../../model_analysis/K562_hg19/all_mark_model/state_25/full_model/segment_based_on_entropy/train_and_test_segments_sorted/train_segments.bed.gz, ../../model_analysis/K562_hg19/all_mark_model/state_25/full_model/segment_based_on_entropy/train_and_test_segments_sorted/test_segments.bed.gz
    jobid: 15
    wildcards: model_folder=../../model_analysis/K562_hg19/all_mark_model/state_25/full_model/segment_based_on_entropy

Submitted job 15 with external jobid 'Submitted batch job 2331033'.
[Tue Jul 13 13:57:08 2021]
Finished job 16.
1 of 11 steps (9%) done

[Tue Jul 13 13:57:08 2021]
rule overlap_with_genome_contexts:
    input: ../../model_analysis/K562_hg19/three_mark_model/state_8/full_model/segment_based_on_entropy/train_and_test_segments_sorted/train_segments.bed.gz, ../../model_analysis/K562_hg19/three_mark_model/state_8/full_model/segment_based_on_entropy/train_and_test_segments_sorted/test_segments.bed.gz
    output: ../../model_analysis/K562_hg19/three_mark_model/state_8/full_model/segment_based_on_entropy/overlap_crispr_mpra/foreground/train_overlap.txt, ../../model_analysis/K562_hg19/three_mark_model/state_8/full_model/segment_based_on_entropy/overlap_crispr_mpra/foreground/test_overlap.txt
    jobid: 11
    wildcards: model_folder=../../model_analysis/K562_hg19/three_mark_model/state_8/full_model/segment_based_on_entropy, fore_or_back=foreground

[Tue Jul 13 13:57:08 2021]
Finished job 15.
2 of 11 steps (18%) done
Submitted job 11 with external jobid 'Submitted batch job 2331314'.

[Tue Jul 13 13:57:08 2021]
rule overlap_with_genome_contexts:
    input: ../../model_analysis/K562_hg19/three_mark_model/state_8/full_model/segment_based_on_entropy/train_and_test_segments_sorted/train_segments.bed.gz, ../../model_analysis/K562_hg19/three_mark_model/state_8/full_model/segment_based_on_entropy/train_and_test_segments_sorted/test_segments.bed.gz
    output: ../../model_analysis/K562_hg19/three_mark_model/state_8/full_model/segment_based_on_entropy/overlap_crispr_mpra/background/train_overlap.txt, ../../model_analysis/K562_hg19/three_mark_model/state_8/full_model/segment_based_on_entropy/overlap_crispr_mpra/background/test_overlap.txt
    jobid: 12
    wildcards: model_folder=../../model_analysis/K562_hg19/three_mark_model/state_8/full_model/segment_based_on_entropy, fore_or_back=background

Submitted job 12 with external jobid 'Submitted batch job 2331315'.

[Tue Jul 13 13:57:08 2021]
rule overlap_with_genome_contexts:
    input: ../../model_analysis/K562_hg19/all_mark_model/state_25/full_model/segment_based_on_entropy/train_and_test_segments_sorted/train_segments.bed.gz, ../../model_analysis/K562_hg19/all_mark_model/state_25/full_model/segment_based_on_entropy/train_and_test_segments_sorted/test_segments.bed.gz
    output: ../../model_analysis/K562_hg19/all_mark_model/state_25/full_model/segment_based_on_entropy/overlap_crispr_mpra/foreground/train_overlap.txt, ../../model_analysis/K562_hg19/all_mark_model/state_25/full_model/segment_based_on_entropy/overlap_crispr_mpra/foreground/test_overlap.txt
    jobid: 9
    wildcards: model_folder=../../model_analysis/K562_hg19/all_mark_model/state_25/full_model/segment_based_on_entropy, fore_or_back=foreground

Submitted job 9 with external jobid 'Submitted batch job 2331316'.

[Tue Jul 13 13:57:08 2021]
rule overlap_with_genome_contexts:
    input: ../../model_analysis/K562_hg19/all_mark_model/state_25/full_model/segment_based_on_entropy/train_and_test_segments_sorted/train_segments.bed.gz, ../../model_analysis/K562_hg19/all_mark_model/state_25/full_model/segment_based_on_entropy/train_and_test_segments_sorted/test_segments.bed.gz
    output: ../../model_analysis/K562_hg19/all_mark_model/state_25/full_model/segment_based_on_entropy/overlap_crispr_mpra/background/train_overlap.txt, ../../model_analysis/K562_hg19/all_mark_model/state_25/full_model/segment_based_on_entropy/overlap_crispr_mpra/background/test_overlap.txt
    jobid: 10
    wildcards: model_folder=../../model_analysis/K562_hg19/all_mark_model/state_25/full_model/segment_based_on_entropy, fore_or_back=background

Submitted job 10 with external jobid 'Submitted batch job 2331317'.
[Tue Jul 13 13:58:18 2021]
Error in rule overlap_with_genome_contexts:
    jobid: 11
    output: ../../model_analysis/K562_hg19/three_mark_model/state_8/full_model/segment_based_on_entropy/overlap_crispr_mpra/foreground/train_overlap.txt, ../../model_analysis/K562_hg19/three_mark_model/state_8/full_model/segment_based_on_entropy/overlap_crispr_mpra/foreground/test_overlap.txt
    shell:
        
		java -jar ../../program_source/ChromHMM/ChromHMM/ChromHMM.jar OverlapEnrichment -noimage ../../model_analysis/K562_hg19/three_mark_model/state_8/full_model/segment_based_on_entropy/train_and_test_segments_sorted/train_segments.bed.gz ../../data/hg19/K562/COORD_CRISPR_MPRA_DATA/for_enrichment/foreground ../../model_analysis/K562_hg19/three_mark_model/state_8/full_model/segment_based_on_entropy/overlap_crispr_mpra/foreground/train_overlap
		java -jar ../../program_source/ChromHMM/ChromHMM/ChromHMM.jar OverlapEnrichment -noimage ../../model_analysis/K562_hg19/three_mark_model/state_8/full_model/segment_based_on_entropy/train_and_test_segments_sorted/test_segments.bed.gz ../../data/hg19/K562/COORD_CRISPR_MPRA_DATA/for_enrichment/foreground ../../model_analysis/K562_hg19/three_mark_model/state_8/full_model/segment_based_on_entropy/overlap_crispr_mpra/foreground/test_overlap
		
        (one of the commands exited with non-zero exit code; note that snakemake uses bash strict mode!)
    cluster_jobid: Submitted batch job 2331314

Error executing rule overlap_with_genome_contexts on cluster (jobid: 11, external: Submitted batch job 2331314, jobscript: /gstore/home/vuh6/source/compare_overlap_external_annot/.snakemake/tmp.rityj04p/snakejob.overlap_with_genome_contexts.11.sh). For error details see the cluster log and the log files of the involved rule(s).
[Tue Jul 13 13:58:18 2021]
Error in rule overlap_with_genome_contexts:
    jobid: 12
    output: ../../model_analysis/K562_hg19/three_mark_model/state_8/full_model/segment_based_on_entropy/overlap_crispr_mpra/background/train_overlap.txt, ../../model_analysis/K562_hg19/three_mark_model/state_8/full_model/segment_based_on_entropy/overlap_crispr_mpra/background/test_overlap.txt
    shell:
        
		java -jar ../../program_source/ChromHMM/ChromHMM/ChromHMM.jar OverlapEnrichment -noimage ../../model_analysis/K562_hg19/three_mark_model/state_8/full_model/segment_based_on_entropy/train_and_test_segments_sorted/train_segments.bed.gz ../../data/hg19/K562/COORD_CRISPR_MPRA_DATA/for_enrichment/background ../../model_analysis/K562_hg19/three_mark_model/state_8/full_model/segment_based_on_entropy/overlap_crispr_mpra/background/train_overlap
		java -jar ../../program_source/ChromHMM/ChromHMM/ChromHMM.jar OverlapEnrichment -noimage ../../model_analysis/K562_hg19/three_mark_model/state_8/full_model/segment_based_on_entropy/train_and_test_segments_sorted/test_segments.bed.gz ../../data/hg19/K562/COORD_CRISPR_MPRA_DATA/for_enrichment/background ../../model_analysis/K562_hg19/three_mark_model/state_8/full_model/segment_based_on_entropy/overlap_crispr_mpra/background/test_overlap
		
        (one of the commands exited with non-zero exit code; note that snakemake uses bash strict mode!)
    cluster_jobid: Submitted batch job 2331315

Error executing rule overlap_with_genome_contexts on cluster (jobid: 12, external: Submitted batch job 2331315, jobscript: /gstore/home/vuh6/source/compare_overlap_external_annot/.snakemake/tmp.rityj04p/snakejob.overlap_with_genome_contexts.12.sh). For error details see the cluster log and the log files of the involved rule(s).
[Tue Jul 13 13:58:18 2021]
Error in rule overlap_with_genome_contexts:
    jobid: 9
    output: ../../model_analysis/K562_hg19/all_mark_model/state_25/full_model/segment_based_on_entropy/overlap_crispr_mpra/foreground/train_overlap.txt, ../../model_analysis/K562_hg19/all_mark_model/state_25/full_model/segment_based_on_entropy/overlap_crispr_mpra/foreground/test_overlap.txt
    shell:
        
		java -jar ../../program_source/ChromHMM/ChromHMM/ChromHMM.jar OverlapEnrichment -noimage ../../model_analysis/K562_hg19/all_mark_model/state_25/full_model/segment_based_on_entropy/train_and_test_segments_sorted/train_segments.bed.gz ../../data/hg19/K562/COORD_CRISPR_MPRA_DATA/for_enrichment/foreground ../../model_analysis/K562_hg19/all_mark_model/state_25/full_model/segment_based_on_entropy/overlap_crispr_mpra/foreground/train_overlap
		java -jar ../../program_source/ChromHMM/ChromHMM/ChromHMM.jar OverlapEnrichment -noimage ../../model_analysis/K562_hg19/all_mark_model/state_25/full_model/segment_based_on_entropy/train_and_test_segments_sorted/test_segments.bed.gz ../../data/hg19/K562/COORD_CRISPR_MPRA_DATA/for_enrichment/foreground ../../model_analysis/K562_hg19/all_mark_model/state_25/full_model/segment_based_on_entropy/overlap_crispr_mpra/foreground/test_overlap
		
        (one of the commands exited with non-zero exit code; note that snakemake uses bash strict mode!)
    cluster_jobid: Submitted batch job 2331316

Error executing rule overlap_with_genome_contexts on cluster (jobid: 9, external: Submitted batch job 2331316, jobscript: /gstore/home/vuh6/source/compare_overlap_external_annot/.snakemake/tmp.rityj04p/snakejob.overlap_with_genome_contexts.9.sh). For error details see the cluster log and the log files of the involved rule(s).
[Tue Jul 13 13:58:18 2021]
Error in rule overlap_with_genome_contexts:
    jobid: 10
    output: ../../model_analysis/K562_hg19/all_mark_model/state_25/full_model/segment_based_on_entropy/overlap_crispr_mpra/background/train_overlap.txt, ../../model_analysis/K562_hg19/all_mark_model/state_25/full_model/segment_based_on_entropy/overlap_crispr_mpra/background/test_overlap.txt
    shell:
        
		java -jar ../../program_source/ChromHMM/ChromHMM/ChromHMM.jar OverlapEnrichment -noimage ../../model_analysis/K562_hg19/all_mark_model/state_25/full_model/segment_based_on_entropy/train_and_test_segments_sorted/train_segments.bed.gz ../../data/hg19/K562/COORD_CRISPR_MPRA_DATA/for_enrichment/background ../../model_analysis/K562_hg19/all_mark_model/state_25/full_model/segment_based_on_entropy/overlap_crispr_mpra/background/train_overlap
		java -jar ../../program_source/ChromHMM/ChromHMM/ChromHMM.jar OverlapEnrichment -noimage ../../model_analysis/K562_hg19/all_mark_model/state_25/full_model/segment_based_on_entropy/train_and_test_segments_sorted/test_segments.bed.gz ../../data/hg19/K562/COORD_CRISPR_MPRA_DATA/for_enrichment/background ../../model_analysis/K562_hg19/all_mark_model/state_25/full_model/segment_based_on_entropy/overlap_crispr_mpra/background/test_overlap
		
        (one of the commands exited with non-zero exit code; note that snakemake uses bash strict mode!)
    cluster_jobid: Submitted batch job 2331317

Error executing rule overlap_with_genome_contexts on cluster (jobid: 10, external: Submitted batch job 2331317, jobscript: /gstore/home/vuh6/source/compare_overlap_external_annot/.snakemake/tmp.rityj04p/snakejob.overlap_with_genome_contexts.10.sh). For error details see the cluster log and the log files of the involved rule(s).
Shutting down, this might take some time.
Exiting because a job execution failed. Look above for error message
Complete log: /gstore/home/vuh6/source/compare_overlap_external_annot/.snakemake/log/2021-07-13T135516.917318.snakemake.log
