Building DAG of jobs...
Using shell: /usr/bin/bash
Provided cluster nodes: 100
Job counts:
	count	jobs
	1	all
	7	overlap_with_genome_contexts
	8

[Fri Jul  9 06:06:27 2021]
rule overlap_with_genome_contexts:
    input: ../../model_analysis/K562_hg19/three_mark_model/state_5/full_model/train_and_test_segments_sorted/train_segments.bed.gz, ../../model_analysis/K562_hg19/three_mark_model/state_5/full_model/train_and_test_segments_sorted/test_segments.bed.gz
    output: ../../model_analysis/K562_hg19/three_mark_model/state_5/full_model/overlap_crispr_mpra/background/train_overlap.txt, ../../model_analysis/K562_hg19/three_mark_model/state_5/full_model/overlap_crispr_mpra/background/test_overlap.txt
    jobid: 11
    wildcards: model_folder=../../model_analysis/K562_hg19/three_mark_model/state_5/full_model, fore_or_back=background

Submitted job 11 with external jobid 'Submitted batch job 1956439'.

[Fri Jul  9 06:06:27 2021]
rule overlap_with_genome_contexts:
    input: ../../model_analysis/K562_hg19/three_mark_model/state_7/full_model/train_and_test_segments_sorted/train_segments.bed.gz, ../../model_analysis/K562_hg19/three_mark_model/state_7/full_model/train_and_test_segments_sorted/test_segments.bed.gz
    output: ../../model_analysis/K562_hg19/three_mark_model/state_7/full_model/overlap_crispr_mpra/background/train_overlap.txt, ../../model_analysis/K562_hg19/three_mark_model/state_7/full_model/overlap_crispr_mpra/background/test_overlap.txt
    jobid: 13
    wildcards: model_folder=../../model_analysis/K562_hg19/three_mark_model/state_7/full_model, fore_or_back=background

Submitted job 13 with external jobid 'Submitted batch job 1956440'.

[Fri Jul  9 06:06:27 2021]
rule overlap_with_genome_contexts:
    input: ../../model_analysis/K562_hg19/three_mark_model/state_2/full_model/train_and_test_segments_sorted/train_segments.bed.gz, ../../model_analysis/K562_hg19/three_mark_model/state_2/full_model/train_and_test_segments_sorted/test_segments.bed.gz
    output: ../../model_analysis/K562_hg19/three_mark_model/state_2/full_model/overlap_crispr_mpra/background/train_overlap.txt, ../../model_analysis/K562_hg19/three_mark_model/state_2/full_model/overlap_crispr_mpra/background/test_overlap.txt
    jobid: 8
    wildcards: model_folder=../../model_analysis/K562_hg19/three_mark_model/state_2/full_model, fore_or_back=background

Submitted job 8 with external jobid 'Submitted batch job 1956441'.

[Fri Jul  9 06:06:27 2021]
rule overlap_with_genome_contexts:
    input: ../../model_analysis/K562_hg19/three_mark_model/state_4/full_model/train_and_test_segments_sorted/train_segments.bed.gz, ../../model_analysis/K562_hg19/three_mark_model/state_4/full_model/train_and_test_segments_sorted/test_segments.bed.gz
    output: ../../model_analysis/K562_hg19/three_mark_model/state_4/full_model/overlap_crispr_mpra/background/train_overlap.txt, ../../model_analysis/K562_hg19/three_mark_model/state_4/full_model/overlap_crispr_mpra/background/test_overlap.txt
    jobid: 10
    wildcards: model_folder=../../model_analysis/K562_hg19/three_mark_model/state_4/full_model, fore_or_back=background

Submitted job 10 with external jobid 'Submitted batch job 1956442'.

[Fri Jul  9 06:06:27 2021]
rule overlap_with_genome_contexts:
    input: ../../model_analysis/K562_hg19/three_mark_model/state_6/full_model/train_and_test_segments_sorted/train_segments.bed.gz, ../../model_analysis/K562_hg19/three_mark_model/state_6/full_model/train_and_test_segments_sorted/test_segments.bed.gz
    output: ../../model_analysis/K562_hg19/three_mark_model/state_6/full_model/overlap_crispr_mpra/background/train_overlap.txt, ../../model_analysis/K562_hg19/three_mark_model/state_6/full_model/overlap_crispr_mpra/background/test_overlap.txt
    jobid: 12
    wildcards: model_folder=../../model_analysis/K562_hg19/three_mark_model/state_6/full_model, fore_or_back=background

Submitted job 12 with external jobid 'Submitted batch job 1956443'.

[Fri Jul  9 06:06:27 2021]
rule overlap_with_genome_contexts:
    input: ../../model_analysis/K562_hg19/three_mark_model/state_8/full_model/train_and_test_segments_sorted/train_segments.bed.gz, ../../model_analysis/K562_hg19/three_mark_model/state_8/full_model/train_and_test_segments_sorted/test_segments.bed.gz
    output: ../../model_analysis/K562_hg19/three_mark_model/state_8/full_model/overlap_crispr_mpra/background/train_overlap.txt, ../../model_analysis/K562_hg19/three_mark_model/state_8/full_model/overlap_crispr_mpra/background/test_overlap.txt
    jobid: 14
    wildcards: model_folder=../../model_analysis/K562_hg19/three_mark_model/state_8/full_model, fore_or_back=background

Submitted job 14 with external jobid 'Submitted batch job 1956444'.

[Fri Jul  9 06:06:28 2021]
rule overlap_with_genome_contexts:
    input: ../../model_analysis/K562_hg19/three_mark_model/state_3/full_model/train_and_test_segments_sorted/train_segments.bed.gz, ../../model_analysis/K562_hg19/three_mark_model/state_3/full_model/train_and_test_segments_sorted/test_segments.bed.gz
    output: ../../model_analysis/K562_hg19/three_mark_model/state_3/full_model/overlap_crispr_mpra/background/train_overlap.txt, ../../model_analysis/K562_hg19/three_mark_model/state_3/full_model/overlap_crispr_mpra/background/test_overlap.txt
    jobid: 9
    wildcards: model_folder=../../model_analysis/K562_hg19/three_mark_model/state_3/full_model, fore_or_back=background

Submitted job 9 with external jobid 'Submitted batch job 1956445'.
[Fri Jul  9 06:09:57 2021]
Finished job 13.
1 of 8 steps (12%) done
[Fri Jul  9 06:09:57 2021]
Finished job 14.
2 of 8 steps (25%) done
[Fri Jul  9 06:09:57 2021]
Finished job 9.
3 of 8 steps (38%) done
[Fri Jul  9 06:10:07 2021]
Finished job 10.
4 of 8 steps (50%) done
[Fri Jul  9 06:10:07 2021]
Finished job 12.
5 of 8 steps (62%) done
[Fri Jul  9 06:10:17 2021]
Finished job 11.
6 of 8 steps (75%) done
[Fri Jul  9 06:10:38 2021]
Finished job 8.
7 of 8 steps (88%) done

[Fri Jul  9 06:10:38 2021]
localrule all:
    input: ../../model_analysis/K562_hg19/three_mark_model/state_2/full_model/overlap_crispr_mpra/foreground/train_overlap.txt, ../../model_analysis/K562_hg19/three_mark_model/state_2/full_model/overlap_crispr_mpra/foreground/test_overlap.txt, ../../model_analysis/K562_hg19/three_mark_model/state_3/full_model/overlap_crispr_mpra/foreground/train_overlap.txt, ../../model_analysis/K562_hg19/three_mark_model/state_3/full_model/overlap_crispr_mpra/foreground/test_overlap.txt, ../../model_analysis/K562_hg19/three_mark_model/state_4/full_model/overlap_crispr_mpra/foreground/train_overlap.txt, ../../model_analysis/K562_hg19/three_mark_model/state_4/full_model/overlap_crispr_mpra/foreground/test_overlap.txt, ../../model_analysis/K562_hg19/three_mark_model/state_5/full_model/overlap_crispr_mpra/foreground/train_overlap.txt, ../../model_analysis/K562_hg19/three_mark_model/state_5/full_model/overlap_crispr_mpra/foreground/test_overlap.txt, ../../model_analysis/K562_hg19/three_mark_model/state_6/full_model/overlap_crispr_mpra/foreground/train_overlap.txt, ../../model_analysis/K562_hg19/three_mark_model/state_6/full_model/overlap_crispr_mpra/foreground/test_overlap.txt, ../../model_analysis/K562_hg19/three_mark_model/state_7/full_model/overlap_crispr_mpra/foreground/train_overlap.txt, ../../model_analysis/K562_hg19/three_mark_model/state_7/full_model/overlap_crispr_mpra/foreground/test_overlap.txt, ../../model_analysis/K562_hg19/three_mark_model/state_8/full_model/overlap_crispr_mpra/foreground/train_overlap.txt, ../../model_analysis/K562_hg19/three_mark_model/state_8/full_model/overlap_crispr_mpra/foreground/test_overlap.txt, ../../model_analysis/K562_hg19/three_mark_model/state_2/full_model/overlap_crispr_mpra/background/train_overlap.txt, ../../model_analysis/K562_hg19/three_mark_model/state_2/full_model/overlap_crispr_mpra/background/test_overlap.txt, ../../model_analysis/K562_hg19/three_mark_model/state_3/full_model/overlap_crispr_mpra/background/train_overlap.txt, ../../model_analysis/K562_hg19/three_mark_model/state_3/full_model/overlap_crispr_mpra/background/test_overlap.txt, ../../model_analysis/K562_hg19/three_mark_model/state_4/full_model/overlap_crispr_mpra/background/train_overlap.txt, ../../model_analysis/K562_hg19/three_mark_model/state_4/full_model/overlap_crispr_mpra/background/test_overlap.txt, ../../model_analysis/K562_hg19/three_mark_model/state_5/full_model/overlap_crispr_mpra/background/train_overlap.txt, ../../model_analysis/K562_hg19/three_mark_model/state_5/full_model/overlap_crispr_mpra/background/test_overlap.txt, ../../model_analysis/K562_hg19/three_mark_model/state_6/full_model/overlap_crispr_mpra/background/train_overlap.txt, ../../model_analysis/K562_hg19/three_mark_model/state_6/full_model/overlap_crispr_mpra/background/test_overlap.txt, ../../model_analysis/K562_hg19/three_mark_model/state_7/full_model/overlap_crispr_mpra/background/train_overlap.txt, ../../model_analysis/K562_hg19/three_mark_model/state_7/full_model/overlap_crispr_mpra/background/test_overlap.txt, ../../model_analysis/K562_hg19/three_mark_model/state_8/full_model/overlap_crispr_mpra/background/train_overlap.txt, ../../model_analysis/K562_hg19/three_mark_model/state_8/full_model/overlap_crispr_mpra/background/test_overlap.txt
    jobid: 0

[Fri Jul  9 06:10:38 2021]
Finished job 0.
8 of 8 steps (100%) done
Complete log: /gstore/home/vuh6/source/compare_overlap_external_annot/.snakemake/log/2021-07-09T060627.232573.snakemake.log
