Building DAG of jobs...
Using shell: /usr/bin/bash
Provided cores: 1 (use --cores to define parallelism)
Rules claiming more threads will be scaled down.
Job counts:
	count	jobs
	1	all
	2	overlap_against_background
	4	overlap_with_genome_contexts_gw
	7

[Wed Jul 14 17:04:29 2021]
rule overlap_with_genome_contexts_gw:
    input: ../../model_analysis/K562_hg19/all_mark_model/state_25/full_model/genome_segments_sorted.bed.gz
    output: ../../model_analysis/K562_hg19/all_mark_model/state_25/full_model/overlap_crispr_mpra/foreground/gw_overlap.txt
    jobid: 4
    wildcards: model_folder=../../model_analysis/K562_hg19/all_mark_model/state_25/full_model, fore_or_back=foreground

[Wed Jul 14 17:04:35 2021]
Finished job 4.
1 of 7 steps (14%) done

[Wed Jul 14 17:04:35 2021]
rule overlap_with_genome_contexts_gw:
    input: ../../model_analysis/K562_hg19/all_mark_model/state_25/full_model/genome_segments_sorted.bed.gz
    output: ../../model_analysis/K562_hg19/all_mark_model/state_25/full_model/overlap_crispr_mpra/background/gw_overlap.txt
    jobid: 5
    wildcards: model_folder=../../model_analysis/K562_hg19/all_mark_model/state_25/full_model, fore_or_back=background

[Wed Jul 14 17:05:56 2021]
Finished job 5.
2 of 7 steps (29%) done

[Wed Jul 14 17:05:56 2021]
rule overlap_with_genome_contexts_gw:
    input: ../../model_analysis/K562_hg19/three_mark_model/state_8/full_model/genome_segments_sorted.bed.gz
    output: ../../model_analysis/K562_hg19/three_mark_model/state_8/full_model/overlap_crispr_mpra/background/gw_overlap.txt
    jobid: 7
    wildcards: model_folder=../../model_analysis/K562_hg19/three_mark_model/state_8/full_model, fore_or_back=background

[Wed Jul 14 17:07:15 2021]
Finished job 7.
3 of 7 steps (43%) done

[Wed Jul 14 17:07:15 2021]
rule overlap_with_genome_contexts_gw:
    input: ../../model_analysis/K562_hg19/three_mark_model/state_8/full_model/genome_segments_sorted.bed.gz
    output: ../../model_analysis/K562_hg19/three_mark_model/state_8/full_model/overlap_crispr_mpra/foreground/gw_overlap.txt
    jobid: 6
    wildcards: model_folder=../../model_analysis/K562_hg19/three_mark_model/state_8/full_model, fore_or_back=foreground

[Wed Jul 14 17:07:20 2021]
Finished job 6.
4 of 7 steps (57%) done

[Wed Jul 14 17:07:20 2021]
rule overlap_against_background:
    input: ../../model_analysis/K562_hg19/all_mark_model/state_25/full_model/overlap_crispr_mpra/foreground/gw_overlap.txt, ../../model_analysis/K562_hg19/all_mark_model/state_25/full_model/overlap_crispr_mpra/background/gw_overlap.txt
    output: ../../model_analysis/K562_hg19/all_mark_model/state_25/full_model/overlap_crispr_mpra/fg_against_bg/gw_overlap_against_bg.txt
    jobid: 1
    wildcards: model_folder=../../model_analysis/K562_hg19/all_mark_model/state_25/full_model, TT=gw

[Wed Jul 14 17:07:21 2021]
Finished job 1.
5 of 7 steps (71%) done

[Wed Jul 14 17:07:21 2021]
rule overlap_against_background:
    input: ../../model_analysis/K562_hg19/three_mark_model/state_8/full_model/overlap_crispr_mpra/foreground/gw_overlap.txt, ../../model_analysis/K562_hg19/three_mark_model/state_8/full_model/overlap_crispr_mpra/background/gw_overlap.txt
    output: ../../model_analysis/K562_hg19/three_mark_model/state_8/full_model/overlap_crispr_mpra/fg_against_bg/gw_overlap_against_bg.txt
    jobid: 2
    wildcards: model_folder=../../model_analysis/K562_hg19/three_mark_model/state_8/full_model, TT=gw

[Wed Jul 14 17:07:22 2021]
Finished job 2.
6 of 7 steps (86%) done

[Wed Jul 14 17:07:22 2021]
localrule all:
    input: ../../model_analysis/K562_hg19/all_mark_model/state_25/full_model/overlap_crispr_mpra/fg_against_bg/gw_overlap_against_bg.txt, ../../model_analysis/K562_hg19/three_mark_model/state_8/full_model/overlap_crispr_mpra/fg_against_bg/gw_overlap_against_bg.txt, ../../model_analysis/K562_hg19/compare_models_recover_crispr_mpra/fg_against_bg/auc_Fulco19_significant_DE_G_ST6a.txt, ../../model_analysis/K562_hg19/compare_models_recover_crispr_mpra/fg_against_bg/auc_gasperini19_altScale_664_enhancerGenePairs_ST2B.txt, ../../model_analysis/K562_hg19/compare_models_recover_crispr_mpra/fg_against_bg/auc_gasperini19_pilot_145_EnhancerGenePairs_ST1B.txt, ../../model_analysis/K562_hg19/compare_models_recover_crispr_mpra/fg_against_bg/auc_klann21_S1_discovery_K562_sgrna.txt, ../../model_analysis/K562_hg19/compare_models_recover_crispr_mpra/fg_against_bg/auc_klann21_S2_discovery_K562_bin2.txt, ../../model_analysis/K562_hg19/compare_models_recover_crispr_mpra/fg_against_bg/auc_klann21_S3_discovery_K562_bin3.txt, ../../model_analysis/K562_hg19/compare_models_recover_crispr_mpra/fg_against_bg/auc_klann21_S5_discovery_K562_dhs.txt, ../../model_analysis/K562_hg19/compare_models_recover_crispr_mpra/fg_against_bg/auc_klann21_S6_validation_K562_sgrna.txt, ../../model_analysis/K562_hg19/compare_models_recover_crispr_mpra/fg_against_bg/auc_klann21_S7_validation_K562_bin2.txt, ../../model_analysis/K562_hg19/compare_models_recover_crispr_mpra/fg_against_bg/auc_klann21_S8_validation_K562_bin3.txt
    jobid: 0

[Wed Jul 14 17:07:22 2021]
Finished job 0.
7 of 7 steps (100%) done
Complete log: /gstore/home/vuh6/source/compare_overlap_external_annot/.snakemake/log/2021-07-14T170429.173064.snakemake.log
