Building DAG of jobs...
Using shell: /usr/bin/bash
Provided cores: 1 (use --cores to define parallelism)
Rules claiming more threads will be scaled down.
Job counts:
	count	jobs
	1	ROADMAP_get_segment_file_train_test
	1	ROADMAP_sort_segment_file
	1	all
	1	calculate_train_test_ROC_precall
	1	overlap_with_genome_contexts
	5

[Thu Jul  8 09:23:44 2021]
rule ROADMAP_sort_segment_file:
    input: ../../data/hg19/K562/roadmap_published_chromHMM/25_state/E123_25_imputed12marks_segments.bed.gz
    output: ../../data/hg19/K562/roadmap_published_chromHMM/25_state/E123_25_imputed12marks_segments_sorted.bed.gz
    jobid: 98

[Thu Jul  8 09:23:56 2021]
Finished job 98.
1 of 5 steps (20%) done

[Thu Jul  8 09:23:56 2021]
rule ROADMAP_get_segment_file_train_test:
    input: ../../data/hg19/K562/roadmap_published_chromHMM/25_state/E123_25_imputed12marks_segments_sorted.bed.gz, ../../model_analysis/train_segments_sorted.bed.gz, ../../model_analysis/test_segments_sorted.bed.gz
    output: ../../data/hg19/K562/roadmap_published_chromHMM/25_state/train_and_test_segments_sorted/train_segments.bed.gz, ../../data/hg19/K562/roadmap_published_chromHMM/25_state/train_and_test_segments_sorted/test_segments.bed.gz
    jobid: 65

[Thu Jul  8 09:24:44 2021]
Finished job 65.
2 of 5 steps (40%) done

[Thu Jul  8 09:24:44 2021]
rule overlap_with_genome_contexts:
    input: ../../data/hg19/K562/roadmap_published_chromHMM/25_state/train_and_test_segments_sorted/train_segments.bed.gz, ../../data/hg19/K562/roadmap_published_chromHMM/25_state/train_and_test_segments_sorted/test_segments.bed.gz
    output: ../../data/hg19/K562/roadmap_published_chromHMM/25_state/overlap_crispr_mpra/train_overlap.txt, ../../data/hg19/K562/roadmap_published_chromHMM/25_state/overlap_crispr_mpra/test_overlap.txt
    jobid: 33
    wildcards: model_folder=../../data/hg19/K562/roadmap_published_chromHMM/25_state

[Thu Jul  8 09:25:24 2021]
Finished job 33.
3 of 5 steps (60%) done

[Thu Jul  8 09:25:24 2021]
rule calculate_train_test_ROC_precall:
    input: ../../model_analysis/K562_hg19/all_mark_model/state_2/full_model/overlap_crispr_mpra/train_overlap.txt, ../../model_analysis/K562_hg19/all_mark_model/state_2/full_model/overlap_crispr_mpra/test_overlap.txt, ../../model_analysis/K562_hg19/all_mark_model/state_3/full_model/overlap_crispr_mpra/train_overlap.txt, ../../model_analysis/K562_hg19/all_mark_model/state_3/full_model/overlap_crispr_mpra/test_overlap.txt, ../../model_analysis/K562_hg19/all_mark_model/state_4/full_model/overlap_crispr_mpra/train_overlap.txt, ../../model_analysis/K562_hg19/all_mark_model/state_4/full_model/overlap_crispr_mpra/test_overlap.txt, ../../model_analysis/K562_hg19/all_mark_model/state_5/full_model/overlap_crispr_mpra/train_overlap.txt, ../../model_analysis/K562_hg19/all_mark_model/state_5/full_model/overlap_crispr_mpra/test_overlap.txt, ../../model_analysis/K562_hg19/all_mark_model/state_6/full_model/overlap_crispr_mpra/train_overlap.txt, ../../model_analysis/K562_hg19/all_mark_model/state_6/full_model/overlap_crispr_mpra/test_overlap.txt, ../../model_analysis/K562_hg19/all_mark_model/state_7/full_model/overlap_crispr_mpra/train_overlap.txt, ../../model_analysis/K562_hg19/all_mark_model/state_7/full_model/overlap_crispr_mpra/test_overlap.txt, ../../model_analysis/K562_hg19/all_mark_model/state_8/full_model/overlap_crispr_mpra/train_overlap.txt, ../../model_analysis/K562_hg19/all_mark_model/state_8/full_model/overlap_crispr_mpra/test_overlap.txt, ../../model_analysis/K562_hg19/all_mark_model/state_9/full_model/overlap_crispr_mpra/train_overlap.txt, ../../model_analysis/K562_hg19/all_mark_model/state_9/full_model/overlap_crispr_mpra/test_overlap.txt, ../../model_analysis/K562_hg19/all_mark_model/state_10/full_model/overlap_crispr_mpra/train_overlap.txt, ../../model_analysis/K562_hg19/all_mark_model/state_10/full_model/overlap_crispr_mpra/test_overlap.txt, ../../model_analysis/K562_hg19/all_mark_model/state_11/full_model/overlap_crispr_mpra/train_overlap.txt, ../../model_analysis/K562_hg19/all_mark_model/state_11/full_model/overlap_crispr_mpra/test_overlap.txt, ../../model_analysis/K562_hg19/all_mark_model/state_12/full_model/overlap_crispr_mpra/train_overlap.txt, ../../model_analysis/K562_hg19/all_mark_model/state_12/full_model/overlap_crispr_mpra/test_overlap.txt, ../../model_analysis/K562_hg19/all_mark_model/state_13/full_model/overlap_crispr_mpra/train_overlap.txt, ../../model_analysis/K562_hg19/all_mark_model/state_13/full_model/overlap_crispr_mpra/test_overlap.txt, ../../model_analysis/K562_hg19/all_mark_model/state_14/full_model/overlap_crispr_mpra/train_overlap.txt, ../../model_analysis/K562_hg19/all_mark_model/state_14/full_model/overlap_crispr_mpra/test_overlap.txt, ../../model_analysis/K562_hg19/all_mark_model/state_15/full_model/overlap_crispr_mpra/train_overlap.txt, ../../model_analysis/K562_hg19/all_mark_model/state_15/full_model/overlap_crispr_mpra/test_overlap.txt, ../../model_analysis/K562_hg19/all_mark_model/state_16/full_model/overlap_crispr_mpra/train_overlap.txt, ../../model_analysis/K562_hg19/all_mark_model/state_16/full_model/overlap_crispr_mpra/test_overlap.txt, ../../model_analysis/K562_hg19/all_mark_model/state_17/full_model/overlap_crispr_mpra/train_overlap.txt, ../../model_analysis/K562_hg19/all_mark_model/state_17/full_model/overlap_crispr_mpra/test_overlap.txt, ../../model_analysis/K562_hg19/all_mark_model/state_18/full_model/overlap_crispr_mpra/train_overlap.txt, ../../model_analysis/K562_hg19/all_mark_model/state_18/full_model/overlap_crispr_mpra/test_overlap.txt, ../../model_analysis/K562_hg19/all_mark_model/state_19/full_model/overlap_crispr_mpra/train_overlap.txt, ../../model_analysis/K562_hg19/all_mark_model/state_19/full_model/overlap_crispr_mpra/test_overlap.txt, ../../model_analysis/K562_hg19/all_mark_model/state_20/full_model/overlap_crispr_mpra/train_overlap.txt, ../../model_analysis/K562_hg19/all_mark_model/state_20/full_model/overlap_crispr_mpra/test_overlap.txt, ../../model_analysis/K562_hg19/all_mark_model/state_21/full_model/overlap_crispr_mpra/train_overlap.txt, ../../model_analysis/K562_hg19/all_mark_model/state_21/full_model/overlap_crispr_mpra/test_overlap.txt, ../../model_analysis/K562_hg19/all_mark_model/state_22/full_model/overlap_crispr_mpra/train_overlap.txt, ../../model_analysis/K562_hg19/all_mark_model/state_22/full_model/overlap_crispr_mpra/test_overlap.txt, ../../model_analysis/K562_hg19/all_mark_model/state_23/full_model/overlap_crispr_mpra/train_overlap.txt, ../../model_analysis/K562_hg19/all_mark_model/state_23/full_model/overlap_crispr_mpra/test_overlap.txt, ../../model_analysis/K562_hg19/all_mark_model/state_24/full_model/overlap_crispr_mpra/train_overlap.txt, ../../model_analysis/K562_hg19/all_mark_model/state_24/full_model/overlap_crispr_mpra/test_overlap.txt, ../../model_analysis/K562_hg19/all_mark_model/state_25/full_model/overlap_crispr_mpra/train_overlap.txt, ../../model_analysis/K562_hg19/all_mark_model/state_25/full_model/overlap_crispr_mpra/test_overlap.txt, ../../model_analysis/K562_hg19/three_mark_model/state_2/full_model/overlap_crispr_mpra/train_overlap.txt, ../../model_analysis/K562_hg19/three_mark_model/state_2/full_model/overlap_crispr_mpra/test_overlap.txt, ../../model_analysis/K562_hg19/three_mark_model/state_3/full_model/overlap_crispr_mpra/train_overlap.txt, ../../model_analysis/K562_hg19/three_mark_model/state_3/full_model/overlap_crispr_mpra/test_overlap.txt, ../../model_analysis/K562_hg19/three_mark_model/state_4/full_model/overlap_crispr_mpra/train_overlap.txt, ../../model_analysis/K562_hg19/three_mark_model/state_4/full_model/overlap_crispr_mpra/test_overlap.txt, ../../model_analysis/K562_hg19/three_mark_model/state_5/full_model/overlap_crispr_mpra/train_overlap.txt, ../../model_analysis/K562_hg19/three_mark_model/state_5/full_model/overlap_crispr_mpra/test_overlap.txt, ../../model_analysis/K562_hg19/three_mark_model/state_6/full_model/overlap_crispr_mpra/train_overlap.txt, ../../model_analysis/K562_hg19/three_mark_model/state_6/full_model/overlap_crispr_mpra/test_overlap.txt, ../../model_analysis/K562_hg19/three_mark_model/state_7/full_model/overlap_crispr_mpra/train_overlap.txt, ../../model_analysis/K562_hg19/three_mark_model/state_7/full_model/overlap_crispr_mpra/test_overlap.txt, ../../model_analysis/K562_hg19/three_mark_model/state_8/full_model/overlap_crispr_mpra/train_overlap.txt, ../../model_analysis/K562_hg19/three_mark_model/state_8/full_model/overlap_crispr_mpra/test_overlap.txt, ../../data/hg19/K562/roadmap_published_chromHMM/25_state/overlap_crispr_mpra/train_overlap.txt, ../../data/hg19/K562/roadmap_published_chromHMM/25_state/overlap_crispr_mpra/test_overlap.txt
    output: ../../model_analysis/K562_hg19/compare_models_recover_crispr_mpra/auc_Fulco19_significant_DE_G_ST6a.txt, ../../model_analysis/K562_hg19/compare_models_recover_crispr_mpra/auc_gasperini19_altScale_664_enhancerGenePairs_ST2B.txt, ../../model_analysis/K562_hg19/compare_models_recover_crispr_mpra/auc_gasperini19_pilot_145_EnhancerGenePairs_ST1B.txt, ../../model_analysis/K562_hg19/compare_models_recover_crispr_mpra/auc_klann21_S1_discovery_K562_sgrna.txt, ../../model_analysis/K562_hg19/compare_models_recover_crispr_mpra/auc_klann21_S2_discovery_K562_bin2.txt, ../../model_analysis/K562_hg19/compare_models_recover_crispr_mpra/auc_klann21_S3_discovery_K562_bin3.txt, ../../model_analysis/K562_hg19/compare_models_recover_crispr_mpra/auc_klann21_S5_discovery_K562_dhs.txt, ../../model_analysis/K562_hg19/compare_models_recover_crispr_mpra/auc_klann21_S6_validation_K562_sgrna.txt, ../../model_analysis/K562_hg19/compare_models_recover_crispr_mpra/auc_klann21_S7_validation_K562_bin2.txt, ../../model_analysis/K562_hg19/compare_models_recover_crispr_mpra/auc_klann21_S8_validation_K562_bin3.txt
    jobid: 1

[Thu Jul  8 09:25:37 2021]
Finished job 1.
4 of 5 steps (80%) done

[Thu Jul  8 09:25:37 2021]
localrule all:
    input: ../../model_analysis/K562_hg19/compare_models_recover_crispr_mpra/auc_Fulco19_significant_DE_G_ST6a.txt, ../../model_analysis/K562_hg19/compare_models_recover_crispr_mpra/auc_gasperini19_altScale_664_enhancerGenePairs_ST2B.txt, ../../model_analysis/K562_hg19/compare_models_recover_crispr_mpra/auc_gasperini19_pilot_145_EnhancerGenePairs_ST1B.txt, ../../model_analysis/K562_hg19/compare_models_recover_crispr_mpra/auc_klann21_S1_discovery_K562_sgrna.txt, ../../model_analysis/K562_hg19/compare_models_recover_crispr_mpra/auc_klann21_S2_discovery_K562_bin2.txt, ../../model_analysis/K562_hg19/compare_models_recover_crispr_mpra/auc_klann21_S3_discovery_K562_bin3.txt, ../../model_analysis/K562_hg19/compare_models_recover_crispr_mpra/auc_klann21_S5_discovery_K562_dhs.txt, ../../model_analysis/K562_hg19/compare_models_recover_crispr_mpra/auc_klann21_S6_validation_K562_sgrna.txt, ../../model_analysis/K562_hg19/compare_models_recover_crispr_mpra/auc_klann21_S7_validation_K562_bin2.txt, ../../model_analysis/K562_hg19/compare_models_recover_crispr_mpra/auc_klann21_S8_validation_K562_bin3.txt
    jobid: 0

[Thu Jul  8 09:25:37 2021]
Finished job 0.
5 of 5 steps (100%) done
Complete log: /gstore/home/vuh6/source/compare_overlap_external_annot/.snakemake/log/2021-07-08T092344.516868.snakemake.log
