Building DAG of jobs...
Using shell: /usr/bin/bash
Provided cores: 1 (use --cores to define parallelism)
Rules claiming more threads will be scaled down.
Job counts:
	count	jobs
	1	all
	1	prepare_background_DE_cell_fitness_klann_2021
	1	prepare_sign_DEG_fulco19
	1	prepare_sign_DE_cell_fitness_klann_2021
	4

[Thu Jul  8 16:03:33 2021]
rule prepare_background_DE_cell_fitness_klann_2021:
    input: ../../data/hg19/K562/klann_2021/raw_data/supplementary_table_1_discovery_screen_k562_sgrna_deseq2_results_hg19.csv.gz, ../../data/hg19/K562/klann_2021/raw_data/supplementary_table_2_discovery_screen_k562_bin2_deseq2_results_hg19.csv.gz, ../../data/hg19/K562/klann_2021/raw_data/supplementary_table_3_discovery_screen_k562_bin3_deseq2_results_hg19.csv.gz, ../../data/hg19/K562/klann_2021/raw_data/supplementary_table_5_DHS_summary_results.txt.gz, ../../data/hg19/K562/klann_2021/raw_data/supplementary_table_6_validation_screen_k562_sgrna_deseq2_results_hg19.csv.gz, ../../data/hg19/K562/klann_2021/raw_data/supplementary_table_7_validation_screen_k562_bin2_deseq2_results_hg19.csv.gz, ../../data/hg19/K562/klann_2021/raw_data/supplementary_table_8_validation_screen_k562_bin3_deseq2_results_hg19.csv.gz
    output: ../../data/hg19/K562/klann_2021/for_enrichment/background/klann21_S1_discovery_K562_sgrna.bed, ../../data/hg19/K562/klann_2021/for_enrichment/background/klann21_S2_discovery_K562_bin2.bed, ../../data/hg19/K562/klann_2021/for_enrichment/background/klann21_S3_discovery_K562_bin3.bed, ../../data/hg19/K562/klann_2021/for_enrichment/background/klann21_S5_discovery_K562_dhs.bed, ../../data/hg19/K562/klann_2021/for_enrichment/background/klann21_S6_validation_K562_sgrna.bed, ../../data/hg19/K562/klann_2021/for_enrichment/background/klann21_S7_validation_K562_bin2.bed, ../../data/hg19/K562/klann_2021/for_enrichment/background/klann21_S8_validation_K562_bin3.bed
    jobid: 3

[Thu Jul  8 16:03:54 2021]
Finished job 3.
1 of 4 steps (25%) done

[Thu Jul  8 16:03:54 2021]
rule prepare_sign_DE_cell_fitness_klann_2021:
    input: ../../data/hg19/K562/klann_2021/raw_data/supplementary_table_1_discovery_screen_k562_sgrna_deseq2_results_hg19.csv.gz, ../../data/hg19/K562/klann_2021/raw_data/supplementary_table_2_discovery_screen_k562_bin2_deseq2_results_hg19.csv.gz, ../../data/hg19/K562/klann_2021/raw_data/supplementary_table_3_discovery_screen_k562_bin3_deseq2_results_hg19.csv.gz, ../../data/hg19/K562/klann_2021/raw_data/supplementary_table_5_DHS_summary_results.txt.gz, ../../data/hg19/K562/klann_2021/raw_data/supplementary_table_6_validation_screen_k562_sgrna_deseq2_results_hg19.csv.gz, ../../data/hg19/K562/klann_2021/raw_data/supplementary_table_7_validation_screen_k562_bin2_deseq2_results_hg19.csv.gz, ../../data/hg19/K562/klann_2021/raw_data/supplementary_table_8_validation_screen_k562_bin3_deseq2_results_hg19.csv.gz
    output: ../../data/hg19/K562/klann_2021/for_enrichment/significant/klann21_S1_discovery_K562_sgrna.bed, ../../data/hg19/K562/klann_2021/for_enrichment/significant/klann21_S2_discovery_K562_bin2.bed, ../../data/hg19/K562/klann_2021/for_enrichment/significant/klann21_S3_discovery_K562_bin3.bed, ../../data/hg19/K562/klann_2021/for_enrichment/significant/klann21_S5_discovery_K562_dhs.bed, ../../data/hg19/K562/klann_2021/for_enrichment/significant/klann21_S6_validation_K562_sgrna.bed, ../../data/hg19/K562/klann_2021/for_enrichment/significant/klann21_S7_validation_K562_bin2.bed, ../../data/hg19/K562/klann_2021/for_enrichment/significant/klann21_S8_validation_K562_bin3.bed
    jobid: 2

[Thu Jul  8 16:04:16 2021]
Finished job 2.
2 of 4 steps (50%) done

[Thu Jul  8 16:04:16 2021]
rule prepare_sign_DEG_fulco19:
    input: ../../data/hg19/K562/fulco_2019/fulco19_ST6a_expTested_DE-G.csv, ../../data/hg19/K562/fulco_2019/fulco19_ST3a_CRISPRi_flowFish_EGpairs.csv
    output: ../../data/hg19/K562/fulco_2019/for_enrichment/significant/Fulco19_significant_DE_G_ST6a.txt, ../../data/hg19/K562/fulco_2019/for_enrichment/significant/Fulco19_significant_CRIPSRi_flowFish_EGpairs.txt, ../../data/hg19/K562/fulco_2019/for_enrichment/background/Fulco19_DE_G_ST6a.txt, ../../data/hg19/K562/fulco_2019/for_enrichment/background/Fulco19_CRIPSRi_flowFish_EGpairs.txt, ../../data/hg19/K562/fulco_2019/for_enrichment/match_foreground_background.txt
    jobid: 1

[Thu Jul  8 16:04:16 2021]
Finished job 1.
3 of 4 steps (75%) done

[Thu Jul  8 16:04:16 2021]
localrule all:
    input: ../../data/hg19/K562/fulco_2019/for_enrichment/significant/Fulco19_significant_DE_G_ST6a.txt, ../../data/hg19/K562/fulco_2019/for_enrichment/significant/Fulco19_significant_CRIPSRi_flowFish_EGpairs.txt, ../../data/hg19/K562/fulco_2019/for_enrichment/background/Fulco19_DE_G_ST6a.txt, ../../data/hg19/K562/fulco_2019/for_enrichment/background/Fulco19_CRIPSRi_flowFish_EGpairs.txt, ../../data/hg19/K562/klann_2021/for_enrichment/significant/klann21_S1_discovery_K562_sgrna.bed, ../../data/hg19/K562/klann_2021/for_enrichment/significant/klann21_S2_discovery_K562_bin2.bed, ../../data/hg19/K562/klann_2021/for_enrichment/significant/klann21_S3_discovery_K562_bin3.bed, ../../data/hg19/K562/klann_2021/for_enrichment/significant/klann21_S5_discovery_K562_dhs.bed, ../../data/hg19/K562/klann_2021/for_enrichment/significant/klann21_S6_validation_K562_sgrna.bed, ../../data/hg19/K562/klann_2021/for_enrichment/significant/klann21_S7_validation_K562_bin2.bed, ../../data/hg19/K562/klann_2021/for_enrichment/significant/klann21_S8_validation_K562_bin3.bed, ../../data/hg19/K562/klann_2021/for_enrichment/background/klann21_S1_discovery_K562_sgrna.bed, ../../data/hg19/K562/klann_2021/for_enrichment/background/klann21_S2_discovery_K562_bin2.bed, ../../data/hg19/K562/klann_2021/for_enrichment/background/klann21_S3_discovery_K562_bin3.bed, ../../data/hg19/K562/klann_2021/for_enrichment/background/klann21_S5_discovery_K562_dhs.bed, ../../data/hg19/K562/klann_2021/for_enrichment/background/klann21_S6_validation_K562_sgrna.bed, ../../data/hg19/K562/klann_2021/for_enrichment/background/klann21_S7_validation_K562_bin2.bed, ../../data/hg19/K562/klann_2021/for_enrichment/background/klann21_S8_validation_K562_bin3.bed, ../../data/hg19/K562/gasperini_2019/for_enrichment/gasperini19_altScale_664_enhancerGenePairs_ST2B.bed, ../../data/hg19/K562/gasperini_2019/for_enrichment/gasperini19_pilot_145_EnhancerGenePairs_ST1B.bed
    jobid: 0

[Thu Jul  8 16:04:16 2021]
Finished job 0.
4 of 4 steps (100%) done
Complete log: /gstore/home/vuh6/source/compare_overlap_external_annot/.snakemake/log/2021-07-08T160333.422081.snakemake.log
