Building DAG of jobs...
Using shell: /usr/bin/bash
Provided cluster nodes: 100
Job counts:
	count	jobs
	1	all
	24	overlap_with_genome_contexts
	25

[Fri Jul  9 06:54:15 2021]
rule overlap_with_genome_contexts:
    input: ../../model_analysis/K562_hg19/all_mark_model/state_12/full_model/train_and_test_segments_sorted/train_segments.bed.gz, ../../model_analysis/K562_hg19/all_mark_model/state_12/full_model/train_and_test_segments_sorted/test_segments.bed.gz
    output: ../../model_analysis/K562_hg19/all_mark_model/state_12/full_model/overlap_crispr_mpra/foreground/train_overlap.txt, ../../model_analysis/K562_hg19/all_mark_model/state_12/full_model/overlap_crispr_mpra/foreground/test_overlap.txt
    jobid: 11
    wildcards: model_folder=../../model_analysis/K562_hg19/all_mark_model/state_12/full_model, fore_or_back=foreground

Submitted job 11 with external jobid 'Submitted batch job 1958062'.

[Fri Jul  9 06:54:15 2021]
rule overlap_with_genome_contexts:
    input: ../../model_analysis/K562_hg19/all_mark_model/state_5/full_model/train_and_test_segments_sorted/train_segments.bed.gz, ../../model_analysis/K562_hg19/all_mark_model/state_5/full_model/train_and_test_segments_sorted/test_segments.bed.gz
    output: ../../model_analysis/K562_hg19/all_mark_model/state_5/full_model/overlap_crispr_mpra/foreground/train_overlap.txt, ../../model_analysis/K562_hg19/all_mark_model/state_5/full_model/overlap_crispr_mpra/foreground/test_overlap.txt
    jobid: 4
    wildcards: model_folder=../../model_analysis/K562_hg19/all_mark_model/state_5/full_model, fore_or_back=foreground

Submitted job 4 with external jobid 'Submitted batch job 1958063'.

[Fri Jul  9 06:54:16 2021]
rule overlap_with_genome_contexts:
    input: ../../model_analysis/K562_hg19/all_mark_model/state_20/full_model/train_and_test_segments_sorted/train_segments.bed.gz, ../../model_analysis/K562_hg19/all_mark_model/state_20/full_model/train_and_test_segments_sorted/test_segments.bed.gz
    output: ../../model_analysis/K562_hg19/all_mark_model/state_20/full_model/overlap_crispr_mpra/foreground/train_overlap.txt, ../../model_analysis/K562_hg19/all_mark_model/state_20/full_model/overlap_crispr_mpra/foreground/test_overlap.txt
    jobid: 19
    wildcards: model_folder=../../model_analysis/K562_hg19/all_mark_model/state_20/full_model, fore_or_back=foreground

Submitted job 19 with external jobid 'Submitted batch job 1958064'.

[Fri Jul  9 06:54:16 2021]
rule overlap_with_genome_contexts:
    input: ../../model_analysis/K562_hg19/all_mark_model/state_13/full_model/train_and_test_segments_sorted/train_segments.bed.gz, ../../model_analysis/K562_hg19/all_mark_model/state_13/full_model/train_and_test_segments_sorted/test_segments.bed.gz
    output: ../../model_analysis/K562_hg19/all_mark_model/state_13/full_model/overlap_crispr_mpra/foreground/train_overlap.txt, ../../model_analysis/K562_hg19/all_mark_model/state_13/full_model/overlap_crispr_mpra/foreground/test_overlap.txt
    jobid: 12
    wildcards: model_folder=../../model_analysis/K562_hg19/all_mark_model/state_13/full_model, fore_or_back=foreground

Submitted job 12 with external jobid 'Submitted batch job 1958065'.

[Fri Jul  9 06:54:16 2021]
rule overlap_with_genome_contexts:
    input: ../../model_analysis/K562_hg19/all_mark_model/state_21/full_model/train_and_test_segments_sorted/train_segments.bed.gz, ../../model_analysis/K562_hg19/all_mark_model/state_21/full_model/train_and_test_segments_sorted/test_segments.bed.gz
    output: ../../model_analysis/K562_hg19/all_mark_model/state_21/full_model/overlap_crispr_mpra/foreground/train_overlap.txt, ../../model_analysis/K562_hg19/all_mark_model/state_21/full_model/overlap_crispr_mpra/foreground/test_overlap.txt
    jobid: 20
    wildcards: model_folder=../../model_analysis/K562_hg19/all_mark_model/state_21/full_model, fore_or_back=foreground

Submitted job 20 with external jobid 'Submitted batch job 1958066'.

[Fri Jul  9 06:54:16 2021]
rule overlap_with_genome_contexts:
    input: ../../model_analysis/K562_hg19/all_mark_model/state_6/full_model/train_and_test_segments_sorted/train_segments.bed.gz, ../../model_analysis/K562_hg19/all_mark_model/state_6/full_model/train_and_test_segments_sorted/test_segments.bed.gz
    output: ../../model_analysis/K562_hg19/all_mark_model/state_6/full_model/overlap_crispr_mpra/foreground/train_overlap.txt, ../../model_analysis/K562_hg19/all_mark_model/state_6/full_model/overlap_crispr_mpra/foreground/test_overlap.txt
    jobid: 5
    wildcards: model_folder=../../model_analysis/K562_hg19/all_mark_model/state_6/full_model, fore_or_back=foreground

Submitted job 5 with external jobid 'Submitted batch job 1958067'.

[Fri Jul  9 06:54:16 2021]
rule overlap_with_genome_contexts:
    input: ../../model_analysis/K562_hg19/all_mark_model/state_14/full_model/train_and_test_segments_sorted/train_segments.bed.gz, ../../model_analysis/K562_hg19/all_mark_model/state_14/full_model/train_and_test_segments_sorted/test_segments.bed.gz
    output: ../../model_analysis/K562_hg19/all_mark_model/state_14/full_model/overlap_crispr_mpra/foreground/train_overlap.txt, ../../model_analysis/K562_hg19/all_mark_model/state_14/full_model/overlap_crispr_mpra/foreground/test_overlap.txt
    jobid: 13
    wildcards: model_folder=../../model_analysis/K562_hg19/all_mark_model/state_14/full_model, fore_or_back=foreground

Submitted job 13 with external jobid 'Submitted batch job 1958068'.

[Fri Jul  9 06:54:16 2021]
rule overlap_with_genome_contexts:
    input: ../../model_analysis/K562_hg19/all_mark_model/state_7/full_model/train_and_test_segments_sorted/train_segments.bed.gz, ../../model_analysis/K562_hg19/all_mark_model/state_7/full_model/train_and_test_segments_sorted/test_segments.bed.gz
    output: ../../model_analysis/K562_hg19/all_mark_model/state_7/full_model/overlap_crispr_mpra/foreground/train_overlap.txt, ../../model_analysis/K562_hg19/all_mark_model/state_7/full_model/overlap_crispr_mpra/foreground/test_overlap.txt
    jobid: 6
    wildcards: model_folder=../../model_analysis/K562_hg19/all_mark_model/state_7/full_model, fore_or_back=foreground

Submitted job 6 with external jobid 'Submitted batch job 1958069'.

[Fri Jul  9 06:54:16 2021]
rule overlap_with_genome_contexts:
    input: ../../model_analysis/K562_hg19/all_mark_model/state_22/full_model/train_and_test_segments_sorted/train_segments.bed.gz, ../../model_analysis/K562_hg19/all_mark_model/state_22/full_model/train_and_test_segments_sorted/test_segments.bed.gz
    output: ../../model_analysis/K562_hg19/all_mark_model/state_22/full_model/overlap_crispr_mpra/foreground/train_overlap.txt, ../../model_analysis/K562_hg19/all_mark_model/state_22/full_model/overlap_crispr_mpra/foreground/test_overlap.txt
    jobid: 21
    wildcards: model_folder=../../model_analysis/K562_hg19/all_mark_model/state_22/full_model, fore_or_back=foreground

Submitted job 21 with external jobid 'Submitted batch job 1958070'.

[Fri Jul  9 06:54:16 2021]
rule overlap_with_genome_contexts:
    input: ../../model_analysis/K562_hg19/all_mark_model/state_15/full_model/train_and_test_segments_sorted/train_segments.bed.gz, ../../model_analysis/K562_hg19/all_mark_model/state_15/full_model/train_and_test_segments_sorted/test_segments.bed.gz
    output: ../../model_analysis/K562_hg19/all_mark_model/state_15/full_model/overlap_crispr_mpra/foreground/train_overlap.txt, ../../model_analysis/K562_hg19/all_mark_model/state_15/full_model/overlap_crispr_mpra/foreground/test_overlap.txt
    jobid: 14
    wildcards: model_folder=../../model_analysis/K562_hg19/all_mark_model/state_15/full_model, fore_or_back=foreground

Submitted job 14 with external jobid 'Submitted batch job 1958071'.

[Fri Jul  9 06:54:16 2021]
rule overlap_with_genome_contexts:
    input: ../../model_analysis/K562_hg19/all_mark_model/state_8/full_model/train_and_test_segments_sorted/train_segments.bed.gz, ../../model_analysis/K562_hg19/all_mark_model/state_8/full_model/train_and_test_segments_sorted/test_segments.bed.gz
    output: ../../model_analysis/K562_hg19/all_mark_model/state_8/full_model/overlap_crispr_mpra/foreground/train_overlap.txt, ../../model_analysis/K562_hg19/all_mark_model/state_8/full_model/overlap_crispr_mpra/foreground/test_overlap.txt
    jobid: 7
    wildcards: model_folder=../../model_analysis/K562_hg19/all_mark_model/state_8/full_model, fore_or_back=foreground

Submitted job 7 with external jobid 'Submitted batch job 1958072'.

[Fri Jul  9 06:54:16 2021]
rule overlap_with_genome_contexts:
    input: ../../model_analysis/K562_hg19/all_mark_model/state_23/full_model/train_and_test_segments_sorted/train_segments.bed.gz, ../../model_analysis/K562_hg19/all_mark_model/state_23/full_model/train_and_test_segments_sorted/test_segments.bed.gz
    output: ../../model_analysis/K562_hg19/all_mark_model/state_23/full_model/overlap_crispr_mpra/foreground/train_overlap.txt, ../../model_analysis/K562_hg19/all_mark_model/state_23/full_model/overlap_crispr_mpra/foreground/test_overlap.txt
    jobid: 22
    wildcards: model_folder=../../model_analysis/K562_hg19/all_mark_model/state_23/full_model, fore_or_back=foreground

Submitted job 22 with external jobid 'Submitted batch job 1958073'.

[Fri Jul  9 06:54:16 2021]
rule overlap_with_genome_contexts:
    input: ../../model_analysis/K562_hg19/all_mark_model/state_3/full_model/train_and_test_segments_sorted/train_segments.bed.gz, ../../model_analysis/K562_hg19/all_mark_model/state_3/full_model/train_and_test_segments_sorted/test_segments.bed.gz
    output: ../../model_analysis/K562_hg19/all_mark_model/state_3/full_model/overlap_crispr_mpra/foreground/train_overlap.txt, ../../model_analysis/K562_hg19/all_mark_model/state_3/full_model/overlap_crispr_mpra/foreground/test_overlap.txt
    jobid: 2
    wildcards: model_folder=../../model_analysis/K562_hg19/all_mark_model/state_3/full_model, fore_or_back=foreground

Submitted job 2 with external jobid 'Submitted batch job 1958074'.

[Fri Jul  9 06:54:17 2021]
rule overlap_with_genome_contexts:
    input: ../../model_analysis/K562_hg19/all_mark_model/state_16/full_model/train_and_test_segments_sorted/train_segments.bed.gz, ../../model_analysis/K562_hg19/all_mark_model/state_16/full_model/train_and_test_segments_sorted/test_segments.bed.gz
    output: ../../model_analysis/K562_hg19/all_mark_model/state_16/full_model/overlap_crispr_mpra/foreground/train_overlap.txt, ../../model_analysis/K562_hg19/all_mark_model/state_16/full_model/overlap_crispr_mpra/foreground/test_overlap.txt
    jobid: 15
    wildcards: model_folder=../../model_analysis/K562_hg19/all_mark_model/state_16/full_model, fore_or_back=foreground

Submitted job 15 with external jobid 'Submitted batch job 1958075'.

[Fri Jul  9 06:54:17 2021]
rule overlap_with_genome_contexts:
    input: ../../model_analysis/K562_hg19/all_mark_model/state_9/full_model/train_and_test_segments_sorted/train_segments.bed.gz, ../../model_analysis/K562_hg19/all_mark_model/state_9/full_model/train_and_test_segments_sorted/test_segments.bed.gz
    output: ../../model_analysis/K562_hg19/all_mark_model/state_9/full_model/overlap_crispr_mpra/foreground/train_overlap.txt, ../../model_analysis/K562_hg19/all_mark_model/state_9/full_model/overlap_crispr_mpra/foreground/test_overlap.txt
    jobid: 8
    wildcards: model_folder=../../model_analysis/K562_hg19/all_mark_model/state_9/full_model, fore_or_back=foreground

Submitted job 8 with external jobid 'Submitted batch job 1958076'.

[Fri Jul  9 06:54:17 2021]
rule overlap_with_genome_contexts:
    input: ../../model_analysis/K562_hg19/all_mark_model/state_24/full_model/train_and_test_segments_sorted/train_segments.bed.gz, ../../model_analysis/K562_hg19/all_mark_model/state_24/full_model/train_and_test_segments_sorted/test_segments.bed.gz
    output: ../../model_analysis/K562_hg19/all_mark_model/state_24/full_model/overlap_crispr_mpra/foreground/train_overlap.txt, ../../model_analysis/K562_hg19/all_mark_model/state_24/full_model/overlap_crispr_mpra/foreground/test_overlap.txt
    jobid: 23
    wildcards: model_folder=../../model_analysis/K562_hg19/all_mark_model/state_24/full_model, fore_or_back=foreground

Submitted job 23 with external jobid 'Submitted batch job 1958077'.

[Fri Jul  9 06:54:17 2021]
rule overlap_with_genome_contexts:
    input: ../../model_analysis/K562_hg19/all_mark_model/state_4/full_model/train_and_test_segments_sorted/train_segments.bed.gz, ../../model_analysis/K562_hg19/all_mark_model/state_4/full_model/train_and_test_segments_sorted/test_segments.bed.gz
    output: ../../model_analysis/K562_hg19/all_mark_model/state_4/full_model/overlap_crispr_mpra/foreground/train_overlap.txt, ../../model_analysis/K562_hg19/all_mark_model/state_4/full_model/overlap_crispr_mpra/foreground/test_overlap.txt
    jobid: 3
    wildcards: model_folder=../../model_analysis/K562_hg19/all_mark_model/state_4/full_model, fore_or_back=foreground

Submitted job 3 with external jobid 'Submitted batch job 1958078'.

[Fri Jul  9 06:54:17 2021]
rule overlap_with_genome_contexts:
    input: ../../model_analysis/K562_hg19/all_mark_model/state_17/full_model/train_and_test_segments_sorted/train_segments.bed.gz, ../../model_analysis/K562_hg19/all_mark_model/state_17/full_model/train_and_test_segments_sorted/test_segments.bed.gz
    output: ../../model_analysis/K562_hg19/all_mark_model/state_17/full_model/overlap_crispr_mpra/foreground/train_overlap.txt, ../../model_analysis/K562_hg19/all_mark_model/state_17/full_model/overlap_crispr_mpra/foreground/test_overlap.txt
    jobid: 16
    wildcards: model_folder=../../model_analysis/K562_hg19/all_mark_model/state_17/full_model, fore_or_back=foreground

Submitted job 16 with external jobid 'Submitted batch job 1958079'.

[Fri Jul  9 06:54:17 2021]
rule overlap_with_genome_contexts:
    input: ../../model_analysis/K562_hg19/all_mark_model/state_10/full_model/train_and_test_segments_sorted/train_segments.bed.gz, ../../model_analysis/K562_hg19/all_mark_model/state_10/full_model/train_and_test_segments_sorted/test_segments.bed.gz
    output: ../../model_analysis/K562_hg19/all_mark_model/state_10/full_model/overlap_crispr_mpra/foreground/train_overlap.txt, ../../model_analysis/K562_hg19/all_mark_model/state_10/full_model/overlap_crispr_mpra/foreground/test_overlap.txt
    jobid: 9
    wildcards: model_folder=../../model_analysis/K562_hg19/all_mark_model/state_10/full_model, fore_or_back=foreground

Submitted job 9 with external jobid 'Submitted batch job 1958080'.

[Fri Jul  9 06:54:17 2021]
rule overlap_with_genome_contexts:
    input: ../../model_analysis/K562_hg19/all_mark_model/state_25/full_model/train_and_test_segments_sorted/train_segments.bed.gz, ../../model_analysis/K562_hg19/all_mark_model/state_25/full_model/train_and_test_segments_sorted/test_segments.bed.gz
    output: ../../model_analysis/K562_hg19/all_mark_model/state_25/full_model/overlap_crispr_mpra/foreground/train_overlap.txt, ../../model_analysis/K562_hg19/all_mark_model/state_25/full_model/overlap_crispr_mpra/foreground/test_overlap.txt
    jobid: 24
    wildcards: model_folder=../../model_analysis/K562_hg19/all_mark_model/state_25/full_model, fore_or_back=foreground

Submitted job 24 with external jobid 'Submitted batch job 1958081'.

[Fri Jul  9 06:54:17 2021]
rule overlap_with_genome_contexts:
    input: ../../model_analysis/K562_hg19/all_mark_model/state_2/full_model/train_and_test_segments_sorted/train_segments.bed.gz, ../../model_analysis/K562_hg19/all_mark_model/state_2/full_model/train_and_test_segments_sorted/test_segments.bed.gz
    output: ../../model_analysis/K562_hg19/all_mark_model/state_2/full_model/overlap_crispr_mpra/foreground/train_overlap.txt, ../../model_analysis/K562_hg19/all_mark_model/state_2/full_model/overlap_crispr_mpra/foreground/test_overlap.txt
    jobid: 1
    wildcards: model_folder=../../model_analysis/K562_hg19/all_mark_model/state_2/full_model, fore_or_back=foreground

Submitted job 1 with external jobid 'Submitted batch job 1958082'.

[Fri Jul  9 06:54:17 2021]
rule overlap_with_genome_contexts:
    input: ../../model_analysis/K562_hg19/all_mark_model/state_18/full_model/train_and_test_segments_sorted/train_segments.bed.gz, ../../model_analysis/K562_hg19/all_mark_model/state_18/full_model/train_and_test_segments_sorted/test_segments.bed.gz
    output: ../../model_analysis/K562_hg19/all_mark_model/state_18/full_model/overlap_crispr_mpra/foreground/train_overlap.txt, ../../model_analysis/K562_hg19/all_mark_model/state_18/full_model/overlap_crispr_mpra/foreground/test_overlap.txt
    jobid: 17
    wildcards: model_folder=../../model_analysis/K562_hg19/all_mark_model/state_18/full_model, fore_or_back=foreground

Submitted job 17 with external jobid 'Submitted batch job 1958083'.

[Fri Jul  9 06:54:17 2021]
rule overlap_with_genome_contexts:
    input: ../../model_analysis/K562_hg19/all_mark_model/state_11/full_model/train_and_test_segments_sorted/train_segments.bed.gz, ../../model_analysis/K562_hg19/all_mark_model/state_11/full_model/train_and_test_segments_sorted/test_segments.bed.gz
    output: ../../model_analysis/K562_hg19/all_mark_model/state_11/full_model/overlap_crispr_mpra/foreground/train_overlap.txt, ../../model_analysis/K562_hg19/all_mark_model/state_11/full_model/overlap_crispr_mpra/foreground/test_overlap.txt
    jobid: 10
    wildcards: model_folder=../../model_analysis/K562_hg19/all_mark_model/state_11/full_model, fore_or_back=foreground

Submitted job 10 with external jobid 'Submitted batch job 1958084'.

[Fri Jul  9 06:54:17 2021]
rule overlap_with_genome_contexts:
    input: ../../model_analysis/K562_hg19/all_mark_model/state_19/full_model/train_and_test_segments_sorted/train_segments.bed.gz, ../../model_analysis/K562_hg19/all_mark_model/state_19/full_model/train_and_test_segments_sorted/test_segments.bed.gz
    output: ../../model_analysis/K562_hg19/all_mark_model/state_19/full_model/overlap_crispr_mpra/foreground/train_overlap.txt, ../../model_analysis/K562_hg19/all_mark_model/state_19/full_model/overlap_crispr_mpra/foreground/test_overlap.txt
    jobid: 18
    wildcards: model_folder=../../model_analysis/K562_hg19/all_mark_model/state_19/full_model, fore_or_back=foreground

Submitted job 18 with external jobid 'Submitted batch job 1958085'.
[Fri Jul  9 06:55:01 2021]
Finished job 11.
1 of 25 steps (4%) done
[Fri Jul  9 06:55:01 2021]
Finished job 4.
2 of 25 steps (8%) done
[Fri Jul  9 06:55:01 2021]
Finished job 19.
3 of 25 steps (12%) done
[Fri Jul  9 06:55:01 2021]
Finished job 12.
4 of 25 steps (16%) done
[Fri Jul  9 06:55:02 2021]
Finished job 20.
5 of 25 steps (20%) done
[Fri Jul  9 06:55:02 2021]
Finished job 5.
6 of 25 steps (24%) done
[Fri Jul  9 06:55:02 2021]
Finished job 13.
7 of 25 steps (28%) done
[Fri Jul  9 06:55:02 2021]
Finished job 6.
8 of 25 steps (32%) done
[Fri Jul  9 06:55:02 2021]
Finished job 21.
9 of 25 steps (36%) done
[Fri Jul  9 06:55:03 2021]
Finished job 15.
10 of 25 steps (40%) done
[Fri Jul  9 06:55:03 2021]
Finished job 8.
11 of 25 steps (44%) done
[Fri Jul  9 06:55:03 2021]
Finished job 23.
12 of 25 steps (48%) done
[Fri Jul  9 06:55:03 2021]
Finished job 3.
13 of 25 steps (52%) done
[Fri Jul  9 06:55:03 2021]
Finished job 16.
14 of 25 steps (56%) done
[Fri Jul  9 06:55:03 2021]
Finished job 9.
15 of 25 steps (60%) done
[Fri Jul  9 06:55:03 2021]
Finished job 24.
16 of 25 steps (64%) done
[Fri Jul  9 06:55:03 2021]
Finished job 1.
17 of 25 steps (68%) done
[Fri Jul  9 06:55:03 2021]
Finished job 17.
18 of 25 steps (72%) done
[Fri Jul  9 06:55:03 2021]
Finished job 10.
19 of 25 steps (76%) done
[Fri Jul  9 06:55:14 2021]
Finished job 14.
20 of 25 steps (80%) done
[Fri Jul  9 06:55:14 2021]
Finished job 7.
21 of 25 steps (84%) done
[Fri Jul  9 06:55:14 2021]
Finished job 22.
22 of 25 steps (88%) done
[Fri Jul  9 06:55:14 2021]
Finished job 18.
23 of 25 steps (92%) done
[Fri Jul  9 06:55:24 2021]
Finished job 2.
24 of 25 steps (96%) done

[Fri Jul  9 06:55:24 2021]
localrule all:
    input: ../../model_analysis/K562_hg19/all_mark_model/state_2/full_model/overlap_crispr_mpra/foreground/train_overlap.txt, ../../model_analysis/K562_hg19/all_mark_model/state_2/full_model/overlap_crispr_mpra/foreground/test_overlap.txt, ../../model_analysis/K562_hg19/all_mark_model/state_3/full_model/overlap_crispr_mpra/foreground/train_overlap.txt, ../../model_analysis/K562_hg19/all_mark_model/state_3/full_model/overlap_crispr_mpra/foreground/test_overlap.txt, ../../model_analysis/K562_hg19/all_mark_model/state_4/full_model/overlap_crispr_mpra/foreground/train_overlap.txt, ../../model_analysis/K562_hg19/all_mark_model/state_4/full_model/overlap_crispr_mpra/foreground/test_overlap.txt, ../../model_analysis/K562_hg19/all_mark_model/state_5/full_model/overlap_crispr_mpra/foreground/train_overlap.txt, ../../model_analysis/K562_hg19/all_mark_model/state_5/full_model/overlap_crispr_mpra/foreground/test_overlap.txt, ../../model_analysis/K562_hg19/all_mark_model/state_6/full_model/overlap_crispr_mpra/foreground/train_overlap.txt, ../../model_analysis/K562_hg19/all_mark_model/state_6/full_model/overlap_crispr_mpra/foreground/test_overlap.txt, ../../model_analysis/K562_hg19/all_mark_model/state_7/full_model/overlap_crispr_mpra/foreground/train_overlap.txt, ../../model_analysis/K562_hg19/all_mark_model/state_7/full_model/overlap_crispr_mpra/foreground/test_overlap.txt, ../../model_analysis/K562_hg19/all_mark_model/state_8/full_model/overlap_crispr_mpra/foreground/train_overlap.txt, ../../model_analysis/K562_hg19/all_mark_model/state_8/full_model/overlap_crispr_mpra/foreground/test_overlap.txt, ../../model_analysis/K562_hg19/all_mark_model/state_9/full_model/overlap_crispr_mpra/foreground/train_overlap.txt, ../../model_analysis/K562_hg19/all_mark_model/state_9/full_model/overlap_crispr_mpra/foreground/test_overlap.txt, ../../model_analysis/K562_hg19/all_mark_model/state_10/full_model/overlap_crispr_mpra/foreground/train_overlap.txt, ../../model_analysis/K562_hg19/all_mark_model/state_10/full_model/overlap_crispr_mpra/foreground/test_overlap.txt, ../../model_analysis/K562_hg19/all_mark_model/state_11/full_model/overlap_crispr_mpra/foreground/train_overlap.txt, ../../model_analysis/K562_hg19/all_mark_model/state_11/full_model/overlap_crispr_mpra/foreground/test_overlap.txt, ../../model_analysis/K562_hg19/all_mark_model/state_12/full_model/overlap_crispr_mpra/foreground/train_overlap.txt, ../../model_analysis/K562_hg19/all_mark_model/state_12/full_model/overlap_crispr_mpra/foreground/test_overlap.txt, ../../model_analysis/K562_hg19/all_mark_model/state_13/full_model/overlap_crispr_mpra/foreground/train_overlap.txt, ../../model_analysis/K562_hg19/all_mark_model/state_13/full_model/overlap_crispr_mpra/foreground/test_overlap.txt, ../../model_analysis/K562_hg19/all_mark_model/state_14/full_model/overlap_crispr_mpra/foreground/train_overlap.txt, ../../model_analysis/K562_hg19/all_mark_model/state_14/full_model/overlap_crispr_mpra/foreground/test_overlap.txt, ../../model_analysis/K562_hg19/all_mark_model/state_15/full_model/overlap_crispr_mpra/foreground/train_overlap.txt, ../../model_analysis/K562_hg19/all_mark_model/state_15/full_model/overlap_crispr_mpra/foreground/test_overlap.txt, ../../model_analysis/K562_hg19/all_mark_model/state_16/full_model/overlap_crispr_mpra/foreground/train_overlap.txt, ../../model_analysis/K562_hg19/all_mark_model/state_16/full_model/overlap_crispr_mpra/foreground/test_overlap.txt, ../../model_analysis/K562_hg19/all_mark_model/state_17/full_model/overlap_crispr_mpra/foreground/train_overlap.txt, ../../model_analysis/K562_hg19/all_mark_model/state_17/full_model/overlap_crispr_mpra/foreground/test_overlap.txt, ../../model_analysis/K562_hg19/all_mark_model/state_18/full_model/overlap_crispr_mpra/foreground/train_overlap.txt, ../../model_analysis/K562_hg19/all_mark_model/state_18/full_model/overlap_crispr_mpra/foreground/test_overlap.txt, ../../model_analysis/K562_hg19/all_mark_model/state_19/full_model/overlap_crispr_mpra/foreground/train_overlap.txt, ../../model_analysis/K562_hg19/all_mark_model/state_19/full_model/overlap_crispr_mpra/foreground/test_overlap.txt, ../../model_analysis/K562_hg19/all_mark_model/state_20/full_model/overlap_crispr_mpra/foreground/train_overlap.txt, ../../model_analysis/K562_hg19/all_mark_model/state_20/full_model/overlap_crispr_mpra/foreground/test_overlap.txt, ../../model_analysis/K562_hg19/all_mark_model/state_21/full_model/overlap_crispr_mpra/foreground/train_overlap.txt, ../../model_analysis/K562_hg19/all_mark_model/state_21/full_model/overlap_crispr_mpra/foreground/test_overlap.txt, ../../model_analysis/K562_hg19/all_mark_model/state_22/full_model/overlap_crispr_mpra/foreground/train_overlap.txt, ../../model_analysis/K562_hg19/all_mark_model/state_22/full_model/overlap_crispr_mpra/foreground/test_overlap.txt, ../../model_analysis/K562_hg19/all_mark_model/state_23/full_model/overlap_crispr_mpra/foreground/train_overlap.txt, ../../model_analysis/K562_hg19/all_mark_model/state_23/full_model/overlap_crispr_mpra/foreground/test_overlap.txt, ../../model_analysis/K562_hg19/all_mark_model/state_24/full_model/overlap_crispr_mpra/foreground/train_overlap.txt, ../../model_analysis/K562_hg19/all_mark_model/state_24/full_model/overlap_crispr_mpra/foreground/test_overlap.txt, ../../model_analysis/K562_hg19/all_mark_model/state_25/full_model/overlap_crispr_mpra/foreground/train_overlap.txt, ../../model_analysis/K562_hg19/all_mark_model/state_25/full_model/overlap_crispr_mpra/foreground/test_overlap.txt, ../../model_analysis/K562_hg19/all_mark_model/state_2/full_model/overlap_crispr_mpra/background/train_overlap.txt, ../../model_analysis/K562_hg19/all_mark_model/state_2/full_model/overlap_crispr_mpra/background/test_overlap.txt, ../../model_analysis/K562_hg19/all_mark_model/state_3/full_model/overlap_crispr_mpra/background/train_overlap.txt, ../../model_analysis/K562_hg19/all_mark_model/state_3/full_model/overlap_crispr_mpra/background/test_overlap.txt, ../../model_analysis/K562_hg19/all_mark_model/state_4/full_model/overlap_crispr_mpra/background/train_overlap.txt, ../../model_analysis/K562_hg19/all_mark_model/state_4/full_model/overlap_crispr_mpra/background/test_overlap.txt, ../../model_analysis/K562_hg19/all_mark_model/state_5/full_model/overlap_crispr_mpra/background/train_overlap.txt, ../../model_analysis/K562_hg19/all_mark_model/state_5/full_model/overlap_crispr_mpra/background/test_overlap.txt, ../../model_analysis/K562_hg19/all_mark_model/state_6/full_model/overlap_crispr_mpra/background/train_overlap.txt, ../../model_analysis/K562_hg19/all_mark_model/state_6/full_model/overlap_crispr_mpra/background/test_overlap.txt, ../../model_analysis/K562_hg19/all_mark_model/state_7/full_model/overlap_crispr_mpra/background/train_overlap.txt, ../../model_analysis/K562_hg19/all_mark_model/state_7/full_model/overlap_crispr_mpra/background/test_overlap.txt, ../../model_analysis/K562_hg19/all_mark_model/state_8/full_model/overlap_crispr_mpra/background/train_overlap.txt, ../../model_analysis/K562_hg19/all_mark_model/state_8/full_model/overlap_crispr_mpra/background/test_overlap.txt, ../../model_analysis/K562_hg19/all_mark_model/state_9/full_model/overlap_crispr_mpra/background/train_overlap.txt, ../../model_analysis/K562_hg19/all_mark_model/state_9/full_model/overlap_crispr_mpra/background/test_overlap.txt, ../../model_analysis/K562_hg19/all_mark_model/state_10/full_model/overlap_crispr_mpra/background/train_overlap.txt, ../../model_analysis/K562_hg19/all_mark_model/state_10/full_model/overlap_crispr_mpra/background/test_overlap.txt, ../../model_analysis/K562_hg19/all_mark_model/state_11/full_model/overlap_crispr_mpra/background/train_overlap.txt, ../../model_analysis/K562_hg19/all_mark_model/state_11/full_model/overlap_crispr_mpra/background/test_overlap.txt, ../../model_analysis/K562_hg19/all_mark_model/state_12/full_model/overlap_crispr_mpra/background/train_overlap.txt, ../../model_analysis/K562_hg19/all_mark_model/state_12/full_model/overlap_crispr_mpra/background/test_overlap.txt, ../../model_analysis/K562_hg19/all_mark_model/state_13/full_model/overlap_crispr_mpra/background/train_overlap.txt, ../../model_analysis/K562_hg19/all_mark_model/state_13/full_model/overlap_crispr_mpra/background/test_overlap.txt, ../../model_analysis/K562_hg19/all_mark_model/state_14/full_model/overlap_crispr_mpra/background/train_overlap.txt, ../../model_analysis/K562_hg19/all_mark_model/state_14/full_model/overlap_crispr_mpra/background/test_overlap.txt, ../../model_analysis/K562_hg19/all_mark_model/state_15/full_model/overlap_crispr_mpra/background/train_overlap.txt, ../../model_analysis/K562_hg19/all_mark_model/state_15/full_model/overlap_crispr_mpra/background/test_overlap.txt, ../../model_analysis/K562_hg19/all_mark_model/state_16/full_model/overlap_crispr_mpra/background/train_overlap.txt, ../../model_analysis/K562_hg19/all_mark_model/state_16/full_model/overlap_crispr_mpra/background/test_overlap.txt, ../../model_analysis/K562_hg19/all_mark_model/state_17/full_model/overlap_crispr_mpra/background/train_overlap.txt, ../../model_analysis/K562_hg19/all_mark_model/state_17/full_model/overlap_crispr_mpra/background/test_overlap.txt, ../../model_analysis/K562_hg19/all_mark_model/state_18/full_model/overlap_crispr_mpra/background/train_overlap.txt, ../../model_analysis/K562_hg19/all_mark_model/state_18/full_model/overlap_crispr_mpra/background/test_overlap.txt, ../../model_analysis/K562_hg19/all_mark_model/state_19/full_model/overlap_crispr_mpra/background/train_overlap.txt, ../../model_analysis/K562_hg19/all_mark_model/state_19/full_model/overlap_crispr_mpra/background/test_overlap.txt, ../../model_analysis/K562_hg19/all_mark_model/state_20/full_model/overlap_crispr_mpra/background/train_overlap.txt, ../../model_analysis/K562_hg19/all_mark_model/state_20/full_model/overlap_crispr_mpra/background/test_overlap.txt, ../../model_analysis/K562_hg19/all_mark_model/state_21/full_model/overlap_crispr_mpra/background/train_overlap.txt, ../../model_analysis/K562_hg19/all_mark_model/state_21/full_model/overlap_crispr_mpra/background/test_overlap.txt, ../../model_analysis/K562_hg19/all_mark_model/state_22/full_model/overlap_crispr_mpra/background/train_overlap.txt, ../../model_analysis/K562_hg19/all_mark_model/state_22/full_model/overlap_crispr_mpra/background/test_overlap.txt, ../../model_analysis/K562_hg19/all_mark_model/state_23/full_model/overlap_crispr_mpra/background/train_overlap.txt, ../../model_analysis/K562_hg19/all_mark_model/state_23/full_model/overlap_crispr_mpra/background/test_overlap.txt, ../../model_analysis/K562_hg19/all_mark_model/state_24/full_model/overlap_crispr_mpra/background/train_overlap.txt, ../../model_analysis/K562_hg19/all_mark_model/state_24/full_model/overlap_crispr_mpra/background/test_overlap.txt, ../../model_analysis/K562_hg19/all_mark_model/state_25/full_model/overlap_crispr_mpra/background/train_overlap.txt, ../../model_analysis/K562_hg19/all_mark_model/state_25/full_model/overlap_crispr_mpra/background/test_overlap.txt
    jobid: 0

[Fri Jul  9 06:55:24 2021]
Finished job 0.
25 of 25 steps (100%) done
Complete log: /gstore/home/vuh6/source/compare_overlap_external_annot/.snakemake/log/2021-07-09T065415.489885.snakemake.log
