Building DAG of jobs...
Using shell: /usr/bin/bash
Provided cluster nodes: 28
Job counts:
	count	jobs
	1	all
	1	calculate_train_test_ROC_precall_against_bg
	2	get_segment_file_train_test
	2	get_segmentation_based_on_entropy
	4	overlap_against_background
	4	overlap_with_genome_contexts
	14

[Tue Jul 13 18:27:01 2021]
rule get_segmentation_based_on_entropy:
    input: ../../model_analysis/K562_hg19/all_mark_model/state_25/full_model/POSTERIOR/entropy/entropy_chr1.txt.gz, ../../model_analysis/K562_hg19/all_mark_model/state_25/full_model/POSTERIOR/entropy/entropy_chrX.txt.gz
    output: ../../model_analysis/K562_hg19/all_mark_model/state_25/full_model/segment_based_on_entropy/genome_segments_sorted.bed.gz
    jobid: 28
    wildcards: num_mark_model=all_mark_model, num_state=25

Submitted job 28 with external jobid 'Submitted batch job 2386748'.

[Tue Jul 13 18:27:01 2021]
rule get_segmentation_based_on_entropy:
    input: ../../model_analysis/K562_hg19/three_mark_model/state_8/full_model/POSTERIOR/entropy/entropy_chr1.txt.gz, ../../model_analysis/K562_hg19/three_mark_model/state_8/full_model/POSTERIOR/entropy/entropy_chrX.txt.gz
    output: ../../model_analysis/K562_hg19/three_mark_model/state_8/full_model/segment_based_on_entropy/genome_segments_sorted.bed.gz
    jobid: 29
    wildcards: num_mark_model=three_mark_model, num_state=8

Submitted job 29 with external jobid 'Submitted batch job 2386749'.
[Tue Jul 13 18:27:11 2021]
Error in rule get_segmentation_based_on_entropy:
    jobid: 29
    output: ../../model_analysis/K562_hg19/three_mark_model/state_8/full_model/segment_based_on_entropy/genome_segments_sorted.bed.gz
    shell:
        
		python ./scripts/change_segmentation_based_on_entropy.py ../../model_analysis/K562_hg19/three_mark_model/state_8/full_model/POSTERIOR/entropy ../../model_analysis/K562_hg19/three_mark_model/state_8/full_model/segment_based_on_entropy/genome_segments_sorted.bed.gz 
		
        (one of the commands exited with non-zero exit code; note that snakemake uses bash strict mode!)
    cluster_jobid: Submitted batch job 2386749

Error executing rule get_segmentation_based_on_entropy on cluster (jobid: 29, external: Submitted batch job 2386749, jobscript: /gstore/home/vuh6/source/compare_overlap_external_annot/.snakemake/tmp.u1tx8iu9/snakejob.get_segmentation_based_on_entropy.29.sh). For error details see the cluster log and the log files of the involved rule(s).
[Tue Jul 13 18:27:21 2021]
Error in rule get_segmentation_based_on_entropy:
    jobid: 28
    output: ../../model_analysis/K562_hg19/all_mark_model/state_25/full_model/segment_based_on_entropy/genome_segments_sorted.bed.gz
    shell:
        
		python ./scripts/change_segmentation_based_on_entropy.py ../../model_analysis/K562_hg19/all_mark_model/state_25/full_model/POSTERIOR/entropy ../../model_analysis/K562_hg19/all_mark_model/state_25/full_model/segment_based_on_entropy/genome_segments_sorted.bed.gz 
		
        (one of the commands exited with non-zero exit code; note that snakemake uses bash strict mode!)
    cluster_jobid: Submitted batch job 2386748

Error executing rule get_segmentation_based_on_entropy on cluster (jobid: 28, external: Submitted batch job 2386748, jobscript: /gstore/home/vuh6/source/compare_overlap_external_annot/.snakemake/tmp.u1tx8iu9/snakejob.get_segmentation_based_on_entropy.28.sh). For error details see the cluster log and the log files of the involved rule(s).
Shutting down, this might take some time.
Exiting because a job execution failed. Look above for error message
Complete log: /gstore/home/vuh6/source/compare_overlap_external_annot/.snakemake/log/2021-07-13T182659.711720.snakemake.log
