Building DAG of jobs...
Using shell: /usr/bin/bash
Provided cores: 1 (use --cores to define parallelism)
Rules claiming more threads will be scaled down.
Job counts:
	count	jobs
	1	all
	2	overlap_against_background
	3

[Fri Jul  9 07:50:29 2021]
rule overlap_against_background:
    input: ../../model_analysis/K562_hg19/three_mark_model/state_2/full_model/overlap_crispr_mpra/foreground/test_overlap.txt, ../../model_analysis/K562_hg19/three_mark_model/state_2/full_model/overlap_crispr_mpra/background/test_overlap.txt
    output: ../../model_analysis/K562_hg19/three_mark_model/state_2/full_model/overlap_crispr_mpra_fg_against_bg/test_overlap.txt
    jobid: 2
    wildcards: model_folder=../../model_analysis/K562_hg19/three_mark_model/state_2/full_model, TT=test

[Fri Jul  9 07:50:36 2021]
Error in rule overlap_against_background:
    jobid: 2
    output: ../../model_analysis/K562_hg19/three_mark_model/state_2/full_model/overlap_crispr_mpra_fg_against_bg/test_overlap.txt
    shell:
        
		python ./scripts/calculate_fold_enrichment_against_background.py ../../model_analysis/K562_hg19/three_mark_model/state_2/full_model/overlap_crispr_mpra/background/test_overlap.txt ../../model_analysis/K562_hg19/three_mark_model/state_2/full_model/overlap_crispr_mpra/foreground/test_overlap.txt ../../data/hg19/K562/COORD_CRISPR_MPRA_DATA/for_enrichment/match_foreground_background ../../model_analysis/K562_hg19/three_mark_model/state_2/full_model/overlap_crispr_mpra_fg_against_bg/test_overlap.txt
		
        (one of the commands exited with non-zero exit code; note that snakemake uses bash strict mode!)

Shutting down, this might take some time.
Exiting because a job execution failed. Look above for error message
Complete log: /gstore/home/vuh6/source/compare_overlap_external_annot/.snakemake/log/2021-07-09T075029.071877.snakemake.log
