Building DAG of jobs...
Using shell: /usr/bin/bash
Provided cores: 1 (use --cores to define parallelism)
Rules claiming more threads will be scaled down.
Job counts:
	count	jobs
	1	all
	2	get_segment_file_train_test
	2	sort_segment_file
	5

[Tue Jul  6 16:45:54 2021]
rule sort_segment_file:
    input: ../../model_analysis/K562_hg19/all_mark_model/state_2/full_model/genome_2_segments.bed.gz
    output: ../../model_analysis/K562_hg19/all_mark_model/state_2/full_model/genome_2_segments_sorted.bed.gz
    jobid: 5
    wildcards: num_mark_model=all_mark_model, num_state=2

[Tue Jul  6 16:45:57 2021]
Finished job 5.
1 of 5 steps (20%) done

[Tue Jul  6 16:45:57 2021]
rule get_segment_file_train_test:
    input: ../../model_analysis/K562_hg19/all_mark_model/state_2/full_model/genome_2_segments_sorted.bed.gz, ../../model_analysis/train_segments.bed.gz, ../../model_analysis/test_segments.bed.gz
    output: ../../model_analysis/K562_hg19/all_mark_model/state_2/full_model/train_and_test_segments/train_segments.bed.gz, ../../model_analysis/K562_hg19/all_mark_model/state_2/full_model/train_and_test_segments/test_segments.bed.gz
    jobid: 2
    wildcards: num_mark_model=all_mark_model, num_state=2

[Tue Jul  6 16:46:32 2021]
Finished job 2.
2 of 5 steps (40%) done

[Tue Jul  6 16:46:32 2021]
rule sort_segment_file:
    input: ../../model_analysis/K562_hg19/three_mark_model/state_2/full_model/genome_2_segments.bed.gz
    output: ../../model_analysis/K562_hg19/three_mark_model/state_2/full_model/genome_2_segments_sorted.bed.gz
    jobid: 3
    wildcards: num_mark_model=three_mark_model, num_state=2

[Tue Jul  6 16:46:34 2021]
Finished job 3.
3 of 5 steps (60%) done

[Tue Jul  6 16:46:34 2021]
rule get_segment_file_train_test:
    input: ../../model_analysis/K562_hg19/three_mark_model/state_2/full_model/genome_2_segments_sorted.bed.gz, ../../model_analysis/train_segments.bed.gz, ../../model_analysis/test_segments.bed.gz
    output: ../../model_analysis/K562_hg19/three_mark_model/state_2/full_model/train_and_test_segments/train_segments.bed.gz, ../../model_analysis/K562_hg19/three_mark_model/state_2/full_model/train_and_test_segments/test_segments.bed.gz
    jobid: 1
    wildcards: num_mark_model=three_mark_model, num_state=2

[Tue Jul  6 16:47:09 2021]
Finished job 1.
4 of 5 steps (80%) done

[Tue Jul  6 16:47:09 2021]
localrule all:
    input: ../../model_analysis/K562_hg19/three_mark_model/state_2/full_model/train_and_test_segments/train_segments.bed.gz, ../../model_analysis/K562_hg19/all_mark_model/state_2/full_model/train_and_test_segments/train_segments.bed.gz, ../../model_analysis/K562_hg19/three_mark_model/state_2/full_model/train_and_test_segments/test_segments.bed.gz, ../../model_analysis/K562_hg19/all_mark_model/state_2/full_model/train_and_test_segments/test_segments.bed.gz
    jobid: 0

[Tue Jul  6 16:47:09 2021]
Finished job 0.
5 of 5 steps (100%) done
Complete log: /gstore/home/vuh6/source/compare_overlap_external_annot/.snakemake/log/2021-07-06T164554.124265.snakemake.log
