Building DAG of jobs...
Using shell: /usr/bin/bash
Provided cores: 1 (use --cores to define parallelism)
Rules claiming more threads will be scaled down.
Job counts:
	count	jobs
	1	all
	2	overlap_against_background
	3

[Fri Jul  9 07:51:50 2021]
rule overlap_against_background:
    input: ../../model_analysis/K562_hg19/three_mark_model/state_2/full_model/overlap_crispr_mpra/foreground/test_overlap.txt, ../../model_analysis/K562_hg19/three_mark_model/state_2/full_model/overlap_crispr_mpra/background/test_overlap.txt
    output: ../../model_analysis/K562_hg19/three_mark_model/state_2/full_model/overlap_crispr_mpra_fg_against_bg/test_overlap.txt
    jobid: 2
    wildcards: model_folder=../../model_analysis/K562_hg19/three_mark_model/state_2/full_model, TT=test

[Fri Jul  9 07:51:52 2021]
Finished job 2.
1 of 3 steps (33%) done

[Fri Jul  9 07:51:52 2021]
rule overlap_against_background:
    input: ../../model_analysis/K562_hg19/three_mark_model/state_2/full_model/overlap_crispr_mpra/foreground/train_overlap.txt, ../../model_analysis/K562_hg19/three_mark_model/state_2/full_model/overlap_crispr_mpra/background/train_overlap.txt
    output: ../../model_analysis/K562_hg19/three_mark_model/state_2/full_model/overlap_crispr_mpra_fg_against_bg/train_overlap.txt
    jobid: 1
    wildcards: model_folder=../../model_analysis/K562_hg19/three_mark_model/state_2/full_model, TT=train

[Fri Jul  9 07:51:53 2021]
Finished job 1.
2 of 3 steps (67%) done

[Fri Jul  9 07:51:53 2021]
localrule all:
    input: ../../model_analysis/K562_hg19/three_mark_model/state_2/full_model/overlap_crispr_mpra_fg_against_bg/train_overlap.txt, ../../model_analysis/K562_hg19/three_mark_model/state_2/full_model/overlap_crispr_mpra_fg_against_bg/test_overlap.txt
    jobid: 0

[Fri Jul  9 07:51:53 2021]
Finished job 0.
3 of 3 steps (100%) done
Complete log: /gstore/home/vuh6/source/compare_overlap_external_annot/.snakemake/log/2021-07-09T075150.835077.snakemake.log
