Building DAG of jobs...
MissingInputException in line 10 of /gstore/home/vuh6/source/compare_overlap_external_annot/compare_models_recover_GC.snakefile:
Missing input files for rule all:
../../model_analysis/three_mark_model/state_8/full_model/POSTERIOR/genome_8_chr1_posterior.txt.gz
../../model_analysis/three_mark_model/state_5/full_model/POSTERIOR/genome_5_chrX_posterior.txt.gz
../../model_analysis/all_mark_model/state_12/full_model/POSTERIOR/genome_12_chrX_posterior.txt.gz
../../model_analysis/all_mark_model/state_7/full_model/POSTERIOR/genome_7_chr1_posterior.txt.gz
../../model_analysis/all_mark_model/state_10/full_model/POSTERIOR/genome_10_chr1_posterior.txt.gz
../../model_analysis/all_mark_model/state_3/full_model/POSTERIOR/genome_3_chrX_posterior.txt.gz
../../model_analysis/all_mark_model/state_8/full_model/POSTERIOR/genome_8_chrX_posterior.txt.gz
../../model_analysis/all_mark_model/state_21/full_model/POSTERIOR/genome_21_chr1_posterior.txt.gz
../../model_analysis/three_mark_model/state_3/full_model/POSTERIOR/genome_3_chr1_posterior.txt.gz
../../model_analysis/all_mark_model/state_6/full_model/POSTERIOR/genome_6_chrX_posterior.txt.gz
../../model_analysis/all_mark_model/state_24/full_model/POSTERIOR/genome_24_chrX_posterior.txt.gz
../../model_analysis/three_mark_model/state_3/full_model/POSTERIOR/genome_3_chrX_posterior.txt.gz
../../model_analysis/three_mark_model/state_7/full_model/POSTERIOR/genome_7_chr1_posterior.txt.gz
../../model_analysis/all_mark_model/state_23/full_model/POSTERIOR/genome_23_chrX_posterior.txt.gz
../../model_analysis/three_mark_model/state_4/full_model/POSTERIOR/genome_4_chrX_posterior.txt.gz
../../model_analysis/three_mark_model/state_7/full_model/POSTERIOR/genome_7_chrX_posterior.txt.gz
../../model_analysis/all_mark_model/state_8/full_model/POSTERIOR/genome_8_chr1_posterior.txt.gz
../../model_analysis/three_mark_model/state_6/full_model/POSTERIOR/genome_6_chrX_posterior.txt.gz
../../model_analysis/all_mark_model/state_11/full_model/POSTERIOR/genome_11_chr1_posterior.txt.gz
../../model_analysis/three_mark_model/state_6/full_model/POSTERIOR/genome_6_chr1_posterior.txt.gz
../../model_analysis/all_mark_model/state_4/full_model/POSTERIOR/genome_4_chrX_posterior.txt.gz
../../model_analysis/all_mark_model/state_6/full_model/POSTERIOR/genome_6_chr1_posterior.txt.gz
../../model_analysis/all_mark_model/state_20/full_model/POSTERIOR/genome_20_chrX_posterior.txt.gz
../../model_analysis/all_mark_model/state_19/full_model/POSTERIOR/genome_19_chr1_posterior.txt.gz
../../model_analysis/all_mark_model/state_2/full_model/POSTERIOR/genome_2_chr1_posterior.txt.gz
../../model_analysis/three_mark_model/state_2/full_model/POSTERIOR/genome_2_chrX_posterior.txt.gz
../../model_analysis/all_mark_model/state_15/full_model/POSTERIOR/genome_15_chrX_posterior.txt.gz
../../model_analysis/all_mark_model/state_20/full_model/POSTERIOR/genome_20_chr1_posterior.txt.gz
../../model_analysis/three_mark_model/state_4/full_model/POSTERIOR/genome_4_chr1_posterior.txt.gz
../../model_analysis/all_mark_model/state_22/full_model/POSTERIOR/genome_22_chr1_posterior.txt.gz
../../model_analysis/three_mark_model/state_5/full_model/POSTERIOR/genome_5_chr1_posterior.txt.gz
../../model_analysis/all_mark_model/state_21/full_model/POSTERIOR/genome_21_chrX_posterior.txt.gz
../../model_analysis/three_mark_model/state_2/full_model/POSTERIOR/genome_2_chr1_posterior.txt.gz
../../model_analysis/all_mark_model/state_16/full_model/POSTERIOR/genome_16_chr1_posterior.txt.gz
../../model_analysis/all_mark_model/state_5/full_model/POSTERIOR/genome_5_chr1_posterior.txt.gz
../../model_analysis/all_mark_model/state_25/full_model/POSTERIOR/genome_25_chrX_posterior.txt.gz
../../model_analysis/three_mark_model/state_8/full_model/POSTERIOR/genome_8_chrX_posterior.txt.gz
../../model_analysis/all_mark_model/state_24/full_model/POSTERIOR/genome_24_chr1_posterior.txt.gz
../../model_analysis/all_mark_model/state_9/full_model/POSTERIOR/genome_9_chr1_posterior.txt.gz
../../model_analysis/all_mark_model/state_3/full_model/POSTERIOR/genome_3_chr1_posterior.txt.gz
../../model_analysis/all_mark_model/state_11/full_model/POSTERIOR/genome_11_chrX_posterior.txt.gz
../../model_analysis/all_mark_model/state_17/full_model/POSTERIOR/genome_17_chrX_posterior.txt.gz
../../model_analysis/all_mark_model/state_22/full_model/POSTERIOR/genome_22_chrX_posterior.txt.gz
../../model_analysis/all_mark_model/state_7/full_model/POSTERIOR/genome_7_chrX_posterior.txt.gz
../../model_analysis/all_mark_model/state_19/full_model/POSTERIOR/genome_19_chrX_posterior.txt.gz
../../model_analysis/all_mark_model/state_12/full_model/POSTERIOR/genome_12_chr1_posterior.txt.gz
../../model_analysis/all_mark_model/state_5/full_model/POSTERIOR/genome_5_chrX_posterior.txt.gz
../../model_analysis/all_mark_model/state_25/full_model/POSTERIOR/genome_25_chr1_posterior.txt.gz
../../model_analysis/all_mark_model/state_4/full_model/POSTERIOR/genome_4_chr1_posterior.txt.gz
../../model_analysis/all_mark_model/state_10/full_model/POSTERIOR/genome_10_chrX_posterior.txt.gz
../../model_analysis/all_mark_model/state_13/full_model/POSTERIOR/genome_13_chrX_posterior.txt.gz
../../model_analysis/all_mark_model/state_14/full_model/POSTERIOR/genome_14_chrX_posterior.txt.gz
../../model_analysis/all_mark_model/state_14/full_model/POSTERIOR/genome_14_chr1_posterior.txt.gz
../../model_analysis/all_mark_model/state_2/full_model/POSTERIOR/genome_2_chrX_posterior.txt.gz
../../model_analysis/all_mark_model/state_9/full_model/POSTERIOR/genome_9_chrX_posterior.txt.gz
../../model_analysis/all_mark_model/state_13/full_model/POSTERIOR/genome_13_chr1_posterior.txt.gz
../../model_analysis/all_mark_model/state_16/full_model/POSTERIOR/genome_16_chrX_posterior.txt.gz
../../model_analysis/all_mark_model/state_18/full_model/POSTERIOR/genome_18_chr1_posterior.txt.gz
../../model_analysis/all_mark_model/state_18/full_model/POSTERIOR/genome_18_chrX_posterior.txt.gz
../../model_analysis/all_mark_model/state_23/full_model/POSTERIOR/genome_23_chr1_posterior.txt.gz
../../model_analysis/all_mark_model/state_15/full_model/POSTERIOR/genome_15_chr1_posterior.txt.gz
../../model_analysis/all_mark_model/state_17/full_model/POSTERIOR/genome_17_chr1_posterior.txt.gz
