Building DAG of jobs...
Using shell: /usr/bin/bash
Provided cluster nodes: 100
Job counts:
	count	jobs
	1	all
	2	get_segmentation_based_on_entropy
	3

[Tue Jul 13 13:34:55 2021]
rule get_segmentation_based_on_entropy:
    input: ../../model_analysis/K562_hg19/all_mark_model/state_25/full_model/POSTERIOR/entropy/entropy_chr1.txt.gz, ../../model_analysis/K562_hg19/all_mark_model/state_25/full_model/POSTERIOR/entropy/entropy_chrX.txt.gz
    output: ../../model_analysis/K562_hg19/all_mark_model/state_25/full_model/segment_based_on_entropy/genome_25_segments.bed.gz
    jobid: 4
    wildcards: num_mark_model=all_mark_model, num_state=25

Submitted job 4 with external jobid 'Submitted batch job 2327148'.

[Tue Jul 13 13:34:57 2021]
rule get_segmentation_based_on_entropy:
    input: ../../model_analysis/K562_hg19/three_mark_model/state_8/full_model/POSTERIOR/entropy/entropy_chr1.txt.gz, ../../model_analysis/K562_hg19/three_mark_model/state_8/full_model/POSTERIOR/entropy/entropy_chrX.txt.gz
    output: ../../model_analysis/K562_hg19/three_mark_model/state_8/full_model/segment_based_on_entropy/genome_8_segments.bed.gz
    jobid: 3
    wildcards: num_mark_model=three_mark_model, num_state=8

Submitted job 3 with external jobid 'Submitted batch job 2327149'.
[Tue Jul 13 13:43:25 2021]
Finished job 4.
1 of 3 steps (33%) done
[Tue Jul 13 13:43:45 2021]
Finished job 3.
2 of 3 steps (67%) done

[Tue Jul 13 13:43:45 2021]
localrule all:
    input: ../../model_analysis/K562_hg19/all_mark_model/state_25/full_model/POSTERIOR/entropy/plots/entropy_density_gw.png, ../../model_analysis/K562_hg19/three_mark_model/state_8/full_model/POSTERIOR/entropy/plots/entropy_density_gw.png, ../../model_analysis/K562_hg19/three_mark_model/state_8/full_model/segment_based_on_entropy/genome_8_segments.bed.gz, ../../model_analysis/K562_hg19/all_mark_model/state_25/full_model/segment_based_on_entropy/genome_25_segments.bed.gz
    jobid: 0

[Tue Jul 13 13:43:45 2021]
Finished job 0.
3 of 3 steps (100%) done
Complete log: /gstore/home/vuh6/source/compare_overlap_external_annot/.snakemake/log/2021-07-13T133453.626907.snakemake.log
