Building DAG of jobs...
Using shell: /usr/bin/bash
Provided cluster nodes: 100
Job counts:
	count	jobs
	1	all
	7	overlap_with_genome_contexts
	8

[Fri Jul  9 06:57:17 2021]
rule overlap_with_genome_contexts:
    input: ../../model_analysis/K562_hg19/three_mark_model/state_2/full_model/train_and_test_segments_sorted/train_segments.bed.gz, ../../model_analysis/K562_hg19/three_mark_model/state_2/full_model/train_and_test_segments_sorted/test_segments.bed.gz
    output: ../../model_analysis/K562_hg19/three_mark_model/state_2/full_model/overlap_crispr_mpra/foreground/train_overlap.txt, ../../model_analysis/K562_hg19/three_mark_model/state_2/full_model/overlap_crispr_mpra/foreground/test_overlap.txt
    jobid: 1
    wildcards: model_folder=../../model_analysis/K562_hg19/three_mark_model/state_2/full_model, fore_or_back=foreground

Submitted job 1 with external jobid 'Submitted batch job 1958164'.

[Fri Jul  9 06:57:17 2021]
rule overlap_with_genome_contexts:
    input: ../../model_analysis/K562_hg19/three_mark_model/state_5/full_model/train_and_test_segments_sorted/train_segments.bed.gz, ../../model_analysis/K562_hg19/three_mark_model/state_5/full_model/train_and_test_segments_sorted/test_segments.bed.gz
    output: ../../model_analysis/K562_hg19/three_mark_model/state_5/full_model/overlap_crispr_mpra/foreground/train_overlap.txt, ../../model_analysis/K562_hg19/three_mark_model/state_5/full_model/overlap_crispr_mpra/foreground/test_overlap.txt
    jobid: 4
    wildcards: model_folder=../../model_analysis/K562_hg19/three_mark_model/state_5/full_model, fore_or_back=foreground

Submitted job 4 with external jobid 'Submitted batch job 1958165'.

[Fri Jul  9 06:57:17 2021]
rule overlap_with_genome_contexts:
    input: ../../model_analysis/K562_hg19/three_mark_model/state_7/full_model/train_and_test_segments_sorted/train_segments.bed.gz, ../../model_analysis/K562_hg19/three_mark_model/state_7/full_model/train_and_test_segments_sorted/test_segments.bed.gz
    output: ../../model_analysis/K562_hg19/three_mark_model/state_7/full_model/overlap_crispr_mpra/foreground/train_overlap.txt, ../../model_analysis/K562_hg19/three_mark_model/state_7/full_model/overlap_crispr_mpra/foreground/test_overlap.txt
    jobid: 6
    wildcards: model_folder=../../model_analysis/K562_hg19/three_mark_model/state_7/full_model, fore_or_back=foreground

Submitted job 6 with external jobid 'Submitted batch job 1958166'.

[Fri Jul  9 06:57:17 2021]
rule overlap_with_genome_contexts:
    input: ../../model_analysis/K562_hg19/three_mark_model/state_4/full_model/train_and_test_segments_sorted/train_segments.bed.gz, ../../model_analysis/K562_hg19/three_mark_model/state_4/full_model/train_and_test_segments_sorted/test_segments.bed.gz
    output: ../../model_analysis/K562_hg19/three_mark_model/state_4/full_model/overlap_crispr_mpra/foreground/train_overlap.txt, ../../model_analysis/K562_hg19/three_mark_model/state_4/full_model/overlap_crispr_mpra/foreground/test_overlap.txt
    jobid: 3
    wildcards: model_folder=../../model_analysis/K562_hg19/three_mark_model/state_4/full_model, fore_or_back=foreground

Submitted job 3 with external jobid 'Submitted batch job 1958167'.

[Fri Jul  9 06:57:17 2021]
rule overlap_with_genome_contexts:
    input: ../../model_analysis/K562_hg19/three_mark_model/state_3/full_model/train_and_test_segments_sorted/train_segments.bed.gz, ../../model_analysis/K562_hg19/three_mark_model/state_3/full_model/train_and_test_segments_sorted/test_segments.bed.gz
    output: ../../model_analysis/K562_hg19/three_mark_model/state_3/full_model/overlap_crispr_mpra/foreground/train_overlap.txt, ../../model_analysis/K562_hg19/three_mark_model/state_3/full_model/overlap_crispr_mpra/foreground/test_overlap.txt
    jobid: 2
    wildcards: model_folder=../../model_analysis/K562_hg19/three_mark_model/state_3/full_model, fore_or_back=foreground

Submitted job 2 with external jobid 'Submitted batch job 1958168'.

[Fri Jul  9 06:57:17 2021]
rule overlap_with_genome_contexts:
    input: ../../model_analysis/K562_hg19/three_mark_model/state_6/full_model/train_and_test_segments_sorted/train_segments.bed.gz, ../../model_analysis/K562_hg19/three_mark_model/state_6/full_model/train_and_test_segments_sorted/test_segments.bed.gz
    output: ../../model_analysis/K562_hg19/three_mark_model/state_6/full_model/overlap_crispr_mpra/foreground/train_overlap.txt, ../../model_analysis/K562_hg19/three_mark_model/state_6/full_model/overlap_crispr_mpra/foreground/test_overlap.txt
    jobid: 5
    wildcards: model_folder=../../model_analysis/K562_hg19/three_mark_model/state_6/full_model, fore_or_back=foreground

Submitted job 5 with external jobid 'Submitted batch job 1958169'.

[Fri Jul  9 06:57:17 2021]
rule overlap_with_genome_contexts:
    input: ../../model_analysis/K562_hg19/three_mark_model/state_8/full_model/train_and_test_segments_sorted/train_segments.bed.gz, ../../model_analysis/K562_hg19/three_mark_model/state_8/full_model/train_and_test_segments_sorted/test_segments.bed.gz
    output: ../../model_analysis/K562_hg19/three_mark_model/state_8/full_model/overlap_crispr_mpra/foreground/train_overlap.txt, ../../model_analysis/K562_hg19/three_mark_model/state_8/full_model/overlap_crispr_mpra/foreground/test_overlap.txt
    jobid: 7
    wildcards: model_folder=../../model_analysis/K562_hg19/three_mark_model/state_8/full_model, fore_or_back=foreground

Submitted job 7 with external jobid 'Submitted batch job 1958170'.
[Fri Jul  9 06:57:57 2021]
Finished job 3.
1 of 8 steps (12%) done
[Fri Jul  9 06:57:57 2021]
Finished job 2.
2 of 8 steps (25%) done
[Fri Jul  9 06:58:07 2021]
Finished job 1.
3 of 8 steps (38%) done
[Fri Jul  9 06:58:07 2021]
Finished job 4.
4 of 8 steps (50%) done
[Fri Jul  9 06:58:07 2021]
Finished job 6.
5 of 8 steps (62%) done
[Fri Jul  9 06:58:07 2021]
Finished job 5.
6 of 8 steps (75%) done
[Fri Jul  9 06:58:07 2021]
Finished job 7.
7 of 8 steps (88%) done

[Fri Jul  9 06:58:07 2021]
localrule all:
    input: ../../model_analysis/K562_hg19/three_mark_model/state_2/full_model/overlap_crispr_mpra/foreground/train_overlap.txt, ../../model_analysis/K562_hg19/three_mark_model/state_2/full_model/overlap_crispr_mpra/foreground/test_overlap.txt, ../../model_analysis/K562_hg19/three_mark_model/state_3/full_model/overlap_crispr_mpra/foreground/train_overlap.txt, ../../model_analysis/K562_hg19/three_mark_model/state_3/full_model/overlap_crispr_mpra/foreground/test_overlap.txt, ../../model_analysis/K562_hg19/three_mark_model/state_4/full_model/overlap_crispr_mpra/foreground/train_overlap.txt, ../../model_analysis/K562_hg19/three_mark_model/state_4/full_model/overlap_crispr_mpra/foreground/test_overlap.txt, ../../model_analysis/K562_hg19/three_mark_model/state_5/full_model/overlap_crispr_mpra/foreground/train_overlap.txt, ../../model_analysis/K562_hg19/three_mark_model/state_5/full_model/overlap_crispr_mpra/foreground/test_overlap.txt, ../../model_analysis/K562_hg19/three_mark_model/state_6/full_model/overlap_crispr_mpra/foreground/train_overlap.txt, ../../model_analysis/K562_hg19/three_mark_model/state_6/full_model/overlap_crispr_mpra/foreground/test_overlap.txt, ../../model_analysis/K562_hg19/three_mark_model/state_7/full_model/overlap_crispr_mpra/foreground/train_overlap.txt, ../../model_analysis/K562_hg19/three_mark_model/state_7/full_model/overlap_crispr_mpra/foreground/test_overlap.txt, ../../model_analysis/K562_hg19/three_mark_model/state_8/full_model/overlap_crispr_mpra/foreground/train_overlap.txt, ../../model_analysis/K562_hg19/three_mark_model/state_8/full_model/overlap_crispr_mpra/foreground/test_overlap.txt, ../../model_analysis/K562_hg19/three_mark_model/state_2/full_model/overlap_crispr_mpra/background/train_overlap.txt, ../../model_analysis/K562_hg19/three_mark_model/state_2/full_model/overlap_crispr_mpra/background/test_overlap.txt, ../../model_analysis/K562_hg19/three_mark_model/state_3/full_model/overlap_crispr_mpra/background/train_overlap.txt, ../../model_analysis/K562_hg19/three_mark_model/state_3/full_model/overlap_crispr_mpra/background/test_overlap.txt, ../../model_analysis/K562_hg19/three_mark_model/state_4/full_model/overlap_crispr_mpra/background/train_overlap.txt, ../../model_analysis/K562_hg19/three_mark_model/state_4/full_model/overlap_crispr_mpra/background/test_overlap.txt, ../../model_analysis/K562_hg19/three_mark_model/state_5/full_model/overlap_crispr_mpra/background/train_overlap.txt, ../../model_analysis/K562_hg19/three_mark_model/state_5/full_model/overlap_crispr_mpra/background/test_overlap.txt, ../../model_analysis/K562_hg19/three_mark_model/state_6/full_model/overlap_crispr_mpra/background/train_overlap.txt, ../../model_analysis/K562_hg19/three_mark_model/state_6/full_model/overlap_crispr_mpra/background/test_overlap.txt, ../../model_analysis/K562_hg19/three_mark_model/state_7/full_model/overlap_crispr_mpra/background/train_overlap.txt, ../../model_analysis/K562_hg19/three_mark_model/state_7/full_model/overlap_crispr_mpra/background/test_overlap.txt, ../../model_analysis/K562_hg19/three_mark_model/state_8/full_model/overlap_crispr_mpra/background/train_overlap.txt, ../../model_analysis/K562_hg19/three_mark_model/state_8/full_model/overlap_crispr_mpra/background/test_overlap.txt
    jobid: 0

[Fri Jul  9 06:58:07 2021]
Finished job 0.
8 of 8 steps (100%) done
Complete log: /gstore/home/vuh6/source/compare_overlap_external_annot/.snakemake/log/2021-07-09T065716.838689.snakemake.log
