Building DAG of jobs...
Using shell: /usr/bin/bash
Provided cores: 1 (use --cores to define parallelism)
Rules claiming more threads will be scaled down.
Job counts:
	count	jobs
	1	all
	4	get_colored_excel_enrichment_gw
	5

[Wed Jul 14 17:45:19 2021]
rule get_colored_excel_enrichment_gw:
    input: ../../model_analysis/K562_hg19/all_mark_model/state_25/full_model/overlap_crispr_mpra/foreground/gw_overlap.txt
    output: ../../model_analysis/K562_hg19/all_mark_model/state_25/full_model/overlap_crispr_mpra/foreground/gw_overlap.xlsx
    jobid: 1
    wildcards: model_folder=../../model_analysis/K562_hg19/all_mark_model/state_25/full_model, fore_or_back=foreground, TT=gw, overlap_type=overlap

[Wed Jul 14 17:45:21 2021]
Finished job 1.
1 of 5 steps (20%) done

[Wed Jul 14 17:45:21 2021]
rule get_colored_excel_enrichment_gw:
    input: ../../model_analysis/K562_hg19/all_mark_model/state_25/full_model/overlap_crispr_mpra/background/gw_overlap.txt
    output: ../../model_analysis/K562_hg19/all_mark_model/state_25/full_model/overlap_crispr_mpra/background/gw_overlap.xlsx
    jobid: 2
    wildcards: model_folder=../../model_analysis/K562_hg19/all_mark_model/state_25/full_model, fore_or_back=background, TT=gw, overlap_type=overlap

[Wed Jul 14 17:45:23 2021]
Finished job 2.
2 of 5 steps (40%) done

[Wed Jul 14 17:45:23 2021]
rule get_colored_excel_enrichment_gw:
    input: ../../model_analysis/K562_hg19/three_mark_model/state_8/full_model/overlap_crispr_mpra/foreground/gw_overlap.txt
    output: ../../model_analysis/K562_hg19/three_mark_model/state_8/full_model/overlap_crispr_mpra/foreground/gw_overlap.xlsx
    jobid: 3
    wildcards: model_folder=../../model_analysis/K562_hg19/three_mark_model/state_8/full_model, fore_or_back=foreground, TT=gw, overlap_type=overlap

[Wed Jul 14 17:45:25 2021]
Finished job 3.
3 of 5 steps (60%) done

[Wed Jul 14 17:45:25 2021]
rule get_colored_excel_enrichment_gw:
    input: ../../model_analysis/K562_hg19/three_mark_model/state_8/full_model/overlap_crispr_mpra/background/gw_overlap.txt
    output: ../../model_analysis/K562_hg19/three_mark_model/state_8/full_model/overlap_crispr_mpra/background/gw_overlap.xlsx
    jobid: 4
    wildcards: model_folder=../../model_analysis/K562_hg19/three_mark_model/state_8/full_model, fore_or_back=background, TT=gw, overlap_type=overlap

[Wed Jul 14 17:45:26 2021]
Finished job 4.
4 of 5 steps (80%) done

[Wed Jul 14 17:45:26 2021]
localrule all:
    input: ../../model_analysis/K562_hg19/all_mark_model/state_25/full_model/overlap_crispr_mpra/foreground/gw_overlap.xlsx, ../../model_analysis/K562_hg19/all_mark_model/state_25/full_model/overlap_crispr_mpra/background/gw_overlap.xlsx, ../../model_analysis/K562_hg19/three_mark_model/state_8/full_model/overlap_crispr_mpra/foreground/gw_overlap.xlsx, ../../model_analysis/K562_hg19/three_mark_model/state_8/full_model/overlap_crispr_mpra/background/gw_overlap.xlsx, ../../model_analysis/K562_hg19/compare_models_recover_crispr_mpra/fg_against_bg/auc_Fulco19_significant_DE_G_ST6a.txt, ../../model_analysis/K562_hg19/compare_models_recover_crispr_mpra/fg_against_bg/auc_gasperini19_altScale_664_enhancerGenePairs_ST2B.txt, ../../model_analysis/K562_hg19/compare_models_recover_crispr_mpra/fg_against_bg/auc_gasperini19_pilot_145_EnhancerGenePairs_ST1B.txt, ../../model_analysis/K562_hg19/compare_models_recover_crispr_mpra/fg_against_bg/auc_klann21_S1_discovery_K562_sgrna.txt, ../../model_analysis/K562_hg19/compare_models_recover_crispr_mpra/fg_against_bg/auc_klann21_S2_discovery_K562_bin2.txt, ../../model_analysis/K562_hg19/compare_models_recover_crispr_mpra/fg_against_bg/auc_klann21_S3_discovery_K562_bin3.txt, ../../model_analysis/K562_hg19/compare_models_recover_crispr_mpra/fg_against_bg/auc_klann21_S5_discovery_K562_dhs.txt, ../../model_analysis/K562_hg19/compare_models_recover_crispr_mpra/fg_against_bg/auc_klann21_S6_validation_K562_sgrna.txt, ../../model_analysis/K562_hg19/compare_models_recover_crispr_mpra/fg_against_bg/auc_klann21_S7_validation_K562_bin2.txt, ../../model_analysis/K562_hg19/compare_models_recover_crispr_mpra/fg_against_bg/auc_klann21_S8_validation_K562_bin3.txt
    jobid: 0

[Wed Jul 14 17:45:26 2021]
Finished job 0.
5 of 5 steps (100%) done
Complete log: /gstore/home/vuh6/source/compare_overlap_external_annot/.snakemake/log/2021-07-14T174518.851343.snakemake.log
