Building DAG of jobs...
Using shell: /usr/bin/bash
Provided cores: 1 (use --cores to define parallelism)
Rules claiming more threads will be scaled down.
Job counts:
	count	jobs
	1	all
	1	prepare_sign_DEG_fulco19
	1	prepare_sign_DE_cell_fitness_klann_2021
	3

[Tue Jul  6 10:17:41 2021]
rule prepare_sign_DE_cell_fitness_klann_2021:
    input: ../../data/hg19/K562/klann_2021/raw_data/supplementary_table_1_discovery_screen_k562_sgrna_deseq2_results_hg19.csv.gz, ../../data/hg19/K562/klann_2021/raw_data/supplementary_table_2_discovery_screen_k562_bin2_deseq2_results_hg19.csv.gz, ../../data/hg19/K562/klann_2021/raw_data/supplementary_table_3_discovery_screen_k562_bin3_deseq2_results_hg19.csv.gz, ../../data/hg19/K562/klann_2021/raw_data/supplementary_table_5_DHS_summary_results.txt.gz, ../../data/hg19/K562/klann_2021/raw_data/supplementary_table_6_validation_screen_k562_sgrna_deseq2_results_hg19.csv.gz, ../../data/hg19/K562/klann_2021/raw_data/supplementary_table_7_validation_screen_k562_bin2_deseq2_results_hg19.csv.gz, ../../data/hg19/K562/klann_2021/raw_data/supplementary_table_8_validation_screen_k562_bin3_deseq2_results_hg19.csv.gz
    output: ../../data/hg19/K562/klann_2021/for_enrichment/S1_discovery_K562_sgrna.bed, ../../data/hg19/K562/klann_2021/for_enrichment/S2_discovery_K562_bin2.bed, ../../data/hg19/K562/klann_2021/for_enrichment/S3_discovery_K562_bin3.bed, ../../data/hg19/K562/klann_2021/for_enrichment/S5_discovery_K562_dhs.bed, ../../data/hg19/K562/klann_2021/for_enrichment/S6_validation_K562_sgrna.bed, ../../data/hg19/K562/klann_2021/for_enrichment/S7_validation_K562_bin2.bed, ../../data/hg19/K562/klann_2021/for_enrichment/S8_validation_K562_bin3.bed
    jobid: 2

[Tue Jul  6 10:18:04 2021]
Finished job 2.
1 of 3 steps (33%) done

[Tue Jul  6 10:18:04 2021]
rule prepare_sign_DEG_fulco19:
    input: ../../data/hg19/K562/fulco_2019/ST6a_expTested_DE-G.csv
    output: ../../data/hg19/K562/fulco_2019/significant_DE_G_ST6a.txt
    jobid: 1

[Tue Jul  6 10:18:04 2021]
Finished job 1.
2 of 3 steps (67%) done

[Tue Jul  6 10:18:04 2021]
localrule all:
    input: ../../data/hg19/K562/fulco_2019/significant_DE_G_ST6a.txt, ../../data/hg19/K562/klann_2021/for_enrichment/S1_discovery_K562_sgrna.bed, ../../data/hg19/K562/klann_2021/for_enrichment/S2_discovery_K562_bin2.bed, ../../data/hg19/K562/klann_2021/for_enrichment/S3_discovery_K562_bin3.bed, ../../data/hg19/K562/klann_2021/for_enrichment/S5_discovery_K562_dhs.bed, ../../data/hg19/K562/klann_2021/for_enrichment/S6_validation_K562_sgrna.bed, ../../data/hg19/K562/klann_2021/for_enrichment/S7_validation_K562_bin2.bed, ../../data/hg19/K562/klann_2021/for_enrichment/S8_validation_K562_bin3.bed
    jobid: 0

[Tue Jul  6 10:18:04 2021]
Finished job 0.
3 of 3 steps (100%) done
Complete log: /gstore/home/vuh6/source/compare_overlap_external_annot/.snakemake/log/2021-07-06T101741.586011.snakemake.log
