Building DAG of jobs...
Using shell: /usr/bin/bash
Provided cores: 4
Rules claiming more threads will be scaled down.
Job counts:
	count	jobs
	1	all
	14	overlap_with_genome_contexts
	15

[Tue Jul  6 17:46:01 2021]
rule overlap_with_genome_contexts:
    input: ../../model_analysis/K562_hg19/all_mark_model/state_7/full_model/train_and_test_segments/train_segments.bed.gz, ../../model_analysis/K562_hg19/all_mark_model/state_7/full_model/train_and_test_segments/test_segments.bed.gz
    output: ../../model_analysis/K562_hg19/all_mark_model/state_7/full_model/overlap_crispr_mpra/train_overlap.txt, ../../model_analysis/K562_hg19/all_mark_model/state_7/full_model/overlap_crispr_mpra/test_overlap.txt
    jobid: 6
    wildcards: num_mark_model=all_mark_model, num_state=7


[Tue Jul  6 17:46:01 2021]
rule overlap_with_genome_contexts:
    input: ../../model_analysis/K562_hg19/three_mark_model/state_8/full_model/train_and_test_segments/train_segments.bed.gz, ../../model_analysis/K562_hg19/three_mark_model/state_8/full_model/train_and_test_segments/test_segments.bed.gz
    output: ../../model_analysis/K562_hg19/three_mark_model/state_8/full_model/overlap_crispr_mpra/train_overlap.txt, ../../model_analysis/K562_hg19/three_mark_model/state_8/full_model/overlap_crispr_mpra/test_overlap.txt
    jobid: 14
    wildcards: num_mark_model=three_mark_model, num_state=8


[Tue Jul  6 17:46:01 2021]
rule overlap_with_genome_contexts:
    input: ../../model_analysis/K562_hg19/all_mark_model/state_6/full_model/train_and_test_segments/train_segments.bed.gz, ../../model_analysis/K562_hg19/all_mark_model/state_6/full_model/train_and_test_segments/test_segments.bed.gz
    output: ../../model_analysis/K562_hg19/all_mark_model/state_6/full_model/overlap_crispr_mpra/train_overlap.txt, ../../model_analysis/K562_hg19/all_mark_model/state_6/full_model/overlap_crispr_mpra/test_overlap.txt
    jobid: 5
    wildcards: num_mark_model=all_mark_model, num_state=6


[Tue Jul  6 17:46:01 2021]
rule overlap_with_genome_contexts:
    input: ../../model_analysis/K562_hg19/all_mark_model/state_8/full_model/train_and_test_segments/train_segments.bed.gz, ../../model_analysis/K562_hg19/all_mark_model/state_8/full_model/train_and_test_segments/test_segments.bed.gz
    output: ../../model_analysis/K562_hg19/all_mark_model/state_8/full_model/overlap_crispr_mpra/train_overlap.txt, ../../model_analysis/K562_hg19/all_mark_model/state_8/full_model/overlap_crispr_mpra/test_overlap.txt
    jobid: 7
    wildcards: num_mark_model=all_mark_model, num_state=8

Terminating processes on user request, this might take some time.
[Tue Jul  6 17:46:02 2021]
Error in rule overlap_with_genome_contexts:
    jobid: 5
    output: ../../model_analysis/K562_hg19/all_mark_model/state_6/full_model/overlap_crispr_mpra/train_overlap.txt, ../../model_analysis/K562_hg19/all_mark_model/state_6/full_model/overlap_crispr_mpra/test_overlap.txt
    shell:
        
		java -jar ../../program_source/ChromHMM/ChromHMM/ChromHMM.jar OverlapEnrichment ../../model_analysis/K562_hg19/all_mark_model/state_6/full_model/train_and_test_segments/train_segments.bed.gz ../../data/hg19/K562/COORD_CRISPR_MPRA_DATA/for_enrichment ../../model_analysis/K562_hg19/all_mark_model/state_6/full_model/overlap_crispr_mpra/train_overlap
		java -jar ../../program_source/ChromHMM/ChromHMM/ChromHMM.jar OverlapEnrichment ../../model_analysis/K562_hg19/all_mark_model/state_6/full_model/train_and_test_segments/test_segments.bed.gz ../../data/hg19/K562/COORD_CRISPR_MPRA_DATA/for_enrichment ../../model_analysis/K562_hg19/all_mark_model/state_6/full_model/overlap_crispr_mpra/test_overlap
		
        (one of the commands exited with non-zero exit code; note that snakemake uses bash strict mode!)

[Tue Jul  6 17:46:02 2021]
Error in rule overlap_with_genome_contexts:
    jobid: 6
    output: ../../model_analysis/K562_hg19/all_mark_model/state_7/full_model/overlap_crispr_mpra/train_overlap.txt, ../../model_analysis/K562_hg19/all_mark_model/state_7/full_model/overlap_crispr_mpra/test_overlap.txt
    shell:
        
		java -jar ../../program_source/ChromHMM/ChromHMM/ChromHMM.jar OverlapEnrichment ../../model_analysis/K562_hg19/all_mark_model/state_7/full_model/train_and_test_segments/train_segments.bed.gz ../../data/hg19/K562/COORD_CRISPR_MPRA_DATA/for_enrichment ../../model_analysis/K562_hg19/all_mark_model/state_7/full_model/overlap_crispr_mpra/train_overlap
		java -jar ../../program_source/ChromHMM/ChromHMM/ChromHMM.jar OverlapEnrichment ../../model_analysis/K562_hg19/all_mark_model/state_7/full_model/train_and_test_segments/test_segments.bed.gz ../../data/hg19/K562/COORD_CRISPR_MPRA_DATA/for_enrichment ../../model_analysis/K562_hg19/all_mark_model/state_7/full_model/overlap_crispr_mpra/test_overlap
		
        (one of the commands exited with non-zero exit code; note that snakemake uses bash strict mode!)

[Tue Jul  6 17:46:02 2021]
Error in rule overlap_with_genome_contexts:
    jobid: 7
    output: ../../model_analysis/K562_hg19/all_mark_model/state_8/full_model/overlap_crispr_mpra/train_overlap.txt, ../../model_analysis/K562_hg19/all_mark_model/state_8/full_model/overlap_crispr_mpra/test_overlap.txt
    shell:
        
		java -jar ../../program_source/ChromHMM/ChromHMM/ChromHMM.jar OverlapEnrichment ../../model_analysis/K562_hg19/all_mark_model/state_8/full_model/train_and_test_segments/train_segments.bed.gz ../../data/hg19/K562/COORD_CRISPR_MPRA_DATA/for_enrichment ../../model_analysis/K562_hg19/all_mark_model/state_8/full_model/overlap_crispr_mpra/train_overlap
		java -jar ../../program_source/ChromHMM/ChromHMM/ChromHMM.jar OverlapEnrichment ../../model_analysis/K562_hg19/all_mark_model/state_8/full_model/train_and_test_segments/test_segments.bed.gz ../../data/hg19/K562/COORD_CRISPR_MPRA_DATA/for_enrichment ../../model_analysis/K562_hg19/all_mark_model/state_8/full_model/overlap_crispr_mpra/test_overlap
		
        (one of the commands exited with non-zero exit code; note that snakemake uses bash strict mode!)

[Tue Jul  6 17:46:02 2021]
Error in rule overlap_with_genome_contexts:
    jobid: 14
    output: ../../model_analysis/K562_hg19/three_mark_model/state_8/full_model/overlap_crispr_mpra/train_overlap.txt, ../../model_analysis/K562_hg19/three_mark_model/state_8/full_model/overlap_crispr_mpra/test_overlap.txt
    shell:
        
		java -jar ../../program_source/ChromHMM/ChromHMM/ChromHMM.jar OverlapEnrichment ../../model_analysis/K562_hg19/three_mark_model/state_8/full_model/train_and_test_segments/train_segments.bed.gz ../../data/hg19/K562/COORD_CRISPR_MPRA_DATA/for_enrichment ../../model_analysis/K562_hg19/three_mark_model/state_8/full_model/overlap_crispr_mpra/train_overlap
		java -jar ../../program_source/ChromHMM/ChromHMM/ChromHMM.jar OverlapEnrichment ../../model_analysis/K562_hg19/three_mark_model/state_8/full_model/train_and_test_segments/test_segments.bed.gz ../../data/hg19/K562/COORD_CRISPR_MPRA_DATA/for_enrichment ../../model_analysis/K562_hg19/three_mark_model/state_8/full_model/overlap_crispr_mpra/test_overlap
		
        (one of the commands exited with non-zero exit code; note that snakemake uses bash strict mode!)

Complete log: /gstore/home/vuh6/source/compare_overlap_external_annot/.snakemake/log/2021-07-06T174601.155643.snakemake.log
