Building DAG of jobs...
Using shell: /usr/bin/bash
Provided cluster nodes: 100
Job counts:
	count	jobs
	1	all
	4	overlap_against_background
	4	overlap_with_genome_contexts
	9

[Tue Jul 13 14:00:36 2021]
rule overlap_with_genome_contexts:
    input: ../../model_analysis/K562_hg19/three_mark_model/state_8/full_model/segment_based_on_entropy/train_and_test_segments_sorted/train_segments.bed.gz, ../../model_analysis/K562_hg19/three_mark_model/state_8/full_model/segment_based_on_entropy/train_and_test_segments_sorted/test_segments.bed.gz
    output: ../../model_analysis/K562_hg19/three_mark_model/state_8/full_model/segment_based_on_entropy/overlap_crispr_mpra/foreground/train_overlap.txt, ../../model_analysis/K562_hg19/three_mark_model/state_8/full_model/segment_based_on_entropy/overlap_crispr_mpra/foreground/test_overlap.txt
    jobid: 11
    wildcards: model_folder=../../model_analysis/K562_hg19/three_mark_model/state_8/full_model/segment_based_on_entropy, fore_or_back=foreground

Submitted job 11 with external jobid 'Submitted batch job 2333565'.

[Tue Jul 13 14:00:37 2021]
rule overlap_with_genome_contexts:
    input: ../../model_analysis/K562_hg19/three_mark_model/state_8/full_model/segment_based_on_entropy/train_and_test_segments_sorted/train_segments.bed.gz, ../../model_analysis/K562_hg19/three_mark_model/state_8/full_model/segment_based_on_entropy/train_and_test_segments_sorted/test_segments.bed.gz
    output: ../../model_analysis/K562_hg19/three_mark_model/state_8/full_model/segment_based_on_entropy/overlap_crispr_mpra/background/train_overlap.txt, ../../model_analysis/K562_hg19/three_mark_model/state_8/full_model/segment_based_on_entropy/overlap_crispr_mpra/background/test_overlap.txt
    jobid: 12
    wildcards: model_folder=../../model_analysis/K562_hg19/three_mark_model/state_8/full_model/segment_based_on_entropy, fore_or_back=background

Submitted job 12 with external jobid 'Submitted batch job 2333566'.

[Tue Jul 13 14:00:37 2021]
rule overlap_with_genome_contexts:
    input: ../../model_analysis/K562_hg19/all_mark_model/state_25/full_model/segment_based_on_entropy/train_and_test_segments_sorted/train_segments.bed.gz, ../../model_analysis/K562_hg19/all_mark_model/state_25/full_model/segment_based_on_entropy/train_and_test_segments_sorted/test_segments.bed.gz
    output: ../../model_analysis/K562_hg19/all_mark_model/state_25/full_model/segment_based_on_entropy/overlap_crispr_mpra/foreground/train_overlap.txt, ../../model_analysis/K562_hg19/all_mark_model/state_25/full_model/segment_based_on_entropy/overlap_crispr_mpra/foreground/test_overlap.txt
    jobid: 9
    wildcards: model_folder=../../model_analysis/K562_hg19/all_mark_model/state_25/full_model/segment_based_on_entropy, fore_or_back=foreground

Submitted job 9 with external jobid 'Submitted batch job 2333568'.

[Tue Jul 13 14:00:37 2021]
rule overlap_with_genome_contexts:
    input: ../../model_analysis/K562_hg19/all_mark_model/state_25/full_model/segment_based_on_entropy/train_and_test_segments_sorted/train_segments.bed.gz, ../../model_analysis/K562_hg19/all_mark_model/state_25/full_model/segment_based_on_entropy/train_and_test_segments_sorted/test_segments.bed.gz
    output: ../../model_analysis/K562_hg19/all_mark_model/state_25/full_model/segment_based_on_entropy/overlap_crispr_mpra/background/train_overlap.txt, ../../model_analysis/K562_hg19/all_mark_model/state_25/full_model/segment_based_on_entropy/overlap_crispr_mpra/background/test_overlap.txt
    jobid: 10
    wildcards: model_folder=../../model_analysis/K562_hg19/all_mark_model/state_25/full_model/segment_based_on_entropy, fore_or_back=background

Submitted job 10 with external jobid 'Submitted batch job 2333569'.
[Tue Jul 13 14:02:27 2021]
Finished job 9.
1 of 9 steps (11%) done
[Tue Jul 13 14:02:57 2021]
Finished job 11.
2 of 9 steps (22%) done
[Tue Jul 13 14:04:57 2021]
Finished job 12.
3 of 9 steps (33%) done

[Tue Jul 13 14:04:57 2021]
rule overlap_against_background:
    input: ../../model_analysis/K562_hg19/three_mark_model/state_8/full_model/segment_based_on_entropy/overlap_crispr_mpra/foreground/test_overlap.txt, ../../model_analysis/K562_hg19/three_mark_model/state_8/full_model/segment_based_on_entropy/overlap_crispr_mpra/background/test_overlap.txt
    output: ../../model_analysis/K562_hg19/three_mark_model/state_8/full_model/segment_based_on_entropy/overlap_crispr_mpra/fg_against_bg/test_overlap_against_bg.txt
    jobid: 6
    wildcards: model_folder=../../model_analysis/K562_hg19/three_mark_model/state_8/full_model/segment_based_on_entropy, TT=test

Submitted job 6 with external jobid 'Submitted batch job 2335561'.

[Tue Jul 13 14:04:59 2021]
rule overlap_against_background:
    input: ../../model_analysis/K562_hg19/three_mark_model/state_8/full_model/segment_based_on_entropy/overlap_crispr_mpra/foreground/train_overlap.txt, ../../model_analysis/K562_hg19/three_mark_model/state_8/full_model/segment_based_on_entropy/overlap_crispr_mpra/background/train_overlap.txt
    output: ../../model_analysis/K562_hg19/three_mark_model/state_8/full_model/segment_based_on_entropy/overlap_crispr_mpra/fg_against_bg/train_overlap_against_bg.txt
    jobid: 5
    wildcards: model_folder=../../model_analysis/K562_hg19/three_mark_model/state_8/full_model/segment_based_on_entropy, TT=train

Submitted job 5 with external jobid 'Submitted batch job 2335562'.
[Tue Jul 13 14:05:57 2021]
Finished job 10.
4 of 9 steps (44%) done

[Tue Jul 13 14:05:57 2021]
rule overlap_against_background:
    input: ../../model_analysis/K562_hg19/all_mark_model/state_25/full_model/segment_based_on_entropy/overlap_crispr_mpra/foreground/test_overlap.txt, ../../model_analysis/K562_hg19/all_mark_model/state_25/full_model/segment_based_on_entropy/overlap_crispr_mpra/background/test_overlap.txt
    output: ../../model_analysis/K562_hg19/all_mark_model/state_25/full_model/segment_based_on_entropy/overlap_crispr_mpra/fg_against_bg/test_overlap_against_bg.txt
    jobid: 4
    wildcards: model_folder=../../model_analysis/K562_hg19/all_mark_model/state_25/full_model/segment_based_on_entropy, TT=test

Submitted job 4 with external jobid 'Submitted batch job 2335578'.

[Tue Jul 13 14:05:58 2021]
rule overlap_against_background:
    input: ../../model_analysis/K562_hg19/all_mark_model/state_25/full_model/segment_based_on_entropy/overlap_crispr_mpra/foreground/train_overlap.txt, ../../model_analysis/K562_hg19/all_mark_model/state_25/full_model/segment_based_on_entropy/overlap_crispr_mpra/background/train_overlap.txt
    output: ../../model_analysis/K562_hg19/all_mark_model/state_25/full_model/segment_based_on_entropy/overlap_crispr_mpra/fg_against_bg/train_overlap_against_bg.txt
    jobid: 3
    wildcards: model_folder=../../model_analysis/K562_hg19/all_mark_model/state_25/full_model/segment_based_on_entropy, TT=train

Submitted job 3 with external jobid 'Submitted batch job 2335579'.
[Tue Jul 13 14:06:27 2021]
Finished job 6.
5 of 9 steps (56%) done
[Tue Jul 13 14:06:27 2021]
Finished job 5.
6 of 9 steps (67%) done
[Tue Jul 13 14:06:37 2021]
Finished job 4.
7 of 9 steps (78%) done
[Tue Jul 13 14:06:47 2021]
Finished job 3.
8 of 9 steps (89%) done

[Tue Jul 13 14:06:47 2021]
localrule all:
    input: ../../model_analysis/K562_hg19/all_mark_model/state_25/full_model/POSTERIOR/entropy/plots/entropy_density_gw.png, ../../model_analysis/K562_hg19/three_mark_model/state_8/full_model/POSTERIOR/entropy/plots/entropy_density_gw.png, ../../model_analysis/K562_hg19/all_mark_model/state_25/full_model/segment_based_on_entropy/overlap_crispr_mpra/fg_against_bg/train_overlap_against_bg.txt, ../../model_analysis/K562_hg19/all_mark_model/state_25/full_model/segment_based_on_entropy/overlap_crispr_mpra/fg_against_bg/test_overlap_against_bg.txt, ../../model_analysis/K562_hg19/three_mark_model/state_8/full_model/segment_based_on_entropy/overlap_crispr_mpra/fg_against_bg/train_overlap_against_bg.txt, ../../model_analysis/K562_hg19/three_mark_model/state_8/full_model/segment_based_on_entropy/overlap_crispr_mpra/fg_against_bg/test_overlap_against_bg.txt
    jobid: 0

[Tue Jul 13 14:06:47 2021]
Finished job 0.
9 of 9 steps (100%) done
Complete log: /gstore/home/vuh6/source/compare_overlap_external_annot/.snakemake/log/2021-07-13T140035.341171.snakemake.log
