Building DAG of jobs...
Using shell: /usr/bin/bash
Provided cluster nodes: 100
Job counts:
	count	jobs
	1	all
	23	binarize_multiple_bigwigAverageOverBed_output
	23	gzip_all_files
	47

[Wed Jun 30 11:45:25 2021]
rule binarize_multiple_bigwigAverageOverBed_output:
    input: ../../../data/hg19/K562/roadmap_pval_signals/DNase_chr11.tab, ../../../data/hg19/K562/roadmap_pval_signals/H2A.Z_chr11.tab, ../../../data/hg19/K562/roadmap_pval_signals/H3K27ac_chr11.tab, ../../../data/hg19/K562/roadmap_pval_signals/H3K27me3_chr11.tab, ../../../data/hg19/K562/roadmap_pval_signals/H3K36me3_chr11.tab, ../../../data/hg19/K562/roadmap_pval_signals/H3K4me1_chr11.tab, ../../../data/hg19/K562/roadmap_pval_signals/H3K4me2_chr11.tab, ../../../data/hg19/K562/roadmap_pval_signals/H3K4me3_chr11.tab, ../../../data/hg19/K562/roadmap_pval_signals/H3K79me2_chr11.tab, ../../../data/hg19/K562/roadmap_pval_signals/H3K9ac_chr11.tab, ../../../data/hg19/K562/roadmap_pval_signals/H3K9me1_chr11.tab, ../../../data/hg19/K562/roadmap_pval_signals/H3K9me3_chr11.tab, ../../../data/hg19/K562/roadmap_pval_signals/H4K20me1_chr11.tab
    output: ../../../data/hg19/K562/big_model_training/genome_chr11.0_binary.txt, ../../../data/hg19/K562/big_model_training/genome_chr11.1_binary.txt, ../../../data/hg19/K562/big_model_training/genome_chr11.2_binary.txt
    jobid: 34
    wildcards: chrom=11

Submitted job 34 with external jobid 'Submitted batch job 925417'.

[Wed Jun 30 11:45:25 2021]
rule binarize_multiple_bigwigAverageOverBed_output:
    input: ../../../data/hg19/K562/roadmap_pval_signals/DNase_chr14.tab, ../../../data/hg19/K562/roadmap_pval_signals/H2A.Z_chr14.tab, ../../../data/hg19/K562/roadmap_pval_signals/H3K27ac_chr14.tab, ../../../data/hg19/K562/roadmap_pval_signals/H3K27me3_chr14.tab, ../../../data/hg19/K562/roadmap_pval_signals/H3K36me3_chr14.tab, ../../../data/hg19/K562/roadmap_pval_signals/H3K4me1_chr14.tab, ../../../data/hg19/K562/roadmap_pval_signals/H3K4me2_chr14.tab, ../../../data/hg19/K562/roadmap_pval_signals/H3K4me3_chr14.tab, ../../../data/hg19/K562/roadmap_pval_signals/H3K79me2_chr14.tab, ../../../data/hg19/K562/roadmap_pval_signals/H3K9ac_chr14.tab, ../../../data/hg19/K562/roadmap_pval_signals/H3K9me1_chr14.tab, ../../../data/hg19/K562/roadmap_pval_signals/H3K9me3_chr14.tab, ../../../data/hg19/K562/roadmap_pval_signals/H4K20me1_chr14.tab
    output: ../../../data/hg19/K562/big_model_training/genome_chr14.0_binary.txt, ../../../data/hg19/K562/big_model_training/genome_chr14.1_binary.txt, ../../../data/hg19/K562/big_model_training/genome_chr14.2_binary.txt
    jobid: 37
    wildcards: chrom=14

Submitted job 37 with external jobid 'Submitted batch job 925418'.

[Wed Jun 30 11:45:25 2021]
rule binarize_multiple_bigwigAverageOverBed_output:
    input: ../../../data/hg19/K562/roadmap_pval_signals/DNase_chr17.tab, ../../../data/hg19/K562/roadmap_pval_signals/H2A.Z_chr17.tab, ../../../data/hg19/K562/roadmap_pval_signals/H3K27ac_chr17.tab, ../../../data/hg19/K562/roadmap_pval_signals/H3K27me3_chr17.tab, ../../../data/hg19/K562/roadmap_pval_signals/H3K36me3_chr17.tab, ../../../data/hg19/K562/roadmap_pval_signals/H3K4me1_chr17.tab, ../../../data/hg19/K562/roadmap_pval_signals/H3K4me2_chr17.tab, ../../../data/hg19/K562/roadmap_pval_signals/H3K4me3_chr17.tab, ../../../data/hg19/K562/roadmap_pval_signals/H3K79me2_chr17.tab, ../../../data/hg19/K562/roadmap_pval_signals/H3K9ac_chr17.tab, ../../../data/hg19/K562/roadmap_pval_signals/H3K9me1_chr17.tab, ../../../data/hg19/K562/roadmap_pval_signals/H3K9me3_chr17.tab, ../../../data/hg19/K562/roadmap_pval_signals/H4K20me1_chr17.tab
    output: ../../../data/hg19/K562/big_model_training/genome_chr17.0_binary.txt, ../../../data/hg19/K562/big_model_training/genome_chr17.1_binary.txt, ../../../data/hg19/K562/big_model_training/genome_chr17.2_binary.txt
    jobid: 40
    wildcards: chrom=17

Submitted job 40 with external jobid 'Submitted batch job 925420'.

[Wed Jun 30 11:45:25 2021]
rule binarize_multiple_bigwigAverageOverBed_output:
    input: ../../../data/hg19/K562/roadmap_pval_signals/DNase_chr20.tab, ../../../data/hg19/K562/roadmap_pval_signals/H2A.Z_chr20.tab, ../../../data/hg19/K562/roadmap_pval_signals/H3K27ac_chr20.tab, ../../../data/hg19/K562/roadmap_pval_signals/H3K27me3_chr20.tab, ../../../data/hg19/K562/roadmap_pval_signals/H3K36me3_chr20.tab, ../../../data/hg19/K562/roadmap_pval_signals/H3K4me1_chr20.tab, ../../../data/hg19/K562/roadmap_pval_signals/H3K4me2_chr20.tab, ../../../data/hg19/K562/roadmap_pval_signals/H3K4me3_chr20.tab, ../../../data/hg19/K562/roadmap_pval_signals/H3K79me2_chr20.tab, ../../../data/hg19/K562/roadmap_pval_signals/H3K9ac_chr20.tab, ../../../data/hg19/K562/roadmap_pval_signals/H3K9me1_chr20.tab, ../../../data/hg19/K562/roadmap_pval_signals/H3K9me3_chr20.tab, ../../../data/hg19/K562/roadmap_pval_signals/H4K20me1_chr20.tab
    output: ../../../data/hg19/K562/big_model_training/genome_chr20.0_binary.txt, ../../../data/hg19/K562/big_model_training/genome_chr20.1_binary.txt, ../../../data/hg19/K562/big_model_training/genome_chr20.2_binary.txt
    jobid: 43
    wildcards: chrom=20

Submitted job 43 with external jobid 'Submitted batch job 925421'.

[Wed Jun 30 11:45:25 2021]
rule binarize_multiple_bigwigAverageOverBed_output:
    input: ../../../data/hg19/K562/roadmap_pval_signals/DNase_chrX.tab, ../../../data/hg19/K562/roadmap_pval_signals/H2A.Z_chrX.tab, ../../../data/hg19/K562/roadmap_pval_signals/H3K27ac_chrX.tab, ../../../data/hg19/K562/roadmap_pval_signals/H3K27me3_chrX.tab, ../../../data/hg19/K562/roadmap_pval_signals/H3K36me3_chrX.tab, ../../../data/hg19/K562/roadmap_pval_signals/H3K4me1_chrX.tab, ../../../data/hg19/K562/roadmap_pval_signals/H3K4me2_chrX.tab, ../../../data/hg19/K562/roadmap_pval_signals/H3K4me3_chrX.tab, ../../../data/hg19/K562/roadmap_pval_signals/H3K79me2_chrX.tab, ../../../data/hg19/K562/roadmap_pval_signals/H3K9ac_chrX.tab, ../../../data/hg19/K562/roadmap_pval_signals/H3K9me1_chrX.tab, ../../../data/hg19/K562/roadmap_pval_signals/H3K9me3_chrX.tab, ../../../data/hg19/K562/roadmap_pval_signals/H4K20me1_chrX.tab
    output: ../../../data/hg19/K562/big_model_training/genome_chrX.0_binary.txt, ../../../data/hg19/K562/big_model_training/genome_chrX.1_binary.txt, ../../../data/hg19/K562/big_model_training/genome_chrX.2_binary.txt
    jobid: 46
    wildcards: chrom=X

Submitted job 46 with external jobid 'Submitted batch job 925422'.

[Wed Jun 30 11:45:25 2021]
rule binarize_multiple_bigwigAverageOverBed_output:
    input: ../../../data/hg19/K562/roadmap_pval_signals/DNase_chr3.tab, ../../../data/hg19/K562/roadmap_pval_signals/H2A.Z_chr3.tab, ../../../data/hg19/K562/roadmap_pval_signals/H3K27ac_chr3.tab, ../../../data/hg19/K562/roadmap_pval_signals/H3K27me3_chr3.tab, ../../../data/hg19/K562/roadmap_pval_signals/H3K36me3_chr3.tab, ../../../data/hg19/K562/roadmap_pval_signals/H3K4me1_chr3.tab, ../../../data/hg19/K562/roadmap_pval_signals/H3K4me2_chr3.tab, ../../../data/hg19/K562/roadmap_pval_signals/H3K4me3_chr3.tab, ../../../data/hg19/K562/roadmap_pval_signals/H3K79me2_chr3.tab, ../../../data/hg19/K562/roadmap_pval_signals/H3K9ac_chr3.tab, ../../../data/hg19/K562/roadmap_pval_signals/H3K9me1_chr3.tab, ../../../data/hg19/K562/roadmap_pval_signals/H3K9me3_chr3.tab, ../../../data/hg19/K562/roadmap_pval_signals/H4K20me1_chr3.tab
    output: ../../../data/hg19/K562/big_model_training/genome_chr3.0_binary.txt, ../../../data/hg19/K562/big_model_training/genome_chr3.1_binary.txt, ../../../data/hg19/K562/big_model_training/genome_chr3.2_binary.txt
    jobid: 26
    wildcards: chrom=3

Submitted job 26 with external jobid 'Submitted batch job 925424'.

[Wed Jun 30 11:45:25 2021]
rule binarize_multiple_bigwigAverageOverBed_output:
    input: ../../../data/hg19/K562/roadmap_pval_signals/DNase_chr2.tab, ../../../data/hg19/K562/roadmap_pval_signals/H2A.Z_chr2.tab, ../../../data/hg19/K562/roadmap_pval_signals/H3K27ac_chr2.tab, ../../../data/hg19/K562/roadmap_pval_signals/H3K27me3_chr2.tab, ../../../data/hg19/K562/roadmap_pval_signals/H3K36me3_chr2.tab, ../../../data/hg19/K562/roadmap_pval_signals/H3K4me1_chr2.tab, ../../../data/hg19/K562/roadmap_pval_signals/H3K4me2_chr2.tab, ../../../data/hg19/K562/roadmap_pval_signals/H3K4me3_chr2.tab, ../../../data/hg19/K562/roadmap_pval_signals/H3K79me2_chr2.tab, ../../../data/hg19/K562/roadmap_pval_signals/H3K9ac_chr2.tab, ../../../data/hg19/K562/roadmap_pval_signals/H3K9me1_chr2.tab, ../../../data/hg19/K562/roadmap_pval_signals/H3K9me3_chr2.tab, ../../../data/hg19/K562/roadmap_pval_signals/H4K20me1_chr2.tab
    output: ../../../data/hg19/K562/big_model_training/genome_chr2.0_binary.txt, ../../../data/hg19/K562/big_model_training/genome_chr2.1_binary.txt, ../../../data/hg19/K562/big_model_training/genome_chr2.2_binary.txt
    jobid: 25
    wildcards: chrom=2

Submitted job 25 with external jobid 'Submitted batch job 925425'.

[Wed Jun 30 11:45:25 2021]
rule binarize_multiple_bigwigAverageOverBed_output:
    input: ../../../data/hg19/K562/roadmap_pval_signals/DNase_chr1.tab, ../../../data/hg19/K562/roadmap_pval_signals/H2A.Z_chr1.tab, ../../../data/hg19/K562/roadmap_pval_signals/H3K27ac_chr1.tab, ../../../data/hg19/K562/roadmap_pval_signals/H3K27me3_chr1.tab, ../../../data/hg19/K562/roadmap_pval_signals/H3K36me3_chr1.tab, ../../../data/hg19/K562/roadmap_pval_signals/H3K4me1_chr1.tab, ../../../data/hg19/K562/roadmap_pval_signals/H3K4me2_chr1.tab, ../../../data/hg19/K562/roadmap_pval_signals/H3K4me3_chr1.tab, ../../../data/hg19/K562/roadmap_pval_signals/H3K79me2_chr1.tab, ../../../data/hg19/K562/roadmap_pval_signals/H3K9ac_chr1.tab, ../../../data/hg19/K562/roadmap_pval_signals/H3K9me1_chr1.tab, ../../../data/hg19/K562/roadmap_pval_signals/H3K9me3_chr1.tab, ../../../data/hg19/K562/roadmap_pval_signals/H4K20me1_chr1.tab
    output: ../../../data/hg19/K562/big_model_training/genome_chr1.0_binary.txt, ../../../data/hg19/K562/big_model_training/genome_chr1.1_binary.txt, ../../../data/hg19/K562/big_model_training/genome_chr1.2_binary.txt
    jobid: 24
    wildcards: chrom=1

Submitted job 24 with external jobid 'Submitted batch job 925426'.

[Wed Jun 30 11:45:25 2021]
rule binarize_multiple_bigwigAverageOverBed_output:
    input: ../../../data/hg19/K562/roadmap_pval_signals/DNase_chr5.tab, ../../../data/hg19/K562/roadmap_pval_signals/H2A.Z_chr5.tab, ../../../data/hg19/K562/roadmap_pval_signals/H3K27ac_chr5.tab, ../../../data/hg19/K562/roadmap_pval_signals/H3K27me3_chr5.tab, ../../../data/hg19/K562/roadmap_pval_signals/H3K36me3_chr5.tab, ../../../data/hg19/K562/roadmap_pval_signals/H3K4me1_chr5.tab, ../../../data/hg19/K562/roadmap_pval_signals/H3K4me2_chr5.tab, ../../../data/hg19/K562/roadmap_pval_signals/H3K4me3_chr5.tab, ../../../data/hg19/K562/roadmap_pval_signals/H3K79me2_chr5.tab, ../../../data/hg19/K562/roadmap_pval_signals/H3K9ac_chr5.tab, ../../../data/hg19/K562/roadmap_pval_signals/H3K9me1_chr5.tab, ../../../data/hg19/K562/roadmap_pval_signals/H3K9me3_chr5.tab, ../../../data/hg19/K562/roadmap_pval_signals/H4K20me1_chr5.tab
    output: ../../../data/hg19/K562/big_model_training/genome_chr5.0_binary.txt, ../../../data/hg19/K562/big_model_training/genome_chr5.1_binary.txt, ../../../data/hg19/K562/big_model_training/genome_chr5.2_binary.txt
    jobid: 28
    wildcards: chrom=5

Submitted job 28 with external jobid 'Submitted batch job 925427'.

[Wed Jun 30 11:45:25 2021]
rule binarize_multiple_bigwigAverageOverBed_output:
    input: ../../../data/hg19/K562/roadmap_pval_signals/DNase_chr4.tab, ../../../data/hg19/K562/roadmap_pval_signals/H2A.Z_chr4.tab, ../../../data/hg19/K562/roadmap_pval_signals/H3K27ac_chr4.tab, ../../../data/hg19/K562/roadmap_pval_signals/H3K27me3_chr4.tab, ../../../data/hg19/K562/roadmap_pval_signals/H3K36me3_chr4.tab, ../../../data/hg19/K562/roadmap_pval_signals/H3K4me1_chr4.tab, ../../../data/hg19/K562/roadmap_pval_signals/H3K4me2_chr4.tab, ../../../data/hg19/K562/roadmap_pval_signals/H3K4me3_chr4.tab, ../../../data/hg19/K562/roadmap_pval_signals/H3K79me2_chr4.tab, ../../../data/hg19/K562/roadmap_pval_signals/H3K9ac_chr4.tab, ../../../data/hg19/K562/roadmap_pval_signals/H3K9me1_chr4.tab, ../../../data/hg19/K562/roadmap_pval_signals/H3K9me3_chr4.tab, ../../../data/hg19/K562/roadmap_pval_signals/H4K20me1_chr4.tab
    output: ../../../data/hg19/K562/big_model_training/genome_chr4.0_binary.txt, ../../../data/hg19/K562/big_model_training/genome_chr4.1_binary.txt, ../../../data/hg19/K562/big_model_training/genome_chr4.2_binary.txt
    jobid: 27
    wildcards: chrom=4

Submitted job 27 with external jobid 'Submitted batch job 925429'.

[Wed Jun 30 11:45:25 2021]
rule binarize_multiple_bigwigAverageOverBed_output:
    input: ../../../data/hg19/K562/roadmap_pval_signals/DNase_chr6.tab, ../../../data/hg19/K562/roadmap_pval_signals/H2A.Z_chr6.tab, ../../../data/hg19/K562/roadmap_pval_signals/H3K27ac_chr6.tab, ../../../data/hg19/K562/roadmap_pval_signals/H3K27me3_chr6.tab, ../../../data/hg19/K562/roadmap_pval_signals/H3K36me3_chr6.tab, ../../../data/hg19/K562/roadmap_pval_signals/H3K4me1_chr6.tab, ../../../data/hg19/K562/roadmap_pval_signals/H3K4me2_chr6.tab, ../../../data/hg19/K562/roadmap_pval_signals/H3K4me3_chr6.tab, ../../../data/hg19/K562/roadmap_pval_signals/H3K79me2_chr6.tab, ../../../data/hg19/K562/roadmap_pval_signals/H3K9ac_chr6.tab, ../../../data/hg19/K562/roadmap_pval_signals/H3K9me1_chr6.tab, ../../../data/hg19/K562/roadmap_pval_signals/H3K9me3_chr6.tab, ../../../data/hg19/K562/roadmap_pval_signals/H4K20me1_chr6.tab
    output: ../../../data/hg19/K562/big_model_training/genome_chr6.0_binary.txt, ../../../data/hg19/K562/big_model_training/genome_chr6.1_binary.txt, ../../../data/hg19/K562/big_model_training/genome_chr6.2_binary.txt
    jobid: 29
    wildcards: chrom=6

Submitted job 29 with external jobid 'Submitted batch job 925432'.

[Wed Jun 30 11:45:25 2021]
rule binarize_multiple_bigwigAverageOverBed_output:
    input: ../../../data/hg19/K562/roadmap_pval_signals/DNase_chr7.tab, ../../../data/hg19/K562/roadmap_pval_signals/H2A.Z_chr7.tab, ../../../data/hg19/K562/roadmap_pval_signals/H3K27ac_chr7.tab, ../../../data/hg19/K562/roadmap_pval_signals/H3K27me3_chr7.tab, ../../../data/hg19/K562/roadmap_pval_signals/H3K36me3_chr7.tab, ../../../data/hg19/K562/roadmap_pval_signals/H3K4me1_chr7.tab, ../../../data/hg19/K562/roadmap_pval_signals/H3K4me2_chr7.tab, ../../../data/hg19/K562/roadmap_pval_signals/H3K4me3_chr7.tab, ../../../data/hg19/K562/roadmap_pval_signals/H3K79me2_chr7.tab, ../../../data/hg19/K562/roadmap_pval_signals/H3K9ac_chr7.tab, ../../../data/hg19/K562/roadmap_pval_signals/H3K9me1_chr7.tab, ../../../data/hg19/K562/roadmap_pval_signals/H3K9me3_chr7.tab, ../../../data/hg19/K562/roadmap_pval_signals/H4K20me1_chr7.tab
    output: ../../../data/hg19/K562/big_model_training/genome_chr7.0_binary.txt, ../../../data/hg19/K562/big_model_training/genome_chr7.1_binary.txt, ../../../data/hg19/K562/big_model_training/genome_chr7.2_binary.txt
    jobid: 30
    wildcards: chrom=7

Submitted job 30 with external jobid 'Submitted batch job 925433'.

[Wed Jun 30 11:45:25 2021]
rule binarize_multiple_bigwigAverageOverBed_output:
    input: ../../../data/hg19/K562/roadmap_pval_signals/DNase_chr8.tab, ../../../data/hg19/K562/roadmap_pval_signals/H2A.Z_chr8.tab, ../../../data/hg19/K562/roadmap_pval_signals/H3K27ac_chr8.tab, ../../../data/hg19/K562/roadmap_pval_signals/H3K27me3_chr8.tab, ../../../data/hg19/K562/roadmap_pval_signals/H3K36me3_chr8.tab, ../../../data/hg19/K562/roadmap_pval_signals/H3K4me1_chr8.tab, ../../../data/hg19/K562/roadmap_pval_signals/H3K4me2_chr8.tab, ../../../data/hg19/K562/roadmap_pval_signals/H3K4me3_chr8.tab, ../../../data/hg19/K562/roadmap_pval_signals/H3K79me2_chr8.tab, ../../../data/hg19/K562/roadmap_pval_signals/H3K9ac_chr8.tab, ../../../data/hg19/K562/roadmap_pval_signals/H3K9me1_chr8.tab, ../../../data/hg19/K562/roadmap_pval_signals/H3K9me3_chr8.tab, ../../../data/hg19/K562/roadmap_pval_signals/H4K20me1_chr8.tab
    output: ../../../data/hg19/K562/big_model_training/genome_chr8.0_binary.txt, ../../../data/hg19/K562/big_model_training/genome_chr8.1_binary.txt, ../../../data/hg19/K562/big_model_training/genome_chr8.2_binary.txt
    jobid: 31
    wildcards: chrom=8

Submitted job 31 with external jobid 'Submitted batch job 925435'.

[Wed Jun 30 11:45:25 2021]
rule binarize_multiple_bigwigAverageOverBed_output:
    input: ../../../data/hg19/K562/roadmap_pval_signals/DNase_chr9.tab, ../../../data/hg19/K562/roadmap_pval_signals/H2A.Z_chr9.tab, ../../../data/hg19/K562/roadmap_pval_signals/H3K27ac_chr9.tab, ../../../data/hg19/K562/roadmap_pval_signals/H3K27me3_chr9.tab, ../../../data/hg19/K562/roadmap_pval_signals/H3K36me3_chr9.tab, ../../../data/hg19/K562/roadmap_pval_signals/H3K4me1_chr9.tab, ../../../data/hg19/K562/roadmap_pval_signals/H3K4me2_chr9.tab, ../../../data/hg19/K562/roadmap_pval_signals/H3K4me3_chr9.tab, ../../../data/hg19/K562/roadmap_pval_signals/H3K79me2_chr9.tab, ../../../data/hg19/K562/roadmap_pval_signals/H3K9ac_chr9.tab, ../../../data/hg19/K562/roadmap_pval_signals/H3K9me1_chr9.tab, ../../../data/hg19/K562/roadmap_pval_signals/H3K9me3_chr9.tab, ../../../data/hg19/K562/roadmap_pval_signals/H4K20me1_chr9.tab
    output: ../../../data/hg19/K562/big_model_training/genome_chr9.0_binary.txt, ../../../data/hg19/K562/big_model_training/genome_chr9.1_binary.txt, ../../../data/hg19/K562/big_model_training/genome_chr9.2_binary.txt
    jobid: 32
    wildcards: chrom=9

Submitted job 32 with external jobid 'Submitted batch job 925437'.

[Wed Jun 30 11:45:25 2021]
rule binarize_multiple_bigwigAverageOverBed_output:
    input: ../../../data/hg19/K562/roadmap_pval_signals/DNase_chr10.tab, ../../../data/hg19/K562/roadmap_pval_signals/H2A.Z_chr10.tab, ../../../data/hg19/K562/roadmap_pval_signals/H3K27ac_chr10.tab, ../../../data/hg19/K562/roadmap_pval_signals/H3K27me3_chr10.tab, ../../../data/hg19/K562/roadmap_pval_signals/H3K36me3_chr10.tab, ../../../data/hg19/K562/roadmap_pval_signals/H3K4me1_chr10.tab, ../../../data/hg19/K562/roadmap_pval_signals/H3K4me2_chr10.tab, ../../../data/hg19/K562/roadmap_pval_signals/H3K4me3_chr10.tab, ../../../data/hg19/K562/roadmap_pval_signals/H3K79me2_chr10.tab, ../../../data/hg19/K562/roadmap_pval_signals/H3K9ac_chr10.tab, ../../../data/hg19/K562/roadmap_pval_signals/H3K9me1_chr10.tab, ../../../data/hg19/K562/roadmap_pval_signals/H3K9me3_chr10.tab, ../../../data/hg19/K562/roadmap_pval_signals/H4K20me1_chr10.tab
    output: ../../../data/hg19/K562/big_model_training/genome_chr10.0_binary.txt, ../../../data/hg19/K562/big_model_training/genome_chr10.1_binary.txt, ../../../data/hg19/K562/big_model_training/genome_chr10.2_binary.txt
    jobid: 33
    wildcards: chrom=10

Submitted job 33 with external jobid 'Submitted batch job 925438'.

[Wed Jun 30 11:45:25 2021]
rule binarize_multiple_bigwigAverageOverBed_output:
    input: ../../../data/hg19/K562/roadmap_pval_signals/DNase_chr13.tab, ../../../data/hg19/K562/roadmap_pval_signals/H2A.Z_chr13.tab, ../../../data/hg19/K562/roadmap_pval_signals/H3K27ac_chr13.tab, ../../../data/hg19/K562/roadmap_pval_signals/H3K27me3_chr13.tab, ../../../data/hg19/K562/roadmap_pval_signals/H3K36me3_chr13.tab, ../../../data/hg19/K562/roadmap_pval_signals/H3K4me1_chr13.tab, ../../../data/hg19/K562/roadmap_pval_signals/H3K4me2_chr13.tab, ../../../data/hg19/K562/roadmap_pval_signals/H3K4me3_chr13.tab, ../../../data/hg19/K562/roadmap_pval_signals/H3K79me2_chr13.tab, ../../../data/hg19/K562/roadmap_pval_signals/H3K9ac_chr13.tab, ../../../data/hg19/K562/roadmap_pval_signals/H3K9me1_chr13.tab, ../../../data/hg19/K562/roadmap_pval_signals/H3K9me3_chr13.tab, ../../../data/hg19/K562/roadmap_pval_signals/H4K20me1_chr13.tab
    output: ../../../data/hg19/K562/big_model_training/genome_chr13.0_binary.txt, ../../../data/hg19/K562/big_model_training/genome_chr13.1_binary.txt, ../../../data/hg19/K562/big_model_training/genome_chr13.2_binary.txt
    jobid: 36
    wildcards: chrom=13

Submitted job 36 with external jobid 'Submitted batch job 925440'.

[Wed Jun 30 11:45:25 2021]
rule binarize_multiple_bigwigAverageOverBed_output:
    input: ../../../data/hg19/K562/roadmap_pval_signals/DNase_chr16.tab, ../../../data/hg19/K562/roadmap_pval_signals/H2A.Z_chr16.tab, ../../../data/hg19/K562/roadmap_pval_signals/H3K27ac_chr16.tab, ../../../data/hg19/K562/roadmap_pval_signals/H3K27me3_chr16.tab, ../../../data/hg19/K562/roadmap_pval_signals/H3K36me3_chr16.tab, ../../../data/hg19/K562/roadmap_pval_signals/H3K4me1_chr16.tab, ../../../data/hg19/K562/roadmap_pval_signals/H3K4me2_chr16.tab, ../../../data/hg19/K562/roadmap_pval_signals/H3K4me3_chr16.tab, ../../../data/hg19/K562/roadmap_pval_signals/H3K79me2_chr16.tab, ../../../data/hg19/K562/roadmap_pval_signals/H3K9ac_chr16.tab, ../../../data/hg19/K562/roadmap_pval_signals/H3K9me1_chr16.tab, ../../../data/hg19/K562/roadmap_pval_signals/H3K9me3_chr16.tab, ../../../data/hg19/K562/roadmap_pval_signals/H4K20me1_chr16.tab
    output: ../../../data/hg19/K562/big_model_training/genome_chr16.0_binary.txt, ../../../data/hg19/K562/big_model_training/genome_chr16.1_binary.txt, ../../../data/hg19/K562/big_model_training/genome_chr16.2_binary.txt
    jobid: 39
    wildcards: chrom=16

Submitted job 39 with external jobid 'Submitted batch job 925442'.

[Wed Jun 30 11:45:25 2021]
rule binarize_multiple_bigwigAverageOverBed_output:
    input: ../../../data/hg19/K562/roadmap_pval_signals/DNase_chr19.tab, ../../../data/hg19/K562/roadmap_pval_signals/H2A.Z_chr19.tab, ../../../data/hg19/K562/roadmap_pval_signals/H3K27ac_chr19.tab, ../../../data/hg19/K562/roadmap_pval_signals/H3K27me3_chr19.tab, ../../../data/hg19/K562/roadmap_pval_signals/H3K36me3_chr19.tab, ../../../data/hg19/K562/roadmap_pval_signals/H3K4me1_chr19.tab, ../../../data/hg19/K562/roadmap_pval_signals/H3K4me2_chr19.tab, ../../../data/hg19/K562/roadmap_pval_signals/H3K4me3_chr19.tab, ../../../data/hg19/K562/roadmap_pval_signals/H3K79me2_chr19.tab, ../../../data/hg19/K562/roadmap_pval_signals/H3K9ac_chr19.tab, ../../../data/hg19/K562/roadmap_pval_signals/H3K9me1_chr19.tab, ../../../data/hg19/K562/roadmap_pval_signals/H3K9me3_chr19.tab, ../../../data/hg19/K562/roadmap_pval_signals/H4K20me1_chr19.tab
    output: ../../../data/hg19/K562/big_model_training/genome_chr19.0_binary.txt, ../../../data/hg19/K562/big_model_training/genome_chr19.1_binary.txt, ../../../data/hg19/K562/big_model_training/genome_chr19.2_binary.txt
    jobid: 42
    wildcards: chrom=19

Submitted job 42 with external jobid 'Submitted batch job 925443'.

[Wed Jun 30 11:45:25 2021]
rule binarize_multiple_bigwigAverageOverBed_output:
    input: ../../../data/hg19/K562/roadmap_pval_signals/DNase_chr12.tab, ../../../data/hg19/K562/roadmap_pval_signals/H2A.Z_chr12.tab, ../../../data/hg19/K562/roadmap_pval_signals/H3K27ac_chr12.tab, ../../../data/hg19/K562/roadmap_pval_signals/H3K27me3_chr12.tab, ../../../data/hg19/K562/roadmap_pval_signals/H3K36me3_chr12.tab, ../../../data/hg19/K562/roadmap_pval_signals/H3K4me1_chr12.tab, ../../../data/hg19/K562/roadmap_pval_signals/H3K4me2_chr12.tab, ../../../data/hg19/K562/roadmap_pval_signals/H3K4me3_chr12.tab, ../../../data/hg19/K562/roadmap_pval_signals/H3K79me2_chr12.tab, ../../../data/hg19/K562/roadmap_pval_signals/H3K9ac_chr12.tab, ../../../data/hg19/K562/roadmap_pval_signals/H3K9me1_chr12.tab, ../../../data/hg19/K562/roadmap_pval_signals/H3K9me3_chr12.tab, ../../../data/hg19/K562/roadmap_pval_signals/H4K20me1_chr12.tab
    output: ../../../data/hg19/K562/big_model_training/genome_chr12.0_binary.txt, ../../../data/hg19/K562/big_model_training/genome_chr12.1_binary.txt, ../../../data/hg19/K562/big_model_training/genome_chr12.2_binary.txt
    jobid: 35
    wildcards: chrom=12

Submitted job 35 with external jobid 'Submitted batch job 925445'.

[Wed Jun 30 11:45:25 2021]
rule binarize_multiple_bigwigAverageOverBed_output:
    input: ../../../data/hg19/K562/roadmap_pval_signals/DNase_chr22.tab, ../../../data/hg19/K562/roadmap_pval_signals/H2A.Z_chr22.tab, ../../../data/hg19/K562/roadmap_pval_signals/H3K27ac_chr22.tab, ../../../data/hg19/K562/roadmap_pval_signals/H3K27me3_chr22.tab, ../../../data/hg19/K562/roadmap_pval_signals/H3K36me3_chr22.tab, ../../../data/hg19/K562/roadmap_pval_signals/H3K4me1_chr22.tab, ../../../data/hg19/K562/roadmap_pval_signals/H3K4me2_chr22.tab, ../../../data/hg19/K562/roadmap_pval_signals/H3K4me3_chr22.tab, ../../../data/hg19/K562/roadmap_pval_signals/H3K79me2_chr22.tab, ../../../data/hg19/K562/roadmap_pval_signals/H3K9ac_chr22.tab, ../../../data/hg19/K562/roadmap_pval_signals/H3K9me1_chr22.tab, ../../../data/hg19/K562/roadmap_pval_signals/H3K9me3_chr22.tab, ../../../data/hg19/K562/roadmap_pval_signals/H4K20me1_chr22.tab
    output: ../../../data/hg19/K562/big_model_training/genome_chr22.0_binary.txt, ../../../data/hg19/K562/big_model_training/genome_chr22.1_binary.txt, ../../../data/hg19/K562/big_model_training/genome_chr22.2_binary.txt
    jobid: 45
    wildcards: chrom=22

Submitted job 45 with external jobid 'Submitted batch job 925447'.

[Wed Jun 30 11:45:25 2021]
rule binarize_multiple_bigwigAverageOverBed_output:
    input: ../../../data/hg19/K562/roadmap_pval_signals/DNase_chr18.tab, ../../../data/hg19/K562/roadmap_pval_signals/H2A.Z_chr18.tab, ../../../data/hg19/K562/roadmap_pval_signals/H3K27ac_chr18.tab, ../../../data/hg19/K562/roadmap_pval_signals/H3K27me3_chr18.tab, ../../../data/hg19/K562/roadmap_pval_signals/H3K36me3_chr18.tab, ../../../data/hg19/K562/roadmap_pval_signals/H3K4me1_chr18.tab, ../../../data/hg19/K562/roadmap_pval_signals/H3K4me2_chr18.tab, ../../../data/hg19/K562/roadmap_pval_signals/H3K4me3_chr18.tab, ../../../data/hg19/K562/roadmap_pval_signals/H3K79me2_chr18.tab, ../../../data/hg19/K562/roadmap_pval_signals/H3K9ac_chr18.tab, ../../../data/hg19/K562/roadmap_pval_signals/H3K9me1_chr18.tab, ../../../data/hg19/K562/roadmap_pval_signals/H3K9me3_chr18.tab, ../../../data/hg19/K562/roadmap_pval_signals/H4K20me1_chr18.tab
    output: ../../../data/hg19/K562/big_model_training/genome_chr18.0_binary.txt, ../../../data/hg19/K562/big_model_training/genome_chr18.1_binary.txt, ../../../data/hg19/K562/big_model_training/genome_chr18.2_binary.txt
    jobid: 41
    wildcards: chrom=18

Submitted job 41 with external jobid 'Submitted batch job 925448'.

[Wed Jun 30 11:45:25 2021]
rule binarize_multiple_bigwigAverageOverBed_output:
    input: ../../../data/hg19/K562/roadmap_pval_signals/DNase_chr21.tab, ../../../data/hg19/K562/roadmap_pval_signals/H2A.Z_chr21.tab, ../../../data/hg19/K562/roadmap_pval_signals/H3K27ac_chr21.tab, ../../../data/hg19/K562/roadmap_pval_signals/H3K27me3_chr21.tab, ../../../data/hg19/K562/roadmap_pval_signals/H3K36me3_chr21.tab, ../../../data/hg19/K562/roadmap_pval_signals/H3K4me1_chr21.tab, ../../../data/hg19/K562/roadmap_pval_signals/H3K4me2_chr21.tab, ../../../data/hg19/K562/roadmap_pval_signals/H3K4me3_chr21.tab, ../../../data/hg19/K562/roadmap_pval_signals/H3K79me2_chr21.tab, ../../../data/hg19/K562/roadmap_pval_signals/H3K9ac_chr21.tab, ../../../data/hg19/K562/roadmap_pval_signals/H3K9me1_chr21.tab, ../../../data/hg19/K562/roadmap_pval_signals/H3K9me3_chr21.tab, ../../../data/hg19/K562/roadmap_pval_signals/H4K20me1_chr21.tab
    output: ../../../data/hg19/K562/big_model_training/genome_chr21.0_binary.txt, ../../../data/hg19/K562/big_model_training/genome_chr21.1_binary.txt, ../../../data/hg19/K562/big_model_training/genome_chr21.2_binary.txt
    jobid: 44
    wildcards: chrom=21

Submitted job 44 with external jobid 'Submitted batch job 925450'.

[Wed Jun 30 11:45:25 2021]
rule binarize_multiple_bigwigAverageOverBed_output:
    input: ../../../data/hg19/K562/roadmap_pval_signals/DNase_chr15.tab, ../../../data/hg19/K562/roadmap_pval_signals/H2A.Z_chr15.tab, ../../../data/hg19/K562/roadmap_pval_signals/H3K27ac_chr15.tab, ../../../data/hg19/K562/roadmap_pval_signals/H3K27me3_chr15.tab, ../../../data/hg19/K562/roadmap_pval_signals/H3K36me3_chr15.tab, ../../../data/hg19/K562/roadmap_pval_signals/H3K4me1_chr15.tab, ../../../data/hg19/K562/roadmap_pval_signals/H3K4me2_chr15.tab, ../../../data/hg19/K562/roadmap_pval_signals/H3K4me3_chr15.tab, ../../../data/hg19/K562/roadmap_pval_signals/H3K79me2_chr15.tab, ../../../data/hg19/K562/roadmap_pval_signals/H3K9ac_chr15.tab, ../../../data/hg19/K562/roadmap_pval_signals/H3K9me1_chr15.tab, ../../../data/hg19/K562/roadmap_pval_signals/H3K9me3_chr15.tab, ../../../data/hg19/K562/roadmap_pval_signals/H4K20me1_chr15.tab
    output: ../../../data/hg19/K562/big_model_training/genome_chr15.0_binary.txt, ../../../data/hg19/K562/big_model_training/genome_chr15.1_binary.txt, ../../../data/hg19/K562/big_model_training/genome_chr15.2_binary.txt
    jobid: 38
    wildcards: chrom=15

Submitted job 38 with external jobid 'Submitted batch job 925451'.
[Wed Jun 30 11:45:48 2021]
Finished job 42.
1 of 47 steps (2%) done

[Wed Jun 30 11:45:48 2021]
rule gzip_all_files:
    input: ../../../data/hg19/K562/big_model_training/genome_chr19.0_binary.txt, ../../../data/hg19/K562/big_model_training/genome_chr19.1_binary.txt, ../../../data/hg19/K562/big_model_training/genome_chr19.2_binary.txt
    output: ../../../data/hg19/K562/big_model_training/genome_chr19.0_binary.txt.gz, ../../../data/hg19/K562/big_model_training/genome_chr19.1_binary.txt.gz, ../../../data/hg19/K562/big_model_training/genome_chr19.2_binary.txt.gz
    jobid: 19
    wildcards: chrom=19

[Wed Jun 30 11:45:48 2021]
Finished job 45.
2 of 47 steps (4%) done
Submitted job 19 with external jobid 'Submitted batch job 925693'.

[Wed Jun 30 11:45:48 2021]
rule gzip_all_files:
    input: ../../../data/hg19/K562/big_model_training/genome_chr22.0_binary.txt, ../../../data/hg19/K562/big_model_training/genome_chr22.1_binary.txt, ../../../data/hg19/K562/big_model_training/genome_chr22.2_binary.txt
    output: ../../../data/hg19/K562/big_model_training/genome_chr22.0_binary.txt.gz, ../../../data/hg19/K562/big_model_training/genome_chr22.1_binary.txt.gz, ../../../data/hg19/K562/big_model_training/genome_chr22.2_binary.txt.gz
    jobid: 22
    wildcards: chrom=22

Submitted job 22 with external jobid 'Submitted batch job 925695'.
[Wed Jun 30 11:45:49 2021]
Finished job 44.
3 of 47 steps (6%) done

[Wed Jun 30 11:45:49 2021]
rule gzip_all_files:
    input: ../../../data/hg19/K562/big_model_training/genome_chr21.0_binary.txt, ../../../data/hg19/K562/big_model_training/genome_chr21.1_binary.txt, ../../../data/hg19/K562/big_model_training/genome_chr21.2_binary.txt
    output: ../../../data/hg19/K562/big_model_training/genome_chr21.0_binary.txt.gz, ../../../data/hg19/K562/big_model_training/genome_chr21.1_binary.txt.gz, ../../../data/hg19/K562/big_model_training/genome_chr21.2_binary.txt.gz
    jobid: 21
    wildcards: chrom=21

Submitted job 21 with external jobid 'Submitted batch job 925699'.
[Wed Jun 30 11:45:59 2021]
Finished job 34.
4 of 47 steps (9%) done

[Wed Jun 30 11:45:59 2021]
rule gzip_all_files:
    input: ../../../data/hg19/K562/big_model_training/genome_chr11.0_binary.txt, ../../../data/hg19/K562/big_model_training/genome_chr11.1_binary.txt, ../../../data/hg19/K562/big_model_training/genome_chr11.2_binary.txt
    output: ../../../data/hg19/K562/big_model_training/genome_chr11.0_binary.txt.gz, ../../../data/hg19/K562/big_model_training/genome_chr11.1_binary.txt.gz, ../../../data/hg19/K562/big_model_training/genome_chr11.2_binary.txt.gz
    jobid: 11
    wildcards: chrom=11

Submitted job 11 with external jobid 'Submitted batch job 925733'.
[Wed Jun 30 11:45:59 2021]
Finished job 37.
5 of 47 steps (11%) done

[Wed Jun 30 11:45:59 2021]
rule gzip_all_files:
    input: ../../../data/hg19/K562/big_model_training/genome_chr14.0_binary.txt, ../../../data/hg19/K562/big_model_training/genome_chr14.1_binary.txt, ../../../data/hg19/K562/big_model_training/genome_chr14.2_binary.txt
    output: ../../../data/hg19/K562/big_model_training/genome_chr14.0_binary.txt.gz, ../../../data/hg19/K562/big_model_training/genome_chr14.1_binary.txt.gz, ../../../data/hg19/K562/big_model_training/genome_chr14.2_binary.txt.gz
    jobid: 14
    wildcards: chrom=14

Submitted job 14 with external jobid 'Submitted batch job 925734'.
[Wed Jun 30 11:45:59 2021]
Finished job 40.
6 of 47 steps (13%) done

[Wed Jun 30 11:45:59 2021]
rule gzip_all_files:
    input: ../../../data/hg19/K562/big_model_training/genome_chr17.0_binary.txt, ../../../data/hg19/K562/big_model_training/genome_chr17.1_binary.txt, ../../../data/hg19/K562/big_model_training/genome_chr17.2_binary.txt
    output: ../../../data/hg19/K562/big_model_training/genome_chr17.0_binary.txt.gz, ../../../data/hg19/K562/big_model_training/genome_chr17.1_binary.txt.gz, ../../../data/hg19/K562/big_model_training/genome_chr17.2_binary.txt.gz
    jobid: 17
    wildcards: chrom=17

Submitted job 17 with external jobid 'Submitted batch job 925735'.
[Wed Jun 30 11:45:59 2021]
Finished job 43.
7 of 47 steps (15%) done

[Wed Jun 30 11:45:59 2021]
rule gzip_all_files:
    input: ../../../data/hg19/K562/big_model_training/genome_chr20.0_binary.txt, ../../../data/hg19/K562/big_model_training/genome_chr20.1_binary.txt, ../../../data/hg19/K562/big_model_training/genome_chr20.2_binary.txt
    output: ../../../data/hg19/K562/big_model_training/genome_chr20.0_binary.txt.gz, ../../../data/hg19/K562/big_model_training/genome_chr20.1_binary.txt.gz, ../../../data/hg19/K562/big_model_training/genome_chr20.2_binary.txt.gz
    jobid: 20
    wildcards: chrom=20

Submitted job 20 with external jobid 'Submitted batch job 925736'.
[Wed Jun 30 11:45:59 2021]
Finished job 46.
8 of 47 steps (17%) done

[Wed Jun 30 11:45:59 2021]
rule gzip_all_files:
    input: ../../../data/hg19/K562/big_model_training/genome_chrX.0_binary.txt, ../../../data/hg19/K562/big_model_training/genome_chrX.1_binary.txt, ../../../data/hg19/K562/big_model_training/genome_chrX.2_binary.txt
    output: ../../../data/hg19/K562/big_model_training/genome_chrX.0_binary.txt.gz, ../../../data/hg19/K562/big_model_training/genome_chrX.1_binary.txt.gz, ../../../data/hg19/K562/big_model_training/genome_chrX.2_binary.txt.gz
    jobid: 23
    wildcards: chrom=X

Submitted job 23 with external jobid 'Submitted batch job 925737'.
[Wed Jun 30 11:45:59 2021]
Finished job 26.
9 of 47 steps (19%) done

[Wed Jun 30 11:45:59 2021]
rule gzip_all_files:
    input: ../../../data/hg19/K562/big_model_training/genome_chr3.0_binary.txt, ../../../data/hg19/K562/big_model_training/genome_chr3.1_binary.txt, ../../../data/hg19/K562/big_model_training/genome_chr3.2_binary.txt
    output: ../../../data/hg19/K562/big_model_training/genome_chr3.0_binary.txt.gz, ../../../data/hg19/K562/big_model_training/genome_chr3.1_binary.txt.gz, ../../../data/hg19/K562/big_model_training/genome_chr3.2_binary.txt.gz
    jobid: 3
    wildcards: chrom=3

Submitted job 3 with external jobid 'Submitted batch job 925738'.
[Wed Jun 30 11:46:00 2021]
Finished job 30.
10 of 47 steps (21%) done

[Wed Jun 30 11:46:00 2021]
rule gzip_all_files:
    input: ../../../data/hg19/K562/big_model_training/genome_chr7.0_binary.txt, ../../../data/hg19/K562/big_model_training/genome_chr7.1_binary.txt, ../../../data/hg19/K562/big_model_training/genome_chr7.2_binary.txt
    output: ../../../data/hg19/K562/big_model_training/genome_chr7.0_binary.txt.gz, ../../../data/hg19/K562/big_model_training/genome_chr7.1_binary.txt.gz, ../../../data/hg19/K562/big_model_training/genome_chr7.2_binary.txt.gz
    jobid: 7
    wildcards: chrom=7

Submitted job 7 with external jobid 'Submitted batch job 925739'.
[Wed Jun 30 11:46:00 2021]
Finished job 31.
11 of 47 steps (23%) done

[Wed Jun 30 11:46:00 2021]
rule gzip_all_files:
    input: ../../../data/hg19/K562/big_model_training/genome_chr8.0_binary.txt, ../../../data/hg19/K562/big_model_training/genome_chr8.1_binary.txt, ../../../data/hg19/K562/big_model_training/genome_chr8.2_binary.txt
    output: ../../../data/hg19/K562/big_model_training/genome_chr8.0_binary.txt.gz, ../../../data/hg19/K562/big_model_training/genome_chr8.1_binary.txt.gz, ../../../data/hg19/K562/big_model_training/genome_chr8.2_binary.txt.gz
    jobid: 8
    wildcards: chrom=8

Submitted job 8 with external jobid 'Submitted batch job 925740'.
[Wed Jun 30 11:46:00 2021]
Finished job 32.
12 of 47 steps (26%) done

[Wed Jun 30 11:46:00 2021]
rule gzip_all_files:
    input: ../../../data/hg19/K562/big_model_training/genome_chr9.0_binary.txt, ../../../data/hg19/K562/big_model_training/genome_chr9.1_binary.txt, ../../../data/hg19/K562/big_model_training/genome_chr9.2_binary.txt
    output: ../../../data/hg19/K562/big_model_training/genome_chr9.0_binary.txt.gz, ../../../data/hg19/K562/big_model_training/genome_chr9.1_binary.txt.gz, ../../../data/hg19/K562/big_model_training/genome_chr9.2_binary.txt.gz
    jobid: 9
    wildcards: chrom=9

Submitted job 9 with external jobid 'Submitted batch job 925741'.
[Wed Jun 30 11:46:00 2021]
Finished job 33.
13 of 47 steps (28%) done

[Wed Jun 30 11:46:00 2021]
rule gzip_all_files:
    input: ../../../data/hg19/K562/big_model_training/genome_chr10.0_binary.txt, ../../../data/hg19/K562/big_model_training/genome_chr10.1_binary.txt, ../../../data/hg19/K562/big_model_training/genome_chr10.2_binary.txt
    output: ../../../data/hg19/K562/big_model_training/genome_chr10.0_binary.txt.gz, ../../../data/hg19/K562/big_model_training/genome_chr10.1_binary.txt.gz, ../../../data/hg19/K562/big_model_training/genome_chr10.2_binary.txt.gz
    jobid: 10
    wildcards: chrom=10

Submitted job 10 with external jobid 'Submitted batch job 925742'.
[Wed Jun 30 11:46:00 2021]
Finished job 36.
14 of 47 steps (30%) done

[Wed Jun 30 11:46:00 2021]
rule gzip_all_files:
    input: ../../../data/hg19/K562/big_model_training/genome_chr13.0_binary.txt, ../../../data/hg19/K562/big_model_training/genome_chr13.1_binary.txt, ../../../data/hg19/K562/big_model_training/genome_chr13.2_binary.txt
    output: ../../../data/hg19/K562/big_model_training/genome_chr13.0_binary.txt.gz, ../../../data/hg19/K562/big_model_training/genome_chr13.1_binary.txt.gz, ../../../data/hg19/K562/big_model_training/genome_chr13.2_binary.txt.gz
    jobid: 13
    wildcards: chrom=13

Submitted job 13 with external jobid 'Submitted batch job 925743'.
[Wed Jun 30 11:46:00 2021]
Finished job 39.
15 of 47 steps (32%) done

[Wed Jun 30 11:46:00 2021]
rule gzip_all_files:
    input: ../../../data/hg19/K562/big_model_training/genome_chr16.0_binary.txt, ../../../data/hg19/K562/big_model_training/genome_chr16.1_binary.txt, ../../../data/hg19/K562/big_model_training/genome_chr16.2_binary.txt
    output: ../../../data/hg19/K562/big_model_training/genome_chr16.0_binary.txt.gz, ../../../data/hg19/K562/big_model_training/genome_chr16.1_binary.txt.gz, ../../../data/hg19/K562/big_model_training/genome_chr16.2_binary.txt.gz
    jobid: 16
    wildcards: chrom=16

Submitted job 16 with external jobid 'Submitted batch job 925744'.
[Wed Jun 30 11:46:01 2021]
Finished job 41.
16 of 47 steps (34%) done

[Wed Jun 30 11:46:01 2021]
rule gzip_all_files:
    input: ../../../data/hg19/K562/big_model_training/genome_chr18.0_binary.txt, ../../../data/hg19/K562/big_model_training/genome_chr18.1_binary.txt, ../../../data/hg19/K562/big_model_training/genome_chr18.2_binary.txt
    output: ../../../data/hg19/K562/big_model_training/genome_chr18.0_binary.txt.gz, ../../../data/hg19/K562/big_model_training/genome_chr18.1_binary.txt.gz, ../../../data/hg19/K562/big_model_training/genome_chr18.2_binary.txt.gz
    jobid: 18
    wildcards: chrom=18

[Wed Jun 30 11:46:01 2021]
Finished job 38.
17 of 47 steps (36%) done
Submitted job 18 with external jobid 'Submitted batch job 925745'.

[Wed Jun 30 11:46:01 2021]
rule gzip_all_files:
    input: ../../../data/hg19/K562/big_model_training/genome_chr15.0_binary.txt, ../../../data/hg19/K562/big_model_training/genome_chr15.1_binary.txt, ../../../data/hg19/K562/big_model_training/genome_chr15.2_binary.txt
    output: ../../../data/hg19/K562/big_model_training/genome_chr15.0_binary.txt.gz, ../../../data/hg19/K562/big_model_training/genome_chr15.1_binary.txt.gz, ../../../data/hg19/K562/big_model_training/genome_chr15.2_binary.txt.gz
    jobid: 15
    wildcards: chrom=15

Submitted job 15 with external jobid 'Submitted batch job 925746'.
[Wed Jun 30 11:46:12 2021]
Finished job 25.
18 of 47 steps (38%) done

[Wed Jun 30 11:46:12 2021]
rule gzip_all_files:
    input: ../../../data/hg19/K562/big_model_training/genome_chr2.0_binary.txt, ../../../data/hg19/K562/big_model_training/genome_chr2.1_binary.txt, ../../../data/hg19/K562/big_model_training/genome_chr2.2_binary.txt
    output: ../../../data/hg19/K562/big_model_training/genome_chr2.0_binary.txt.gz, ../../../data/hg19/K562/big_model_training/genome_chr2.1_binary.txt.gz, ../../../data/hg19/K562/big_model_training/genome_chr2.2_binary.txt.gz
    jobid: 2
    wildcards: chrom=2

Submitted job 2 with external jobid 'Submitted batch job 925751'.
[Wed Jun 30 11:46:12 2021]
Finished job 24.
19 of 47 steps (40%) done

[Wed Jun 30 11:46:12 2021]
rule gzip_all_files:
    input: ../../../data/hg19/K562/big_model_training/genome_chr1.0_binary.txt, ../../../data/hg19/K562/big_model_training/genome_chr1.1_binary.txt, ../../../data/hg19/K562/big_model_training/genome_chr1.2_binary.txt
    output: ../../../data/hg19/K562/big_model_training/genome_chr1.0_binary.txt.gz, ../../../data/hg19/K562/big_model_training/genome_chr1.1_binary.txt.gz, ../../../data/hg19/K562/big_model_training/genome_chr1.2_binary.txt.gz
    jobid: 1
    wildcards: chrom=1

[Wed Jun 30 11:46:12 2021]
Finished job 28.
20 of 47 steps (43%) done
Submitted job 1 with external jobid 'Submitted batch job 925752'.

[Wed Jun 30 11:46:12 2021]
rule gzip_all_files:
    input: ../../../data/hg19/K562/big_model_training/genome_chr5.0_binary.txt, ../../../data/hg19/K562/big_model_training/genome_chr5.1_binary.txt, ../../../data/hg19/K562/big_model_training/genome_chr5.2_binary.txt
    output: ../../../data/hg19/K562/big_model_training/genome_chr5.0_binary.txt.gz, ../../../data/hg19/K562/big_model_training/genome_chr5.1_binary.txt.gz, ../../../data/hg19/K562/big_model_training/genome_chr5.2_binary.txt.gz
    jobid: 5
    wildcards: chrom=5

Submitted job 5 with external jobid 'Submitted batch job 925753'.
[Wed Jun 30 11:46:12 2021]
Finished job 27.
21 of 47 steps (45%) done

[Wed Jun 30 11:46:12 2021]
rule gzip_all_files:
    input: ../../../data/hg19/K562/big_model_training/genome_chr4.0_binary.txt, ../../../data/hg19/K562/big_model_training/genome_chr4.1_binary.txt, ../../../data/hg19/K562/big_model_training/genome_chr4.2_binary.txt
    output: ../../../data/hg19/K562/big_model_training/genome_chr4.0_binary.txt.gz, ../../../data/hg19/K562/big_model_training/genome_chr4.1_binary.txt.gz, ../../../data/hg19/K562/big_model_training/genome_chr4.2_binary.txt.gz
    jobid: 4
    wildcards: chrom=4

Submitted job 4 with external jobid 'Submitted batch job 925755'.
[Wed Jun 30 11:46:12 2021]
Finished job 29.
22 of 47 steps (47%) done

[Wed Jun 30 11:46:12 2021]
rule gzip_all_files:
    input: ../../../data/hg19/K562/big_model_training/genome_chr6.0_binary.txt, ../../../data/hg19/K562/big_model_training/genome_chr6.1_binary.txt, ../../../data/hg19/K562/big_model_training/genome_chr6.2_binary.txt
    output: ../../../data/hg19/K562/big_model_training/genome_chr6.0_binary.txt.gz, ../../../data/hg19/K562/big_model_training/genome_chr6.1_binary.txt.gz, ../../../data/hg19/K562/big_model_training/genome_chr6.2_binary.txt.gz
    jobid: 6
    wildcards: chrom=6

Submitted job 6 with external jobid 'Submitted batch job 925756'.
[Wed Jun 30 11:46:37 2021]
Finished job 19.
23 of 47 steps (49%) done
[Wed Jun 30 11:46:37 2021]
Finished job 22.
24 of 47 steps (51%) done
[Wed Jun 30 11:46:37 2021]
Finished job 21.
25 of 47 steps (53%) done
[Wed Jun 30 11:46:47 2021]
Finished job 11.
26 of 47 steps (55%) done
[Wed Jun 30 11:46:47 2021]
Finished job 14.
27 of 47 steps (57%) done
[Wed Jun 30 11:46:47 2021]
Finished job 17.
28 of 47 steps (60%) done
[Wed Jun 30 11:46:47 2021]
Finished job 20.
29 of 47 steps (62%) done
[Wed Jun 30 11:46:48 2021]
Finished job 23.
30 of 47 steps (64%) done
[Wed Jun 30 11:46:48 2021]
Finished job 7.
31 of 47 steps (66%) done
[Wed Jun 30 11:46:48 2021]
Finished job 8.
32 of 47 steps (68%) done
[Wed Jun 30 11:46:48 2021]
Finished job 9.
33 of 47 steps (70%) done
[Wed Jun 30 11:46:48 2021]
Finished job 10.
34 of 47 steps (72%) done
[Wed Jun 30 11:46:48 2021]
Finished job 13.
35 of 47 steps (74%) done
[Wed Jun 30 11:46:48 2021]
Finished job 16.
36 of 47 steps (77%) done
[Wed Jun 30 11:46:48 2021]
Finished job 18.
37 of 47 steps (79%) done
[Wed Jun 30 11:46:49 2021]
Finished job 15.
38 of 47 steps (81%) done
[Wed Jun 30 11:46:59 2021]
Finished job 2.
39 of 47 steps (83%) done
[Wed Jun 30 11:46:59 2021]
Finished job 1.
40 of 47 steps (85%) done
[Wed Jun 30 11:46:59 2021]
Finished job 5.
41 of 47 steps (87%) done
[Wed Jun 30 11:46:59 2021]
Finished job 4.
42 of 47 steps (89%) done
[Wed Jun 30 11:46:59 2021]
Finished job 6.
43 of 47 steps (91%) done
[Wed Jun 30 11:46:59 2021]
Finished job 3.
44 of 47 steps (94%) done
[Wed Jun 30 11:46:59 2021]
Finished job 35.
45 of 47 steps (96%) done

[Wed Jun 30 11:46:59 2021]
rule gzip_all_files:
    input: ../../../data/hg19/K562/big_model_training/genome_chr12.0_binary.txt, ../../../data/hg19/K562/big_model_training/genome_chr12.1_binary.txt, ../../../data/hg19/K562/big_model_training/genome_chr12.2_binary.txt
    output: ../../../data/hg19/K562/big_model_training/genome_chr12.0_binary.txt.gz, ../../../data/hg19/K562/big_model_training/genome_chr12.1_binary.txt.gz, ../../../data/hg19/K562/big_model_training/genome_chr12.2_binary.txt.gz
    jobid: 12
    wildcards: chrom=12

Submitted job 12 with external jobid 'Submitted batch job 925760'.
[Wed Jun 30 11:47:39 2021]
Finished job 12.
46 of 47 steps (98%) done

[Wed Jun 30 11:47:39 2021]
localrule all:
    input: ../../../data/hg19/K562/big_model_training/genome_chr1.0_binary.txt.gz, ../../../data/hg19/K562/big_model_training/genome_chr1.1_binary.txt.gz, ../../../data/hg19/K562/big_model_training/genome_chr1.2_binary.txt.gz, ../../../data/hg19/K562/big_model_training/genome_chr2.0_binary.txt.gz, ../../../data/hg19/K562/big_model_training/genome_chr2.1_binary.txt.gz, ../../../data/hg19/K562/big_model_training/genome_chr2.2_binary.txt.gz, ../../../data/hg19/K562/big_model_training/genome_chr3.0_binary.txt.gz, ../../../data/hg19/K562/big_model_training/genome_chr3.1_binary.txt.gz, ../../../data/hg19/K562/big_model_training/genome_chr3.2_binary.txt.gz, ../../../data/hg19/K562/big_model_training/genome_chr4.0_binary.txt.gz, ../../../data/hg19/K562/big_model_training/genome_chr4.1_binary.txt.gz, ../../../data/hg19/K562/big_model_training/genome_chr4.2_binary.txt.gz, ../../../data/hg19/K562/big_model_training/genome_chr5.0_binary.txt.gz, ../../../data/hg19/K562/big_model_training/genome_chr5.1_binary.txt.gz, ../../../data/hg19/K562/big_model_training/genome_chr5.2_binary.txt.gz, ../../../data/hg19/K562/big_model_training/genome_chr6.0_binary.txt.gz, ../../../data/hg19/K562/big_model_training/genome_chr6.1_binary.txt.gz, ../../../data/hg19/K562/big_model_training/genome_chr6.2_binary.txt.gz, ../../../data/hg19/K562/big_model_training/genome_chr7.0_binary.txt.gz, ../../../data/hg19/K562/big_model_training/genome_chr7.1_binary.txt.gz, ../../../data/hg19/K562/big_model_training/genome_chr7.2_binary.txt.gz, ../../../data/hg19/K562/big_model_training/genome_chr8.0_binary.txt.gz, ../../../data/hg19/K562/big_model_training/genome_chr8.1_binary.txt.gz, ../../../data/hg19/K562/big_model_training/genome_chr8.2_binary.txt.gz, ../../../data/hg19/K562/big_model_training/genome_chr9.0_binary.txt.gz, ../../../data/hg19/K562/big_model_training/genome_chr9.1_binary.txt.gz, ../../../data/hg19/K562/big_model_training/genome_chr9.2_binary.txt.gz, ../../../data/hg19/K562/big_model_training/genome_chr10.0_binary.txt.gz, ../../../data/hg19/K562/big_model_training/genome_chr10.1_binary.txt.gz, ../../../data/hg19/K562/big_model_training/genome_chr10.2_binary.txt.gz, ../../../data/hg19/K562/big_model_training/genome_chr11.0_binary.txt.gz, ../../../data/hg19/K562/big_model_training/genome_chr11.1_binary.txt.gz, ../../../data/hg19/K562/big_model_training/genome_chr11.2_binary.txt.gz, ../../../data/hg19/K562/big_model_training/genome_chr12.0_binary.txt.gz, ../../../data/hg19/K562/big_model_training/genome_chr12.1_binary.txt.gz, ../../../data/hg19/K562/big_model_training/genome_chr12.2_binary.txt.gz, ../../../data/hg19/K562/big_model_training/genome_chr13.0_binary.txt.gz, ../../../data/hg19/K562/big_model_training/genome_chr13.1_binary.txt.gz, ../../../data/hg19/K562/big_model_training/genome_chr13.2_binary.txt.gz, ../../../data/hg19/K562/big_model_training/genome_chr14.0_binary.txt.gz, ../../../data/hg19/K562/big_model_training/genome_chr14.1_binary.txt.gz, ../../../data/hg19/K562/big_model_training/genome_chr14.2_binary.txt.gz, ../../../data/hg19/K562/big_model_training/genome_chr15.0_binary.txt.gz, ../../../data/hg19/K562/big_model_training/genome_chr15.1_binary.txt.gz, ../../../data/hg19/K562/big_model_training/genome_chr15.2_binary.txt.gz, ../../../data/hg19/K562/big_model_training/genome_chr16.0_binary.txt.gz, ../../../data/hg19/K562/big_model_training/genome_chr16.1_binary.txt.gz, ../../../data/hg19/K562/big_model_training/genome_chr16.2_binary.txt.gz, ../../../data/hg19/K562/big_model_training/genome_chr17.0_binary.txt.gz, ../../../data/hg19/K562/big_model_training/genome_chr17.1_binary.txt.gz, ../../../data/hg19/K562/big_model_training/genome_chr17.2_binary.txt.gz, ../../../data/hg19/K562/big_model_training/genome_chr18.0_binary.txt.gz, ../../../data/hg19/K562/big_model_training/genome_chr18.1_binary.txt.gz, ../../../data/hg19/K562/big_model_training/genome_chr18.2_binary.txt.gz, ../../../data/hg19/K562/big_model_training/genome_chr19.0_binary.txt.gz, ../../../data/hg19/K562/big_model_training/genome_chr19.1_binary.txt.gz, ../../../data/hg19/K562/big_model_training/genome_chr19.2_binary.txt.gz, ../../../data/hg19/K562/big_model_training/genome_chr20.0_binary.txt.gz, ../../../data/hg19/K562/big_model_training/genome_chr20.1_binary.txt.gz, ../../../data/hg19/K562/big_model_training/genome_chr20.2_binary.txt.gz, ../../../data/hg19/K562/big_model_training/genome_chr21.0_binary.txt.gz, ../../../data/hg19/K562/big_model_training/genome_chr21.1_binary.txt.gz, ../../../data/hg19/K562/big_model_training/genome_chr21.2_binary.txt.gz, ../../../data/hg19/K562/big_model_training/genome_chr22.0_binary.txt.gz, ../../../data/hg19/K562/big_model_training/genome_chr22.1_binary.txt.gz, ../../../data/hg19/K562/big_model_training/genome_chr22.2_binary.txt.gz, ../../../data/hg19/K562/big_model_training/genome_chrX.0_binary.txt.gz, ../../../data/hg19/K562/big_model_training/genome_chrX.1_binary.txt.gz, ../../../data/hg19/K562/big_model_training/genome_chrX.2_binary.txt.gz
    jobid: 0

[Wed Jun 30 11:47:39 2021]
Finished job 0.
47 of 47 steps (100%) done
Complete log: /gstore/home/vuh6/source/chromHMM_training/train_big_model/.snakemake/log/2021-06-30T114522.213678.snakemake.log
