Building DAG of jobs...
MissingInputException in line 109 of /gstore/home/vuh6/source/chromHMM_training/train_big_model/learn_model.snakefile:
Missing input files for rule learn_model:
../../../data/hg19/K562/big_model_training/chr22_1.txt.gz
../../../data/hg19/K562/big_model_training/chr2_0.txt.gz
../../../data/hg19/K562/big_model_training/chr1_0.txt.gz
../../../data/hg19/K562/big_model_training/chr9_2.txt.gz
../../../data/hg19/K562/big_model_training/chr3_2.txt.gz
../../../data/hg19/K562/big_model_training/chr1_1.txt.gz
../../../data/hg19/K562/big_model_training/chr7_0.txt.gz
../../../data/hg19/K562/big_model_training/chr16_1.txt.gz
../../../data/hg19/K562/big_model_training/chr21_1.txt.gz
../../../data/hg19/K562/big_model_training/chr15_0.txt.gz
../../../data/hg19/K562/big_model_training/chr1_2.txt.gz
../../../data/hg19/K562/big_model_training/chr10_0.txt.gz
../../../data/hg19/K562/big_model_training/chr6_0.txt.gz
../../../data/hg19/K562/big_model_training/chr17_2.txt.gz
../../../data/hg19/K562/big_model_training/chr4_0.txt.gz
../../../data/hg19/K562/big_model_training/chr15_1.txt.gz
../../../data/hg19/K562/big_model_training/chr22_2.txt.gz
../../../data/hg19/K562/big_model_training/chr9_0.txt.gz
../../../data/hg19/K562/big_model_training/chr8_1.txt.gz
../../../data/hg19/K562/big_model_training/chrX_2.txt.gz
../../../data/hg19/K562/big_model_training/chr2_1.txt.gz
../../../data/hg19/K562/big_model_training/chr12_2.txt.gz
../../../data/hg19/K562/big_model_training/chr7_2.txt.gz
../../../data/hg19/K562/big_model_training/chr5_2.txt.gz
../../../data/hg19/K562/big_model_training/chr10_2.txt.gz
../../../data/hg19/K562/big_model_training/chr11_2.txt.gz
../../../data/hg19/K562/big_model_training/chr17_0.txt.gz
../../../data/hg19/K562/big_model_training/chr18_1.txt.gz
../../../data/hg19/K562/big_model_training/chr15_2.txt.gz
../../../data/hg19/K562/big_model_training/chr8_2.txt.gz
../../../data/hg19/K562/big_model_training/chr20_1.txt.gz
../../../data/hg19/K562/big_model_training/chr6_2.txt.gz
../../../data/hg19/K562/big_model_training/chr18_0.txt.gz
../../../data/hg19/K562/big_model_training/chr19_0.txt.gz
../../../data/hg19/K562/big_model_training/chr14_2.txt.gz
../../../data/hg19/K562/big_model_training/chr3_0.txt.gz
../../../data/hg19/K562/big_model_training/chr19_2.txt.gz
../../../data/hg19/K562/big_model_training/chr20_2.txt.gz
../../../data/hg19/K562/big_model_training/chr12_0.txt.gz
../../../data/hg19/K562/big_model_training/chr11_0.txt.gz
../../../data/hg19/K562/big_model_training/chr22_0.txt.gz
../../../data/hg19/K562/big_model_training/chr21_2.txt.gz
../../../data/hg19/K562/big_model_training/chr12_1.txt.gz
../../../data/hg19/K562/big_model_training/chrX_0.txt.gz
../../../data/hg19/K562/big_model_training/chr16_2.txt.gz
../../../data/hg19/K562/big_model_training/chr6_1.txt.gz
../../../data/hg19/K562/big_model_training/chrX_1.txt.gz
../../../data/hg19/K562/big_model_training/chr4_2.txt.gz
../../../data/hg19/K562/big_model_training/chr11_1.txt.gz
../../../data/hg19/K562/big_model_training/chr2_2.txt.gz
../../../data/hg19/K562/big_model_training/chr17_1.txt.gz
../../../data/hg19/K562/big_model_training/chr18_2.txt.gz
../../../data/hg19/K562/big_model_training/chr3_1.txt.gz
../../../data/hg19/K562/big_model_training/chr14_0.txt.gz
../../../data/hg19/K562/big_model_training/chr4_1.txt.gz
../../../data/hg19/K562/big_model_training/chr5_0.txt.gz
../../../data/hg19/K562/big_model_training/chr13_1.txt.gz
../../../data/hg19/K562/big_model_training/chr9_1.txt.gz
../../../data/hg19/K562/big_model_training/chr14_1.txt.gz
../../../data/hg19/K562/big_model_training/chr8_0.txt.gz
../../../data/hg19/K562/big_model_training/chr16_0.txt.gz
../../../data/hg19/K562/big_model_training/chr5_1.txt.gz
../../../data/hg19/K562/big_model_training/chr13_2.txt.gz
../../../data/hg19/K562/big_model_training/chr13_0.txt.gz
../../../data/hg19/K562/big_model_training/chr19_1.txt.gz
../../../data/hg19/K562/big_model_training/chr7_1.txt.gz
../../../data/hg19/K562/big_model_training/chr20_0.txt.gz
../../../data/hg19/K562/big_model_training/chr21_0.txt.gz
../../../data/hg19/K562/big_model_training/chr10_1.txt.gz
