Building DAG of jobs...
Using shell: /usr/bin/bash
Provided cores: 1 (use --cores to define parallelism)
Rules claiming more threads will be scaled down.
Job counts:
	count	jobs
	1	all
	7	learn_model
	8

[Tue Jul  6 15:24:50 2021]
rule learn_model:
    input: ../../../data/hg19/K562/three_mark_model_training/genome_chr1.0_binary.txt.gz, ../../../data/hg19/K562/three_mark_model_training/genome_chr1.1_binary.txt.gz, ../../../data/hg19/K562/three_mark_model_training/genome_chr1.2_binary.txt.gz, ../../../data/hg19/K562/three_mark_model_training/genome_chr2.0_binary.txt.gz, ../../../data/hg19/K562/three_mark_model_training/genome_chr2.1_binary.txt.gz, ../../../data/hg19/K562/three_mark_model_training/genome_chr2.2_binary.txt.gz, ../../../data/hg19/K562/three_mark_model_training/genome_chr3.0_binary.txt.gz, ../../../data/hg19/K562/three_mark_model_training/genome_chr3.1_binary.txt.gz, ../../../data/hg19/K562/three_mark_model_training/genome_chr3.2_binary.txt.gz, ../../../data/hg19/K562/three_mark_model_training/genome_chr4.0_binary.txt.gz, ../../../data/hg19/K562/three_mark_model_training/genome_chr4.1_binary.txt.gz, ../../../data/hg19/K562/three_mark_model_training/genome_chr4.2_binary.txt.gz, ../../../data/hg19/K562/three_mark_model_training/genome_chr5.0_binary.txt.gz, ../../../data/hg19/K562/three_mark_model_training/genome_chr5.1_binary.txt.gz, ../../../data/hg19/K562/three_mark_model_training/genome_chr5.2_binary.txt.gz, ../../../data/hg19/K562/three_mark_model_training/genome_chr6.0_binary.txt.gz, ../../../data/hg19/K562/three_mark_model_training/genome_chr6.1_binary.txt.gz, ../../../data/hg19/K562/three_mark_model_training/genome_chr6.2_binary.txt.gz, ../../../data/hg19/K562/three_mark_model_training/genome_chr7.0_binary.txt.gz, ../../../data/hg19/K562/three_mark_model_training/genome_chr7.1_binary.txt.gz, ../../../data/hg19/K562/three_mark_model_training/genome_chr7.2_binary.txt.gz, ../../../data/hg19/K562/three_mark_model_training/genome_chr8.0_binary.txt.gz, ../../../data/hg19/K562/three_mark_model_training/genome_chr8.1_binary.txt.gz, ../../../data/hg19/K562/three_mark_model_training/genome_chr8.2_binary.txt.gz, ../../../data/hg19/K562/three_mark_model_training/genome_chr9.0_binary.txt.gz, ../../../data/hg19/K562/three_mark_model_training/genome_chr9.1_binary.txt.gz, ../../../data/hg19/K562/three_mark_model_training/genome_chr9.2_binary.txt.gz, ../../../data/hg19/K562/three_mark_model_training/genome_chr10.0_binary.txt.gz, ../../../data/hg19/K562/three_mark_model_training/genome_chr10.1_binary.txt.gz, ../../../data/hg19/K562/three_mark_model_training/genome_chr10.2_binary.txt.gz, ../../../data/hg19/K562/three_mark_model_training/genome_chr11.0_binary.txt.gz, ../../../data/hg19/K562/three_mark_model_training/genome_chr11.1_binary.txt.gz, ../../../data/hg19/K562/three_mark_model_training/genome_chr11.2_binary.txt.gz, ../../../data/hg19/K562/three_mark_model_training/genome_chr12.0_binary.txt.gz, ../../../data/hg19/K562/three_mark_model_training/genome_chr12.1_binary.txt.gz, ../../../data/hg19/K562/three_mark_model_training/genome_chr12.2_binary.txt.gz, ../../../data/hg19/K562/three_mark_model_training/genome_chr13.0_binary.txt.gz, ../../../data/hg19/K562/three_mark_model_training/genome_chr13.1_binary.txt.gz, ../../../data/hg19/K562/three_mark_model_training/genome_chr13.2_binary.txt.gz, ../../../data/hg19/K562/three_mark_model_training/genome_chr14.0_binary.txt.gz, ../../../data/hg19/K562/three_mark_model_training/genome_chr14.1_binary.txt.gz, ../../../data/hg19/K562/three_mark_model_training/genome_chr14.2_binary.txt.gz, ../../../data/hg19/K562/three_mark_model_training/genome_chr15.0_binary.txt.gz, ../../../data/hg19/K562/three_mark_model_training/genome_chr15.1_binary.txt.gz, ../../../data/hg19/K562/three_mark_model_training/genome_chr15.2_binary.txt.gz, ../../../data/hg19/K562/three_mark_model_training/genome_chr16.0_binary.txt.gz, ../../../data/hg19/K562/three_mark_model_training/genome_chr16.1_binary.txt.gz, ../../../data/hg19/K562/three_mark_model_training/genome_chr16.2_binary.txt.gz, ../../../data/hg19/K562/three_mark_model_training/genome_chr17.0_binary.txt.gz, ../../../data/hg19/K562/three_mark_model_training/genome_chr17.1_binary.txt.gz, ../../../data/hg19/K562/three_mark_model_training/genome_chr17.2_binary.txt.gz, ../../../data/hg19/K562/three_mark_model_training/genome_chr18.0_binary.txt.gz, ../../../data/hg19/K562/three_mark_model_training/genome_chr18.1_binary.txt.gz, ../../../data/hg19/K562/three_mark_model_training/genome_chr18.2_binary.txt.gz, ../../../data/hg19/K562/three_mark_model_training/genome_chr19.0_binary.txt.gz, ../../../data/hg19/K562/three_mark_model_training/genome_chr19.1_binary.txt.gz, ../../../data/hg19/K562/three_mark_model_training/genome_chr19.2_binary.txt.gz, ../../../data/hg19/K562/three_mark_model_training/genome_chr20.0_binary.txt.gz, ../../../data/hg19/K562/three_mark_model_training/genome_chr20.1_binary.txt.gz, ../../../data/hg19/K562/three_mark_model_training/genome_chr20.2_binary.txt.gz, ../../../data/hg19/K562/three_mark_model_training/genome_chr21.0_binary.txt.gz, ../../../data/hg19/K562/three_mark_model_training/genome_chr21.1_binary.txt.gz, ../../../data/hg19/K562/three_mark_model_training/genome_chr21.2_binary.txt.gz, ../../../data/hg19/K562/three_mark_model_training/genome_chr22.0_binary.txt.gz, ../../../data/hg19/K562/three_mark_model_training/genome_chr22.1_binary.txt.gz, ../../../data/hg19/K562/three_mark_model_training/genome_chr22.2_binary.txt.gz, ../../../data/hg19/K562/three_mark_model_training/genome_chrX.0_binary.txt.gz, ../../../data/hg19/K562/three_mark_model_training/genome_chrX.1_binary.txt.gz, ../../../data/hg19/K562/three_mark_model_training/genome_chrX.2_binary.txt.gz
    output: ../../../model_analysis/K562_hg19/three_mark_model/state_8/full_model/model_8.txt, ../../../model_analysis/K562_hg19/three_mark_model/state_8/full_model/genome_8_segments.bed.gz
    jobid: 7
    wildcards: num_state=8

Waiting at most 5 seconds for missing files.
MissingOutputException in line 115 of /gstore/home/vuh6/source/chromHMM_training/train_big_model/learn_three_mark_model.snakefile:
Job completed successfully, but some output files are missing. Missing files after 5 seconds:
../../../model_analysis/K562_hg19/three_mark_model/state_8/full_model/model_8.txt
../../../model_analysis/K562_hg19/three_mark_model/state_8/full_model/genome_8_segments.bed.gz
This might be due to filesystem latency. If that is the case, consider to increase the wait time with --latency-wait.
  File "/gstore/apps/snakemake/5.22.0-foss-2017a-Python-3.6.3/lib/python3.6/site-packages/snakemake/executors/__init__.py", line 544, in handle_job_success
  File "/gstore/apps/snakemake/5.22.0-foss-2017a-Python-3.6.3/lib/python3.6/site-packages/snakemake/executors/__init__.py", line 231, in handle_job_success
Shutting down, this might take some time.
Exiting because a job execution failed. Look above for error message
Complete log: /gstore/home/vuh6/source/chromHMM_training/train_big_model/.snakemake/log/2021-07-06T152447.935898.snakemake.log
