Building DAG of jobs...
Using shell: /usr/bin/bash
Provided cluster nodes: 100
Job counts:
	count	jobs
	1	all
	1	learn_model
	2

[Wed Jun 30 13:25:18 2021]
rule learn_model:
    input: ../../../data/hg19/K562/big_model_training/genome_chr1.0_binary.txt.gz, ../../../data/hg19/K562/big_model_training/genome_chr1.1_binary.txt.gz, ../../../data/hg19/K562/big_model_training/genome_chr1.2_binary.txt.gz, ../../../data/hg19/K562/big_model_training/genome_chr2.0_binary.txt.gz, ../../../data/hg19/K562/big_model_training/genome_chr2.1_binary.txt.gz, ../../../data/hg19/K562/big_model_training/genome_chr2.2_binary.txt.gz, ../../../data/hg19/K562/big_model_training/genome_chr3.0_binary.txt.gz, ../../../data/hg19/K562/big_model_training/genome_chr3.1_binary.txt.gz, ../../../data/hg19/K562/big_model_training/genome_chr3.2_binary.txt.gz, ../../../data/hg19/K562/big_model_training/genome_chr4.0_binary.txt.gz, ../../../data/hg19/K562/big_model_training/genome_chr4.1_binary.txt.gz, ../../../data/hg19/K562/big_model_training/genome_chr4.2_binary.txt.gz, ../../../data/hg19/K562/big_model_training/genome_chr5.0_binary.txt.gz, ../../../data/hg19/K562/big_model_training/genome_chr5.1_binary.txt.gz, ../../../data/hg19/K562/big_model_training/genome_chr5.2_binary.txt.gz, ../../../data/hg19/K562/big_model_training/genome_chr6.0_binary.txt.gz, ../../../data/hg19/K562/big_model_training/genome_chr6.1_binary.txt.gz, ../../../data/hg19/K562/big_model_training/genome_chr6.2_binary.txt.gz, ../../../data/hg19/K562/big_model_training/genome_chr7.0_binary.txt.gz, ../../../data/hg19/K562/big_model_training/genome_chr7.1_binary.txt.gz, ../../../data/hg19/K562/big_model_training/genome_chr7.2_binary.txt.gz, ../../../data/hg19/K562/big_model_training/genome_chr8.0_binary.txt.gz, ../../../data/hg19/K562/big_model_training/genome_chr8.1_binary.txt.gz, ../../../data/hg19/K562/big_model_training/genome_chr8.2_binary.txt.gz, ../../../data/hg19/K562/big_model_training/genome_chr9.0_binary.txt.gz, ../../../data/hg19/K562/big_model_training/genome_chr9.1_binary.txt.gz, ../../../data/hg19/K562/big_model_training/genome_chr9.2_binary.txt.gz, ../../../data/hg19/K562/big_model_training/genome_chr10.0_binary.txt.gz, ../../../data/hg19/K562/big_model_training/genome_chr10.1_binary.txt.gz, ../../../data/hg19/K562/big_model_training/genome_chr10.2_binary.txt.gz, ../../../data/hg19/K562/big_model_training/genome_chr11.0_binary.txt.gz, ../../../data/hg19/K562/big_model_training/genome_chr11.1_binary.txt.gz, ../../../data/hg19/K562/big_model_training/genome_chr11.2_binary.txt.gz, ../../../data/hg19/K562/big_model_training/genome_chr12.0_binary.txt.gz, ../../../data/hg19/K562/big_model_training/genome_chr12.1_binary.txt.gz, ../../../data/hg19/K562/big_model_training/genome_chr12.2_binary.txt.gz, ../../../data/hg19/K562/big_model_training/genome_chr13.0_binary.txt.gz, ../../../data/hg19/K562/big_model_training/genome_chr13.1_binary.txt.gz, ../../../data/hg19/K562/big_model_training/genome_chr13.2_binary.txt.gz, ../../../data/hg19/K562/big_model_training/genome_chr14.0_binary.txt.gz, ../../../data/hg19/K562/big_model_training/genome_chr14.1_binary.txt.gz, ../../../data/hg19/K562/big_model_training/genome_chr14.2_binary.txt.gz, ../../../data/hg19/K562/big_model_training/genome_chr15.0_binary.txt.gz, ../../../data/hg19/K562/big_model_training/genome_chr15.1_binary.txt.gz, ../../../data/hg19/K562/big_model_training/genome_chr15.2_binary.txt.gz, ../../../data/hg19/K562/big_model_training/genome_chr16.0_binary.txt.gz, ../../../data/hg19/K562/big_model_training/genome_chr16.1_binary.txt.gz, ../../../data/hg19/K562/big_model_training/genome_chr16.2_binary.txt.gz, ../../../data/hg19/K562/big_model_training/genome_chr17.0_binary.txt.gz, ../../../data/hg19/K562/big_model_training/genome_chr17.1_binary.txt.gz, ../../../data/hg19/K562/big_model_training/genome_chr17.2_binary.txt.gz, ../../../data/hg19/K562/big_model_training/genome_chr18.0_binary.txt.gz, ../../../data/hg19/K562/big_model_training/genome_chr18.1_binary.txt.gz, ../../../data/hg19/K562/big_model_training/genome_chr18.2_binary.txt.gz, ../../../data/hg19/K562/big_model_training/genome_chr19.0_binary.txt.gz, ../../../data/hg19/K562/big_model_training/genome_chr19.1_binary.txt.gz, ../../../data/hg19/K562/big_model_training/genome_chr19.2_binary.txt.gz, ../../../data/hg19/K562/big_model_training/genome_chr20.0_binary.txt.gz, ../../../data/hg19/K562/big_model_training/genome_chr20.1_binary.txt.gz, ../../../data/hg19/K562/big_model_training/genome_chr20.2_binary.txt.gz, ../../../data/hg19/K562/big_model_training/genome_chr21.0_binary.txt.gz, ../../../data/hg19/K562/big_model_training/genome_chr21.1_binary.txt.gz, ../../../data/hg19/K562/big_model_training/genome_chr21.2_binary.txt.gz, ../../../data/hg19/K562/big_model_training/genome_chr22.0_binary.txt.gz, ../../../data/hg19/K562/big_model_training/genome_chr22.1_binary.txt.gz, ../../../data/hg19/K562/big_model_training/genome_chr22.2_binary.txt.gz, ../../../data/hg19/K562/big_model_training/genome_chrX.0_binary.txt.gz, ../../../data/hg19/K562/big_model_training/genome_chrX.1_binary.txt.gz, ../../../data/hg19/K562/big_model_training/genome_chrX.2_binary.txt.gz
    output: ../../../model_analysis/K562_hg19/all_mark_model/state_2/model_2.txt, ../../../model_analysis/K562_hg19/all_mark_model/state_2/genome_2_segments.bed.gz
    jobid: 1
    wildcards: num_state=2

Submitted job 1 with external jobid 'Submitted batch job 941895'.
[Wed Jun 30 13:32:19 2021]
Finished job 1.
1 of 2 steps (50%) done

[Wed Jun 30 13:32:19 2021]
localrule all:
    input: ../../../model_analysis/K562_hg19/all_mark_model/state_2/model_2.txt
    jobid: 0

[Wed Jun 30 13:32:19 2021]
Finished job 0.
2 of 2 steps (100%) done
Complete log: /gstore/home/vuh6/source/chromHMM_training/train_big_model/.snakemake/log/2021-06-30T132511.814403.snakemake.log
