Building DAG of jobs...
Using shell: /usr/bin/bash
Provided cores: 1 (use --cores to define parallelism)
Rules claiming more threads will be scaled down.
Job counts:
	count	jobs
	1	all
	1	combine_marks_eval_subset
	2

[Fri Jun 25 00:35:26 2021]
rule combine_marks_eval_subset:
    input: ../../../model_analysis/K562_hg19/new_model/eval_subset/missing_DNase.txt, ../../../model_analysis/K562_hg19/new_model/eval_subset/missing_H2A.Z.txt, ../../../model_analysis/K562_hg19/new_model/eval_subset/missing_H3K27ac.txt, ../../../model_analysis/K562_hg19/new_model/eval_subset/missing_H3K27me3.txt, ../../../model_analysis/K562_hg19/new_model/eval_subset/missing_H3K36me3.txt, ../../../model_analysis/K562_hg19/new_model/eval_subset/missing_H3K4me1.txt, ../../../model_analysis/K562_hg19/new_model/eval_subset/missing_H3K4me2.txt, ../../../model_analysis/K562_hg19/new_model/eval_subset/missing_H3K4me3.txt, ../../../model_analysis/K562_hg19/new_model/eval_subset/missing_H3K79me2.txt, ../../../model_analysis/K562_hg19/new_model/eval_subset/missing_H3K9ac.txt, ../../../model_analysis/K562_hg19/new_model/eval_subset/missing_H3K9me1.txt, ../../../model_analysis/K562_hg19/new_model/eval_subset/missing_H3K9me3.txt, ../../../model_analysis/K562_hg19/new_model/eval_subset/missing_H4K20me1.txt
    output: ../../../model_analysis/K562_hg19/new_model/eval_subset/sum_diag_all_marks.txt, ../../../model_analysis/K562_hg19/new_model/eval_subset/sum_diag_all_marks.png
    jobid: 1

[Fri Jun 25 00:35:28 2021]
Finished job 1.
1 of 2 steps (50%) done

[Fri Jun 25 00:35:28 2021]
localrule all:
    input: ../../../model_analysis/K562_hg19/new_model/eval_subset/sum_diag_all_marks.txt, ../../../model_analysis/K562_hg19/new_model/overlap/overlap_enrichment_gc.txt, ../../../model_analysis/K562_hg19/new_model/neighborhood/neighborhood_enrichment_TES.txt, ../../../model_analysis/K562_hg19/new_model/neighborhood/neighborhood_enrichment_TSS.txt
    jobid: 0

[Fri Jun 25 00:35:28 2021]
Finished job 0.
2 of 2 steps (100%) done
Complete log: /gstore/home/vuh6/source/chromHMM_training/train_big_model/.snakemake/log/2021-06-25T003523.452119.snakemake.log
