Building DAG of jobs...
Using shell: /usr/bin/bash
Provided cores: 1 (use --cores to define parallelism)
Rules claiming more threads will be scaled down.
Job counts:
	count	jobs
	1	all
	1	calculate_state_overlap_two_models
	2

[Mon Jun 28 11:52:47 2021]
rule calculate_state_overlap_two_models:
    input: ../../../model_analysis/K562_hg19/all_mark_model/genome_25_segments_clean.bed.gz, ../../../model_analysis/K562_hg19/three_mark_model/genome_5_segments_clean.bed.gz
    output: ../../../model_analysis/K562_hg19/compare_models/confusionM_stateOverlap.txt, ../../../model_analysis/K562_hg19/compare_models/confusionM_stateOverlap.png
    jobid: 1

[Mon Jun 28 11:53:26 2021]
Error in rule calculate_state_overlap_two_models:
    jobid: 1
    output: ../../../model_analysis/K562_hg19/compare_models/confusionM_stateOverlap.txt, ../../../model_analysis/K562_hg19/compare_models/confusionM_stateOverlap.png
    shell:
        
		python get_confusion_matrix_two_models.py ../../../model_analysis/K562_hg19/all_mark_model/genome_25_segments_clean.bed.gz ../../../model_analysis/K562_hg19/three_mark_model/genome_5_segments_clean.bed.gz ../../../model_analysis/K562_hg19/compare_models/confusionM_stateOverlap
		
        (one of the commands exited with non-zero exit code; note that snakemake uses bash strict mode!)

Shutting down, this might take some time.
Exiting because a job execution failed. Look above for error message
Complete log: /gstore/home/vuh6/source/chromHMM_training/train_big_model/.snakemake/log/2021-06-28T115245.255554.snakemake.log
