Building DAG of jobs...
Using shell: /usr/bin/bash
Provided cores: 1 (use --cores to define parallelism)
Rules claiming more threads will be scaled down.
Job counts:
	count	jobs
	1	all
	1	neighborhood_enrichment
	2

[Thu Jun 24 16:40:48 2021]
rule neighborhood_enrichment:
    input: ../../../model_analysis/K562_hg19/new_model/genome_25_segments_clean.bed.gz
    output: ../../../model_analysis/K562_hg19/new_model/neighborhood/neighborhood_enrichment.txt
    jobid: 15

[Thu Jun 24 16:40:51 2021]
Error in rule neighborhood_enrichment:
    jobid: 15
    output: ../../../model_analysis/K562_hg19/new_model/neighborhood/neighborhood_enrichment.txt
    shell:
        
		java -jar ../../../program_source/ChromHMM/ChromHMM/ChromHMM.jar NeighborhoodEnrichment ../../../model_analysis/K562_hg19/new_model/genome_25_segments_clean.bed.gz ../../../data/hg19/genome_context_from_ha/for_enrichment ../../../model_analysis/K562_hg19/new_model/neighborhood/neighborhood_enrichment
		
        (one of the commands exited with non-zero exit code; note that snakemake uses bash strict mode!)

Shutting down, this might take some time.
Exiting because a job execution failed. Look above for error message
Complete log: /gstore/home/vuh6/source/chromHMM_training/train_big_model/.snakemake/log/2021-06-24T164045.118187.snakemake.log
