Building DAG of jobs...
Using shell: /usr/bin/bash
Provided cores: 1 (use --cores to define parallelism)
Rules claiming more threads will be scaled down.
Job counts:
	count	jobs
	1	all
	23	calcualte_log_llh_one_chrom
	1	compare_aic_bic_models
	25

[Thu Jul  1 15:21:04 2021]
rule calcualte_log_llh_one_chrom:
    input: ../../../model_analysis/K562_hg19/all_mark_model/state_25/model_25.txt, ../../../data/hg19/K562/big_model_training/genome_chr1.0_binary.txt.gz, ../../../data/hg19/K562/big_model_training/genome_chr1.1_binary.txt.gz, ../../../data/hg19/K562/big_model_training/genome_chr1.2_binary.txt.gz, ../../../data/hg19/K562/big_model_training/genome_chr2.0_binary.txt.gz, ../../../data/hg19/K562/big_model_training/genome_chr2.1_binary.txt.gz, ../../../data/hg19/K562/big_model_training/genome_chr2.2_binary.txt.gz, ../../../data/hg19/K562/big_model_training/genome_chr3.0_binary.txt.gz, ../../../data/hg19/K562/big_model_training/genome_chr3.1_binary.txt.gz, ../../../data/hg19/K562/big_model_training/genome_chr3.2_binary.txt.gz, ../../../data/hg19/K562/big_model_training/genome_chr4.0_binary.txt.gz, ../../../data/hg19/K562/big_model_training/genome_chr4.1_binary.txt.gz, ../../../data/hg19/K562/big_model_training/genome_chr4.2_binary.txt.gz, ../../../data/hg19/K562/big_model_training/genome_chr5.0_binary.txt.gz, ../../../data/hg19/K562/big_model_training/genome_chr5.1_binary.txt.gz, ../../../data/hg19/K562/big_model_training/genome_chr5.2_binary.txt.gz, ../../../data/hg19/K562/big_model_training/genome_chr6.0_binary.txt.gz, ../../../data/hg19/K562/big_model_training/genome_chr6.1_binary.txt.gz, ../../../data/hg19/K562/big_model_training/genome_chr6.2_binary.txt.gz, ../../../data/hg19/K562/big_model_training/genome_chr7.0_binary.txt.gz, ../../../data/hg19/K562/big_model_training/genome_chr7.1_binary.txt.gz, ../../../data/hg19/K562/big_model_training/genome_chr7.2_binary.txt.gz, ../../../data/hg19/K562/big_model_training/genome_chr8.0_binary.txt.gz, ../../../data/hg19/K562/big_model_training/genome_chr8.1_binary.txt.gz, ../../../data/hg19/K562/big_model_training/genome_chr8.2_binary.txt.gz, ../../../data/hg19/K562/big_model_training/genome_chr9.0_binary.txt.gz, ../../../data/hg19/K562/big_model_training/genome_chr9.1_binary.txt.gz, ../../../data/hg19/K562/big_model_training/genome_chr9.2_binary.txt.gz, ../../../data/hg19/K562/big_model_training/genome_chr10.0_binary.txt.gz, ../../../data/hg19/K562/big_model_training/genome_chr10.1_binary.txt.gz, ../../../data/hg19/K562/big_model_training/genome_chr10.2_binary.txt.gz, ../../../data/hg19/K562/big_model_training/genome_chr11.0_binary.txt.gz, ../../../data/hg19/K562/big_model_training/genome_chr11.1_binary.txt.gz, ../../../data/hg19/K562/big_model_training/genome_chr11.2_binary.txt.gz, ../../../data/hg19/K562/big_model_training/genome_chr12.0_binary.txt.gz, ../../../data/hg19/K562/big_model_training/genome_chr12.1_binary.txt.gz, ../../../data/hg19/K562/big_model_training/genome_chr12.2_binary.txt.gz, ../../../data/hg19/K562/big_model_training/genome_chr13.0_binary.txt.gz, ../../../data/hg19/K562/big_model_training/genome_chr13.1_binary.txt.gz, ../../../data/hg19/K562/big_model_training/genome_chr13.2_binary.txt.gz, ../../../data/hg19/K562/big_model_training/genome_chr14.0_binary.txt.gz, ../../../data/hg19/K562/big_model_training/genome_chr14.1_binary.txt.gz, ../../../data/hg19/K562/big_model_training/genome_chr14.2_binary.txt.gz, ../../../data/hg19/K562/big_model_training/genome_chr15.0_binary.txt.gz, ../../../data/hg19/K562/big_model_training/genome_chr15.1_binary.txt.gz, ../../../data/hg19/K562/big_model_training/genome_chr15.2_binary.txt.gz, ../../../data/hg19/K562/big_model_training/genome_chr16.0_binary.txt.gz, ../../../data/hg19/K562/big_model_training/genome_chr16.1_binary.txt.gz, ../../../data/hg19/K562/big_model_training/genome_chr16.2_binary.txt.gz, ../../../data/hg19/K562/big_model_training/genome_chr17.0_binary.txt.gz, ../../../data/hg19/K562/big_model_training/genome_chr17.1_binary.txt.gz, ../../../data/hg19/K562/big_model_training/genome_chr17.2_binary.txt.gz, ../../../data/hg19/K562/big_model_training/genome_chr18.0_binary.txt.gz, ../../../data/hg19/K562/big_model_training/genome_chr18.1_binary.txt.gz, ../../../data/hg19/K562/big_model_training/genome_chr18.2_binary.txt.gz, ../../../data/hg19/K562/big_model_training/genome_chr19.0_binary.txt.gz, ../../../data/hg19/K562/big_model_training/genome_chr19.1_binary.txt.gz, ../../../data/hg19/K562/big_model_training/genome_chr19.2_binary.txt.gz, ../../../data/hg19/K562/big_model_training/genome_chr20.0_binary.txt.gz, ../../../data/hg19/K562/big_model_training/genome_chr20.1_binary.txt.gz, ../../../data/hg19/K562/big_model_training/genome_chr20.2_binary.txt.gz, ../../../data/hg19/K562/big_model_training/genome_chr21.0_binary.txt.gz, ../../../data/hg19/K562/big_model_training/genome_chr21.1_binary.txt.gz, ../../../data/hg19/K562/big_model_training/genome_chr21.2_binary.txt.gz, ../../../data/hg19/K562/big_model_training/genome_chr22.0_binary.txt.gz, ../../../data/hg19/K562/big_model_training/genome_chr22.1_binary.txt.gz, ../../../data/hg19/K562/big_model_training/genome_chr22.2_binary.txt.gz, ../../../data/hg19/K562/big_model_training/genome_chrX.0_binary.txt.gz, ../../../data/hg19/K562/big_model_training/genome_chrX.1_binary.txt.gz, ../../../data/hg19/K562/big_model_training/genome_chrX.2_binary.txt.gz
    output: ../../../model_analysis/K562_hg19/all_mark_model/state_25/log_llh/log_llh_chr2.txt
    jobid: 532
    wildcards: num_state=25, chrom=2

Terminating processes on user request, this might take some time.
[Thu Jul  1 15:21:08 2021]
Error in rule calcualte_log_llh_one_chrom:
    jobid: 532
    output: ../../../model_analysis/K562_hg19/all_mark_model/state_25/log_llh/log_llh_chr2.txt
    shell:
        
		python calculate_log_likelihood_forward_alg_one_chrom.py ../../../model_analysis/K562_hg19/all_mark_model/state_25/model_25.txt ../../../data/hg19/K562/big_model_training/ ../../../model_analysis/K562_hg19/all_mark_model/state_25/log_llh/log_llh_chr2.txt 2 
		
        (one of the commands exited with non-zero exit code; note that snakemake uses bash strict mode!)

Cancelling snakemake on user request.
