Building DAG of jobs...
Using shell: /usr/bin/bash
Provided cores: 3
Rules claiming more threads will be scaled down.
Job counts:
	count	jobs
	1	all
	23	binarize_multiple_bigwigAverageOverBed_output
	23	gzip_all_files
	47

[Tue Jul  6 15:16:20 2021]
rule binarize_multiple_bigwigAverageOverBed_output:
    input: ../../../data/hg19/K562/roadmap_pval_signals/DNase_chr1.tab, ../../../data/hg19/K562/roadmap_pval_signals/H3K27ac_chr1.tab, ../../../data/hg19/K562/roadmap_pval_signals/H3K4me3_chr1.tab
    output: ../../../data/hg19/K562/three_mark_model_training/genome_chr1.0_binary.txt, ../../../data/hg19/K562/three_mark_model_training/genome_chr1.1_binary.txt, ../../../data/hg19/K562/three_mark_model_training/genome_chr1.2_binary.txt
    jobid: 24
    wildcards: chrom=1

[Tue Jul  6 15:16:20 2021]
rule binarize_multiple_bigwigAverageOverBed_output:
    input: ../../../data/hg19/K562/roadmap_pval_signals/DNase_chr2.tab, ../../../data/hg19/K562/roadmap_pval_signals/H3K27ac_chr2.tab, ../../../data/hg19/K562/roadmap_pval_signals/H3K4me3_chr2.tab
    output: ../../../data/hg19/K562/three_mark_model_training/genome_chr2.0_binary.txt, ../../../data/hg19/K562/three_mark_model_training/genome_chr2.1_binary.txt, ../../../data/hg19/K562/three_mark_model_training/genome_chr2.2_binary.txt
    jobid: 25
    wildcards: chrom=2

[Tue Jul  6 15:16:20 2021]
rule binarize_multiple_bigwigAverageOverBed_output:
    input: ../../../data/hg19/K562/roadmap_pval_signals/DNase_chr3.tab, ../../../data/hg19/K562/roadmap_pval_signals/H3K27ac_chr3.tab, ../../../data/hg19/K562/roadmap_pval_signals/H3K4me3_chr3.tab
    output: ../../../data/hg19/K562/three_mark_model_training/genome_chr3.0_binary.txt, ../../../data/hg19/K562/three_mark_model_training/genome_chr3.1_binary.txt, ../../../data/hg19/K562/three_mark_model_training/genome_chr3.2_binary.txt
    jobid: 26
    wildcards: chrom=3

[Tue Jul  6 15:16:42 2021]
Finished job 26.
1 of 47 steps (2%) done

[Tue Jul  6 15:16:42 2021]
rule binarize_multiple_bigwigAverageOverBed_output:
    input: ../../../data/hg19/K562/roadmap_pval_signals/DNase_chr4.tab, ../../../data/hg19/K562/roadmap_pval_signals/H3K27ac_chr4.tab, ../../../data/hg19/K562/roadmap_pval_signals/H3K4me3_chr4.tab
    output: ../../../data/hg19/K562/three_mark_model_training/genome_chr4.0_binary.txt, ../../../data/hg19/K562/three_mark_model_training/genome_chr4.1_binary.txt, ../../../data/hg19/K562/three_mark_model_training/genome_chr4.2_binary.txt
    jobid: 27
    wildcards: chrom=4

[Tue Jul  6 15:16:42 2021]
Finished job 25.
2 of 47 steps (4%) done

[Tue Jul  6 15:16:42 2021]
rule binarize_multiple_bigwigAverageOverBed_output:
    input: ../../../data/hg19/K562/roadmap_pval_signals/DNase_chr5.tab, ../../../data/hg19/K562/roadmap_pval_signals/H3K27ac_chr5.tab, ../../../data/hg19/K562/roadmap_pval_signals/H3K4me3_chr5.tab
    output: ../../../data/hg19/K562/three_mark_model_training/genome_chr5.0_binary.txt, ../../../data/hg19/K562/three_mark_model_training/genome_chr5.1_binary.txt, ../../../data/hg19/K562/three_mark_model_training/genome_chr5.2_binary.txt
    jobid: 28
    wildcards: chrom=5

[Tue Jul  6 15:16:43 2021]
Finished job 24.
3 of 47 steps (6%) done

[Tue Jul  6 15:16:43 2021]
rule binarize_multiple_bigwigAverageOverBed_output:
    input: ../../../data/hg19/K562/roadmap_pval_signals/DNase_chr6.tab, ../../../data/hg19/K562/roadmap_pval_signals/H3K27ac_chr6.tab, ../../../data/hg19/K562/roadmap_pval_signals/H3K4me3_chr6.tab
    output: ../../../data/hg19/K562/three_mark_model_training/genome_chr6.0_binary.txt, ../../../data/hg19/K562/three_mark_model_training/genome_chr6.1_binary.txt, ../../../data/hg19/K562/three_mark_model_training/genome_chr6.2_binary.txt
    jobid: 29
    wildcards: chrom=6

[Tue Jul  6 15:17:01 2021]
Finished job 28.
4 of 47 steps (9%) done

[Tue Jul  6 15:17:01 2021]
rule binarize_multiple_bigwigAverageOverBed_output:
    input: ../../../data/hg19/K562/roadmap_pval_signals/DNase_chr7.tab, ../../../data/hg19/K562/roadmap_pval_signals/H3K27ac_chr7.tab, ../../../data/hg19/K562/roadmap_pval_signals/H3K4me3_chr7.tab
    output: ../../../data/hg19/K562/three_mark_model_training/genome_chr7.0_binary.txt, ../../../data/hg19/K562/three_mark_model_training/genome_chr7.1_binary.txt, ../../../data/hg19/K562/three_mark_model_training/genome_chr7.2_binary.txt
    jobid: 30
    wildcards: chrom=7

[Tue Jul  6 15:17:01 2021]
Finished job 27.
5 of 47 steps (11%) done

[Tue Jul  6 15:17:01 2021]
rule binarize_multiple_bigwigAverageOverBed_output:
    input: ../../../data/hg19/K562/roadmap_pval_signals/DNase_chrX.tab, ../../../data/hg19/K562/roadmap_pval_signals/H3K27ac_chrX.tab, ../../../data/hg19/K562/roadmap_pval_signals/H3K4me3_chrX.tab
    output: ../../../data/hg19/K562/three_mark_model_training/genome_chrX.0_binary.txt, ../../../data/hg19/K562/three_mark_model_training/genome_chrX.1_binary.txt, ../../../data/hg19/K562/three_mark_model_training/genome_chrX.2_binary.txt
    jobid: 46
    wildcards: chrom=X

[Tue Jul  6 15:17:03 2021]
Finished job 29.
6 of 47 steps (13%) done

[Tue Jul  6 15:17:03 2021]
rule binarize_multiple_bigwigAverageOverBed_output:
    input: ../../../data/hg19/K562/roadmap_pval_signals/DNase_chr8.tab, ../../../data/hg19/K562/roadmap_pval_signals/H3K27ac_chr8.tab, ../../../data/hg19/K562/roadmap_pval_signals/H3K4me3_chr8.tab
    output: ../../../data/hg19/K562/three_mark_model_training/genome_chr8.0_binary.txt, ../../../data/hg19/K562/three_mark_model_training/genome_chr8.1_binary.txt, ../../../data/hg19/K562/three_mark_model_training/genome_chr8.2_binary.txt
    jobid: 31
    wildcards: chrom=8

[Tue Jul  6 15:17:18 2021]
Finished job 46.
7 of 47 steps (15%) done

[Tue Jul  6 15:17:18 2021]
rule binarize_multiple_bigwigAverageOverBed_output:
    input: ../../../data/hg19/K562/roadmap_pval_signals/DNase_chr9.tab, ../../../data/hg19/K562/roadmap_pval_signals/H3K27ac_chr9.tab, ../../../data/hg19/K562/roadmap_pval_signals/H3K4me3_chr9.tab
    output: ../../../data/hg19/K562/three_mark_model_training/genome_chr9.0_binary.txt, ../../../data/hg19/K562/three_mark_model_training/genome_chr9.1_binary.txt, ../../../data/hg19/K562/three_mark_model_training/genome_chr9.2_binary.txt
    jobid: 32
    wildcards: chrom=9

[Tue Jul  6 15:17:19 2021]
Finished job 30.
8 of 47 steps (17%) done

[Tue Jul  6 15:17:19 2021]
rule binarize_multiple_bigwigAverageOverBed_output:
    input: ../../../data/hg19/K562/roadmap_pval_signals/DNase_chr10.tab, ../../../data/hg19/K562/roadmap_pval_signals/H3K27ac_chr10.tab, ../../../data/hg19/K562/roadmap_pval_signals/H3K4me3_chr10.tab
    output: ../../../data/hg19/K562/three_mark_model_training/genome_chr10.0_binary.txt, ../../../data/hg19/K562/three_mark_model_training/genome_chr10.1_binary.txt, ../../../data/hg19/K562/three_mark_model_training/genome_chr10.2_binary.txt
    jobid: 33
    wildcards: chrom=10

[Tue Jul  6 15:17:21 2021]
Finished job 31.
9 of 47 steps (19%) done

[Tue Jul  6 15:17:21 2021]
rule binarize_multiple_bigwigAverageOverBed_output:
    input: ../../../data/hg19/K562/roadmap_pval_signals/DNase_chr11.tab, ../../../data/hg19/K562/roadmap_pval_signals/H3K27ac_chr11.tab, ../../../data/hg19/K562/roadmap_pval_signals/H3K4me3_chr11.tab
    output: ../../../data/hg19/K562/three_mark_model_training/genome_chr11.0_binary.txt, ../../../data/hg19/K562/three_mark_model_training/genome_chr11.1_binary.txt, ../../../data/hg19/K562/three_mark_model_training/genome_chr11.2_binary.txt
    jobid: 34
    wildcards: chrom=11

[Tue Jul  6 15:17:34 2021]
Finished job 32.
10 of 47 steps (21%) done

[Tue Jul  6 15:17:34 2021]
rule binarize_multiple_bigwigAverageOverBed_output:
    input: ../../../data/hg19/K562/roadmap_pval_signals/DNase_chr12.tab, ../../../data/hg19/K562/roadmap_pval_signals/H3K27ac_chr12.tab, ../../../data/hg19/K562/roadmap_pval_signals/H3K4me3_chr12.tab
    output: ../../../data/hg19/K562/three_mark_model_training/genome_chr12.0_binary.txt, ../../../data/hg19/K562/three_mark_model_training/genome_chr12.1_binary.txt, ../../../data/hg19/K562/three_mark_model_training/genome_chr12.2_binary.txt
    jobid: 35
    wildcards: chrom=12

[Tue Jul  6 15:17:35 2021]
Finished job 33.
11 of 47 steps (23%) done

[Tue Jul  6 15:17:35 2021]
rule binarize_multiple_bigwigAverageOverBed_output:
    input: ../../../data/hg19/K562/roadmap_pval_signals/DNase_chr13.tab, ../../../data/hg19/K562/roadmap_pval_signals/H3K27ac_chr13.tab, ../../../data/hg19/K562/roadmap_pval_signals/H3K4me3_chr13.tab
    output: ../../../data/hg19/K562/three_mark_model_training/genome_chr13.0_binary.txt, ../../../data/hg19/K562/three_mark_model_training/genome_chr13.1_binary.txt, ../../../data/hg19/K562/three_mark_model_training/genome_chr13.2_binary.txt
    jobid: 36
    wildcards: chrom=13

[Tue Jul  6 15:17:38 2021]
Finished job 34.
12 of 47 steps (26%) done

[Tue Jul  6 15:17:38 2021]
rule binarize_multiple_bigwigAverageOverBed_output:
    input: ../../../data/hg19/K562/roadmap_pval_signals/DNase_chr14.tab, ../../../data/hg19/K562/roadmap_pval_signals/H3K27ac_chr14.tab, ../../../data/hg19/K562/roadmap_pval_signals/H3K4me3_chr14.tab
    output: ../../../data/hg19/K562/three_mark_model_training/genome_chr14.0_binary.txt, ../../../data/hg19/K562/three_mark_model_training/genome_chr14.1_binary.txt, ../../../data/hg19/K562/three_mark_model_training/genome_chr14.2_binary.txt
    jobid: 37
    wildcards: chrom=14

[Tue Jul  6 15:17:47 2021]
Finished job 36.
13 of 47 steps (28%) done

[Tue Jul  6 15:17:47 2021]
rule binarize_multiple_bigwigAverageOverBed_output:
    input: ../../../data/hg19/K562/roadmap_pval_signals/DNase_chr15.tab, ../../../data/hg19/K562/roadmap_pval_signals/H3K27ac_chr15.tab, ../../../data/hg19/K562/roadmap_pval_signals/H3K4me3_chr15.tab
    output: ../../../data/hg19/K562/three_mark_model_training/genome_chr15.0_binary.txt, ../../../data/hg19/K562/three_mark_model_training/genome_chr15.1_binary.txt, ../../../data/hg19/K562/three_mark_model_training/genome_chr15.2_binary.txt
    jobid: 38
    wildcards: chrom=15

[Tue Jul  6 15:17:48 2021]
Finished job 35.
14 of 47 steps (30%) done

[Tue Jul  6 15:17:48 2021]
rule binarize_multiple_bigwigAverageOverBed_output:
    input: ../../../data/hg19/K562/roadmap_pval_signals/DNase_chr16.tab, ../../../data/hg19/K562/roadmap_pval_signals/H3K27ac_chr16.tab, ../../../data/hg19/K562/roadmap_pval_signals/H3K4me3_chr16.tab
    output: ../../../data/hg19/K562/three_mark_model_training/genome_chr16.0_binary.txt, ../../../data/hg19/K562/three_mark_model_training/genome_chr16.1_binary.txt, ../../../data/hg19/K562/three_mark_model_training/genome_chr16.2_binary.txt
    jobid: 39
    wildcards: chrom=16

[Tue Jul  6 15:17:56 2021]
Finished job 37.
15 of 47 steps (32%) done

[Tue Jul  6 15:17:56 2021]
rule binarize_multiple_bigwigAverageOverBed_output:
    input: ../../../data/hg19/K562/roadmap_pval_signals/DNase_chr17.tab, ../../../data/hg19/K562/roadmap_pval_signals/H3K27ac_chr17.tab, ../../../data/hg19/K562/roadmap_pval_signals/H3K4me3_chr17.tab
    output: ../../../data/hg19/K562/three_mark_model_training/genome_chr17.0_binary.txt, ../../../data/hg19/K562/three_mark_model_training/genome_chr17.1_binary.txt, ../../../data/hg19/K562/three_mark_model_training/genome_chr17.2_binary.txt
    jobid: 40
    wildcards: chrom=17

[Tue Jul  6 15:18:00 2021]
Finished job 38.
16 of 47 steps (34%) done

[Tue Jul  6 15:18:00 2021]
rule binarize_multiple_bigwigAverageOverBed_output:
    input: ../../../data/hg19/K562/roadmap_pval_signals/DNase_chr18.tab, ../../../data/hg19/K562/roadmap_pval_signals/H3K27ac_chr18.tab, ../../../data/hg19/K562/roadmap_pval_signals/H3K4me3_chr18.tab
    output: ../../../data/hg19/K562/three_mark_model_training/genome_chr18.0_binary.txt, ../../../data/hg19/K562/three_mark_model_training/genome_chr18.1_binary.txt, ../../../data/hg19/K562/three_mark_model_training/genome_chr18.2_binary.txt
    jobid: 41
    wildcards: chrom=18

[Tue Jul  6 15:18:00 2021]
Finished job 39.
17 of 47 steps (36%) done

[Tue Jul  6 15:18:00 2021]
rule binarize_multiple_bigwigAverageOverBed_output:
    input: ../../../data/hg19/K562/roadmap_pval_signals/DNase_chr20.tab, ../../../data/hg19/K562/roadmap_pval_signals/H3K27ac_chr20.tab, ../../../data/hg19/K562/roadmap_pval_signals/H3K4me3_chr20.tab
    output: ../../../data/hg19/K562/three_mark_model_training/genome_chr20.0_binary.txt, ../../../data/hg19/K562/three_mark_model_training/genome_chr20.1_binary.txt, ../../../data/hg19/K562/three_mark_model_training/genome_chr20.2_binary.txt
    jobid: 43
    wildcards: chrom=20

[Tue Jul  6 15:18:11 2021]
Finished job 40.
18 of 47 steps (38%) done

[Tue Jul  6 15:18:11 2021]
rule binarize_multiple_bigwigAverageOverBed_output:
    input: ../../../data/hg19/K562/roadmap_pval_signals/DNase_chr19.tab, ../../../data/hg19/K562/roadmap_pval_signals/H3K27ac_chr19.tab, ../../../data/hg19/K562/roadmap_pval_signals/H3K4me3_chr19.tab
    output: ../../../data/hg19/K562/three_mark_model_training/genome_chr19.0_binary.txt, ../../../data/hg19/K562/three_mark_model_training/genome_chr19.1_binary.txt, ../../../data/hg19/K562/three_mark_model_training/genome_chr19.2_binary.txt
    jobid: 42
    wildcards: chrom=19

[Tue Jul  6 15:18:11 2021]
Finished job 43.
19 of 47 steps (40%) done

[Tue Jul  6 15:18:11 2021]
rule binarize_multiple_bigwigAverageOverBed_output:
    input: ../../../data/hg19/K562/roadmap_pval_signals/DNase_chr22.tab, ../../../data/hg19/K562/roadmap_pval_signals/H3K27ac_chr22.tab, ../../../data/hg19/K562/roadmap_pval_signals/H3K4me3_chr22.tab
    output: ../../../data/hg19/K562/three_mark_model_training/genome_chr22.0_binary.txt, ../../../data/hg19/K562/three_mark_model_training/genome_chr22.1_binary.txt, ../../../data/hg19/K562/three_mark_model_training/genome_chr22.2_binary.txt
    jobid: 45
    wildcards: chrom=22

[Tue Jul  6 15:18:12 2021]
Finished job 41.
20 of 47 steps (43%) done

[Tue Jul  6 15:18:12 2021]
rule binarize_multiple_bigwigAverageOverBed_output:
    input: ../../../data/hg19/K562/roadmap_pval_signals/DNase_chr21.tab, ../../../data/hg19/K562/roadmap_pval_signals/H3K27ac_chr21.tab, ../../../data/hg19/K562/roadmap_pval_signals/H3K4me3_chr21.tab
    output: ../../../data/hg19/K562/three_mark_model_training/genome_chr21.0_binary.txt, ../../../data/hg19/K562/three_mark_model_training/genome_chr21.1_binary.txt, ../../../data/hg19/K562/three_mark_model_training/genome_chr21.2_binary.txt
    jobid: 44
    wildcards: chrom=21

[Tue Jul  6 15:18:21 2021]
Finished job 45.
21 of 47 steps (45%) done

[Tue Jul  6 15:18:21 2021]
rule gzip_all_files:
    input: ../../../data/hg19/K562/three_mark_model_training/genome_chr22.0_binary.txt, ../../../data/hg19/K562/three_mark_model_training/genome_chr22.1_binary.txt, ../../../data/hg19/K562/three_mark_model_training/genome_chr22.2_binary.txt
    output: ../../../data/hg19/K562/three_mark_model_training/genome_chr22.0_binary.txt.gz, ../../../data/hg19/K562/three_mark_model_training/genome_chr22.1_binary.txt.gz, ../../../data/hg19/K562/three_mark_model_training/genome_chr22.2_binary.txt.gz
    jobid: 22
    wildcards: chrom=22

[Tue Jul  6 15:18:21 2021]
Finished job 42.
22 of 47 steps (47%) done

[Tue Jul  6 15:18:21 2021]
rule gzip_all_files:
    input: ../../../data/hg19/K562/three_mark_model_training/genome_chr15.0_binary.txt, ../../../data/hg19/K562/three_mark_model_training/genome_chr15.1_binary.txt, ../../../data/hg19/K562/three_mark_model_training/genome_chr15.2_binary.txt
    output: ../../../data/hg19/K562/three_mark_model_training/genome_chr15.0_binary.txt.gz, ../../../data/hg19/K562/three_mark_model_training/genome_chr15.1_binary.txt.gz, ../../../data/hg19/K562/three_mark_model_training/genome_chr15.2_binary.txt.gz
    jobid: 15
    wildcards: chrom=15

[Tue Jul  6 15:18:22 2021]
Finished job 44.
23 of 47 steps (49%) done

[Tue Jul  6 15:18:22 2021]
rule gzip_all_files:
    input: ../../../data/hg19/K562/three_mark_model_training/genome_chr16.0_binary.txt, ../../../data/hg19/K562/three_mark_model_training/genome_chr16.1_binary.txt, ../../../data/hg19/K562/three_mark_model_training/genome_chr16.2_binary.txt
    output: ../../../data/hg19/K562/three_mark_model_training/genome_chr16.0_binary.txt.gz, ../../../data/hg19/K562/three_mark_model_training/genome_chr16.1_binary.txt.gz, ../../../data/hg19/K562/three_mark_model_training/genome_chr16.2_binary.txt.gz
    jobid: 16
    wildcards: chrom=16

[Tue Jul  6 15:18:22 2021]
Finished job 22.
24 of 47 steps (51%) done

[Tue Jul  6 15:18:22 2021]
rule gzip_all_files:
    input: ../../../data/hg19/K562/three_mark_model_training/genome_chr17.0_binary.txt, ../../../data/hg19/K562/three_mark_model_training/genome_chr17.1_binary.txt, ../../../data/hg19/K562/three_mark_model_training/genome_chr17.2_binary.txt
    output: ../../../data/hg19/K562/three_mark_model_training/genome_chr17.0_binary.txt.gz, ../../../data/hg19/K562/three_mark_model_training/genome_chr17.1_binary.txt.gz, ../../../data/hg19/K562/three_mark_model_training/genome_chr17.2_binary.txt.gz
    jobid: 17
    wildcards: chrom=17

[Tue Jul  6 15:18:22 2021]
Finished job 15.
25 of 47 steps (53%) done

[Tue Jul  6 15:18:22 2021]
rule gzip_all_files:
    input: ../../../data/hg19/K562/three_mark_model_training/genome_chr10.0_binary.txt, ../../../data/hg19/K562/three_mark_model_training/genome_chr10.1_binary.txt, ../../../data/hg19/K562/three_mark_model_training/genome_chr10.2_binary.txt
    output: ../../../data/hg19/K562/three_mark_model_training/genome_chr10.0_binary.txt.gz, ../../../data/hg19/K562/three_mark_model_training/genome_chr10.1_binary.txt.gz, ../../../data/hg19/K562/three_mark_model_training/genome_chr10.2_binary.txt.gz
    jobid: 10
    wildcards: chrom=10

[Tue Jul  6 15:18:22 2021]
Finished job 16.
26 of 47 steps (55%) done

[Tue Jul  6 15:18:22 2021]
rule gzip_all_files:
    input: ../../../data/hg19/K562/three_mark_model_training/genome_chr18.0_binary.txt, ../../../data/hg19/K562/three_mark_model_training/genome_chr18.1_binary.txt, ../../../data/hg19/K562/three_mark_model_training/genome_chr18.2_binary.txt
    output: ../../../data/hg19/K562/three_mark_model_training/genome_chr18.0_binary.txt.gz, ../../../data/hg19/K562/three_mark_model_training/genome_chr18.1_binary.txt.gz, ../../../data/hg19/K562/three_mark_model_training/genome_chr18.2_binary.txt.gz
    jobid: 18
    wildcards: chrom=18

[Tue Jul  6 15:18:22 2021]
Finished job 17.
27 of 47 steps (57%) done

[Tue Jul  6 15:18:22 2021]
rule gzip_all_files:
    input: ../../../data/hg19/K562/three_mark_model_training/genome_chr11.0_binary.txt, ../../../data/hg19/K562/three_mark_model_training/genome_chr11.1_binary.txt, ../../../data/hg19/K562/three_mark_model_training/genome_chr11.2_binary.txt
    output: ../../../data/hg19/K562/three_mark_model_training/genome_chr11.0_binary.txt.gz, ../../../data/hg19/K562/three_mark_model_training/genome_chr11.1_binary.txt.gz, ../../../data/hg19/K562/three_mark_model_training/genome_chr11.2_binary.txt.gz
    jobid: 11
    wildcards: chrom=11

[Tue Jul  6 15:18:22 2021]
Finished job 18.
28 of 47 steps (60%) done

[Tue Jul  6 15:18:22 2021]
rule gzip_all_files:
    input: ../../../data/hg19/K562/three_mark_model_training/genome_chr19.0_binary.txt, ../../../data/hg19/K562/three_mark_model_training/genome_chr19.1_binary.txt, ../../../data/hg19/K562/three_mark_model_training/genome_chr19.2_binary.txt
    output: ../../../data/hg19/K562/three_mark_model_training/genome_chr19.0_binary.txt.gz, ../../../data/hg19/K562/three_mark_model_training/genome_chr19.1_binary.txt.gz, ../../../data/hg19/K562/three_mark_model_training/genome_chr19.2_binary.txt.gz
    jobid: 19
    wildcards: chrom=19

[Tue Jul  6 15:18:23 2021]
Finished job 10.
29 of 47 steps (62%) done

[Tue Jul  6 15:18:23 2021]
rule gzip_all_files:
    input: ../../../data/hg19/K562/three_mark_model_training/genome_chr12.0_binary.txt, ../../../data/hg19/K562/three_mark_model_training/genome_chr12.1_binary.txt, ../../../data/hg19/K562/three_mark_model_training/genome_chr12.2_binary.txt
    output: ../../../data/hg19/K562/three_mark_model_training/genome_chr12.0_binary.txt.gz, ../../../data/hg19/K562/three_mark_model_training/genome_chr12.1_binary.txt.gz, ../../../data/hg19/K562/three_mark_model_training/genome_chr12.2_binary.txt.gz
    jobid: 12
    wildcards: chrom=12

[Tue Jul  6 15:18:23 2021]
Finished job 19.
30 of 47 steps (64%) done

[Tue Jul  6 15:18:23 2021]
rule gzip_all_files:
    input: ../../../data/hg19/K562/three_mark_model_training/genome_chr20.0_binary.txt, ../../../data/hg19/K562/three_mark_model_training/genome_chr20.1_binary.txt, ../../../data/hg19/K562/three_mark_model_training/genome_chr20.2_binary.txt
    output: ../../../data/hg19/K562/three_mark_model_training/genome_chr20.0_binary.txt.gz, ../../../data/hg19/K562/three_mark_model_training/genome_chr20.1_binary.txt.gz, ../../../data/hg19/K562/three_mark_model_training/genome_chr20.2_binary.txt.gz
    jobid: 20
    wildcards: chrom=20

[Tue Jul  6 15:18:23 2021]
Finished job 11.
31 of 47 steps (66%) done

[Tue Jul  6 15:18:23 2021]
rule gzip_all_files:
    input: ../../../data/hg19/K562/three_mark_model_training/genome_chr13.0_binary.txt, ../../../data/hg19/K562/three_mark_model_training/genome_chr13.1_binary.txt, ../../../data/hg19/K562/three_mark_model_training/genome_chr13.2_binary.txt
    output: ../../../data/hg19/K562/three_mark_model_training/genome_chr13.0_binary.txt.gz, ../../../data/hg19/K562/three_mark_model_training/genome_chr13.1_binary.txt.gz, ../../../data/hg19/K562/three_mark_model_training/genome_chr13.2_binary.txt.gz
    jobid: 13
    wildcards: chrom=13

[Tue Jul  6 15:18:23 2021]
Finished job 20.
32 of 47 steps (68%) done

[Tue Jul  6 15:18:23 2021]
rule gzip_all_files:
    input: ../../../data/hg19/K562/three_mark_model_training/genome_chr21.0_binary.txt, ../../../data/hg19/K562/three_mark_model_training/genome_chr21.1_binary.txt, ../../../data/hg19/K562/three_mark_model_training/genome_chr21.2_binary.txt
    output: ../../../data/hg19/K562/three_mark_model_training/genome_chr21.0_binary.txt.gz, ../../../data/hg19/K562/three_mark_model_training/genome_chr21.1_binary.txt.gz, ../../../data/hg19/K562/three_mark_model_training/genome_chr21.2_binary.txt.gz
    jobid: 21
    wildcards: chrom=21

[Tue Jul  6 15:18:23 2021]
Finished job 12.
33 of 47 steps (70%) done

[Tue Jul  6 15:18:23 2021]
rule gzip_all_files:
    input: ../../../data/hg19/K562/three_mark_model_training/genome_chr14.0_binary.txt, ../../../data/hg19/K562/three_mark_model_training/genome_chr14.1_binary.txt, ../../../data/hg19/K562/three_mark_model_training/genome_chr14.2_binary.txt
    output: ../../../data/hg19/K562/three_mark_model_training/genome_chr14.0_binary.txt.gz, ../../../data/hg19/K562/three_mark_model_training/genome_chr14.1_binary.txt.gz, ../../../data/hg19/K562/three_mark_model_training/genome_chr14.2_binary.txt.gz
    jobid: 14
    wildcards: chrom=14

[Tue Jul  6 15:18:23 2021]
Finished job 21.
34 of 47 steps (72%) done

[Tue Jul  6 15:18:23 2021]
rule gzip_all_files:
    input: ../../../data/hg19/K562/three_mark_model_training/genome_chr7.0_binary.txt, ../../../data/hg19/K562/three_mark_model_training/genome_chr7.1_binary.txt, ../../../data/hg19/K562/three_mark_model_training/genome_chr7.2_binary.txt
    output: ../../../data/hg19/K562/three_mark_model_training/genome_chr7.0_binary.txt.gz, ../../../data/hg19/K562/three_mark_model_training/genome_chr7.1_binary.txt.gz, ../../../data/hg19/K562/three_mark_model_training/genome_chr7.2_binary.txt.gz
    jobid: 7
    wildcards: chrom=7

[Tue Jul  6 15:18:23 2021]
Finished job 13.
35 of 47 steps (74%) done

[Tue Jul  6 15:18:23 2021]
rule gzip_all_files:
    input: ../../../data/hg19/K562/three_mark_model_training/genome_chr2.0_binary.txt, ../../../data/hg19/K562/three_mark_model_training/genome_chr2.1_binary.txt, ../../../data/hg19/K562/three_mark_model_training/genome_chr2.2_binary.txt
    output: ../../../data/hg19/K562/three_mark_model_training/genome_chr2.0_binary.txt.gz, ../../../data/hg19/K562/three_mark_model_training/genome_chr2.1_binary.txt.gz, ../../../data/hg19/K562/three_mark_model_training/genome_chr2.2_binary.txt.gz
    jobid: 2
    wildcards: chrom=2

[Tue Jul  6 15:18:24 2021]
Finished job 14.
36 of 47 steps (77%) done

[Tue Jul  6 15:18:24 2021]
rule gzip_all_files:
    input: ../../../data/hg19/K562/three_mark_model_training/genome_chrX.0_binary.txt, ../../../data/hg19/K562/three_mark_model_training/genome_chrX.1_binary.txt, ../../../data/hg19/K562/three_mark_model_training/genome_chrX.2_binary.txt
    output: ../../../data/hg19/K562/three_mark_model_training/genome_chrX.0_binary.txt.gz, ../../../data/hg19/K562/three_mark_model_training/genome_chrX.1_binary.txt.gz, ../../../data/hg19/K562/three_mark_model_training/genome_chrX.2_binary.txt.gz
    jobid: 23
    wildcards: chrom=X

[Tue Jul  6 15:18:24 2021]
Finished job 7.
37 of 47 steps (79%) done

[Tue Jul  6 15:18:24 2021]
rule gzip_all_files:
    input: ../../../data/hg19/K562/three_mark_model_training/genome_chr8.0_binary.txt, ../../../data/hg19/K562/three_mark_model_training/genome_chr8.1_binary.txt, ../../../data/hg19/K562/three_mark_model_training/genome_chr8.2_binary.txt
    output: ../../../data/hg19/K562/three_mark_model_training/genome_chr8.0_binary.txt.gz, ../../../data/hg19/K562/three_mark_model_training/genome_chr8.1_binary.txt.gz, ../../../data/hg19/K562/three_mark_model_training/genome_chr8.2_binary.txt.gz
    jobid: 8
    wildcards: chrom=8

[Tue Jul  6 15:18:24 2021]
Finished job 23.
38 of 47 steps (81%) done

[Tue Jul  6 15:18:24 2021]
rule gzip_all_files:
    input: ../../../data/hg19/K562/three_mark_model_training/genome_chr9.0_binary.txt, ../../../data/hg19/K562/three_mark_model_training/genome_chr9.1_binary.txt, ../../../data/hg19/K562/three_mark_model_training/genome_chr9.2_binary.txt
    output: ../../../data/hg19/K562/three_mark_model_training/genome_chr9.0_binary.txt.gz, ../../../data/hg19/K562/three_mark_model_training/genome_chr9.1_binary.txt.gz, ../../../data/hg19/K562/three_mark_model_training/genome_chr9.2_binary.txt.gz
    jobid: 9
    wildcards: chrom=9

[Tue Jul  6 15:18:24 2021]
Finished job 2.
39 of 47 steps (83%) done

[Tue Jul  6 15:18:24 2021]
rule gzip_all_files:
    input: ../../../data/hg19/K562/three_mark_model_training/genome_chr1.0_binary.txt, ../../../data/hg19/K562/three_mark_model_training/genome_chr1.1_binary.txt, ../../../data/hg19/K562/three_mark_model_training/genome_chr1.2_binary.txt
    output: ../../../data/hg19/K562/three_mark_model_training/genome_chr1.0_binary.txt.gz, ../../../data/hg19/K562/three_mark_model_training/genome_chr1.1_binary.txt.gz, ../../../data/hg19/K562/three_mark_model_training/genome_chr1.2_binary.txt.gz
    jobid: 1
    wildcards: chrom=1

[Tue Jul  6 15:18:25 2021]
Finished job 8.
40 of 47 steps (85%) done

[Tue Jul  6 15:18:25 2021]
rule gzip_all_files:
    input: ../../../data/hg19/K562/three_mark_model_training/genome_chr3.0_binary.txt, ../../../data/hg19/K562/three_mark_model_training/genome_chr3.1_binary.txt, ../../../data/hg19/K562/three_mark_model_training/genome_chr3.2_binary.txt
    output: ../../../data/hg19/K562/three_mark_model_training/genome_chr3.0_binary.txt.gz, ../../../data/hg19/K562/three_mark_model_training/genome_chr3.1_binary.txt.gz, ../../../data/hg19/K562/three_mark_model_training/genome_chr3.2_binary.txt.gz
    jobid: 3
    wildcards: chrom=3

[Tue Jul  6 15:18:25 2021]
Finished job 9.
41 of 47 steps (87%) done

[Tue Jul  6 15:18:25 2021]
rule gzip_all_files:
    input: ../../../data/hg19/K562/three_mark_model_training/genome_chr4.0_binary.txt, ../../../data/hg19/K562/three_mark_model_training/genome_chr4.1_binary.txt, ../../../data/hg19/K562/three_mark_model_training/genome_chr4.2_binary.txt
    output: ../../../data/hg19/K562/three_mark_model_training/genome_chr4.0_binary.txt.gz, ../../../data/hg19/K562/three_mark_model_training/genome_chr4.1_binary.txt.gz, ../../../data/hg19/K562/three_mark_model_training/genome_chr4.2_binary.txt.gz
    jobid: 4
    wildcards: chrom=4

[Tue Jul  6 15:18:26 2021]
Finished job 3.
42 of 47 steps (89%) done

[Tue Jul  6 15:18:26 2021]
rule gzip_all_files:
    input: ../../../data/hg19/K562/three_mark_model_training/genome_chr5.0_binary.txt, ../../../data/hg19/K562/three_mark_model_training/genome_chr5.1_binary.txt, ../../../data/hg19/K562/three_mark_model_training/genome_chr5.2_binary.txt
    output: ../../../data/hg19/K562/three_mark_model_training/genome_chr5.0_binary.txt.gz, ../../../data/hg19/K562/three_mark_model_training/genome_chr5.1_binary.txt.gz, ../../../data/hg19/K562/three_mark_model_training/genome_chr5.2_binary.txt.gz
    jobid: 5
    wildcards: chrom=5

[Tue Jul  6 15:18:26 2021]
Finished job 1.
43 of 47 steps (91%) done

[Tue Jul  6 15:18:26 2021]
rule gzip_all_files:
    input: ../../../data/hg19/K562/three_mark_model_training/genome_chr6.0_binary.txt, ../../../data/hg19/K562/three_mark_model_training/genome_chr6.1_binary.txt, ../../../data/hg19/K562/three_mark_model_training/genome_chr6.2_binary.txt
    output: ../../../data/hg19/K562/three_mark_model_training/genome_chr6.0_binary.txt.gz, ../../../data/hg19/K562/three_mark_model_training/genome_chr6.1_binary.txt.gz, ../../../data/hg19/K562/three_mark_model_training/genome_chr6.2_binary.txt.gz
    jobid: 6
    wildcards: chrom=6

[Tue Jul  6 15:18:26 2021]
Finished job 4.
44 of 47 steps (94%) done
[Tue Jul  6 15:18:26 2021]
Finished job 6.
45 of 47 steps (96%) done
[Tue Jul  6 15:18:26 2021]
Finished job 5.
46 of 47 steps (98%) done

[Tue Jul  6 15:18:26 2021]
localrule all:
    input: ../../../data/hg19/K562/three_mark_model_training/genome_chr1.0_binary.txt.gz, ../../../data/hg19/K562/three_mark_model_training/genome_chr1.1_binary.txt.gz, ../../../data/hg19/K562/three_mark_model_training/genome_chr1.2_binary.txt.gz, ../../../data/hg19/K562/three_mark_model_training/genome_chr2.0_binary.txt.gz, ../../../data/hg19/K562/three_mark_model_training/genome_chr2.1_binary.txt.gz, ../../../data/hg19/K562/three_mark_model_training/genome_chr2.2_binary.txt.gz, ../../../data/hg19/K562/three_mark_model_training/genome_chr3.0_binary.txt.gz, ../../../data/hg19/K562/three_mark_model_training/genome_chr3.1_binary.txt.gz, ../../../data/hg19/K562/three_mark_model_training/genome_chr3.2_binary.txt.gz, ../../../data/hg19/K562/three_mark_model_training/genome_chr4.0_binary.txt.gz, ../../../data/hg19/K562/three_mark_model_training/genome_chr4.1_binary.txt.gz, ../../../data/hg19/K562/three_mark_model_training/genome_chr4.2_binary.txt.gz, ../../../data/hg19/K562/three_mark_model_training/genome_chr5.0_binary.txt.gz, ../../../data/hg19/K562/three_mark_model_training/genome_chr5.1_binary.txt.gz, ../../../data/hg19/K562/three_mark_model_training/genome_chr5.2_binary.txt.gz, ../../../data/hg19/K562/three_mark_model_training/genome_chr6.0_binary.txt.gz, ../../../data/hg19/K562/three_mark_model_training/genome_chr6.1_binary.txt.gz, ../../../data/hg19/K562/three_mark_model_training/genome_chr6.2_binary.txt.gz, ../../../data/hg19/K562/three_mark_model_training/genome_chr7.0_binary.txt.gz, ../../../data/hg19/K562/three_mark_model_training/genome_chr7.1_binary.txt.gz, ../../../data/hg19/K562/three_mark_model_training/genome_chr7.2_binary.txt.gz, ../../../data/hg19/K562/three_mark_model_training/genome_chr8.0_binary.txt.gz, ../../../data/hg19/K562/three_mark_model_training/genome_chr8.1_binary.txt.gz, ../../../data/hg19/K562/three_mark_model_training/genome_chr8.2_binary.txt.gz, ../../../data/hg19/K562/three_mark_model_training/genome_chr9.0_binary.txt.gz, ../../../data/hg19/K562/three_mark_model_training/genome_chr9.1_binary.txt.gz, ../../../data/hg19/K562/three_mark_model_training/genome_chr9.2_binary.txt.gz, ../../../data/hg19/K562/three_mark_model_training/genome_chr10.0_binary.txt.gz, ../../../data/hg19/K562/three_mark_model_training/genome_chr10.1_binary.txt.gz, ../../../data/hg19/K562/three_mark_model_training/genome_chr10.2_binary.txt.gz, ../../../data/hg19/K562/three_mark_model_training/genome_chr11.0_binary.txt.gz, ../../../data/hg19/K562/three_mark_model_training/genome_chr11.1_binary.txt.gz, ../../../data/hg19/K562/three_mark_model_training/genome_chr11.2_binary.txt.gz, ../../../data/hg19/K562/three_mark_model_training/genome_chr12.0_binary.txt.gz, ../../../data/hg19/K562/three_mark_model_training/genome_chr12.1_binary.txt.gz, ../../../data/hg19/K562/three_mark_model_training/genome_chr12.2_binary.txt.gz, ../../../data/hg19/K562/three_mark_model_training/genome_chr13.0_binary.txt.gz, ../../../data/hg19/K562/three_mark_model_training/genome_chr13.1_binary.txt.gz, ../../../data/hg19/K562/three_mark_model_training/genome_chr13.2_binary.txt.gz, ../../../data/hg19/K562/three_mark_model_training/genome_chr14.0_binary.txt.gz, ../../../data/hg19/K562/three_mark_model_training/genome_chr14.1_binary.txt.gz, ../../../data/hg19/K562/three_mark_model_training/genome_chr14.2_binary.txt.gz, ../../../data/hg19/K562/three_mark_model_training/genome_chr15.0_binary.txt.gz, ../../../data/hg19/K562/three_mark_model_training/genome_chr15.1_binary.txt.gz, ../../../data/hg19/K562/three_mark_model_training/genome_chr15.2_binary.txt.gz, ../../../data/hg19/K562/three_mark_model_training/genome_chr16.0_binary.txt.gz, ../../../data/hg19/K562/three_mark_model_training/genome_chr16.1_binary.txt.gz, ../../../data/hg19/K562/three_mark_model_training/genome_chr16.2_binary.txt.gz, ../../../data/hg19/K562/three_mark_model_training/genome_chr17.0_binary.txt.gz, ../../../data/hg19/K562/three_mark_model_training/genome_chr17.1_binary.txt.gz, ../../../data/hg19/K562/three_mark_model_training/genome_chr17.2_binary.txt.gz, ../../../data/hg19/K562/three_mark_model_training/genome_chr18.0_binary.txt.gz, ../../../data/hg19/K562/three_mark_model_training/genome_chr18.1_binary.txt.gz, ../../../data/hg19/K562/three_mark_model_training/genome_chr18.2_binary.txt.gz, ../../../data/hg19/K562/three_mark_model_training/genome_chr19.0_binary.txt.gz, ../../../data/hg19/K562/three_mark_model_training/genome_chr19.1_binary.txt.gz, ../../../data/hg19/K562/three_mark_model_training/genome_chr19.2_binary.txt.gz, ../../../data/hg19/K562/three_mark_model_training/genome_chr20.0_binary.txt.gz, ../../../data/hg19/K562/three_mark_model_training/genome_chr20.1_binary.txt.gz, ../../../data/hg19/K562/three_mark_model_training/genome_chr20.2_binary.txt.gz, ../../../data/hg19/K562/three_mark_model_training/genome_chr21.0_binary.txt.gz, ../../../data/hg19/K562/three_mark_model_training/genome_chr21.1_binary.txt.gz, ../../../data/hg19/K562/three_mark_model_training/genome_chr21.2_binary.txt.gz, ../../../data/hg19/K562/three_mark_model_training/genome_chr22.0_binary.txt.gz, ../../../data/hg19/K562/three_mark_model_training/genome_chr22.1_binary.txt.gz, ../../../data/hg19/K562/three_mark_model_training/genome_chr22.2_binary.txt.gz, ../../../data/hg19/K562/three_mark_model_training/genome_chrX.0_binary.txt.gz, ../../../data/hg19/K562/three_mark_model_training/genome_chrX.1_binary.txt.gz, ../../../data/hg19/K562/three_mark_model_training/genome_chrX.2_binary.txt.gz
    jobid: 0

[Tue Jul  6 15:18:26 2021]
Finished job 0.
47 of 47 steps (100%) done
Complete log: /gstore/home/vuh6/source/chromHMM_training/train_big_model/.snakemake/log/2021-07-06T151617.619097.snakemake.log
