Building DAG of jobs...
Using shell: /usr/bin/bash
Provided cores: 1 (use --cores to define parallelism)
Rules claiming more threads will be scaled down.
Job counts:
	count	jobs
	1	all
	1	overlap_enrichment
	2

[Thu Jun 24 10:17:31 2021]
rule overlap_enrichment:
    input: ../../../model_analysis/K562_hg19/genome_25_segments.bed.gz, ../../../program_source/ChromHMM/ChromHMM/COORDS/hg19
    output: ../../../model_analysis/K562_hg19/overlap_enrichment.png
    jobid: 1

[Thu Jun 24 10:17:31 2021]
Error in rule overlap_enrichment:
    jobid: 1
    output: ../../../model_analysis/K562_hg19/overlap_enrichment.png
    shell:
        	
		java -jar ../../../program_source/ChromHMM/ChromHMM/ChromHMM.jar OverlapEnrichment ../../../model_analysis/K562_hg19/genome_25_segments.bed.gz ../../../program_source/ChromHMM/ChromHMM/COORDS/hg19 ../../../model_analysis/K562_hg19/overlap_enrichment
		
        (one of the commands exited with non-zero exit code; note that snakemake uses bash strict mode!)

Shutting down, this might take some time.
Exiting because a job execution failed. Look above for error message
Complete log: /gstore/home/vuh6/source/chromHMM_training/train_big_model/.snakemake/log/2021-06-24T101728.818351.snakemake.log
