Building DAG of jobs...
Using shell: /usr/bin/bash
Provided cores: 1 (use --cores to define parallelism)
Rules claiming more threads will be scaled down.
Job counts:
	count	jobs
	1	all
	23	binarize_multiple_bigwigAverageOverBed_output
	1	gzip_all_files
	1	learn_model
	26

[Thu Jun 24 01:18:10 2021]
rule binarize_multiple_bigwigAverageOverBed_output:
    input: ../../../data/hg19/K562/roadmap_pval_signals/DNase_chr1.tab, ../../../data/hg19/K562/roadmap_pval_signals/H2A.Z_chr1.tab, ../../../data/hg19/K562/roadmap_pval_signals/H3K27ac_chr1.tab, ../../../data/hg19/K562/roadmap_pval_signals/H3K27me3_chr1.tab, ../../../data/hg19/K562/roadmap_pval_signals/H3K36me3_chr1.tab, ../../../data/hg19/K562/roadmap_pval_signals/H3K4me1_chr1.tab, ../../../data/hg19/K562/roadmap_pval_signals/H3K4me2_chr1.tab, ../../../data/hg19/K562/roadmap_pval_signals/H3K4me3_chr1.tab, ../../../data/hg19/K562/roadmap_pval_signals/H3K79me2_chr1.tab, ../../../data/hg19/K562/roadmap_pval_signals/H3K9ac_chr1.tab, ../../../data/hg19/K562/roadmap_pval_signals/H3K9me1_chr1.tab, ../../../data/hg19/K562/roadmap_pval_signals/H3K9me3_chr1.tab, ../../../data/hg19/K562/roadmap_pval_signals/H4K20me1_chr1.tab
    output: ../../../data/hg19/K562/big_model_training/genome_chr1_0_binary.txt, ../../../data/hg19/K562/big_model_training/genome_chr1_1_binary.txt, ../../../data/hg19/K562/big_model_training/genome_chr1_2_binary.txt
    jobid: 3
    wildcards: chrom=1

Shutting down, this might take some time.
Exiting because a job execution failed. Look above for error message
Complete log: /gstore/home/vuh6/source/chromHMM_training/train_big_model/.snakemake/log/2021-06-24T011807.966900.snakemake.log
