Building DAG of jobs...
Using shell: /usr/bin/bash
Provided cores: 1 (use --cores to define parallelism)
Rules claiming more threads will be scaled down.
Job counts:
	count	jobs
	1	all
	1	plot_compare_aic_bic_models_by_chrom
	2

[Wed Jul 14 11:56:33 2021]
rule plot_compare_aic_bic_models_by_chrom:
    input: ../../../model_analysis/K562_hg19/all_mark_model/aic_bic_compare_num_states/train_then_test/aic_bic_by_chrom.txt
    output: ../../../model_analysis/K562_hg19/all_mark_model/aic_bic_compare_num_states/train_then_test/aic_bic_all_test_chrom.png
    jobid: 1

[Wed Jul 14 11:56:41 2021]
Finished job 1.
1 of 2 steps (50%) done

[Wed Jul 14 11:56:41 2021]
localrule all:
    input: ../../../model_analysis/K562_hg19/all_mark_model/aic_bic_compare_num_states/train_then_test/aic_bic_all_test_chrom.png
    jobid: 0

[Wed Jul 14 11:56:41 2021]
Finished job 0.
2 of 2 steps (100%) done
Complete log: /gstore/home/vuh6/source/chromHMM_training/train_big_model/.snakemake/log/2021-07-14T115627.739112.snakemake.log
