Building DAG of jobs...
Using shell: /usr/bin/bash
Provided cores: 1 (use --cores to define parallelism)
Rules claiming more threads will be scaled down.
Job counts:
	count	jobs
	1	all
	1	learn_model
	2

[Thu Jun 24 01:35:31 2021]
rule learn_model:
    input: ../../../data/hg19/K562/big_model_training/genome_chr10_0_binary.txt.gz, ../../../data/hg19/K562/big_model_training/genome_chr10_1_binary.txt.gz, ../../../data/hg19/K562/big_model_training/genome_chr10_2_binary.txt.gz
    output: ../../../model_analysis/K562_hg19/stuffs.txt
    jobid: 1

[Thu Jun 24 01:35:31 2021]
Error in rule learn_model:
    jobid: 1
    output: ../../../model_analysis/K562_hg19/stuffs.txt
    shell:
        
		java -jar ../../../program_source/ChromHMM/ChromHMM/ChromHMM.jar LearnModel -holdcolumnorder -pseudo -many -p 6 -n 300 -d -1 -lowmem -gzip ../../../data/hg19/K562/big_model_training ../../../model_analysis/K562_hg19 25 hg19
		nano 'hello' > ../../../model_analysis/K562_hg19/stuffs.txt
		
        (one of the commands exited with non-zero exit code; note that snakemake uses bash strict mode!)

Shutting down, this might take some time.
Exiting because a job execution failed. Look above for error message
Complete log: /gstore/home/vuh6/source/chromHMM_training/train_big_model/.snakemake/log/2021-06-24T013528.852661.snakemake.log
