Building DAG of jobs...
Using shell: /usr/bin/bash
Provided cluster nodes: 100
Job counts:
	count	jobs
	1	all
	23	binarize_multiple_bigwigAverageOverBed_output
	24

[Thu Jun 24 00:14:23 2021]
rule binarize_multiple_bigwigAverageOverBed_output:
    input: ../../../data/hg19/K562/roadmap_pval_signals/DNase_chr8.tab, ../../../data/hg19/K562/roadmap_pval_signals/H2A.Z_chr8.tab, ../../../data/hg19/K562/roadmap_pval_signals/H3K27ac_chr8.tab, ../../../data/hg19/K562/roadmap_pval_signals/H3K27me3_chr8.tab, ../../../data/hg19/K562/roadmap_pval_signals/H3K36me3_chr8.tab, ../../../data/hg19/K562/roadmap_pval_signals/H3K4me1_chr8.tab, ../../../data/hg19/K562/roadmap_pval_signals/H3K4me2_chr8.tab, ../../../data/hg19/K562/roadmap_pval_signals/H3K4me3_chr8.tab, ../../../data/hg19/K562/roadmap_pval_signals/H3K79me2_chr8.tab, ../../../data/hg19/K562/roadmap_pval_signals/H3K9ac_chr8.tab, ../../../data/hg19/K562/roadmap_pval_signals/H3K9me1_chr8.tab, ../../../data/hg19/K562/roadmap_pval_signals/H3K9me3_chr8.tab, ../../../data/hg19/K562/roadmap_pval_signals/H4K20me1_chr8.tab
    output: ../../../data/hg19/K562/big_model_training/chr8_0.txt, ../../../data/hg19/K562/big_model_training/chr8_1.txt, ../../../data/hg19/K562/big_model_training/chr8_2.txt
    jobid: 8
    wildcards: chrom=8

Submitted job 8 with external jobid 'Submitted batch job 66887182'.

[Thu Jun 24 00:14:24 2021]
rule binarize_multiple_bigwigAverageOverBed_output:
    input: ../../../data/hg19/K562/roadmap_pval_signals/DNase_chrX.tab, ../../../data/hg19/K562/roadmap_pval_signals/H2A.Z_chrX.tab, ../../../data/hg19/K562/roadmap_pval_signals/H3K27ac_chrX.tab, ../../../data/hg19/K562/roadmap_pval_signals/H3K27me3_chrX.tab, ../../../data/hg19/K562/roadmap_pval_signals/H3K36me3_chrX.tab, ../../../data/hg19/K562/roadmap_pval_signals/H3K4me1_chrX.tab, ../../../data/hg19/K562/roadmap_pval_signals/H3K4me2_chrX.tab, ../../../data/hg19/K562/roadmap_pval_signals/H3K4me3_chrX.tab, ../../../data/hg19/K562/roadmap_pval_signals/H3K79me2_chrX.tab, ../../../data/hg19/K562/roadmap_pval_signals/H3K9ac_chrX.tab, ../../../data/hg19/K562/roadmap_pval_signals/H3K9me1_chrX.tab, ../../../data/hg19/K562/roadmap_pval_signals/H3K9me3_chrX.tab, ../../../data/hg19/K562/roadmap_pval_signals/H4K20me1_chrX.tab
    output: ../../../data/hg19/K562/big_model_training/chrX_0.txt, ../../../data/hg19/K562/big_model_training/chrX_1.txt, ../../../data/hg19/K562/big_model_training/chrX_2.txt
    jobid: 23
    wildcards: chrom=X

Submitted job 23 with external jobid 'Submitted batch job 66887183'.

[Thu Jun 24 00:14:24 2021]
rule binarize_multiple_bigwigAverageOverBed_output:
    input: ../../../data/hg19/K562/roadmap_pval_signals/DNase_chr16.tab, ../../../data/hg19/K562/roadmap_pval_signals/H2A.Z_chr16.tab, ../../../data/hg19/K562/roadmap_pval_signals/H3K27ac_chr16.tab, ../../../data/hg19/K562/roadmap_pval_signals/H3K27me3_chr16.tab, ../../../data/hg19/K562/roadmap_pval_signals/H3K36me3_chr16.tab, ../../../data/hg19/K562/roadmap_pval_signals/H3K4me1_chr16.tab, ../../../data/hg19/K562/roadmap_pval_signals/H3K4me2_chr16.tab, ../../../data/hg19/K562/roadmap_pval_signals/H3K4me3_chr16.tab, ../../../data/hg19/K562/roadmap_pval_signals/H3K79me2_chr16.tab, ../../../data/hg19/K562/roadmap_pval_signals/H3K9ac_chr16.tab, ../../../data/hg19/K562/roadmap_pval_signals/H3K9me1_chr16.tab, ../../../data/hg19/K562/roadmap_pval_signals/H3K9me3_chr16.tab, ../../../data/hg19/K562/roadmap_pval_signals/H4K20me1_chr16.tab
    output: ../../../data/hg19/K562/big_model_training/chr16_0.txt, ../../../data/hg19/K562/big_model_training/chr16_1.txt, ../../../data/hg19/K562/big_model_training/chr16_2.txt
    jobid: 16
    wildcards: chrom=16

Submitted job 16 with external jobid 'Submitted batch job 66887184'.

[Thu Jun 24 00:14:24 2021]
rule binarize_multiple_bigwigAverageOverBed_output:
    input: ../../../data/hg19/K562/roadmap_pval_signals/DNase_chr9.tab, ../../../data/hg19/K562/roadmap_pval_signals/H2A.Z_chr9.tab, ../../../data/hg19/K562/roadmap_pval_signals/H3K27ac_chr9.tab, ../../../data/hg19/K562/roadmap_pval_signals/H3K27me3_chr9.tab, ../../../data/hg19/K562/roadmap_pval_signals/H3K36me3_chr9.tab, ../../../data/hg19/K562/roadmap_pval_signals/H3K4me1_chr9.tab, ../../../data/hg19/K562/roadmap_pval_signals/H3K4me2_chr9.tab, ../../../data/hg19/K562/roadmap_pval_signals/H3K4me3_chr9.tab, ../../../data/hg19/K562/roadmap_pval_signals/H3K79me2_chr9.tab, ../../../data/hg19/K562/roadmap_pval_signals/H3K9ac_chr9.tab, ../../../data/hg19/K562/roadmap_pval_signals/H3K9me1_chr9.tab, ../../../data/hg19/K562/roadmap_pval_signals/H3K9me3_chr9.tab, ../../../data/hg19/K562/roadmap_pval_signals/H4K20me1_chr9.tab
    output: ../../../data/hg19/K562/big_model_training/chr9_0.txt, ../../../data/hg19/K562/big_model_training/chr9_1.txt, ../../../data/hg19/K562/big_model_training/chr9_2.txt
    jobid: 9
    wildcards: chrom=9

Submitted job 9 with external jobid 'Submitted batch job 66887185'.

[Thu Jun 24 00:14:24 2021]
rule binarize_multiple_bigwigAverageOverBed_output:
    input: ../../../data/hg19/K562/roadmap_pval_signals/DNase_chr17.tab, ../../../data/hg19/K562/roadmap_pval_signals/H2A.Z_chr17.tab, ../../../data/hg19/K562/roadmap_pval_signals/H3K27ac_chr17.tab, ../../../data/hg19/K562/roadmap_pval_signals/H3K27me3_chr17.tab, ../../../data/hg19/K562/roadmap_pval_signals/H3K36me3_chr17.tab, ../../../data/hg19/K562/roadmap_pval_signals/H3K4me1_chr17.tab, ../../../data/hg19/K562/roadmap_pval_signals/H3K4me2_chr17.tab, ../../../data/hg19/K562/roadmap_pval_signals/H3K4me3_chr17.tab, ../../../data/hg19/K562/roadmap_pval_signals/H3K79me2_chr17.tab, ../../../data/hg19/K562/roadmap_pval_signals/H3K9ac_chr17.tab, ../../../data/hg19/K562/roadmap_pval_signals/H3K9me1_chr17.tab, ../../../data/hg19/K562/roadmap_pval_signals/H3K9me3_chr17.tab, ../../../data/hg19/K562/roadmap_pval_signals/H4K20me1_chr17.tab
    output: ../../../data/hg19/K562/big_model_training/chr17_0.txt, ../../../data/hg19/K562/big_model_training/chr17_1.txt, ../../../data/hg19/K562/big_model_training/chr17_2.txt
    jobid: 17
    wildcards: chrom=17

Submitted job 17 with external jobid 'Submitted batch job 66887186'.

[Thu Jun 24 00:14:24 2021]
rule binarize_multiple_bigwigAverageOverBed_output:
    input: ../../../data/hg19/K562/roadmap_pval_signals/DNase_chr1.tab, ../../../data/hg19/K562/roadmap_pval_signals/H2A.Z_chr1.tab, ../../../data/hg19/K562/roadmap_pval_signals/H3K27ac_chr1.tab, ../../../data/hg19/K562/roadmap_pval_signals/H3K27me3_chr1.tab, ../../../data/hg19/K562/roadmap_pval_signals/H3K36me3_chr1.tab, ../../../data/hg19/K562/roadmap_pval_signals/H3K4me1_chr1.tab, ../../../data/hg19/K562/roadmap_pval_signals/H3K4me2_chr1.tab, ../../../data/hg19/K562/roadmap_pval_signals/H3K4me3_chr1.tab, ../../../data/hg19/K562/roadmap_pval_signals/H3K79me2_chr1.tab, ../../../data/hg19/K562/roadmap_pval_signals/H3K9ac_chr1.tab, ../../../data/hg19/K562/roadmap_pval_signals/H3K9me1_chr1.tab, ../../../data/hg19/K562/roadmap_pval_signals/H3K9me3_chr1.tab, ../../../data/hg19/K562/roadmap_pval_signals/H4K20me1_chr1.tab
    output: ../../../data/hg19/K562/big_model_training/chr1_0.txt, ../../../data/hg19/K562/big_model_training/chr1_1.txt, ../../../data/hg19/K562/big_model_training/chr1_2.txt
    jobid: 1
    wildcards: chrom=1

Submitted job 1 with external jobid 'Submitted batch job 66887187'.

[Thu Jun 24 00:14:24 2021]
rule binarize_multiple_bigwigAverageOverBed_output:
    input: ../../../data/hg19/K562/roadmap_pval_signals/DNase_chr10.tab, ../../../data/hg19/K562/roadmap_pval_signals/H2A.Z_chr10.tab, ../../../data/hg19/K562/roadmap_pval_signals/H3K27ac_chr10.tab, ../../../data/hg19/K562/roadmap_pval_signals/H3K27me3_chr10.tab, ../../../data/hg19/K562/roadmap_pval_signals/H3K36me3_chr10.tab, ../../../data/hg19/K562/roadmap_pval_signals/H3K4me1_chr10.tab, ../../../data/hg19/K562/roadmap_pval_signals/H3K4me2_chr10.tab, ../../../data/hg19/K562/roadmap_pval_signals/H3K4me3_chr10.tab, ../../../data/hg19/K562/roadmap_pval_signals/H3K79me2_chr10.tab, ../../../data/hg19/K562/roadmap_pval_signals/H3K9ac_chr10.tab, ../../../data/hg19/K562/roadmap_pval_signals/H3K9me1_chr10.tab, ../../../data/hg19/K562/roadmap_pval_signals/H3K9me3_chr10.tab, ../../../data/hg19/K562/roadmap_pval_signals/H4K20me1_chr10.tab
    output: ../../../data/hg19/K562/big_model_training/chr10_0.txt, ../../../data/hg19/K562/big_model_training/chr10_1.txt, ../../../data/hg19/K562/big_model_training/chr10_2.txt
    jobid: 10
    wildcards: chrom=10

Submitted job 10 with external jobid 'Submitted batch job 66887188'.

[Thu Jun 24 00:14:26 2021]
rule binarize_multiple_bigwigAverageOverBed_output:
    input: ../../../data/hg19/K562/roadmap_pval_signals/DNase_chr3.tab, ../../../data/hg19/K562/roadmap_pval_signals/H2A.Z_chr3.tab, ../../../data/hg19/K562/roadmap_pval_signals/H3K27ac_chr3.tab, ../../../data/hg19/K562/roadmap_pval_signals/H3K27me3_chr3.tab, ../../../data/hg19/K562/roadmap_pval_signals/H3K36me3_chr3.tab, ../../../data/hg19/K562/roadmap_pval_signals/H3K4me1_chr3.tab, ../../../data/hg19/K562/roadmap_pval_signals/H3K4me2_chr3.tab, ../../../data/hg19/K562/roadmap_pval_signals/H3K4me3_chr3.tab, ../../../data/hg19/K562/roadmap_pval_signals/H3K79me2_chr3.tab, ../../../data/hg19/K562/roadmap_pval_signals/H3K9ac_chr3.tab, ../../../data/hg19/K562/roadmap_pval_signals/H3K9me1_chr3.tab, ../../../data/hg19/K562/roadmap_pval_signals/H3K9me3_chr3.tab, ../../../data/hg19/K562/roadmap_pval_signals/H4K20me1_chr3.tab
    output: ../../../data/hg19/K562/big_model_training/chr3_0.txt, ../../../data/hg19/K562/big_model_training/chr3_1.txt, ../../../data/hg19/K562/big_model_training/chr3_2.txt
    jobid: 3
    wildcards: chrom=3

Submitted job 3 with external jobid 'Submitted batch job 66887189'.

[Thu Jun 24 00:14:27 2021]
rule binarize_multiple_bigwigAverageOverBed_output:
    input: ../../../data/hg19/K562/roadmap_pval_signals/DNase_chr18.tab, ../../../data/hg19/K562/roadmap_pval_signals/H2A.Z_chr18.tab, ../../../data/hg19/K562/roadmap_pval_signals/H3K27ac_chr18.tab, ../../../data/hg19/K562/roadmap_pval_signals/H3K27me3_chr18.tab, ../../../data/hg19/K562/roadmap_pval_signals/H3K36me3_chr18.tab, ../../../data/hg19/K562/roadmap_pval_signals/H3K4me1_chr18.tab, ../../../data/hg19/K562/roadmap_pval_signals/H3K4me2_chr18.tab, ../../../data/hg19/K562/roadmap_pval_signals/H3K4me3_chr18.tab, ../../../data/hg19/K562/roadmap_pval_signals/H3K79me2_chr18.tab, ../../../data/hg19/K562/roadmap_pval_signals/H3K9ac_chr18.tab, ../../../data/hg19/K562/roadmap_pval_signals/H3K9me1_chr18.tab, ../../../data/hg19/K562/roadmap_pval_signals/H3K9me3_chr18.tab, ../../../data/hg19/K562/roadmap_pval_signals/H4K20me1_chr18.tab
    output: ../../../data/hg19/K562/big_model_training/chr18_0.txt, ../../../data/hg19/K562/big_model_training/chr18_1.txt, ../../../data/hg19/K562/big_model_training/chr18_2.txt
    jobid: 18
    wildcards: chrom=18

Submitted job 18 with external jobid 'Submitted batch job 66887190'.

[Thu Jun 24 00:14:27 2021]
rule binarize_multiple_bigwigAverageOverBed_output:
    input: ../../../data/hg19/K562/roadmap_pval_signals/DNase_chr11.tab, ../../../data/hg19/K562/roadmap_pval_signals/H2A.Z_chr11.tab, ../../../data/hg19/K562/roadmap_pval_signals/H3K27ac_chr11.tab, ../../../data/hg19/K562/roadmap_pval_signals/H3K27me3_chr11.tab, ../../../data/hg19/K562/roadmap_pval_signals/H3K36me3_chr11.tab, ../../../data/hg19/K562/roadmap_pval_signals/H3K4me1_chr11.tab, ../../../data/hg19/K562/roadmap_pval_signals/H3K4me2_chr11.tab, ../../../data/hg19/K562/roadmap_pval_signals/H3K4me3_chr11.tab, ../../../data/hg19/K562/roadmap_pval_signals/H3K79me2_chr11.tab, ../../../data/hg19/K562/roadmap_pval_signals/H3K9ac_chr11.tab, ../../../data/hg19/K562/roadmap_pval_signals/H3K9me1_chr11.tab, ../../../data/hg19/K562/roadmap_pval_signals/H3K9me3_chr11.tab, ../../../data/hg19/K562/roadmap_pval_signals/H4K20me1_chr11.tab
    output: ../../../data/hg19/K562/big_model_training/chr11_0.txt, ../../../data/hg19/K562/big_model_training/chr11_1.txt, ../../../data/hg19/K562/big_model_training/chr11_2.txt
    jobid: 11
    wildcards: chrom=11

Submitted job 11 with external jobid 'Submitted batch job 66887191'.

[Thu Jun 24 00:14:27 2021]
rule binarize_multiple_bigwigAverageOverBed_output:
    input: ../../../data/hg19/K562/roadmap_pval_signals/DNase_chr4.tab, ../../../data/hg19/K562/roadmap_pval_signals/H2A.Z_chr4.tab, ../../../data/hg19/K562/roadmap_pval_signals/H3K27ac_chr4.tab, ../../../data/hg19/K562/roadmap_pval_signals/H3K27me3_chr4.tab, ../../../data/hg19/K562/roadmap_pval_signals/H3K36me3_chr4.tab, ../../../data/hg19/K562/roadmap_pval_signals/H3K4me1_chr4.tab, ../../../data/hg19/K562/roadmap_pval_signals/H3K4me2_chr4.tab, ../../../data/hg19/K562/roadmap_pval_signals/H3K4me3_chr4.tab, ../../../data/hg19/K562/roadmap_pval_signals/H3K79me2_chr4.tab, ../../../data/hg19/K562/roadmap_pval_signals/H3K9ac_chr4.tab, ../../../data/hg19/K562/roadmap_pval_signals/H3K9me1_chr4.tab, ../../../data/hg19/K562/roadmap_pval_signals/H3K9me3_chr4.tab, ../../../data/hg19/K562/roadmap_pval_signals/H4K20me1_chr4.tab
    output: ../../../data/hg19/K562/big_model_training/chr4_0.txt, ../../../data/hg19/K562/big_model_training/chr4_1.txt, ../../../data/hg19/K562/big_model_training/chr4_2.txt
    jobid: 4
    wildcards: chrom=4

Submitted job 4 with external jobid 'Submitted batch job 66887192'.

[Thu Jun 24 00:14:27 2021]
rule binarize_multiple_bigwigAverageOverBed_output:
    input: ../../../data/hg19/K562/roadmap_pval_signals/DNase_chr19.tab, ../../../data/hg19/K562/roadmap_pval_signals/H2A.Z_chr19.tab, ../../../data/hg19/K562/roadmap_pval_signals/H3K27ac_chr19.tab, ../../../data/hg19/K562/roadmap_pval_signals/H3K27me3_chr19.tab, ../../../data/hg19/K562/roadmap_pval_signals/H3K36me3_chr19.tab, ../../../data/hg19/K562/roadmap_pval_signals/H3K4me1_chr19.tab, ../../../data/hg19/K562/roadmap_pval_signals/H3K4me2_chr19.tab, ../../../data/hg19/K562/roadmap_pval_signals/H3K4me3_chr19.tab, ../../../data/hg19/K562/roadmap_pval_signals/H3K79me2_chr19.tab, ../../../data/hg19/K562/roadmap_pval_signals/H3K9ac_chr19.tab, ../../../data/hg19/K562/roadmap_pval_signals/H3K9me1_chr19.tab, ../../../data/hg19/K562/roadmap_pval_signals/H3K9me3_chr19.tab, ../../../data/hg19/K562/roadmap_pval_signals/H4K20me1_chr19.tab
    output: ../../../data/hg19/K562/big_model_training/chr19_0.txt, ../../../data/hg19/K562/big_model_training/chr19_1.txt, ../../../data/hg19/K562/big_model_training/chr19_2.txt
    jobid: 19
    wildcards: chrom=19

Submitted job 19 with external jobid 'Submitted batch job 66887193'.

[Thu Jun 24 00:14:27 2021]
rule binarize_multiple_bigwigAverageOverBed_output:
    input: ../../../data/hg19/K562/roadmap_pval_signals/DNase_chr12.tab, ../../../data/hg19/K562/roadmap_pval_signals/H2A.Z_chr12.tab, ../../../data/hg19/K562/roadmap_pval_signals/H3K27ac_chr12.tab, ../../../data/hg19/K562/roadmap_pval_signals/H3K27me3_chr12.tab, ../../../data/hg19/K562/roadmap_pval_signals/H3K36me3_chr12.tab, ../../../data/hg19/K562/roadmap_pval_signals/H3K4me1_chr12.tab, ../../../data/hg19/K562/roadmap_pval_signals/H3K4me2_chr12.tab, ../../../data/hg19/K562/roadmap_pval_signals/H3K4me3_chr12.tab, ../../../data/hg19/K562/roadmap_pval_signals/H3K79me2_chr12.tab, ../../../data/hg19/K562/roadmap_pval_signals/H3K9ac_chr12.tab, ../../../data/hg19/K562/roadmap_pval_signals/H3K9me1_chr12.tab, ../../../data/hg19/K562/roadmap_pval_signals/H3K9me3_chr12.tab, ../../../data/hg19/K562/roadmap_pval_signals/H4K20me1_chr12.tab
    output: ../../../data/hg19/K562/big_model_training/chr12_0.txt, ../../../data/hg19/K562/big_model_training/chr12_1.txt, ../../../data/hg19/K562/big_model_training/chr12_2.txt
    jobid: 12
    wildcards: chrom=12

Submitted job 12 with external jobid 'Submitted batch job 66887194'.

[Thu Jun 24 00:14:28 2021]
rule binarize_multiple_bigwigAverageOverBed_output:
    input: ../../../data/hg19/K562/roadmap_pval_signals/DNase_chr5.tab, ../../../data/hg19/K562/roadmap_pval_signals/H2A.Z_chr5.tab, ../../../data/hg19/K562/roadmap_pval_signals/H3K27ac_chr5.tab, ../../../data/hg19/K562/roadmap_pval_signals/H3K27me3_chr5.tab, ../../../data/hg19/K562/roadmap_pval_signals/H3K36me3_chr5.tab, ../../../data/hg19/K562/roadmap_pval_signals/H3K4me1_chr5.tab, ../../../data/hg19/K562/roadmap_pval_signals/H3K4me2_chr5.tab, ../../../data/hg19/K562/roadmap_pval_signals/H3K4me3_chr5.tab, ../../../data/hg19/K562/roadmap_pval_signals/H3K79me2_chr5.tab, ../../../data/hg19/K562/roadmap_pval_signals/H3K9ac_chr5.tab, ../../../data/hg19/K562/roadmap_pval_signals/H3K9me1_chr5.tab, ../../../data/hg19/K562/roadmap_pval_signals/H3K9me3_chr5.tab, ../../../data/hg19/K562/roadmap_pval_signals/H4K20me1_chr5.tab
    output: ../../../data/hg19/K562/big_model_training/chr5_0.txt, ../../../data/hg19/K562/big_model_training/chr5_1.txt, ../../../data/hg19/K562/big_model_training/chr5_2.txt
    jobid: 5
    wildcards: chrom=5

Submitted job 5 with external jobid 'Submitted batch job 66887195'.

[Thu Jun 24 00:14:28 2021]
rule binarize_multiple_bigwigAverageOverBed_output:
    input: ../../../data/hg19/K562/roadmap_pval_signals/DNase_chr20.tab, ../../../data/hg19/K562/roadmap_pval_signals/H2A.Z_chr20.tab, ../../../data/hg19/K562/roadmap_pval_signals/H3K27ac_chr20.tab, ../../../data/hg19/K562/roadmap_pval_signals/H3K27me3_chr20.tab, ../../../data/hg19/K562/roadmap_pval_signals/H3K36me3_chr20.tab, ../../../data/hg19/K562/roadmap_pval_signals/H3K4me1_chr20.tab, ../../../data/hg19/K562/roadmap_pval_signals/H3K4me2_chr20.tab, ../../../data/hg19/K562/roadmap_pval_signals/H3K4me3_chr20.tab, ../../../data/hg19/K562/roadmap_pval_signals/H3K79me2_chr20.tab, ../../../data/hg19/K562/roadmap_pval_signals/H3K9ac_chr20.tab, ../../../data/hg19/K562/roadmap_pval_signals/H3K9me1_chr20.tab, ../../../data/hg19/K562/roadmap_pval_signals/H3K9me3_chr20.tab, ../../../data/hg19/K562/roadmap_pval_signals/H4K20me1_chr20.tab
    output: ../../../data/hg19/K562/big_model_training/chr20_0.txt, ../../../data/hg19/K562/big_model_training/chr20_1.txt, ../../../data/hg19/K562/big_model_training/chr20_2.txt
    jobid: 20
    wildcards: chrom=20

Submitted job 20 with external jobid 'Submitted batch job 66887196'.

[Thu Jun 24 00:14:28 2021]
rule binarize_multiple_bigwigAverageOverBed_output:
    input: ../../../data/hg19/K562/roadmap_pval_signals/DNase_chr13.tab, ../../../data/hg19/K562/roadmap_pval_signals/H2A.Z_chr13.tab, ../../../data/hg19/K562/roadmap_pval_signals/H3K27ac_chr13.tab, ../../../data/hg19/K562/roadmap_pval_signals/H3K27me3_chr13.tab, ../../../data/hg19/K562/roadmap_pval_signals/H3K36me3_chr13.tab, ../../../data/hg19/K562/roadmap_pval_signals/H3K4me1_chr13.tab, ../../../data/hg19/K562/roadmap_pval_signals/H3K4me2_chr13.tab, ../../../data/hg19/K562/roadmap_pval_signals/H3K4me3_chr13.tab, ../../../data/hg19/K562/roadmap_pval_signals/H3K79me2_chr13.tab, ../../../data/hg19/K562/roadmap_pval_signals/H3K9ac_chr13.tab, ../../../data/hg19/K562/roadmap_pval_signals/H3K9me1_chr13.tab, ../../../data/hg19/K562/roadmap_pval_signals/H3K9me3_chr13.tab, ../../../data/hg19/K562/roadmap_pval_signals/H4K20me1_chr13.tab
    output: ../../../data/hg19/K562/big_model_training/chr13_0.txt, ../../../data/hg19/K562/big_model_training/chr13_1.txt, ../../../data/hg19/K562/big_model_training/chr13_2.txt
    jobid: 13
    wildcards: chrom=13

Submitted job 13 with external jobid 'Submitted batch job 66887197'.

[Thu Jun 24 00:14:28 2021]
rule binarize_multiple_bigwigAverageOverBed_output:
    input: ../../../data/hg19/K562/roadmap_pval_signals/DNase_chr6.tab, ../../../data/hg19/K562/roadmap_pval_signals/H2A.Z_chr6.tab, ../../../data/hg19/K562/roadmap_pval_signals/H3K27ac_chr6.tab, ../../../data/hg19/K562/roadmap_pval_signals/H3K27me3_chr6.tab, ../../../data/hg19/K562/roadmap_pval_signals/H3K36me3_chr6.tab, ../../../data/hg19/K562/roadmap_pval_signals/H3K4me1_chr6.tab, ../../../data/hg19/K562/roadmap_pval_signals/H3K4me2_chr6.tab, ../../../data/hg19/K562/roadmap_pval_signals/H3K4me3_chr6.tab, ../../../data/hg19/K562/roadmap_pval_signals/H3K79me2_chr6.tab, ../../../data/hg19/K562/roadmap_pval_signals/H3K9ac_chr6.tab, ../../../data/hg19/K562/roadmap_pval_signals/H3K9me1_chr6.tab, ../../../data/hg19/K562/roadmap_pval_signals/H3K9me3_chr6.tab, ../../../data/hg19/K562/roadmap_pval_signals/H4K20me1_chr6.tab
    output: ../../../data/hg19/K562/big_model_training/chr6_0.txt, ../../../data/hg19/K562/big_model_training/chr6_1.txt, ../../../data/hg19/K562/big_model_training/chr6_2.txt
    jobid: 6
    wildcards: chrom=6

Submitted job 6 with external jobid 'Submitted batch job 66887198'.

[Thu Jun 24 00:14:28 2021]
rule binarize_multiple_bigwigAverageOverBed_output:
    input: ../../../data/hg19/K562/roadmap_pval_signals/DNase_chr21.tab, ../../../data/hg19/K562/roadmap_pval_signals/H2A.Z_chr21.tab, ../../../data/hg19/K562/roadmap_pval_signals/H3K27ac_chr21.tab, ../../../data/hg19/K562/roadmap_pval_signals/H3K27me3_chr21.tab, ../../../data/hg19/K562/roadmap_pval_signals/H3K36me3_chr21.tab, ../../../data/hg19/K562/roadmap_pval_signals/H3K4me1_chr21.tab, ../../../data/hg19/K562/roadmap_pval_signals/H3K4me2_chr21.tab, ../../../data/hg19/K562/roadmap_pval_signals/H3K4me3_chr21.tab, ../../../data/hg19/K562/roadmap_pval_signals/H3K79me2_chr21.tab, ../../../data/hg19/K562/roadmap_pval_signals/H3K9ac_chr21.tab, ../../../data/hg19/K562/roadmap_pval_signals/H3K9me1_chr21.tab, ../../../data/hg19/K562/roadmap_pval_signals/H3K9me3_chr21.tab, ../../../data/hg19/K562/roadmap_pval_signals/H4K20me1_chr21.tab
    output: ../../../data/hg19/K562/big_model_training/chr21_0.txt, ../../../data/hg19/K562/big_model_training/chr21_1.txt, ../../../data/hg19/K562/big_model_training/chr21_2.txt
    jobid: 21
    wildcards: chrom=21

Submitted job 21 with external jobid 'Submitted batch job 66887199'.

[Thu Jun 24 00:14:28 2021]
rule binarize_multiple_bigwigAverageOverBed_output:
    input: ../../../data/hg19/K562/roadmap_pval_signals/DNase_chr14.tab, ../../../data/hg19/K562/roadmap_pval_signals/H2A.Z_chr14.tab, ../../../data/hg19/K562/roadmap_pval_signals/H3K27ac_chr14.tab, ../../../data/hg19/K562/roadmap_pval_signals/H3K27me3_chr14.tab, ../../../data/hg19/K562/roadmap_pval_signals/H3K36me3_chr14.tab, ../../../data/hg19/K562/roadmap_pval_signals/H3K4me1_chr14.tab, ../../../data/hg19/K562/roadmap_pval_signals/H3K4me2_chr14.tab, ../../../data/hg19/K562/roadmap_pval_signals/H3K4me3_chr14.tab, ../../../data/hg19/K562/roadmap_pval_signals/H3K79me2_chr14.tab, ../../../data/hg19/K562/roadmap_pval_signals/H3K9ac_chr14.tab, ../../../data/hg19/K562/roadmap_pval_signals/H3K9me1_chr14.tab, ../../../data/hg19/K562/roadmap_pval_signals/H3K9me3_chr14.tab, ../../../data/hg19/K562/roadmap_pval_signals/H4K20me1_chr14.tab
    output: ../../../data/hg19/K562/big_model_training/chr14_0.txt, ../../../data/hg19/K562/big_model_training/chr14_1.txt, ../../../data/hg19/K562/big_model_training/chr14_2.txt
    jobid: 14
    wildcards: chrom=14

Submitted job 14 with external jobid 'Submitted batch job 66887200'.

[Thu Jun 24 00:14:28 2021]
rule binarize_multiple_bigwigAverageOverBed_output:
    input: ../../../data/hg19/K562/roadmap_pval_signals/DNase_chr7.tab, ../../../data/hg19/K562/roadmap_pval_signals/H2A.Z_chr7.tab, ../../../data/hg19/K562/roadmap_pval_signals/H3K27ac_chr7.tab, ../../../data/hg19/K562/roadmap_pval_signals/H3K27me3_chr7.tab, ../../../data/hg19/K562/roadmap_pval_signals/H3K36me3_chr7.tab, ../../../data/hg19/K562/roadmap_pval_signals/H3K4me1_chr7.tab, ../../../data/hg19/K562/roadmap_pval_signals/H3K4me2_chr7.tab, ../../../data/hg19/K562/roadmap_pval_signals/H3K4me3_chr7.tab, ../../../data/hg19/K562/roadmap_pval_signals/H3K79me2_chr7.tab, ../../../data/hg19/K562/roadmap_pval_signals/H3K9ac_chr7.tab, ../../../data/hg19/K562/roadmap_pval_signals/H3K9me1_chr7.tab, ../../../data/hg19/K562/roadmap_pval_signals/H3K9me3_chr7.tab, ../../../data/hg19/K562/roadmap_pval_signals/H4K20me1_chr7.tab
    output: ../../../data/hg19/K562/big_model_training/chr7_0.txt, ../../../data/hg19/K562/big_model_training/chr7_1.txt, ../../../data/hg19/K562/big_model_training/chr7_2.txt
    jobid: 7
    wildcards: chrom=7

Submitted job 7 with external jobid 'Submitted batch job 66887201'.

[Thu Jun 24 00:14:29 2021]
rule binarize_multiple_bigwigAverageOverBed_output:
    input: ../../../data/hg19/K562/roadmap_pval_signals/DNase_chr2.tab, ../../../data/hg19/K562/roadmap_pval_signals/H2A.Z_chr2.tab, ../../../data/hg19/K562/roadmap_pval_signals/H3K27ac_chr2.tab, ../../../data/hg19/K562/roadmap_pval_signals/H3K27me3_chr2.tab, ../../../data/hg19/K562/roadmap_pval_signals/H3K36me3_chr2.tab, ../../../data/hg19/K562/roadmap_pval_signals/H3K4me1_chr2.tab, ../../../data/hg19/K562/roadmap_pval_signals/H3K4me2_chr2.tab, ../../../data/hg19/K562/roadmap_pval_signals/H3K4me3_chr2.tab, ../../../data/hg19/K562/roadmap_pval_signals/H3K79me2_chr2.tab, ../../../data/hg19/K562/roadmap_pval_signals/H3K9ac_chr2.tab, ../../../data/hg19/K562/roadmap_pval_signals/H3K9me1_chr2.tab, ../../../data/hg19/K562/roadmap_pval_signals/H3K9me3_chr2.tab, ../../../data/hg19/K562/roadmap_pval_signals/H4K20me1_chr2.tab
    output: ../../../data/hg19/K562/big_model_training/chr2_0.txt, ../../../data/hg19/K562/big_model_training/chr2_1.txt, ../../../data/hg19/K562/big_model_training/chr2_2.txt
    jobid: 2
    wildcards: chrom=2

Submitted job 2 with external jobid 'Submitted batch job 66887202'.

[Thu Jun 24 00:14:29 2021]
rule binarize_multiple_bigwigAverageOverBed_output:
    input: ../../../data/hg19/K562/roadmap_pval_signals/DNase_chr22.tab, ../../../data/hg19/K562/roadmap_pval_signals/H2A.Z_chr22.tab, ../../../data/hg19/K562/roadmap_pval_signals/H3K27ac_chr22.tab, ../../../data/hg19/K562/roadmap_pval_signals/H3K27me3_chr22.tab, ../../../data/hg19/K562/roadmap_pval_signals/H3K36me3_chr22.tab, ../../../data/hg19/K562/roadmap_pval_signals/H3K4me1_chr22.tab, ../../../data/hg19/K562/roadmap_pval_signals/H3K4me2_chr22.tab, ../../../data/hg19/K562/roadmap_pval_signals/H3K4me3_chr22.tab, ../../../data/hg19/K562/roadmap_pval_signals/H3K79me2_chr22.tab, ../../../data/hg19/K562/roadmap_pval_signals/H3K9ac_chr22.tab, ../../../data/hg19/K562/roadmap_pval_signals/H3K9me1_chr22.tab, ../../../data/hg19/K562/roadmap_pval_signals/H3K9me3_chr22.tab, ../../../data/hg19/K562/roadmap_pval_signals/H4K20me1_chr22.tab
    output: ../../../data/hg19/K562/big_model_training/chr22_0.txt, ../../../data/hg19/K562/big_model_training/chr22_1.txt, ../../../data/hg19/K562/big_model_training/chr22_2.txt
    jobid: 22
    wildcards: chrom=22

Submitted job 22 with external jobid 'Submitted batch job 66887203'.

[Thu Jun 24 00:14:30 2021]
rule binarize_multiple_bigwigAverageOverBed_output:
    input: ../../../data/hg19/K562/roadmap_pval_signals/DNase_chr15.tab, ../../../data/hg19/K562/roadmap_pval_signals/H2A.Z_chr15.tab, ../../../data/hg19/K562/roadmap_pval_signals/H3K27ac_chr15.tab, ../../../data/hg19/K562/roadmap_pval_signals/H3K27me3_chr15.tab, ../../../data/hg19/K562/roadmap_pval_signals/H3K36me3_chr15.tab, ../../../data/hg19/K562/roadmap_pval_signals/H3K4me1_chr15.tab, ../../../data/hg19/K562/roadmap_pval_signals/H3K4me2_chr15.tab, ../../../data/hg19/K562/roadmap_pval_signals/H3K4me3_chr15.tab, ../../../data/hg19/K562/roadmap_pval_signals/H3K79me2_chr15.tab, ../../../data/hg19/K562/roadmap_pval_signals/H3K9ac_chr15.tab, ../../../data/hg19/K562/roadmap_pval_signals/H3K9me1_chr15.tab, ../../../data/hg19/K562/roadmap_pval_signals/H3K9me3_chr15.tab, ../../../data/hg19/K562/roadmap_pval_signals/H4K20me1_chr15.tab
    output: ../../../data/hg19/K562/big_model_training/chr15_0.txt, ../../../data/hg19/K562/big_model_training/chr15_1.txt, ../../../data/hg19/K562/big_model_training/chr15_2.txt
    jobid: 15
    wildcards: chrom=15

Submitted job 15 with external jobid 'Submitted batch job 66887204'.
[Thu Jun 24 00:15:45 2021]
Finished job 16.
1 of 24 steps (4%) done
[Thu Jun 24 00:15:46 2021]
Finished job 18.
2 of 24 steps (8%) done
[Thu Jun 24 00:15:46 2021]
Finished job 19.
3 of 24 steps (12%) done
[Thu Jun 24 00:15:47 2021]
Finished job 20.
4 of 24 steps (17%) done
[Thu Jun 24 00:15:47 2021]
Finished job 21.
5 of 24 steps (21%) done
[Thu Jun 24 00:15:47 2021]
Finished job 14.
6 of 24 steps (25%) done
[Thu Jun 24 00:15:47 2021]
Finished job 22.
7 of 24 steps (29%) done
[Thu Jun 24 00:15:58 2021]
Finished job 8.
8 of 24 steps (33%) done
[Thu Jun 24 00:15:58 2021]
Finished job 9.
9 of 24 steps (38%) done
[Thu Jun 24 00:15:59 2021]
Finished job 10.
10 of 24 steps (42%) done
[Thu Jun 24 00:15:59 2021]
Finished job 11.
11 of 24 steps (46%) done
[Thu Jun 24 00:15:59 2021]
Finished job 4.
12 of 24 steps (50%) done
[Thu Jun 24 00:16:00 2021]
Finished job 12.
13 of 24 steps (54%) done
[Thu Jun 24 00:16:00 2021]
Finished job 5.
14 of 24 steps (58%) done
[Thu Jun 24 00:16:01 2021]
Finished job 13.
15 of 24 steps (62%) done
[Thu Jun 24 00:16:01 2021]
Finished job 6.
16 of 24 steps (67%) done
[Thu Jun 24 00:16:02 2021]
Finished job 7.
17 of 24 steps (71%) done
[Thu Jun 24 00:16:02 2021]
Finished job 15.
18 of 24 steps (75%) done
[Thu Jun 24 00:16:12 2021]
Finished job 1.
19 of 24 steps (79%) done
[Thu Jun 24 00:16:12 2021]
Finished job 2.
20 of 24 steps (83%) done
[Thu Jun 24 00:16:22 2021]
Finished job 3.
21 of 24 steps (88%) done
[Thu Jun 24 00:16:33 2021]
Finished job 17.
22 of 24 steps (92%) done
[Thu Jun 24 00:16:43 2021]
Finished job 23.
23 of 24 steps (96%) done

[Thu Jun 24 00:16:44 2021]
localrule all:
    input: ../../../data/hg19/K562/big_model_training/chr1_0.txt, ../../../data/hg19/K562/big_model_training/chr1_1.txt, ../../../data/hg19/K562/big_model_training/chr1_2.txt, ../../../data/hg19/K562/big_model_training/chr2_0.txt, ../../../data/hg19/K562/big_model_training/chr2_1.txt, ../../../data/hg19/K562/big_model_training/chr2_2.txt, ../../../data/hg19/K562/big_model_training/chr3_0.txt, ../../../data/hg19/K562/big_model_training/chr3_1.txt, ../../../data/hg19/K562/big_model_training/chr3_2.txt, ../../../data/hg19/K562/big_model_training/chr4_0.txt, ../../../data/hg19/K562/big_model_training/chr4_1.txt, ../../../data/hg19/K562/big_model_training/chr4_2.txt, ../../../data/hg19/K562/big_model_training/chr5_0.txt, ../../../data/hg19/K562/big_model_training/chr5_1.txt, ../../../data/hg19/K562/big_model_training/chr5_2.txt, ../../../data/hg19/K562/big_model_training/chr6_0.txt, ../../../data/hg19/K562/big_model_training/chr6_1.txt, ../../../data/hg19/K562/big_model_training/chr6_2.txt, ../../../data/hg19/K562/big_model_training/chr7_0.txt, ../../../data/hg19/K562/big_model_training/chr7_1.txt, ../../../data/hg19/K562/big_model_training/chr7_2.txt, ../../../data/hg19/K562/big_model_training/chr8_0.txt, ../../../data/hg19/K562/big_model_training/chr8_1.txt, ../../../data/hg19/K562/big_model_training/chr8_2.txt, ../../../data/hg19/K562/big_model_training/chr9_0.txt, ../../../data/hg19/K562/big_model_training/chr9_1.txt, ../../../data/hg19/K562/big_model_training/chr9_2.txt, ../../../data/hg19/K562/big_model_training/chr10_0.txt, ../../../data/hg19/K562/big_model_training/chr10_1.txt, ../../../data/hg19/K562/big_model_training/chr10_2.txt, ../../../data/hg19/K562/big_model_training/chr11_0.txt, ../../../data/hg19/K562/big_model_training/chr11_1.txt, ../../../data/hg19/K562/big_model_training/chr11_2.txt, ../../../data/hg19/K562/big_model_training/chr12_0.txt, ../../../data/hg19/K562/big_model_training/chr12_1.txt, ../../../data/hg19/K562/big_model_training/chr12_2.txt, ../../../data/hg19/K562/big_model_training/chr13_0.txt, ../../../data/hg19/K562/big_model_training/chr13_1.txt, ../../../data/hg19/K562/big_model_training/chr13_2.txt, ../../../data/hg19/K562/big_model_training/chr14_0.txt, ../../../data/hg19/K562/big_model_training/chr14_1.txt, ../../../data/hg19/K562/big_model_training/chr14_2.txt, ../../../data/hg19/K562/big_model_training/chr15_0.txt, ../../../data/hg19/K562/big_model_training/chr15_1.txt, ../../../data/hg19/K562/big_model_training/chr15_2.txt, ../../../data/hg19/K562/big_model_training/chr16_0.txt, ../../../data/hg19/K562/big_model_training/chr16_1.txt, ../../../data/hg19/K562/big_model_training/chr16_2.txt, ../../../data/hg19/K562/big_model_training/chr17_0.txt, ../../../data/hg19/K562/big_model_training/chr17_1.txt, ../../../data/hg19/K562/big_model_training/chr17_2.txt, ../../../data/hg19/K562/big_model_training/chr18_0.txt, ../../../data/hg19/K562/big_model_training/chr18_1.txt, ../../../data/hg19/K562/big_model_training/chr18_2.txt, ../../../data/hg19/K562/big_model_training/chr19_0.txt, ../../../data/hg19/K562/big_model_training/chr19_1.txt, ../../../data/hg19/K562/big_model_training/chr19_2.txt, ../../../data/hg19/K562/big_model_training/chr20_0.txt, ../../../data/hg19/K562/big_model_training/chr20_1.txt, ../../../data/hg19/K562/big_model_training/chr20_2.txt, ../../../data/hg19/K562/big_model_training/chr21_0.txt, ../../../data/hg19/K562/big_model_training/chr21_1.txt, ../../../data/hg19/K562/big_model_training/chr21_2.txt, ../../../data/hg19/K562/big_model_training/chr22_0.txt, ../../../data/hg19/K562/big_model_training/chr22_1.txt, ../../../data/hg19/K562/big_model_training/chr22_2.txt, ../../../data/hg19/K562/big_model_training/chrX_0.txt, ../../../data/hg19/K562/big_model_training/chrX_1.txt, ../../../data/hg19/K562/big_model_training/chrX_2.txt
    jobid: 0

[Thu Jun 24 00:16:44 2021]
Finished job 0.
24 of 24 steps (100%) done
Complete log: /gstore/home/vuh6/source/chromHMM_training/train_big_model/.snakemake/log/2021-06-24T001420.733908.snakemake.log
