Building DAG of jobs...
Using shell: /usr/bin/bash
Provided cluster nodes: 100
Job counts:
	count	jobs
	1	all
	23	binarize_multiple_bigwigAverageOverBed_output
	23	gzip_all_files
	47

[Thu Jun 24 01:43:58 2021]
rule binarize_multiple_bigwigAverageOverBed_output:
    input: ../../../data/hg19/K562/roadmap_pval_signals/DNase_chr4.tab, ../../../data/hg19/K562/roadmap_pval_signals/H2A.Z_chr4.tab, ../../../data/hg19/K562/roadmap_pval_signals/H3K27ac_chr4.tab, ../../../data/hg19/K562/roadmap_pval_signals/H3K27me3_chr4.tab, ../../../data/hg19/K562/roadmap_pval_signals/H3K36me3_chr4.tab, ../../../data/hg19/K562/roadmap_pval_signals/H3K4me1_chr4.tab, ../../../data/hg19/K562/roadmap_pval_signals/H3K4me2_chr4.tab, ../../../data/hg19/K562/roadmap_pval_signals/H3K4me3_chr4.tab, ../../../data/hg19/K562/roadmap_pval_signals/H3K79me2_chr4.tab, ../../../data/hg19/K562/roadmap_pval_signals/H3K9ac_chr4.tab, ../../../data/hg19/K562/roadmap_pval_signals/H3K9me1_chr4.tab, ../../../data/hg19/K562/roadmap_pval_signals/H3K9me3_chr4.tab, ../../../data/hg19/K562/roadmap_pval_signals/H4K20me1_chr4.tab
    output: ../../../data/hg19/K562/big_model_training/genome_chr4_0_binary.txt, ../../../data/hg19/K562/big_model_training/genome_chr4_1_binary.txt, ../../../data/hg19/K562/big_model_training/genome_chr4_2_binary.txt
    jobid: 27
    wildcards: chrom=4

Submitted job 27 with external jobid 'Submitted batch job 66890912'.

[Thu Jun 24 01:43:58 2021]
rule binarize_multiple_bigwigAverageOverBed_output:
    input: ../../../data/hg19/K562/roadmap_pval_signals/DNase_chrX.tab, ../../../data/hg19/K562/roadmap_pval_signals/H2A.Z_chrX.tab, ../../../data/hg19/K562/roadmap_pval_signals/H3K27ac_chrX.tab, ../../../data/hg19/K562/roadmap_pval_signals/H3K27me3_chrX.tab, ../../../data/hg19/K562/roadmap_pval_signals/H3K36me3_chrX.tab, ../../../data/hg19/K562/roadmap_pval_signals/H3K4me1_chrX.tab, ../../../data/hg19/K562/roadmap_pval_signals/H3K4me2_chrX.tab, ../../../data/hg19/K562/roadmap_pval_signals/H3K4me3_chrX.tab, ../../../data/hg19/K562/roadmap_pval_signals/H3K79me2_chrX.tab, ../../../data/hg19/K562/roadmap_pval_signals/H3K9ac_chrX.tab, ../../../data/hg19/K562/roadmap_pval_signals/H3K9me1_chrX.tab, ../../../data/hg19/K562/roadmap_pval_signals/H3K9me3_chrX.tab, ../../../data/hg19/K562/roadmap_pval_signals/H4K20me1_chrX.tab
    output: ../../../data/hg19/K562/big_model_training/genome_chrX_0_binary.txt, ../../../data/hg19/K562/big_model_training/genome_chrX_1_binary.txt, ../../../data/hg19/K562/big_model_training/genome_chrX_2_binary.txt
    jobid: 46
    wildcards: chrom=X

Submitted job 46 with external jobid 'Submitted batch job 66890913'.

[Thu Jun 24 01:43:58 2021]
rule binarize_multiple_bigwigAverageOverBed_output:
    input: ../../../data/hg19/K562/roadmap_pval_signals/DNase_chr15.tab, ../../../data/hg19/K562/roadmap_pval_signals/H2A.Z_chr15.tab, ../../../data/hg19/K562/roadmap_pval_signals/H3K27ac_chr15.tab, ../../../data/hg19/K562/roadmap_pval_signals/H3K27me3_chr15.tab, ../../../data/hg19/K562/roadmap_pval_signals/H3K36me3_chr15.tab, ../../../data/hg19/K562/roadmap_pval_signals/H3K4me1_chr15.tab, ../../../data/hg19/K562/roadmap_pval_signals/H3K4me2_chr15.tab, ../../../data/hg19/K562/roadmap_pval_signals/H3K4me3_chr15.tab, ../../../data/hg19/K562/roadmap_pval_signals/H3K79me2_chr15.tab, ../../../data/hg19/K562/roadmap_pval_signals/H3K9ac_chr15.tab, ../../../data/hg19/K562/roadmap_pval_signals/H3K9me1_chr15.tab, ../../../data/hg19/K562/roadmap_pval_signals/H3K9me3_chr15.tab, ../../../data/hg19/K562/roadmap_pval_signals/H4K20me1_chr15.tab
    output: ../../../data/hg19/K562/big_model_training/genome_chr15_0_binary.txt, ../../../data/hg19/K562/big_model_training/genome_chr15_1_binary.txt, ../../../data/hg19/K562/big_model_training/genome_chr15_2_binary.txt
    jobid: 38
    wildcards: chrom=15

Submitted job 38 with external jobid 'Submitted batch job 66890914'.

[Thu Jun 24 01:43:58 2021]
rule binarize_multiple_bigwigAverageOverBed_output:
    input: ../../../data/hg19/K562/roadmap_pval_signals/DNase_chr17.tab, ../../../data/hg19/K562/roadmap_pval_signals/H2A.Z_chr17.tab, ../../../data/hg19/K562/roadmap_pval_signals/H3K27ac_chr17.tab, ../../../data/hg19/K562/roadmap_pval_signals/H3K27me3_chr17.tab, ../../../data/hg19/K562/roadmap_pval_signals/H3K36me3_chr17.tab, ../../../data/hg19/K562/roadmap_pval_signals/H3K4me1_chr17.tab, ../../../data/hg19/K562/roadmap_pval_signals/H3K4me2_chr17.tab, ../../../data/hg19/K562/roadmap_pval_signals/H3K4me3_chr17.tab, ../../../data/hg19/K562/roadmap_pval_signals/H3K79me2_chr17.tab, ../../../data/hg19/K562/roadmap_pval_signals/H3K9ac_chr17.tab, ../../../data/hg19/K562/roadmap_pval_signals/H3K9me1_chr17.tab, ../../../data/hg19/K562/roadmap_pval_signals/H3K9me3_chr17.tab, ../../../data/hg19/K562/roadmap_pval_signals/H4K20me1_chr17.tab
    output: ../../../data/hg19/K562/big_model_training/genome_chr17_0_binary.txt, ../../../data/hg19/K562/big_model_training/genome_chr17_1_binary.txt, ../../../data/hg19/K562/big_model_training/genome_chr17_2_binary.txt
    jobid: 40
    wildcards: chrom=17

Submitted job 40 with external jobid 'Submitted batch job 66890915'.

[Thu Jun 24 01:43:58 2021]
rule binarize_multiple_bigwigAverageOverBed_output:
    input: ../../../data/hg19/K562/roadmap_pval_signals/DNase_chr12.tab, ../../../data/hg19/K562/roadmap_pval_signals/H2A.Z_chr12.tab, ../../../data/hg19/K562/roadmap_pval_signals/H3K27ac_chr12.tab, ../../../data/hg19/K562/roadmap_pval_signals/H3K27me3_chr12.tab, ../../../data/hg19/K562/roadmap_pval_signals/H3K36me3_chr12.tab, ../../../data/hg19/K562/roadmap_pval_signals/H3K4me1_chr12.tab, ../../../data/hg19/K562/roadmap_pval_signals/H3K4me2_chr12.tab, ../../../data/hg19/K562/roadmap_pval_signals/H3K4me3_chr12.tab, ../../../data/hg19/K562/roadmap_pval_signals/H3K79me2_chr12.tab, ../../../data/hg19/K562/roadmap_pval_signals/H3K9ac_chr12.tab, ../../../data/hg19/K562/roadmap_pval_signals/H3K9me1_chr12.tab, ../../../data/hg19/K562/roadmap_pval_signals/H3K9me3_chr12.tab, ../../../data/hg19/K562/roadmap_pval_signals/H4K20me1_chr12.tab
    output: ../../../data/hg19/K562/big_model_training/genome_chr12_0_binary.txt, ../../../data/hg19/K562/big_model_training/genome_chr12_1_binary.txt, ../../../data/hg19/K562/big_model_training/genome_chr12_2_binary.txt
    jobid: 35
    wildcards: chrom=12

Submitted job 35 with external jobid 'Submitted batch job 66890916'.

[Thu Jun 24 01:43:58 2021]
rule binarize_multiple_bigwigAverageOverBed_output:
    input: ../../../data/hg19/K562/roadmap_pval_signals/DNase_chr14.tab, ../../../data/hg19/K562/roadmap_pval_signals/H2A.Z_chr14.tab, ../../../data/hg19/K562/roadmap_pval_signals/H3K27ac_chr14.tab, ../../../data/hg19/K562/roadmap_pval_signals/H3K27me3_chr14.tab, ../../../data/hg19/K562/roadmap_pval_signals/H3K36me3_chr14.tab, ../../../data/hg19/K562/roadmap_pval_signals/H3K4me1_chr14.tab, ../../../data/hg19/K562/roadmap_pval_signals/H3K4me2_chr14.tab, ../../../data/hg19/K562/roadmap_pval_signals/H3K4me3_chr14.tab, ../../../data/hg19/K562/roadmap_pval_signals/H3K79me2_chr14.tab, ../../../data/hg19/K562/roadmap_pval_signals/H3K9ac_chr14.tab, ../../../data/hg19/K562/roadmap_pval_signals/H3K9me1_chr14.tab, ../../../data/hg19/K562/roadmap_pval_signals/H3K9me3_chr14.tab, ../../../data/hg19/K562/roadmap_pval_signals/H4K20me1_chr14.tab
    output: ../../../data/hg19/K562/big_model_training/genome_chr14_0_binary.txt, ../../../data/hg19/K562/big_model_training/genome_chr14_1_binary.txt, ../../../data/hg19/K562/big_model_training/genome_chr14_2_binary.txt
    jobid: 37
    wildcards: chrom=14

Submitted job 37 with external jobid 'Submitted batch job 66890917'.

[Thu Jun 24 01:43:58 2021]
rule binarize_multiple_bigwigAverageOverBed_output:
    input: ../../../data/hg19/K562/roadmap_pval_signals/DNase_chr20.tab, ../../../data/hg19/K562/roadmap_pval_signals/H2A.Z_chr20.tab, ../../../data/hg19/K562/roadmap_pval_signals/H3K27ac_chr20.tab, ../../../data/hg19/K562/roadmap_pval_signals/H3K27me3_chr20.tab, ../../../data/hg19/K562/roadmap_pval_signals/H3K36me3_chr20.tab, ../../../data/hg19/K562/roadmap_pval_signals/H3K4me1_chr20.tab, ../../../data/hg19/K562/roadmap_pval_signals/H3K4me2_chr20.tab, ../../../data/hg19/K562/roadmap_pval_signals/H3K4me3_chr20.tab, ../../../data/hg19/K562/roadmap_pval_signals/H3K79me2_chr20.tab, ../../../data/hg19/K562/roadmap_pval_signals/H3K9ac_chr20.tab, ../../../data/hg19/K562/roadmap_pval_signals/H3K9me1_chr20.tab, ../../../data/hg19/K562/roadmap_pval_signals/H3K9me3_chr20.tab, ../../../data/hg19/K562/roadmap_pval_signals/H4K20me1_chr20.tab
    output: ../../../data/hg19/K562/big_model_training/genome_chr20_0_binary.txt, ../../../data/hg19/K562/big_model_training/genome_chr20_1_binary.txt, ../../../data/hg19/K562/big_model_training/genome_chr20_2_binary.txt
    jobid: 43
    wildcards: chrom=20

Submitted job 43 with external jobid 'Submitted batch job 66890918'.

[Thu Jun 24 01:43:59 2021]
rule binarize_multiple_bigwigAverageOverBed_output:
    input: ../../../data/hg19/K562/roadmap_pval_signals/DNase_chr21.tab, ../../../data/hg19/K562/roadmap_pval_signals/H2A.Z_chr21.tab, ../../../data/hg19/K562/roadmap_pval_signals/H3K27ac_chr21.tab, ../../../data/hg19/K562/roadmap_pval_signals/H3K27me3_chr21.tab, ../../../data/hg19/K562/roadmap_pval_signals/H3K36me3_chr21.tab, ../../../data/hg19/K562/roadmap_pval_signals/H3K4me1_chr21.tab, ../../../data/hg19/K562/roadmap_pval_signals/H3K4me2_chr21.tab, ../../../data/hg19/K562/roadmap_pval_signals/H3K4me3_chr21.tab, ../../../data/hg19/K562/roadmap_pval_signals/H3K79me2_chr21.tab, ../../../data/hg19/K562/roadmap_pval_signals/H3K9ac_chr21.tab, ../../../data/hg19/K562/roadmap_pval_signals/H3K9me1_chr21.tab, ../../../data/hg19/K562/roadmap_pval_signals/H3K9me3_chr21.tab, ../../../data/hg19/K562/roadmap_pval_signals/H4K20me1_chr21.tab
    output: ../../../data/hg19/K562/big_model_training/genome_chr21_0_binary.txt, ../../../data/hg19/K562/big_model_training/genome_chr21_1_binary.txt, ../../../data/hg19/K562/big_model_training/genome_chr21_2_binary.txt
    jobid: 44
    wildcards: chrom=21

Submitted job 44 with external jobid 'Submitted batch job 66890919'.

[Thu Jun 24 01:43:59 2021]
rule binarize_multiple_bigwigAverageOverBed_output:
    input: ../../../data/hg19/K562/roadmap_pval_signals/DNase_chr19.tab, ../../../data/hg19/K562/roadmap_pval_signals/H2A.Z_chr19.tab, ../../../data/hg19/K562/roadmap_pval_signals/H3K27ac_chr19.tab, ../../../data/hg19/K562/roadmap_pval_signals/H3K27me3_chr19.tab, ../../../data/hg19/K562/roadmap_pval_signals/H3K36me3_chr19.tab, ../../../data/hg19/K562/roadmap_pval_signals/H3K4me1_chr19.tab, ../../../data/hg19/K562/roadmap_pval_signals/H3K4me2_chr19.tab, ../../../data/hg19/K562/roadmap_pval_signals/H3K4me3_chr19.tab, ../../../data/hg19/K562/roadmap_pval_signals/H3K79me2_chr19.tab, ../../../data/hg19/K562/roadmap_pval_signals/H3K9ac_chr19.tab, ../../../data/hg19/K562/roadmap_pval_signals/H3K9me1_chr19.tab, ../../../data/hg19/K562/roadmap_pval_signals/H3K9me3_chr19.tab, ../../../data/hg19/K562/roadmap_pval_signals/H4K20me1_chr19.tab
    output: ../../../data/hg19/K562/big_model_training/genome_chr19_0_binary.txt, ../../../data/hg19/K562/big_model_training/genome_chr19_1_binary.txt, ../../../data/hg19/K562/big_model_training/genome_chr19_2_binary.txt
    jobid: 42
    wildcards: chrom=19

Submitted job 42 with external jobid 'Submitted batch job 66890920'.

[Thu Jun 24 01:43:59 2021]
rule binarize_multiple_bigwigAverageOverBed_output:
    input: ../../../data/hg19/K562/roadmap_pval_signals/DNase_chr11.tab, ../../../data/hg19/K562/roadmap_pval_signals/H2A.Z_chr11.tab, ../../../data/hg19/K562/roadmap_pval_signals/H3K27ac_chr11.tab, ../../../data/hg19/K562/roadmap_pval_signals/H3K27me3_chr11.tab, ../../../data/hg19/K562/roadmap_pval_signals/H3K36me3_chr11.tab, ../../../data/hg19/K562/roadmap_pval_signals/H3K4me1_chr11.tab, ../../../data/hg19/K562/roadmap_pval_signals/H3K4me2_chr11.tab, ../../../data/hg19/K562/roadmap_pval_signals/H3K4me3_chr11.tab, ../../../data/hg19/K562/roadmap_pval_signals/H3K79me2_chr11.tab, ../../../data/hg19/K562/roadmap_pval_signals/H3K9ac_chr11.tab, ../../../data/hg19/K562/roadmap_pval_signals/H3K9me1_chr11.tab, ../../../data/hg19/K562/roadmap_pval_signals/H3K9me3_chr11.tab, ../../../data/hg19/K562/roadmap_pval_signals/H4K20me1_chr11.tab
    output: ../../../data/hg19/K562/big_model_training/genome_chr11_0_binary.txt, ../../../data/hg19/K562/big_model_training/genome_chr11_1_binary.txt, ../../../data/hg19/K562/big_model_training/genome_chr11_2_binary.txt
    jobid: 34
    wildcards: chrom=11

Submitted job 34 with external jobid 'Submitted batch job 66890921'.

[Thu Jun 24 01:43:59 2021]
rule binarize_multiple_bigwigAverageOverBed_output:
    input: ../../../data/hg19/K562/roadmap_pval_signals/DNase_chr13.tab, ../../../data/hg19/K562/roadmap_pval_signals/H2A.Z_chr13.tab, ../../../data/hg19/K562/roadmap_pval_signals/H3K27ac_chr13.tab, ../../../data/hg19/K562/roadmap_pval_signals/H3K27me3_chr13.tab, ../../../data/hg19/K562/roadmap_pval_signals/H3K36me3_chr13.tab, ../../../data/hg19/K562/roadmap_pval_signals/H3K4me1_chr13.tab, ../../../data/hg19/K562/roadmap_pval_signals/H3K4me2_chr13.tab, ../../../data/hg19/K562/roadmap_pval_signals/H3K4me3_chr13.tab, ../../../data/hg19/K562/roadmap_pval_signals/H3K79me2_chr13.tab, ../../../data/hg19/K562/roadmap_pval_signals/H3K9ac_chr13.tab, ../../../data/hg19/K562/roadmap_pval_signals/H3K9me1_chr13.tab, ../../../data/hg19/K562/roadmap_pval_signals/H3K9me3_chr13.tab, ../../../data/hg19/K562/roadmap_pval_signals/H4K20me1_chr13.tab
    output: ../../../data/hg19/K562/big_model_training/genome_chr13_0_binary.txt, ../../../data/hg19/K562/big_model_training/genome_chr13_1_binary.txt, ../../../data/hg19/K562/big_model_training/genome_chr13_2_binary.txt
    jobid: 36
    wildcards: chrom=13

Submitted job 36 with external jobid 'Submitted batch job 66890922'.

[Thu Jun 24 01:44:01 2021]
rule binarize_multiple_bigwigAverageOverBed_output:
    input: ../../../data/hg19/K562/roadmap_pval_signals/DNase_chr16.tab, ../../../data/hg19/K562/roadmap_pval_signals/H2A.Z_chr16.tab, ../../../data/hg19/K562/roadmap_pval_signals/H3K27ac_chr16.tab, ../../../data/hg19/K562/roadmap_pval_signals/H3K27me3_chr16.tab, ../../../data/hg19/K562/roadmap_pval_signals/H3K36me3_chr16.tab, ../../../data/hg19/K562/roadmap_pval_signals/H3K4me1_chr16.tab, ../../../data/hg19/K562/roadmap_pval_signals/H3K4me2_chr16.tab, ../../../data/hg19/K562/roadmap_pval_signals/H3K4me3_chr16.tab, ../../../data/hg19/K562/roadmap_pval_signals/H3K79me2_chr16.tab, ../../../data/hg19/K562/roadmap_pval_signals/H3K9ac_chr16.tab, ../../../data/hg19/K562/roadmap_pval_signals/H3K9me1_chr16.tab, ../../../data/hg19/K562/roadmap_pval_signals/H3K9me3_chr16.tab, ../../../data/hg19/K562/roadmap_pval_signals/H4K20me1_chr16.tab
    output: ../../../data/hg19/K562/big_model_training/genome_chr16_0_binary.txt, ../../../data/hg19/K562/big_model_training/genome_chr16_1_binary.txt, ../../../data/hg19/K562/big_model_training/genome_chr16_2_binary.txt
    jobid: 39
    wildcards: chrom=16

Submitted job 39 with external jobid 'Submitted batch job 66890923'.

[Thu Jun 24 01:44:01 2021]
rule binarize_multiple_bigwigAverageOverBed_output:
    input: ../../../data/hg19/K562/roadmap_pval_signals/DNase_chr1.tab, ../../../data/hg19/K562/roadmap_pval_signals/H2A.Z_chr1.tab, ../../../data/hg19/K562/roadmap_pval_signals/H3K27ac_chr1.tab, ../../../data/hg19/K562/roadmap_pval_signals/H3K27me3_chr1.tab, ../../../data/hg19/K562/roadmap_pval_signals/H3K36me3_chr1.tab, ../../../data/hg19/K562/roadmap_pval_signals/H3K4me1_chr1.tab, ../../../data/hg19/K562/roadmap_pval_signals/H3K4me2_chr1.tab, ../../../data/hg19/K562/roadmap_pval_signals/H3K4me3_chr1.tab, ../../../data/hg19/K562/roadmap_pval_signals/H3K79me2_chr1.tab, ../../../data/hg19/K562/roadmap_pval_signals/H3K9ac_chr1.tab, ../../../data/hg19/K562/roadmap_pval_signals/H3K9me1_chr1.tab, ../../../data/hg19/K562/roadmap_pval_signals/H3K9me3_chr1.tab, ../../../data/hg19/K562/roadmap_pval_signals/H4K20me1_chr1.tab
    output: ../../../data/hg19/K562/big_model_training/genome_chr1_0_binary.txt, ../../../data/hg19/K562/big_model_training/genome_chr1_1_binary.txt, ../../../data/hg19/K562/big_model_training/genome_chr1_2_binary.txt
    jobid: 24
    wildcards: chrom=1

Submitted job 24 with external jobid 'Submitted batch job 66890924'.

[Thu Jun 24 01:44:01 2021]
rule binarize_multiple_bigwigAverageOverBed_output:
    input: ../../../data/hg19/K562/roadmap_pval_signals/DNase_chr7.tab, ../../../data/hg19/K562/roadmap_pval_signals/H2A.Z_chr7.tab, ../../../data/hg19/K562/roadmap_pval_signals/H3K27ac_chr7.tab, ../../../data/hg19/K562/roadmap_pval_signals/H3K27me3_chr7.tab, ../../../data/hg19/K562/roadmap_pval_signals/H3K36me3_chr7.tab, ../../../data/hg19/K562/roadmap_pval_signals/H3K4me1_chr7.tab, ../../../data/hg19/K562/roadmap_pval_signals/H3K4me2_chr7.tab, ../../../data/hg19/K562/roadmap_pval_signals/H3K4me3_chr7.tab, ../../../data/hg19/K562/roadmap_pval_signals/H3K79me2_chr7.tab, ../../../data/hg19/K562/roadmap_pval_signals/H3K9ac_chr7.tab, ../../../data/hg19/K562/roadmap_pval_signals/H3K9me1_chr7.tab, ../../../data/hg19/K562/roadmap_pval_signals/H3K9me3_chr7.tab, ../../../data/hg19/K562/roadmap_pval_signals/H4K20me1_chr7.tab
    output: ../../../data/hg19/K562/big_model_training/genome_chr7_0_binary.txt, ../../../data/hg19/K562/big_model_training/genome_chr7_1_binary.txt, ../../../data/hg19/K562/big_model_training/genome_chr7_2_binary.txt
    jobid: 30
    wildcards: chrom=7

Submitted job 30 with external jobid 'Submitted batch job 66890925'.

[Thu Jun 24 01:44:01 2021]
rule binarize_multiple_bigwigAverageOverBed_output:
    input: ../../../data/hg19/K562/roadmap_pval_signals/DNase_chr10.tab, ../../../data/hg19/K562/roadmap_pval_signals/H2A.Z_chr10.tab, ../../../data/hg19/K562/roadmap_pval_signals/H3K27ac_chr10.tab, ../../../data/hg19/K562/roadmap_pval_signals/H3K27me3_chr10.tab, ../../../data/hg19/K562/roadmap_pval_signals/H3K36me3_chr10.tab, ../../../data/hg19/K562/roadmap_pval_signals/H3K4me1_chr10.tab, ../../../data/hg19/K562/roadmap_pval_signals/H3K4me2_chr10.tab, ../../../data/hg19/K562/roadmap_pval_signals/H3K4me3_chr10.tab, ../../../data/hg19/K562/roadmap_pval_signals/H3K79me2_chr10.tab, ../../../data/hg19/K562/roadmap_pval_signals/H3K9ac_chr10.tab, ../../../data/hg19/K562/roadmap_pval_signals/H3K9me1_chr10.tab, ../../../data/hg19/K562/roadmap_pval_signals/H3K9me3_chr10.tab, ../../../data/hg19/K562/roadmap_pval_signals/H4K20me1_chr10.tab
    output: ../../../data/hg19/K562/big_model_training/genome_chr10_0_binary.txt, ../../../data/hg19/K562/big_model_training/genome_chr10_1_binary.txt, ../../../data/hg19/K562/big_model_training/genome_chr10_2_binary.txt
    jobid: 33
    wildcards: chrom=10

Submitted job 33 with external jobid 'Submitted batch job 66890926'.

[Thu Jun 24 01:44:01 2021]
rule binarize_multiple_bigwigAverageOverBed_output:
    input: ../../../data/hg19/K562/roadmap_pval_signals/DNase_chr3.tab, ../../../data/hg19/K562/roadmap_pval_signals/H2A.Z_chr3.tab, ../../../data/hg19/K562/roadmap_pval_signals/H3K27ac_chr3.tab, ../../../data/hg19/K562/roadmap_pval_signals/H3K27me3_chr3.tab, ../../../data/hg19/K562/roadmap_pval_signals/H3K36me3_chr3.tab, ../../../data/hg19/K562/roadmap_pval_signals/H3K4me1_chr3.tab, ../../../data/hg19/K562/roadmap_pval_signals/H3K4me2_chr3.tab, ../../../data/hg19/K562/roadmap_pval_signals/H3K4me3_chr3.tab, ../../../data/hg19/K562/roadmap_pval_signals/H3K79me2_chr3.tab, ../../../data/hg19/K562/roadmap_pval_signals/H3K9ac_chr3.tab, ../../../data/hg19/K562/roadmap_pval_signals/H3K9me1_chr3.tab, ../../../data/hg19/K562/roadmap_pval_signals/H3K9me3_chr3.tab, ../../../data/hg19/K562/roadmap_pval_signals/H4K20me1_chr3.tab
    output: ../../../data/hg19/K562/big_model_training/genome_chr3_0_binary.txt, ../../../data/hg19/K562/big_model_training/genome_chr3_1_binary.txt, ../../../data/hg19/K562/big_model_training/genome_chr3_2_binary.txt
    jobid: 26
    wildcards: chrom=3

Submitted job 26 with external jobid 'Submitted batch job 66890927'.

[Thu Jun 24 01:44:01 2021]
rule binarize_multiple_bigwigAverageOverBed_output:
    input: ../../../data/hg19/K562/roadmap_pval_signals/DNase_chr6.tab, ../../../data/hg19/K562/roadmap_pval_signals/H2A.Z_chr6.tab, ../../../data/hg19/K562/roadmap_pval_signals/H3K27ac_chr6.tab, ../../../data/hg19/K562/roadmap_pval_signals/H3K27me3_chr6.tab, ../../../data/hg19/K562/roadmap_pval_signals/H3K36me3_chr6.tab, ../../../data/hg19/K562/roadmap_pval_signals/H3K4me1_chr6.tab, ../../../data/hg19/K562/roadmap_pval_signals/H3K4me2_chr6.tab, ../../../data/hg19/K562/roadmap_pval_signals/H3K4me3_chr6.tab, ../../../data/hg19/K562/roadmap_pval_signals/H3K79me2_chr6.tab, ../../../data/hg19/K562/roadmap_pval_signals/H3K9ac_chr6.tab, ../../../data/hg19/K562/roadmap_pval_signals/H3K9me1_chr6.tab, ../../../data/hg19/K562/roadmap_pval_signals/H3K9me3_chr6.tab, ../../../data/hg19/K562/roadmap_pval_signals/H4K20me1_chr6.tab
    output: ../../../data/hg19/K562/big_model_training/genome_chr6_0_binary.txt, ../../../data/hg19/K562/big_model_training/genome_chr6_1_binary.txt, ../../../data/hg19/K562/big_model_training/genome_chr6_2_binary.txt
    jobid: 29
    wildcards: chrom=6

Submitted job 29 with external jobid 'Submitted batch job 66890928'.

[Thu Jun 24 01:44:01 2021]
rule binarize_multiple_bigwigAverageOverBed_output:
    input: ../../../data/hg19/K562/roadmap_pval_signals/DNase_chr22.tab, ../../../data/hg19/K562/roadmap_pval_signals/H2A.Z_chr22.tab, ../../../data/hg19/K562/roadmap_pval_signals/H3K27ac_chr22.tab, ../../../data/hg19/K562/roadmap_pval_signals/H3K27me3_chr22.tab, ../../../data/hg19/K562/roadmap_pval_signals/H3K36me3_chr22.tab, ../../../data/hg19/K562/roadmap_pval_signals/H3K4me1_chr22.tab, ../../../data/hg19/K562/roadmap_pval_signals/H3K4me2_chr22.tab, ../../../data/hg19/K562/roadmap_pval_signals/H3K4me3_chr22.tab, ../../../data/hg19/K562/roadmap_pval_signals/H3K79me2_chr22.tab, ../../../data/hg19/K562/roadmap_pval_signals/H3K9ac_chr22.tab, ../../../data/hg19/K562/roadmap_pval_signals/H3K9me1_chr22.tab, ../../../data/hg19/K562/roadmap_pval_signals/H3K9me3_chr22.tab, ../../../data/hg19/K562/roadmap_pval_signals/H4K20me1_chr22.tab
    output: ../../../data/hg19/K562/big_model_training/genome_chr22_0_binary.txt, ../../../data/hg19/K562/big_model_training/genome_chr22_1_binary.txt, ../../../data/hg19/K562/big_model_training/genome_chr22_2_binary.txt
    jobid: 45
    wildcards: chrom=22

Submitted job 45 with external jobid 'Submitted batch job 66890929'.

[Thu Jun 24 01:44:04 2021]
rule binarize_multiple_bigwigAverageOverBed_output:
    input: ../../../data/hg19/K562/roadmap_pval_signals/DNase_chr9.tab, ../../../data/hg19/K562/roadmap_pval_signals/H2A.Z_chr9.tab, ../../../data/hg19/K562/roadmap_pval_signals/H3K27ac_chr9.tab, ../../../data/hg19/K562/roadmap_pval_signals/H3K27me3_chr9.tab, ../../../data/hg19/K562/roadmap_pval_signals/H3K36me3_chr9.tab, ../../../data/hg19/K562/roadmap_pval_signals/H3K4me1_chr9.tab, ../../../data/hg19/K562/roadmap_pval_signals/H3K4me2_chr9.tab, ../../../data/hg19/K562/roadmap_pval_signals/H3K4me3_chr9.tab, ../../../data/hg19/K562/roadmap_pval_signals/H3K79me2_chr9.tab, ../../../data/hg19/K562/roadmap_pval_signals/H3K9ac_chr9.tab, ../../../data/hg19/K562/roadmap_pval_signals/H3K9me1_chr9.tab, ../../../data/hg19/K562/roadmap_pval_signals/H3K9me3_chr9.tab, ../../../data/hg19/K562/roadmap_pval_signals/H4K20me1_chr9.tab
    output: ../../../data/hg19/K562/big_model_training/genome_chr9_0_binary.txt, ../../../data/hg19/K562/big_model_training/genome_chr9_1_binary.txt, ../../../data/hg19/K562/big_model_training/genome_chr9_2_binary.txt
    jobid: 32
    wildcards: chrom=9

Submitted job 32 with external jobid 'Submitted batch job 66890930'.

[Thu Jun 24 01:44:04 2021]
rule binarize_multiple_bigwigAverageOverBed_output:
    input: ../../../data/hg19/K562/roadmap_pval_signals/DNase_chr5.tab, ../../../data/hg19/K562/roadmap_pval_signals/H2A.Z_chr5.tab, ../../../data/hg19/K562/roadmap_pval_signals/H3K27ac_chr5.tab, ../../../data/hg19/K562/roadmap_pval_signals/H3K27me3_chr5.tab, ../../../data/hg19/K562/roadmap_pval_signals/H3K36me3_chr5.tab, ../../../data/hg19/K562/roadmap_pval_signals/H3K4me1_chr5.tab, ../../../data/hg19/K562/roadmap_pval_signals/H3K4me2_chr5.tab, ../../../data/hg19/K562/roadmap_pval_signals/H3K4me3_chr5.tab, ../../../data/hg19/K562/roadmap_pval_signals/H3K79me2_chr5.tab, ../../../data/hg19/K562/roadmap_pval_signals/H3K9ac_chr5.tab, ../../../data/hg19/K562/roadmap_pval_signals/H3K9me1_chr5.tab, ../../../data/hg19/K562/roadmap_pval_signals/H3K9me3_chr5.tab, ../../../data/hg19/K562/roadmap_pval_signals/H4K20me1_chr5.tab
    output: ../../../data/hg19/K562/big_model_training/genome_chr5_0_binary.txt, ../../../data/hg19/K562/big_model_training/genome_chr5_1_binary.txt, ../../../data/hg19/K562/big_model_training/genome_chr5_2_binary.txt
    jobid: 28
    wildcards: chrom=5

Submitted job 28 with external jobid 'Submitted batch job 66890931'.

[Thu Jun 24 01:44:04 2021]
rule binarize_multiple_bigwigAverageOverBed_output:
    input: ../../../data/hg19/K562/roadmap_pval_signals/DNase_chr8.tab, ../../../data/hg19/K562/roadmap_pval_signals/H2A.Z_chr8.tab, ../../../data/hg19/K562/roadmap_pval_signals/H3K27ac_chr8.tab, ../../../data/hg19/K562/roadmap_pval_signals/H3K27me3_chr8.tab, ../../../data/hg19/K562/roadmap_pval_signals/H3K36me3_chr8.tab, ../../../data/hg19/K562/roadmap_pval_signals/H3K4me1_chr8.tab, ../../../data/hg19/K562/roadmap_pval_signals/H3K4me2_chr8.tab, ../../../data/hg19/K562/roadmap_pval_signals/H3K4me3_chr8.tab, ../../../data/hg19/K562/roadmap_pval_signals/H3K79me2_chr8.tab, ../../../data/hg19/K562/roadmap_pval_signals/H3K9ac_chr8.tab, ../../../data/hg19/K562/roadmap_pval_signals/H3K9me1_chr8.tab, ../../../data/hg19/K562/roadmap_pval_signals/H3K9me3_chr8.tab, ../../../data/hg19/K562/roadmap_pval_signals/H4K20me1_chr8.tab
    output: ../../../data/hg19/K562/big_model_training/genome_chr8_0_binary.txt, ../../../data/hg19/K562/big_model_training/genome_chr8_1_binary.txt, ../../../data/hg19/K562/big_model_training/genome_chr8_2_binary.txt
    jobid: 31
    wildcards: chrom=8

Submitted job 31 with external jobid 'Submitted batch job 66890932'.

[Thu Jun 24 01:44:04 2021]
rule binarize_multiple_bigwigAverageOverBed_output:
    input: ../../../data/hg19/K562/roadmap_pval_signals/DNase_chr18.tab, ../../../data/hg19/K562/roadmap_pval_signals/H2A.Z_chr18.tab, ../../../data/hg19/K562/roadmap_pval_signals/H3K27ac_chr18.tab, ../../../data/hg19/K562/roadmap_pval_signals/H3K27me3_chr18.tab, ../../../data/hg19/K562/roadmap_pval_signals/H3K36me3_chr18.tab, ../../../data/hg19/K562/roadmap_pval_signals/H3K4me1_chr18.tab, ../../../data/hg19/K562/roadmap_pval_signals/H3K4me2_chr18.tab, ../../../data/hg19/K562/roadmap_pval_signals/H3K4me3_chr18.tab, ../../../data/hg19/K562/roadmap_pval_signals/H3K79me2_chr18.tab, ../../../data/hg19/K562/roadmap_pval_signals/H3K9ac_chr18.tab, ../../../data/hg19/K562/roadmap_pval_signals/H3K9me1_chr18.tab, ../../../data/hg19/K562/roadmap_pval_signals/H3K9me3_chr18.tab, ../../../data/hg19/K562/roadmap_pval_signals/H4K20me1_chr18.tab
    output: ../../../data/hg19/K562/big_model_training/genome_chr18_0_binary.txt, ../../../data/hg19/K562/big_model_training/genome_chr18_1_binary.txt, ../../../data/hg19/K562/big_model_training/genome_chr18_2_binary.txt
    jobid: 41
    wildcards: chrom=18

Submitted job 41 with external jobid 'Submitted batch job 66890933'.

[Thu Jun 24 01:44:04 2021]
rule binarize_multiple_bigwigAverageOverBed_output:
    input: ../../../data/hg19/K562/roadmap_pval_signals/DNase_chr2.tab, ../../../data/hg19/K562/roadmap_pval_signals/H2A.Z_chr2.tab, ../../../data/hg19/K562/roadmap_pval_signals/H3K27ac_chr2.tab, ../../../data/hg19/K562/roadmap_pval_signals/H3K27me3_chr2.tab, ../../../data/hg19/K562/roadmap_pval_signals/H3K36me3_chr2.tab, ../../../data/hg19/K562/roadmap_pval_signals/H3K4me1_chr2.tab, ../../../data/hg19/K562/roadmap_pval_signals/H3K4me2_chr2.tab, ../../../data/hg19/K562/roadmap_pval_signals/H3K4me3_chr2.tab, ../../../data/hg19/K562/roadmap_pval_signals/H3K79me2_chr2.tab, ../../../data/hg19/K562/roadmap_pval_signals/H3K9ac_chr2.tab, ../../../data/hg19/K562/roadmap_pval_signals/H3K9me1_chr2.tab, ../../../data/hg19/K562/roadmap_pval_signals/H3K9me3_chr2.tab, ../../../data/hg19/K562/roadmap_pval_signals/H4K20me1_chr2.tab
    output: ../../../data/hg19/K562/big_model_training/genome_chr2_0_binary.txt, ../../../data/hg19/K562/big_model_training/genome_chr2_1_binary.txt, ../../../data/hg19/K562/big_model_training/genome_chr2_2_binary.txt
    jobid: 25
    wildcards: chrom=2

Submitted job 25 with external jobid 'Submitted batch job 66890934'.
[Thu Jun 24 01:44:32 2021]
Finished job 44.
1 of 47 steps (2%) done

[Thu Jun 24 01:44:32 2021]
rule gzip_all_files:
    input: ../../../data/hg19/K562/big_model_training/genome_chr21_0_binary.txt, ../../../data/hg19/K562/big_model_training/genome_chr21_1_binary.txt, ../../../data/hg19/K562/big_model_training/genome_chr21_2_binary.txt
    output: ../../../data/hg19/K562/big_model_training/genome_chr21_0_binary.txt.gz, ../../../data/hg19/K562/big_model_training/genome_chr21_1_binary.txt.gz, ../../../data/hg19/K562/big_model_training/genome_chr21_2_binary.txt.gz
    jobid: 21
    wildcards: chrom=21

Submitted job 21 with external jobid 'Submitted batch job 66890938'.
[Thu Jun 24 01:44:44 2021]
Finished job 46.
2 of 47 steps (4%) done

[Thu Jun 24 01:44:44 2021]
rule gzip_all_files:
    input: ../../../data/hg19/K562/big_model_training/genome_chrX_0_binary.txt, ../../../data/hg19/K562/big_model_training/genome_chrX_1_binary.txt, ../../../data/hg19/K562/big_model_training/genome_chrX_2_binary.txt
    output: ../../../data/hg19/K562/big_model_training/genome_chrX_0_binary.txt.gz, ../../../data/hg19/K562/big_model_training/genome_chrX_1_binary.txt.gz, ../../../data/hg19/K562/big_model_training/genome_chrX_2_binary.txt.gz
    jobid: 23
    wildcards: chrom=X

[Thu Jun 24 01:44:44 2021]
Finished job 38.
3 of 47 steps (6%) done
[Thu Jun 24 01:44:44 2021]
Finished job 40.
4 of 47 steps (9%) done
[Thu Jun 24 01:44:44 2021]
Finished job 37.
5 of 47 steps (11%) done
[Thu Jun 24 01:44:44 2021]
Finished job 43.
6 of 47 steps (13%) done
[Thu Jun 24 01:44:44 2021]
Finished job 42.
7 of 47 steps (15%) done
[Thu Jun 24 01:44:44 2021]
Finished job 34.
8 of 47 steps (17%) done
Submitted job 23 with external jobid 'Submitted batch job 66890940'.

[Thu Jun 24 01:44:45 2021]
rule gzip_all_files:
    input: ../../../data/hg19/K562/big_model_training/genome_chr17_0_binary.txt, ../../../data/hg19/K562/big_model_training/genome_chr17_1_binary.txt, ../../../data/hg19/K562/big_model_training/genome_chr17_2_binary.txt
    output: ../../../data/hg19/K562/big_model_training/genome_chr17_0_binary.txt.gz, ../../../data/hg19/K562/big_model_training/genome_chr17_1_binary.txt.gz, ../../../data/hg19/K562/big_model_training/genome_chr17_2_binary.txt.gz
    jobid: 17
    wildcards: chrom=17

Submitted job 17 with external jobid 'Submitted batch job 66890941'.

[Thu Jun 24 01:44:45 2021]
rule gzip_all_files:
    input: ../../../data/hg19/K562/big_model_training/genome_chr11_0_binary.txt, ../../../data/hg19/K562/big_model_training/genome_chr11_1_binary.txt, ../../../data/hg19/K562/big_model_training/genome_chr11_2_binary.txt
    output: ../../../data/hg19/K562/big_model_training/genome_chr11_0_binary.txt.gz, ../../../data/hg19/K562/big_model_training/genome_chr11_1_binary.txt.gz, ../../../data/hg19/K562/big_model_training/genome_chr11_2_binary.txt.gz
    jobid: 11
    wildcards: chrom=11

Submitted job 11 with external jobid 'Submitted batch job 66890942'.

[Thu Jun 24 01:44:45 2021]
rule gzip_all_files:
    input: ../../../data/hg19/K562/big_model_training/genome_chr19_0_binary.txt, ../../../data/hg19/K562/big_model_training/genome_chr19_1_binary.txt, ../../../data/hg19/K562/big_model_training/genome_chr19_2_binary.txt
    output: ../../../data/hg19/K562/big_model_training/genome_chr19_0_binary.txt.gz, ../../../data/hg19/K562/big_model_training/genome_chr19_1_binary.txt.gz, ../../../data/hg19/K562/big_model_training/genome_chr19_2_binary.txt.gz
    jobid: 19
    wildcards: chrom=19

Submitted job 19 with external jobid 'Submitted batch job 66890943'.

[Thu Jun 24 01:44:45 2021]
rule gzip_all_files:
    input: ../../../data/hg19/K562/big_model_training/genome_chr20_0_binary.txt, ../../../data/hg19/K562/big_model_training/genome_chr20_1_binary.txt, ../../../data/hg19/K562/big_model_training/genome_chr20_2_binary.txt
    output: ../../../data/hg19/K562/big_model_training/genome_chr20_0_binary.txt.gz, ../../../data/hg19/K562/big_model_training/genome_chr20_1_binary.txt.gz, ../../../data/hg19/K562/big_model_training/genome_chr20_2_binary.txt.gz
    jobid: 20
    wildcards: chrom=20

Submitted job 20 with external jobid 'Submitted batch job 66890944'.

[Thu Jun 24 01:44:45 2021]
rule gzip_all_files:
    input: ../../../data/hg19/K562/big_model_training/genome_chr14_0_binary.txt, ../../../data/hg19/K562/big_model_training/genome_chr14_1_binary.txt, ../../../data/hg19/K562/big_model_training/genome_chr14_2_binary.txt
    output: ../../../data/hg19/K562/big_model_training/genome_chr14_0_binary.txt.gz, ../../../data/hg19/K562/big_model_training/genome_chr14_1_binary.txt.gz, ../../../data/hg19/K562/big_model_training/genome_chr14_2_binary.txt.gz
    jobid: 14
    wildcards: chrom=14

Submitted job 14 with external jobid 'Submitted batch job 66890945'.

[Thu Jun 24 01:44:45 2021]
rule gzip_all_files:
    input: ../../../data/hg19/K562/big_model_training/genome_chr15_0_binary.txt, ../../../data/hg19/K562/big_model_training/genome_chr15_1_binary.txt, ../../../data/hg19/K562/big_model_training/genome_chr15_2_binary.txt
    output: ../../../data/hg19/K562/big_model_training/genome_chr15_0_binary.txt.gz, ../../../data/hg19/K562/big_model_training/genome_chr15_1_binary.txt.gz, ../../../data/hg19/K562/big_model_training/genome_chr15_2_binary.txt.gz
    jobid: 15
    wildcards: chrom=15

Submitted job 15 with external jobid 'Submitted batch job 66890946'.
[Thu Jun 24 01:44:45 2021]
Finished job 36.
9 of 47 steps (19%) done

[Thu Jun 24 01:44:45 2021]
rule gzip_all_files:
    input: ../../../data/hg19/K562/big_model_training/genome_chr13_0_binary.txt, ../../../data/hg19/K562/big_model_training/genome_chr13_1_binary.txt, ../../../data/hg19/K562/big_model_training/genome_chr13_2_binary.txt
    output: ../../../data/hg19/K562/big_model_training/genome_chr13_0_binary.txt.gz, ../../../data/hg19/K562/big_model_training/genome_chr13_1_binary.txt.gz, ../../../data/hg19/K562/big_model_training/genome_chr13_2_binary.txt.gz
    jobid: 13
    wildcards: chrom=13

Submitted job 13 with external jobid 'Submitted batch job 66890947'.
[Thu Jun 24 01:44:45 2021]
Finished job 39.
10 of 47 steps (21%) done

[Thu Jun 24 01:44:45 2021]
rule gzip_all_files:
    input: ../../../data/hg19/K562/big_model_training/genome_chr16_0_binary.txt, ../../../data/hg19/K562/big_model_training/genome_chr16_1_binary.txt, ../../../data/hg19/K562/big_model_training/genome_chr16_2_binary.txt
    output: ../../../data/hg19/K562/big_model_training/genome_chr16_0_binary.txt.gz, ../../../data/hg19/K562/big_model_training/genome_chr16_1_binary.txt.gz, ../../../data/hg19/K562/big_model_training/genome_chr16_2_binary.txt.gz
    jobid: 16
    wildcards: chrom=16

[Thu Jun 24 01:44:45 2021]
Finished job 30.
11 of 47 steps (23%) done
[Thu Jun 24 01:44:45 2021]
Finished job 33.
12 of 47 steps (26%) done
Submitted job 16 with external jobid 'Submitted batch job 66890948'.
[Thu Jun 24 01:44:45 2021]
Finished job 29.
13 of 47 steps (28%) done

[Thu Jun 24 01:44:45 2021]
rule gzip_all_files:
    input: ../../../data/hg19/K562/big_model_training/genome_chr10_0_binary.txt, ../../../data/hg19/K562/big_model_training/genome_chr10_1_binary.txt, ../../../data/hg19/K562/big_model_training/genome_chr10_2_binary.txt
    output: ../../../data/hg19/K562/big_model_training/genome_chr10_0_binary.txt.gz, ../../../data/hg19/K562/big_model_training/genome_chr10_1_binary.txt.gz, ../../../data/hg19/K562/big_model_training/genome_chr10_2_binary.txt.gz
    jobid: 10
    wildcards: chrom=10

Submitted job 10 with external jobid 'Submitted batch job 66890949'.

[Thu Jun 24 01:44:45 2021]
rule gzip_all_files:
    input: ../../../data/hg19/K562/big_model_training/genome_chr6_0_binary.txt, ../../../data/hg19/K562/big_model_training/genome_chr6_1_binary.txt, ../../../data/hg19/K562/big_model_training/genome_chr6_2_binary.txt
    output: ../../../data/hg19/K562/big_model_training/genome_chr6_0_binary.txt.gz, ../../../data/hg19/K562/big_model_training/genome_chr6_1_binary.txt.gz, ../../../data/hg19/K562/big_model_training/genome_chr6_2_binary.txt.gz
    jobid: 6
    wildcards: chrom=6

[Thu Jun 24 01:44:45 2021]
Finished job 45.
14 of 47 steps (30%) done
Submitted job 6 with external jobid 'Submitted batch job 66890950'.

[Thu Jun 24 01:44:45 2021]
rule gzip_all_files:
    input: ../../../data/hg19/K562/big_model_training/genome_chr7_0_binary.txt, ../../../data/hg19/K562/big_model_training/genome_chr7_1_binary.txt, ../../../data/hg19/K562/big_model_training/genome_chr7_2_binary.txt
    output: ../../../data/hg19/K562/big_model_training/genome_chr7_0_binary.txt.gz, ../../../data/hg19/K562/big_model_training/genome_chr7_1_binary.txt.gz, ../../../data/hg19/K562/big_model_training/genome_chr7_2_binary.txt.gz
    jobid: 7
    wildcards: chrom=7

Submitted job 7 with external jobid 'Submitted batch job 66890951'.

[Thu Jun 24 01:44:45 2021]
rule gzip_all_files:
    input: ../../../data/hg19/K562/big_model_training/genome_chr22_0_binary.txt, ../../../data/hg19/K562/big_model_training/genome_chr22_1_binary.txt, ../../../data/hg19/K562/big_model_training/genome_chr22_2_binary.txt
    output: ../../../data/hg19/K562/big_model_training/genome_chr22_0_binary.txt.gz, ../../../data/hg19/K562/big_model_training/genome_chr22_1_binary.txt.gz, ../../../data/hg19/K562/big_model_training/genome_chr22_2_binary.txt.gz
    jobid: 22
    wildcards: chrom=22

Submitted job 22 with external jobid 'Submitted batch job 66890952'.
[Thu Jun 24 01:44:57 2021]
Finished job 21.
15 of 47 steps (32%) done
[Thu Jun 24 01:44:57 2021]
Finished job 27.
16 of 47 steps (34%) done

[Thu Jun 24 01:44:57 2021]
rule gzip_all_files:
    input: ../../../data/hg19/K562/big_model_training/genome_chr4_0_binary.txt, ../../../data/hg19/K562/big_model_training/genome_chr4_1_binary.txt, ../../../data/hg19/K562/big_model_training/genome_chr4_2_binary.txt
    output: ../../../data/hg19/K562/big_model_training/genome_chr4_0_binary.txt.gz, ../../../data/hg19/K562/big_model_training/genome_chr4_1_binary.txt.gz, ../../../data/hg19/K562/big_model_training/genome_chr4_2_binary.txt.gz
    jobid: 4
    wildcards: chrom=4

[Thu Jun 24 01:44:57 2021]
Finished job 35.
17 of 47 steps (36%) done
Submitted job 4 with external jobid 'Submitted batch job 66890954'.
[Thu Jun 24 01:44:57 2021]
Finished job 24.
18 of 47 steps (38%) done

[Thu Jun 24 01:44:57 2021]
rule gzip_all_files:
    input: ../../../data/hg19/K562/big_model_training/genome_chr1_0_binary.txt, ../../../data/hg19/K562/big_model_training/genome_chr1_1_binary.txt, ../../../data/hg19/K562/big_model_training/genome_chr1_2_binary.txt
    output: ../../../data/hg19/K562/big_model_training/genome_chr1_0_binary.txt.gz, ../../../data/hg19/K562/big_model_training/genome_chr1_1_binary.txt.gz, ../../../data/hg19/K562/big_model_training/genome_chr1_2_binary.txt.gz
    jobid: 1
    wildcards: chrom=1

Submitted job 1 with external jobid 'Submitted batch job 66890955'.

[Thu Jun 24 01:44:57 2021]
rule gzip_all_files:
    input: ../../../data/hg19/K562/big_model_training/genome_chr12_0_binary.txt, ../../../data/hg19/K562/big_model_training/genome_chr12_1_binary.txt, ../../../data/hg19/K562/big_model_training/genome_chr12_2_binary.txt
    output: ../../../data/hg19/K562/big_model_training/genome_chr12_0_binary.txt.gz, ../../../data/hg19/K562/big_model_training/genome_chr12_1_binary.txt.gz, ../../../data/hg19/K562/big_model_training/genome_chr12_2_binary.txt.gz
    jobid: 12
    wildcards: chrom=12

[Thu Jun 24 01:44:57 2021]
Finished job 26.
19 of 47 steps (40%) done
Submitted job 12 with external jobid 'Submitted batch job 66890956'.

[Thu Jun 24 01:44:57 2021]
rule gzip_all_files:
    input: ../../../data/hg19/K562/big_model_training/genome_chr3_0_binary.txt, ../../../data/hg19/K562/big_model_training/genome_chr3_1_binary.txt, ../../../data/hg19/K562/big_model_training/genome_chr3_2_binary.txt
    output: ../../../data/hg19/K562/big_model_training/genome_chr3_0_binary.txt.gz, ../../../data/hg19/K562/big_model_training/genome_chr3_1_binary.txt.gz, ../../../data/hg19/K562/big_model_training/genome_chr3_2_binary.txt.gz
    jobid: 3
    wildcards: chrom=3

Submitted job 3 with external jobid 'Submitted batch job 66890957'.
[Thu Jun 24 01:44:58 2021]
Finished job 31.
20 of 47 steps (43%) done

[Thu Jun 24 01:44:58 2021]
rule gzip_all_files:
    input: ../../../data/hg19/K562/big_model_training/genome_chr8_0_binary.txt, ../../../data/hg19/K562/big_model_training/genome_chr8_1_binary.txt, ../../../data/hg19/K562/big_model_training/genome_chr8_2_binary.txt
    output: ../../../data/hg19/K562/big_model_training/genome_chr8_0_binary.txt.gz, ../../../data/hg19/K562/big_model_training/genome_chr8_1_binary.txt.gz, ../../../data/hg19/K562/big_model_training/genome_chr8_2_binary.txt.gz
    jobid: 8
    wildcards: chrom=8

[Thu Jun 24 01:44:58 2021]
Finished job 41.
21 of 47 steps (45%) done
Submitted job 8 with external jobid 'Submitted batch job 66890958'.

[Thu Jun 24 01:44:58 2021]
rule gzip_all_files:
    input: ../../../data/hg19/K562/big_model_training/genome_chr18_0_binary.txt, ../../../data/hg19/K562/big_model_training/genome_chr18_1_binary.txt, ../../../data/hg19/K562/big_model_training/genome_chr18_2_binary.txt
    output: ../../../data/hg19/K562/big_model_training/genome_chr18_0_binary.txt.gz, ../../../data/hg19/K562/big_model_training/genome_chr18_1_binary.txt.gz, ../../../data/hg19/K562/big_model_training/genome_chr18_2_binary.txt.gz
    jobid: 18
    wildcards: chrom=18

Submitted job 18 with external jobid 'Submitted batch job 66890959'.
[Thu Jun 24 01:45:10 2021]
Finished job 32.
22 of 47 steps (47%) done

[Thu Jun 24 01:45:10 2021]
rule gzip_all_files:
    input: ../../../data/hg19/K562/big_model_training/genome_chr9_0_binary.txt, ../../../data/hg19/K562/big_model_training/genome_chr9_1_binary.txt, ../../../data/hg19/K562/big_model_training/genome_chr9_2_binary.txt
    output: ../../../data/hg19/K562/big_model_training/genome_chr9_0_binary.txt.gz, ../../../data/hg19/K562/big_model_training/genome_chr9_1_binary.txt.gz, ../../../data/hg19/K562/big_model_training/genome_chr9_2_binary.txt.gz
    jobid: 9
    wildcards: chrom=9

Submitted job 9 with external jobid 'Submitted batch job 66890961'.
[Thu Jun 24 01:45:20 2021]
Finished job 4.
23 of 47 steps (49%) done
[Thu Jun 24 01:45:20 2021]
Finished job 12.
24 of 47 steps (51%) done
[Thu Jun 24 01:45:20 2021]
Finished job 3.
25 of 47 steps (53%) done
[Thu Jun 24 01:45:20 2021]
Finished job 23.
26 of 47 steps (55%) done
[Thu Jun 24 01:45:20 2021]
Finished job 17.
27 of 47 steps (57%) done
[Thu Jun 24 01:45:20 2021]
Finished job 11.
28 of 47 steps (60%) done
[Thu Jun 24 01:45:20 2021]
Finished job 19.
29 of 47 steps (62%) done
[Thu Jun 24 01:45:21 2021]
Finished job 20.
30 of 47 steps (64%) done
[Thu Jun 24 01:45:21 2021]
Finished job 14.
31 of 47 steps (66%) done
[Thu Jun 24 01:45:21 2021]
Finished job 15.
32 of 47 steps (68%) done
[Thu Jun 24 01:45:21 2021]
Finished job 13.
33 of 47 steps (70%) done
[Thu Jun 24 01:45:21 2021]
Finished job 16.
34 of 47 steps (72%) done
[Thu Jun 24 01:45:21 2021]
Finished job 10.
35 of 47 steps (74%) done
[Thu Jun 24 01:45:21 2021]
Finished job 6.
36 of 47 steps (77%) done
[Thu Jun 24 01:45:22 2021]
Finished job 7.
37 of 47 steps (79%) done
[Thu Jun 24 01:45:22 2021]
Finished job 22.
38 of 47 steps (81%) done
[Thu Jun 24 01:45:22 2021]
Finished job 28.
39 of 47 steps (83%) done

[Thu Jun 24 01:45:22 2021]
rule gzip_all_files:
    input: ../../../data/hg19/K562/big_model_training/genome_chr5_0_binary.txt, ../../../data/hg19/K562/big_model_training/genome_chr5_1_binary.txt, ../../../data/hg19/K562/big_model_training/genome_chr5_2_binary.txt
    output: ../../../data/hg19/K562/big_model_training/genome_chr5_0_binary.txt.gz, ../../../data/hg19/K562/big_model_training/genome_chr5_1_binary.txt.gz, ../../../data/hg19/K562/big_model_training/genome_chr5_2_binary.txt.gz
    jobid: 5
    wildcards: chrom=5

[Thu Jun 24 01:45:22 2021]
Finished job 25.
40 of 47 steps (85%) done
[Thu Jun 24 01:45:22 2021]
Finished job 8.
41 of 47 steps (87%) done
[Thu Jun 24 01:45:22 2021]
Finished job 18.
42 of 47 steps (89%) done
Submitted job 5 with external jobid 'Submitted batch job 66890963'.

[Thu Jun 24 01:45:23 2021]
rule gzip_all_files:
    input: ../../../data/hg19/K562/big_model_training/genome_chr2_0_binary.txt, ../../../data/hg19/K562/big_model_training/genome_chr2_1_binary.txt, ../../../data/hg19/K562/big_model_training/genome_chr2_2_binary.txt
    output: ../../../data/hg19/K562/big_model_training/genome_chr2_0_binary.txt.gz, ../../../data/hg19/K562/big_model_training/genome_chr2_1_binary.txt.gz, ../../../data/hg19/K562/big_model_training/genome_chr2_2_binary.txt.gz
    jobid: 2
    wildcards: chrom=2

Submitted job 2 with external jobid 'Submitted batch job 66890964'.
[Thu Jun 24 01:45:32 2021]
Finished job 9.
43 of 47 steps (91%) done
[Thu Jun 24 01:45:32 2021]
Finished job 1.
44 of 47 steps (94%) done
[Thu Jun 24 01:45:33 2021]
Finished job 5.
45 of 47 steps (96%) done
[Thu Jun 24 01:45:43 2021]
Finished job 2.
46 of 47 steps (98%) done

[Thu Jun 24 01:45:43 2021]
localrule all:
    input: ../../../data/hg19/K562/big_model_training/genome_chr1_0_binary.txt.gz, ../../../data/hg19/K562/big_model_training/genome_chr1_1_binary.txt.gz, ../../../data/hg19/K562/big_model_training/genome_chr1_2_binary.txt.gz, ../../../data/hg19/K562/big_model_training/genome_chr2_0_binary.txt.gz, ../../../data/hg19/K562/big_model_training/genome_chr2_1_binary.txt.gz, ../../../data/hg19/K562/big_model_training/genome_chr2_2_binary.txt.gz, ../../../data/hg19/K562/big_model_training/genome_chr3_0_binary.txt.gz, ../../../data/hg19/K562/big_model_training/genome_chr3_1_binary.txt.gz, ../../../data/hg19/K562/big_model_training/genome_chr3_2_binary.txt.gz, ../../../data/hg19/K562/big_model_training/genome_chr4_0_binary.txt.gz, ../../../data/hg19/K562/big_model_training/genome_chr4_1_binary.txt.gz, ../../../data/hg19/K562/big_model_training/genome_chr4_2_binary.txt.gz, ../../../data/hg19/K562/big_model_training/genome_chr5_0_binary.txt.gz, ../../../data/hg19/K562/big_model_training/genome_chr5_1_binary.txt.gz, ../../../data/hg19/K562/big_model_training/genome_chr5_2_binary.txt.gz, ../../../data/hg19/K562/big_model_training/genome_chr6_0_binary.txt.gz, ../../../data/hg19/K562/big_model_training/genome_chr6_1_binary.txt.gz, ../../../data/hg19/K562/big_model_training/genome_chr6_2_binary.txt.gz, ../../../data/hg19/K562/big_model_training/genome_chr7_0_binary.txt.gz, ../../../data/hg19/K562/big_model_training/genome_chr7_1_binary.txt.gz, ../../../data/hg19/K562/big_model_training/genome_chr7_2_binary.txt.gz, ../../../data/hg19/K562/big_model_training/genome_chr8_0_binary.txt.gz, ../../../data/hg19/K562/big_model_training/genome_chr8_1_binary.txt.gz, ../../../data/hg19/K562/big_model_training/genome_chr8_2_binary.txt.gz, ../../../data/hg19/K562/big_model_training/genome_chr9_0_binary.txt.gz, ../../../data/hg19/K562/big_model_training/genome_chr9_1_binary.txt.gz, ../../../data/hg19/K562/big_model_training/genome_chr9_2_binary.txt.gz, ../../../data/hg19/K562/big_model_training/genome_chr10_0_binary.txt.gz, ../../../data/hg19/K562/big_model_training/genome_chr10_1_binary.txt.gz, ../../../data/hg19/K562/big_model_training/genome_chr10_2_binary.txt.gz, ../../../data/hg19/K562/big_model_training/genome_chr11_0_binary.txt.gz, ../../../data/hg19/K562/big_model_training/genome_chr11_1_binary.txt.gz, ../../../data/hg19/K562/big_model_training/genome_chr11_2_binary.txt.gz, ../../../data/hg19/K562/big_model_training/genome_chr12_0_binary.txt.gz, ../../../data/hg19/K562/big_model_training/genome_chr12_1_binary.txt.gz, ../../../data/hg19/K562/big_model_training/genome_chr12_2_binary.txt.gz, ../../../data/hg19/K562/big_model_training/genome_chr13_0_binary.txt.gz, ../../../data/hg19/K562/big_model_training/genome_chr13_1_binary.txt.gz, ../../../data/hg19/K562/big_model_training/genome_chr13_2_binary.txt.gz, ../../../data/hg19/K562/big_model_training/genome_chr14_0_binary.txt.gz, ../../../data/hg19/K562/big_model_training/genome_chr14_1_binary.txt.gz, ../../../data/hg19/K562/big_model_training/genome_chr14_2_binary.txt.gz, ../../../data/hg19/K562/big_model_training/genome_chr15_0_binary.txt.gz, ../../../data/hg19/K562/big_model_training/genome_chr15_1_binary.txt.gz, ../../../data/hg19/K562/big_model_training/genome_chr15_2_binary.txt.gz, ../../../data/hg19/K562/big_model_training/genome_chr16_0_binary.txt.gz, ../../../data/hg19/K562/big_model_training/genome_chr16_1_binary.txt.gz, ../../../data/hg19/K562/big_model_training/genome_chr16_2_binary.txt.gz, ../../../data/hg19/K562/big_model_training/genome_chr17_0_binary.txt.gz, ../../../data/hg19/K562/big_model_training/genome_chr17_1_binary.txt.gz, ../../../data/hg19/K562/big_model_training/genome_chr17_2_binary.txt.gz, ../../../data/hg19/K562/big_model_training/genome_chr18_0_binary.txt.gz, ../../../data/hg19/K562/big_model_training/genome_chr18_1_binary.txt.gz, ../../../data/hg19/K562/big_model_training/genome_chr18_2_binary.txt.gz, ../../../data/hg19/K562/big_model_training/genome_chr19_0_binary.txt.gz, ../../../data/hg19/K562/big_model_training/genome_chr19_1_binary.txt.gz, ../../../data/hg19/K562/big_model_training/genome_chr19_2_binary.txt.gz, ../../../data/hg19/K562/big_model_training/genome_chr20_0_binary.txt.gz, ../../../data/hg19/K562/big_model_training/genome_chr20_1_binary.txt.gz, ../../../data/hg19/K562/big_model_training/genome_chr20_2_binary.txt.gz, ../../../data/hg19/K562/big_model_training/genome_chr21_0_binary.txt.gz, ../../../data/hg19/K562/big_model_training/genome_chr21_1_binary.txt.gz, ../../../data/hg19/K562/big_model_training/genome_chr21_2_binary.txt.gz, ../../../data/hg19/K562/big_model_training/genome_chr22_0_binary.txt.gz, ../../../data/hg19/K562/big_model_training/genome_chr22_1_binary.txt.gz, ../../../data/hg19/K562/big_model_training/genome_chr22_2_binary.txt.gz, ../../../data/hg19/K562/big_model_training/genome_chrX_0_binary.txt.gz, ../../../data/hg19/K562/big_model_training/genome_chrX_1_binary.txt.gz, ../../../data/hg19/K562/big_model_training/genome_chrX_2_binary.txt.gz
    jobid: 0

[Thu Jun 24 01:45:43 2021]
Finished job 0.
47 of 47 steps (100%) done
Complete log: /gstore/home/vuh6/source/chromHMM_training/train_big_model/.snakemake/log/2021-06-24T014355.027893.snakemake.log
