Building DAG of jobs...
MissingInputException in line 110 of /gstore/home/vuh6/source/chromHMM_training/train_big_model/learn_model.snakefile:
Missing input files for rule learn_model:
../../../data/hg19/K562/big_model_training/genome_chr10_1_binary.txt.gz
../../../data/hg19/K562/big_model_training/genome_chr18_1_binary.txt.gz
../../../data/hg19/K562/big_model_training/genome_chr4_2_binary.txt.gz
../../../data/hg19/K562/big_model_training/genome_chrX_1_binary.txt.gz
../../../data/hg19/K562/big_model_training/genome_chr8_1_binary.txt.gz
../../../data/hg19/K562/big_model_training/genome_chr10_0_binary.txt.gz
../../../data/hg19/K562/big_model_training/genome_chr3_0_binary.txt.gz
../../../data/hg19/K562/big_model_training/genome_chr13_2_binary.txt.gz
../../../data/hg19/K562/big_model_training/genome_chr20_0_binary.txt.gz
../../../data/hg19/K562/big_model_training/genome_chr12_1_binary.txt.gz
../../../data/hg19/K562/big_model_training/genome_chr2_0_binary.txt.gz
../../../data/hg19/K562/big_model_training/genome_chr19_1_binary.txt.gz
../../../data/hg19/K562/big_model_training/genome_chr14_1_binary.txt.gz
../../../data/hg19/K562/big_model_training/genome_chr22_1_binary.txt.gz
../../../data/hg19/K562/big_model_training/genome_chr21_1_binary.txt.gz
../../../data/hg19/K562/big_model_training/genome_chr2_2_binary.txt.gz
../../../data/hg19/K562/big_model_training/genome_chr5_0_binary.txt.gz
../../../data/hg19/K562/big_model_training/genome_chr17_1_binary.txt.gz
../../../data/hg19/K562/big_model_training/genome_chr19_0_binary.txt.gz
../../../data/hg19/K562/big_model_training/genome_chr8_2_binary.txt.gz
../../../data/hg19/K562/big_model_training/genome_chr11_2_binary.txt.gz
../../../data/hg19/K562/big_model_training/genome_chr17_2_binary.txt.gz
../../../data/hg19/K562/big_model_training/genome_chr22_0_binary.txt.gz
../../../data/hg19/K562/big_model_training/genome_chr6_2_binary.txt.gz
../../../data/hg19/K562/big_model_training/genome_chr20_1_binary.txt.gz
../../../data/hg19/K562/big_model_training/genome_chr13_0_binary.txt.gz
../../../data/hg19/K562/big_model_training/genome_chrX_2_binary.txt.gz
../../../data/hg19/K562/big_model_training/genome_chr10_2_binary.txt.gz
../../../data/hg19/K562/big_model_training/genome_chr14_0_binary.txt.gz
../../../data/hg19/K562/big_model_training/genome_chr6_0_binary.txt.gz
../../../data/hg19/K562/big_model_training/genome_chr5_1_binary.txt.gz
../../../data/hg19/K562/big_model_training/genome_chr17_0_binary.txt.gz
../../../data/hg19/K562/big_model_training/genome_chr4_0_binary.txt.gz
../../../data/hg19/K562/big_model_training/genome_chr13_1_binary.txt.gz
../../../data/hg19/K562/big_model_training/genome_chr15_1_binary.txt.gz
../../../data/hg19/K562/big_model_training/genome_chr1_0_binary.txt.gz
../../../data/hg19/K562/big_model_training/genome_chr19_2_binary.txt.gz
../../../data/hg19/K562/big_model_training/genome_chr6_1_binary.txt.gz
../../../data/hg19/K562/big_model_training/genome_chr16_1_binary.txt.gz
../../../data/hg19/K562/big_model_training/genome_chr22_2_binary.txt.gz
../../../data/hg19/K562/big_model_training/genome_chr9_1_binary.txt.gz
../../../data/hg19/K562/big_model_training/genome_chr14_2_binary.txt.gz
../../../data/hg19/K562/big_model_training/genome_chr18_0_binary.txt.gz
../../../data/hg19/K562/big_model_training/genome_chr7_0_binary.txt.gz
../../../data/hg19/K562/big_model_training/genome_chr7_1_binary.txt.gz
../../../data/hg19/K562/big_model_training/genome_chr21_2_binary.txt.gz
../../../data/hg19/K562/big_model_training/genome_chr1_2_binary.txt.gz
../../../data/hg19/K562/big_model_training/genome_chr9_0_binary.txt.gz
../../../data/hg19/K562/big_model_training/genome_chr3_2_binary.txt.gz
../../../data/hg19/K562/big_model_training/genome_chr16_0_binary.txt.gz
../../../data/hg19/K562/big_model_training/genome_chr15_0_binary.txt.gz
../../../data/hg19/K562/big_model_training/genome_chr16_2_binary.txt.gz
../../../data/hg19/K562/big_model_training/genome_chr12_0_binary.txt.gz
../../../data/hg19/K562/big_model_training/genome_chr20_2_binary.txt.gz
../../../data/hg19/K562/big_model_training/genome_chr4_1_binary.txt.gz
../../../data/hg19/K562/big_model_training/genome_chr2_1_binary.txt.gz
../../../data/hg19/K562/big_model_training/genome_chr12_2_binary.txt.gz
../../../data/hg19/K562/big_model_training/genome_chr15_2_binary.txt.gz
../../../data/hg19/K562/big_model_training/genome_chr18_2_binary.txt.gz
../../../data/hg19/K562/big_model_training/genome_chr5_2_binary.txt.gz
../../../data/hg19/K562/big_model_training/genome_chrX_0_binary.txt.gz
../../../data/hg19/K562/big_model_training/genome_chr11_1_binary.txt.gz
../../../data/hg19/K562/big_model_training/genome_chr7_2_binary.txt.gz
../../../data/hg19/K562/big_model_training/genome_chr9_2_binary.txt.gz
../../../data/hg19/K562/big_model_training/genome_chr21_0_binary.txt.gz
../../../data/hg19/K562/big_model_training/genome_chr1_1_binary.txt.gz
../../../data/hg19/K562/big_model_training/genome_chr11_0_binary.txt.gz
../../../data/hg19/K562/big_model_training/genome_chr8_0_binary.txt.gz
../../../data/hg19/K562/big_model_training/genome_chr3_1_binary.txt.gz
