Building DAG of jobs...
Job counts:
	count	jobs
	1	all
	13	eval_subset
	14

[Thu Jun 24 12:26:30 2021]
rule eval_subset:
    input: ../../../model_analysis/K562_hg19/new_model/model_25.txt, ../../../data/hg19/K562/big_model_training/genome_chr1.0_binary.txt.gz, ../../../data/hg19/K562/big_model_training/genome_chr1.1_binary.txt.gz, ../../../data/hg19/K562/big_model_training/genome_chr1.2_binary.txt.gz, ../../../data/hg19/K562/big_model_training/genome_chr2.0_binary.txt.gz, ../../../data/hg19/K562/big_model_training/genome_chr2.1_binary.txt.gz, ../../../data/hg19/K562/big_model_training/genome_chr2.2_binary.txt.gz, ../../../data/hg19/K562/big_model_training/genome_chr3.0_binary.txt.gz, ../../../data/hg19/K562/big_model_training/genome_chr3.1_binary.txt.gz, ../../../data/hg19/K562/big_model_training/genome_chr3.2_binary.txt.gz, ../../../data/hg19/K562/big_model_training/genome_chr4.0_binary.txt.gz, ../../../data/hg19/K562/big_model_training/genome_chr4.1_binary.txt.gz, ../../../data/hg19/K562/big_model_training/genome_chr4.2_binary.txt.gz, ../../../data/hg19/K562/big_model_training/genome_chr5.0_binary.txt.gz, ../../../data/hg19/K562/big_model_training/genome_chr5.1_binary.txt.gz, ../../../data/hg19/K562/big_model_training/genome_chr5.2_binary.txt.gz, ../../../data/hg19/K562/big_model_training/genome_chr6.0_binary.txt.gz, ../../../data/hg19/K562/big_model_training/genome_chr6.1_binary.txt.gz, ../../../data/hg19/K562/big_model_training/genome_chr6.2_binary.txt.gz, ../../../data/hg19/K562/big_model_training/genome_chr7.0_binary.txt.gz, ../../../data/hg19/K562/big_model_training/genome_chr7.1_binary.txt.gz, ../../../data/hg19/K562/big_model_training/genome_chr7.2_binary.txt.gz, ../../../data/hg19/K562/big_model_training/genome_chr8.0_binary.txt.gz, ../../../data/hg19/K562/big_model_training/genome_chr8.1_binary.txt.gz, ../../../data/hg19/K562/big_model_training/genome_chr8.2_binary.txt.gz, ../../../data/hg19/K562/big_model_training/genome_chr9.0_binary.txt.gz, ../../../data/hg19/K562/big_model_training/genome_chr9.1_binary.txt.gz, ../../../data/hg19/K562/big_model_training/genome_chr9.2_binary.txt.gz, ../../../data/hg19/K562/big_model_training/genome_chr10.0_binary.txt.gz, ../../../data/hg19/K562/big_model_training/genome_chr10.1_binary.txt.gz, ../../../data/hg19/K562/big_model_training/genome_chr10.2_binary.txt.gz, ../../../data/hg19/K562/big_model_training/genome_chr11.0_binary.txt.gz, ../../../data/hg19/K562/big_model_training/genome_chr11.1_binary.txt.gz, ../../../data/hg19/K562/big_model_training/genome_chr11.2_binary.txt.gz, ../../../data/hg19/K562/big_model_training/genome_chr12.0_binary.txt.gz, ../../../data/hg19/K562/big_model_training/genome_chr12.1_binary.txt.gz, ../../../data/hg19/K562/big_model_training/genome_chr12.2_binary.txt.gz, ../../../data/hg19/K562/big_model_training/genome_chr13.0_binary.txt.gz, ../../../data/hg19/K562/big_model_training/genome_chr13.1_binary.txt.gz, ../../../data/hg19/K562/big_model_training/genome_chr13.2_binary.txt.gz, ../../../data/hg19/K562/big_model_training/genome_chr14.0_binary.txt.gz, ../../../data/hg19/K562/big_model_training/genome_chr14.1_binary.txt.gz, ../../../data/hg19/K562/big_model_training/genome_chr14.2_binary.txt.gz, ../../../data/hg19/K562/big_model_training/genome_chr15.0_binary.txt.gz, ../../../data/hg19/K562/big_model_training/genome_chr15.1_binary.txt.gz, ../../../data/hg19/K562/big_model_training/genome_chr15.2_binary.txt.gz, ../../../data/hg19/K562/big_model_training/genome_chr16.0_binary.txt.gz, ../../../data/hg19/K562/big_model_training/genome_chr16.1_binary.txt.gz, ../../../data/hg19/K562/big_model_training/genome_chr16.2_binary.txt.gz, ../../../data/hg19/K562/big_model_training/genome_chr17.0_binary.txt.gz, ../../../data/hg19/K562/big_model_training/genome_chr17.1_binary.txt.gz, ../../../data/hg19/K562/big_model_training/genome_chr17.2_binary.txt.gz, ../../../data/hg19/K562/big_model_training/genome_chr18.0_binary.txt.gz, ../../../data/hg19/K562/big_model_training/genome_chr18.1_binary.txt.gz, ../../../data/hg19/K562/big_model_training/genome_chr18.2_binary.txt.gz, ../../../data/hg19/K562/big_model_training/genome_chr19.0_binary.txt.gz, ../../../data/hg19/K562/big_model_training/genome_chr19.1_binary.txt.gz, ../../../data/hg19/K562/big_model_training/genome_chr19.2_binary.txt.gz, ../../../data/hg19/K562/big_model_training/genome_chr20.0_binary.txt.gz, ../../../data/hg19/K562/big_model_training/genome_chr20.1_binary.txt.gz, ../../../data/hg19/K562/big_model_training/genome_chr20.2_binary.txt.gz, ../../../data/hg19/K562/big_model_training/genome_chr21.0_binary.txt.gz, ../../../data/hg19/K562/big_model_training/genome_chr21.1_binary.txt.gz, ../../../data/hg19/K562/big_model_training/genome_chr21.2_binary.txt.gz, ../../../data/hg19/K562/big_model_training/genome_chr22.0_binary.txt.gz, ../../../data/hg19/K562/big_model_training/genome_chr22.1_binary.txt.gz, ../../../data/hg19/K562/big_model_training/genome_chr22.2_binary.txt.gz, ../../../data/hg19/K562/big_model_training/genome_chrX.0_binary.txt.gz, ../../../data/hg19/K562/big_model_training/genome_chrX.1_binary.txt.gz, ../../../data/hg19/K562/big_model_training/genome_chrX.2_binary.txt.gz
    output: ../../../model_analysis/K562_hg19/new_model/eval_subset/missing_H3K4me3.txt
    jobid: 8
    wildcards: mark=H3K4me3

InputFunctionException in line 144 of /gstore/home/vuh6/source/chromHMM_training/train_big_model/learn_model.snakefile:
Error:
  TypeError: 'str' object does not support item assignment
Wildcards:
  mark=H3K4me3
Traceback:
  File "/gstore/home/vuh6/source/chromHMM_training/train_big_model/learn_model.snakefile", line 141, in helper_evalSubset_marks_to_include
  File "/gstore/apps/snakemake/5.22.0-foss-2017a-Python-3.6.3/lib/python3.6/site-packages/snakemake/executors/__init__.py", line 115, in run_jobs
  File "/gstore/apps/snakemake/5.22.0-foss-2017a-Python-3.6.3/lib/python3.6/site-packages/snakemake/executors/__init__.py", line 120, in run
  File "/gstore/apps/snakemake/5.22.0-foss-2017a-Python-3.6.3/lib/python3.6/site-packages/snakemake/executors/__init__.py", line 131, in _run
  File "/gstore/apps/snakemake/5.22.0-foss-2017a-Python-3.6.3/lib/python3.6/site-packages/snakemake/executors/__init__.py", line 151, in printjob
  File "/gstore/apps/snakemake/5.22.0-foss-2017a-Python-3.6.3/lib/python3.6/site-packages/snakemake/executors/__init__.py", line 137, in printjob
