Building DAG of jobs...
Job counts:
	count	jobs
	1	all
	23	binarize_multiple_bigwigAverageOverBed_output
	23	gzip_all_files
	47

[Thu Jul  1 17:54:14 2021]
rule binarize_multiple_bigwigAverageOverBed_output:
    input: ../../../data/hg19/K562/roadmap_pval_signals/DNase_chr1.tab, ../../../data/hg19/K562/roadmap_pval_signals/H3K27ac_chr1.tab, ../../../data/hg19/K562/roadmap_pval_signals/H3K4me3_chr1.tab, ../../../data/hg19/K562/roadmap_pval_signals/H3K9me3_chr1.tab
    output: ../../../data/hg19/K562/three_mark_model_training/train/genome_chr1.0_binary.txt, ../../../data/hg19/K562/three_mark_model_training/train/genome_chr1.1_binary.txt, ../../../data/hg19/K562/three_mark_model_training/train/genome_chr1.2_binary.txt
    jobid: 24
    wildcards: train_or_test=train, chrom=1

[Thu Jul  1 17:54:14 2021]
rule binarize_multiple_bigwigAverageOverBed_output:
    input: ../../../data/hg19/K562/roadmap_pval_signals/DNase_chr11.tab, ../../../data/hg19/K562/roadmap_pval_signals/H3K27ac_chr11.tab, ../../../data/hg19/K562/roadmap_pval_signals/H3K4me3_chr11.tab, ../../../data/hg19/K562/roadmap_pval_signals/H3K9me3_chr11.tab
    output: ../../../data/hg19/K562/three_mark_model_training/train/genome_chr11.0_binary.txt, ../../../data/hg19/K562/three_mark_model_training/train/genome_chr11.1_binary.txt, ../../../data/hg19/K562/three_mark_model_training/train/genome_chr11.2_binary.txt
    jobid: 29
    wildcards: train_or_test=train, chrom=11

[Thu Jul  1 17:54:14 2021]
rule binarize_multiple_bigwigAverageOverBed_output:
    input: ../../../data/hg19/K562/roadmap_pval_signals/DNase_chr21.tab, ../../../data/hg19/K562/roadmap_pval_signals/H3K27ac_chr21.tab, ../../../data/hg19/K562/roadmap_pval_signals/H3K4me3_chr21.tab, ../../../data/hg19/K562/roadmap_pval_signals/H3K9me3_chr21.tab
    output: ../../../data/hg19/K562/three_mark_model_training/train/genome_chr21.0_binary.txt, ../../../data/hg19/K562/three_mark_model_training/train/genome_chr21.1_binary.txt, ../../../data/hg19/K562/three_mark_model_training/train/genome_chr21.2_binary.txt
    jobid: 34
    wildcards: train_or_test=train, chrom=21

[Thu Jul  1 17:54:14 2021]
rule binarize_multiple_bigwigAverageOverBed_output:
    input: ../../../data/hg19/K562/roadmap_pval_signals/DNase_chr8.tab, ../../../data/hg19/K562/roadmap_pval_signals/H3K27ac_chr8.tab, ../../../data/hg19/K562/roadmap_pval_signals/H3K4me3_chr8.tab, ../../../data/hg19/K562/roadmap_pval_signals/H3K9me3_chr8.tab
    output: ../../../data/hg19/K562/three_mark_model_training/test/genome_chr8.0_binary.txt, ../../../data/hg19/K562/three_mark_model_training/test/genome_chr8.1_binary.txt, ../../../data/hg19/K562/three_mark_model_training/test/genome_chr8.2_binary.txt
    jobid: 39
    wildcards: train_or_test=test, chrom=8

[Thu Jul  1 17:54:14 2021]
rule binarize_multiple_bigwigAverageOverBed_output:
    input: ../../../data/hg19/K562/roadmap_pval_signals/DNase_chr18.tab, ../../../data/hg19/K562/roadmap_pval_signals/H3K27ac_chr18.tab, ../../../data/hg19/K562/roadmap_pval_signals/H3K4me3_chr18.tab, ../../../data/hg19/K562/roadmap_pval_signals/H3K9me3_chr18.tab
    output: ../../../data/hg19/K562/three_mark_model_training/test/genome_chr18.0_binary.txt, ../../../data/hg19/K562/three_mark_model_training/test/genome_chr18.1_binary.txt, ../../../data/hg19/K562/three_mark_model_training/test/genome_chr18.2_binary.txt
    jobid: 44
    wildcards: train_or_test=test, chrom=18

[Thu Jul  1 17:54:14 2021]
rule binarize_multiple_bigwigAverageOverBed_output:
    input: ../../../data/hg19/K562/roadmap_pval_signals/DNase_chr19.tab, ../../../data/hg19/K562/roadmap_pval_signals/H3K27ac_chr19.tab, ../../../data/hg19/K562/roadmap_pval_signals/H3K4me3_chr19.tab, ../../../data/hg19/K562/roadmap_pval_signals/H3K9me3_chr19.tab
    output: ../../../data/hg19/K562/three_mark_model_training/train/genome_chr19.0_binary.txt, ../../../data/hg19/K562/three_mark_model_training/train/genome_chr19.1_binary.txt, ../../../data/hg19/K562/three_mark_model_training/train/genome_chr19.2_binary.txt
    jobid: 33
    wildcards: train_or_test=train, chrom=19

[Thu Jul  1 17:54:14 2021]
rule binarize_multiple_bigwigAverageOverBed_output:
    input: ../../../data/hg19/K562/roadmap_pval_signals/DNase_chr6.tab, ../../../data/hg19/K562/roadmap_pval_signals/H3K27ac_chr6.tab, ../../../data/hg19/K562/roadmap_pval_signals/H3K4me3_chr6.tab, ../../../data/hg19/K562/roadmap_pval_signals/H3K9me3_chr6.tab
    output: ../../../data/hg19/K562/three_mark_model_training/test/genome_chr6.0_binary.txt, ../../../data/hg19/K562/three_mark_model_training/test/genome_chr6.1_binary.txt, ../../../data/hg19/K562/three_mark_model_training/test/genome_chr6.2_binary.txt
    jobid: 38
    wildcards: train_or_test=test, chrom=6

[Thu Jul  1 17:54:14 2021]
rule binarize_multiple_bigwigAverageOverBed_output:
    input: ../../../data/hg19/K562/roadmap_pval_signals/DNase_chr16.tab, ../../../data/hg19/K562/roadmap_pval_signals/H3K27ac_chr16.tab, ../../../data/hg19/K562/roadmap_pval_signals/H3K4me3_chr16.tab, ../../../data/hg19/K562/roadmap_pval_signals/H3K9me3_chr16.tab
    output: ../../../data/hg19/K562/three_mark_model_training/test/genome_chr16.0_binary.txt, ../../../data/hg19/K562/three_mark_model_training/test/genome_chr16.1_binary.txt, ../../../data/hg19/K562/three_mark_model_training/test/genome_chr16.2_binary.txt
    jobid: 43
    wildcards: train_or_test=test, chrom=16

[Thu Jul  1 17:54:14 2021]
rule binarize_multiple_bigwigAverageOverBed_output:
    input: ../../../data/hg19/K562/roadmap_pval_signals/DNase_chr9.tab, ../../../data/hg19/K562/roadmap_pval_signals/H3K27ac_chr9.tab, ../../../data/hg19/K562/roadmap_pval_signals/H3K4me3_chr9.tab, ../../../data/hg19/K562/roadmap_pval_signals/H3K9me3_chr9.tab
    output: ../../../data/hg19/K562/three_mark_model_training/train/genome_chr9.0_binary.txt, ../../../data/hg19/K562/three_mark_model_training/train/genome_chr9.1_binary.txt, ../../../data/hg19/K562/three_mark_model_training/train/genome_chr9.2_binary.txt
    jobid: 28
    wildcards: train_or_test=train, chrom=9

[Thu Jul  1 17:54:14 2021]
rule binarize_multiple_bigwigAverageOverBed_output:
    input: ../../../data/hg19/K562/roadmap_pval_signals/DNase_chr7.tab, ../../../data/hg19/K562/roadmap_pval_signals/H3K27ac_chr7.tab, ../../../data/hg19/K562/roadmap_pval_signals/H3K4me3_chr7.tab, ../../../data/hg19/K562/roadmap_pval_signals/H3K9me3_chr7.tab
    output: ../../../data/hg19/K562/three_mark_model_training/train/genome_chr7.0_binary.txt, ../../../data/hg19/K562/three_mark_model_training/train/genome_chr7.1_binary.txt, ../../../data/hg19/K562/three_mark_model_training/train/genome_chr7.2_binary.txt
    jobid: 27
    wildcards: train_or_test=train, chrom=7

[Thu Jul  1 17:54:14 2021]
rule binarize_multiple_bigwigAverageOverBed_output:
    input: ../../../data/hg19/K562/roadmap_pval_signals/DNase_chr17.tab, ../../../data/hg19/K562/roadmap_pval_signals/H3K27ac_chr17.tab, ../../../data/hg19/K562/roadmap_pval_signals/H3K4me3_chr17.tab, ../../../data/hg19/K562/roadmap_pval_signals/H3K9me3_chr17.tab
    output: ../../../data/hg19/K562/three_mark_model_training/train/genome_chr17.0_binary.txt, ../../../data/hg19/K562/three_mark_model_training/train/genome_chr17.1_binary.txt, ../../../data/hg19/K562/three_mark_model_training/train/genome_chr17.2_binary.txt
    jobid: 32
    wildcards: train_or_test=train, chrom=17

[Thu Jul  1 17:54:14 2021]
rule binarize_multiple_bigwigAverageOverBed_output:
    input: ../../../data/hg19/K562/roadmap_pval_signals/DNase_chr4.tab, ../../../data/hg19/K562/roadmap_pval_signals/H3K27ac_chr4.tab, ../../../data/hg19/K562/roadmap_pval_signals/H3K4me3_chr4.tab, ../../../data/hg19/K562/roadmap_pval_signals/H3K9me3_chr4.tab
    output: ../../../data/hg19/K562/three_mark_model_training/test/genome_chr4.0_binary.txt, ../../../data/hg19/K562/three_mark_model_training/test/genome_chr4.1_binary.txt, ../../../data/hg19/K562/three_mark_model_training/test/genome_chr4.2_binary.txt
    jobid: 37
    wildcards: train_or_test=test, chrom=4

[Thu Jul  1 17:54:14 2021]
rule binarize_multiple_bigwigAverageOverBed_output:
    input: ../../../data/hg19/K562/roadmap_pval_signals/DNase_chr14.tab, ../../../data/hg19/K562/roadmap_pval_signals/H3K27ac_chr14.tab, ../../../data/hg19/K562/roadmap_pval_signals/H3K4me3_chr14.tab, ../../../data/hg19/K562/roadmap_pval_signals/H3K9me3_chr14.tab
    output: ../../../data/hg19/K562/three_mark_model_training/test/genome_chr14.0_binary.txt, ../../../data/hg19/K562/three_mark_model_training/test/genome_chr14.1_binary.txt, ../../../data/hg19/K562/three_mark_model_training/test/genome_chr14.2_binary.txt
    jobid: 42
    wildcards: train_or_test=test, chrom=14

[Thu Jul  1 17:54:14 2021]
rule binarize_multiple_bigwigAverageOverBed_output:
    input: ../../../data/hg19/K562/roadmap_pval_signals/DNase_chr5.tab, ../../../data/hg19/K562/roadmap_pval_signals/H3K27ac_chr5.tab, ../../../data/hg19/K562/roadmap_pval_signals/H3K4me3_chr5.tab, ../../../data/hg19/K562/roadmap_pval_signals/H3K9me3_chr5.tab
    output: ../../../data/hg19/K562/three_mark_model_training/train/genome_chr5.0_binary.txt, ../../../data/hg19/K562/three_mark_model_training/train/genome_chr5.1_binary.txt, ../../../data/hg19/K562/three_mark_model_training/train/genome_chr5.2_binary.txt
    jobid: 26
    wildcards: train_or_test=train, chrom=5

[Thu Jul  1 17:54:14 2021]
rule binarize_multiple_bigwigAverageOverBed_output:
    input: ../../../data/hg19/K562/roadmap_pval_signals/DNase_chr15.tab, ../../../data/hg19/K562/roadmap_pval_signals/H3K27ac_chr15.tab, ../../../data/hg19/K562/roadmap_pval_signals/H3K4me3_chr15.tab, ../../../data/hg19/K562/roadmap_pval_signals/H3K9me3_chr15.tab
    output: ../../../data/hg19/K562/three_mark_model_training/train/genome_chr15.0_binary.txt, ../../../data/hg19/K562/three_mark_model_training/train/genome_chr15.1_binary.txt, ../../../data/hg19/K562/three_mark_model_training/train/genome_chr15.2_binary.txt
    jobid: 31
    wildcards: train_or_test=train, chrom=15

[Thu Jul  1 17:54:14 2021]
rule binarize_multiple_bigwigAverageOverBed_output:
    input: ../../../data/hg19/K562/roadmap_pval_signals/DNase_chr2.tab, ../../../data/hg19/K562/roadmap_pval_signals/H3K27ac_chr2.tab, ../../../data/hg19/K562/roadmap_pval_signals/H3K4me3_chr2.tab, ../../../data/hg19/K562/roadmap_pval_signals/H3K9me3_chr2.tab
    output: ../../../data/hg19/K562/three_mark_model_training/test/genome_chr2.0_binary.txt, ../../../data/hg19/K562/three_mark_model_training/test/genome_chr2.1_binary.txt, ../../../data/hg19/K562/three_mark_model_training/test/genome_chr2.2_binary.txt
    jobid: 36
    wildcards: train_or_test=test, chrom=2

[Thu Jul  1 17:54:14 2021]
rule binarize_multiple_bigwigAverageOverBed_output:
    input: ../../../data/hg19/K562/roadmap_pval_signals/DNase_chr12.tab, ../../../data/hg19/K562/roadmap_pval_signals/H3K27ac_chr12.tab, ../../../data/hg19/K562/roadmap_pval_signals/H3K4me3_chr12.tab, ../../../data/hg19/K562/roadmap_pval_signals/H3K9me3_chr12.tab
    output: ../../../data/hg19/K562/three_mark_model_training/test/genome_chr12.0_binary.txt, ../../../data/hg19/K562/three_mark_model_training/test/genome_chr12.1_binary.txt, ../../../data/hg19/K562/three_mark_model_training/test/genome_chr12.2_binary.txt
    jobid: 41
    wildcards: train_or_test=test, chrom=12

[Thu Jul  1 17:54:14 2021]
rule binarize_multiple_bigwigAverageOverBed_output:
    input: ../../../data/hg19/K562/roadmap_pval_signals/DNase_chr22.tab, ../../../data/hg19/K562/roadmap_pval_signals/H3K27ac_chr22.tab, ../../../data/hg19/K562/roadmap_pval_signals/H3K4me3_chr22.tab, ../../../data/hg19/K562/roadmap_pval_signals/H3K9me3_chr22.tab
    output: ../../../data/hg19/K562/three_mark_model_training/test/genome_chr22.0_binary.txt, ../../../data/hg19/K562/three_mark_model_training/test/genome_chr22.1_binary.txt, ../../../data/hg19/K562/three_mark_model_training/test/genome_chr22.2_binary.txt
    jobid: 46
    wildcards: train_or_test=test, chrom=22

[Thu Jul  1 17:54:14 2021]
rule binarize_multiple_bigwigAverageOverBed_output:
    input: ../../../data/hg19/K562/roadmap_pval_signals/DNase_chr3.tab, ../../../data/hg19/K562/roadmap_pval_signals/H3K27ac_chr3.tab, ../../../data/hg19/K562/roadmap_pval_signals/H3K4me3_chr3.tab, ../../../data/hg19/K562/roadmap_pval_signals/H3K9me3_chr3.tab
    output: ../../../data/hg19/K562/three_mark_model_training/train/genome_chr3.0_binary.txt, ../../../data/hg19/K562/three_mark_model_training/train/genome_chr3.1_binary.txt, ../../../data/hg19/K562/three_mark_model_training/train/genome_chr3.2_binary.txt
    jobid: 25
    wildcards: train_or_test=train, chrom=3

[Thu Jul  1 17:54:14 2021]
rule binarize_multiple_bigwigAverageOverBed_output:
    input: ../../../data/hg19/K562/roadmap_pval_signals/DNase_chr13.tab, ../../../data/hg19/K562/roadmap_pval_signals/H3K27ac_chr13.tab, ../../../data/hg19/K562/roadmap_pval_signals/H3K4me3_chr13.tab, ../../../data/hg19/K562/roadmap_pval_signals/H3K9me3_chr13.tab
    output: ../../../data/hg19/K562/three_mark_model_training/train/genome_chr13.0_binary.txt, ../../../data/hg19/K562/three_mark_model_training/train/genome_chr13.1_binary.txt, ../../../data/hg19/K562/three_mark_model_training/train/genome_chr13.2_binary.txt
    jobid: 30
    wildcards: train_or_test=train, chrom=13

[Thu Jul  1 17:54:14 2021]
rule binarize_multiple_bigwigAverageOverBed_output:
    input: ../../../data/hg19/K562/roadmap_pval_signals/DNase_chrX.tab, ../../../data/hg19/K562/roadmap_pval_signals/H3K27ac_chrX.tab, ../../../data/hg19/K562/roadmap_pval_signals/H3K4me3_chrX.tab, ../../../data/hg19/K562/roadmap_pval_signals/H3K9me3_chrX.tab
    output: ../../../data/hg19/K562/three_mark_model_training/train/genome_chrX.0_binary.txt, ../../../data/hg19/K562/three_mark_model_training/train/genome_chrX.1_binary.txt, ../../../data/hg19/K562/three_mark_model_training/train/genome_chrX.2_binary.txt
    jobid: 35
    wildcards: train_or_test=train, chrom=X

[Thu Jul  1 17:54:14 2021]
rule binarize_multiple_bigwigAverageOverBed_output:
    input: ../../../data/hg19/K562/roadmap_pval_signals/DNase_chr10.tab, ../../../data/hg19/K562/roadmap_pval_signals/H3K27ac_chr10.tab, ../../../data/hg19/K562/roadmap_pval_signals/H3K4me3_chr10.tab, ../../../data/hg19/K562/roadmap_pval_signals/H3K9me3_chr10.tab
    output: ../../../data/hg19/K562/three_mark_model_training/test/genome_chr10.0_binary.txt, ../../../data/hg19/K562/three_mark_model_training/test/genome_chr10.1_binary.txt, ../../../data/hg19/K562/three_mark_model_training/test/genome_chr10.2_binary.txt
    jobid: 40
    wildcards: train_or_test=test, chrom=10

[Thu Jul  1 17:54:14 2021]
rule binarize_multiple_bigwigAverageOverBed_output:
    input: ../../../data/hg19/K562/roadmap_pval_signals/DNase_chr20.tab, ../../../data/hg19/K562/roadmap_pval_signals/H3K27ac_chr20.tab, ../../../data/hg19/K562/roadmap_pval_signals/H3K4me3_chr20.tab, ../../../data/hg19/K562/roadmap_pval_signals/H3K9me3_chr20.tab
    output: ../../../data/hg19/K562/three_mark_model_training/test/genome_chr20.0_binary.txt, ../../../data/hg19/K562/three_mark_model_training/test/genome_chr20.1_binary.txt, ../../../data/hg19/K562/three_mark_model_training/test/genome_chr20.2_binary.txt
    jobid: 45
    wildcards: train_or_test=test, chrom=20

[Thu Jul  1 17:54:14 2021]
rule gzip_all_files:
    input: ../../../data/hg19/K562/three_mark_model_training/train/genome_chr17.0_binary.txt, ../../../data/hg19/K562/three_mark_model_training/train/genome_chr17.1_binary.txt, ../../../data/hg19/K562/three_mark_model_training/train/genome_chr17.2_binary.txt
    output: ../../../data/hg19/K562/three_mark_model_training/train/genome_chr17.0_binary.txt.gz, ../../../data/hg19/K562/three_mark_model_training/train/genome_chr17.1_binary.txt.gz, ../../../data/hg19/K562/three_mark_model_training/train/genome_chr17.2_binary.txt.gz
    jobid: 9
    wildcards: train_or_test=train, chrom=17

