Building DAG of jobs...
Using shell: /usr/bin/bash
Provided cluster nodes: 50
Job counts:
	count	jobs
	1	all
	23	binarize_multiple_bigwigAverageOverBed_output
	23	gzip_all_files
	47

[Tue Jul  6 14:57:03 2021]
rule binarize_multiple_bigwigAverageOverBed_output:
    input: ../../../data/hg19/K562/roadmap_pval_signals/DNase_chr5.tab, ../../../data/hg19/K562/roadmap_pval_signals/H3K27ac_chr5.tab, ../../../data/hg19/K562/roadmap_pval_signals/H3K4me3_chr5.tab
    output: ../../../data/hg19/K562/three_mark_model_training/genome_chr5.0_binary.txt, ../../../data/hg19/K562/three_mark_model_training/genome_chr5.1_binary.txt, ../../../data/hg19/K562/three_mark_model_training/genome_chr5.2_binary.txt
    jobid: 28
    wildcards: chrom=5

Submitted job 28 with external jobid 'Submitted batch job 1637897'.

[Tue Jul  6 14:57:10 2021]
rule binarize_multiple_bigwigAverageOverBed_output:
    input: ../../../data/hg19/K562/roadmap_pval_signals/DNase_chr4.tab, ../../../data/hg19/K562/roadmap_pval_signals/H3K27ac_chr4.tab, ../../../data/hg19/K562/roadmap_pval_signals/H3K4me3_chr4.tab
    output: ../../../data/hg19/K562/three_mark_model_training/genome_chr4.0_binary.txt, ../../../data/hg19/K562/three_mark_model_training/genome_chr4.1_binary.txt, ../../../data/hg19/K562/three_mark_model_training/genome_chr4.2_binary.txt
    jobid: 27
    wildcards: chrom=4

Submitted job 27 with external jobid 'Submitted batch job 1637900'.

[Tue Jul  6 14:57:11 2021]
rule binarize_multiple_bigwigAverageOverBed_output:
    input: ../../../data/hg19/K562/roadmap_pval_signals/DNase_chr1.tab, ../../../data/hg19/K562/roadmap_pval_signals/H3K27ac_chr1.tab, ../../../data/hg19/K562/roadmap_pval_signals/H3K4me3_chr1.tab
    output: ../../../data/hg19/K562/three_mark_model_training/genome_chr1.0_binary.txt, ../../../data/hg19/K562/three_mark_model_training/genome_chr1.1_binary.txt, ../../../data/hg19/K562/three_mark_model_training/genome_chr1.2_binary.txt
    jobid: 24
    wildcards: chrom=1

Submitted job 24 with external jobid 'Submitted batch job 1637902'.

[Tue Jul  6 14:57:13 2021]
rule binarize_multiple_bigwigAverageOverBed_output:
    input: ../../../data/hg19/K562/roadmap_pval_signals/DNase_chr7.tab, ../../../data/hg19/K562/roadmap_pval_signals/H3K27ac_chr7.tab, ../../../data/hg19/K562/roadmap_pval_signals/H3K4me3_chr7.tab
    output: ../../../data/hg19/K562/three_mark_model_training/genome_chr7.0_binary.txt, ../../../data/hg19/K562/three_mark_model_training/genome_chr7.1_binary.txt, ../../../data/hg19/K562/three_mark_model_training/genome_chr7.2_binary.txt
    jobid: 30
    wildcards: chrom=7

Submitted job 30 with external jobid 'Submitted batch job 1637904'.

[Tue Jul  6 14:57:16 2021]
rule binarize_multiple_bigwigAverageOverBed_output:
    input: ../../../data/hg19/K562/roadmap_pval_signals/DNase_chr10.tab, ../../../data/hg19/K562/roadmap_pval_signals/H3K27ac_chr10.tab, ../../../data/hg19/K562/roadmap_pval_signals/H3K4me3_chr10.tab
    output: ../../../data/hg19/K562/three_mark_model_training/genome_chr10.0_binary.txt, ../../../data/hg19/K562/three_mark_model_training/genome_chr10.1_binary.txt, ../../../data/hg19/K562/three_mark_model_training/genome_chr10.2_binary.txt
    jobid: 33
    wildcards: chrom=10

Submitted job 33 with external jobid 'Submitted batch job 1637906'.

[Tue Jul  6 14:57:18 2021]
rule binarize_multiple_bigwigAverageOverBed_output:
    input: ../../../data/hg19/K562/roadmap_pval_signals/DNase_chr13.tab, ../../../data/hg19/K562/roadmap_pval_signals/H3K27ac_chr13.tab, ../../../data/hg19/K562/roadmap_pval_signals/H3K4me3_chr13.tab
    output: ../../../data/hg19/K562/three_mark_model_training/genome_chr13.0_binary.txt, ../../../data/hg19/K562/three_mark_model_training/genome_chr13.1_binary.txt, ../../../data/hg19/K562/three_mark_model_training/genome_chr13.2_binary.txt
    jobid: 36
    wildcards: chrom=13

Submitted job 36 with external jobid 'Submitted batch job 1637908'.

[Tue Jul  6 14:57:19 2021]
rule binarize_multiple_bigwigAverageOverBed_output:
    input: ../../../data/hg19/K562/roadmap_pval_signals/DNase_chr16.tab, ../../../data/hg19/K562/roadmap_pval_signals/H3K27ac_chr16.tab, ../../../data/hg19/K562/roadmap_pval_signals/H3K4me3_chr16.tab
    output: ../../../data/hg19/K562/three_mark_model_training/genome_chr16.0_binary.txt, ../../../data/hg19/K562/three_mark_model_training/genome_chr16.1_binary.txt, ../../../data/hg19/K562/three_mark_model_training/genome_chr16.2_binary.txt
    jobid: 39
    wildcards: chrom=16

Submitted job 39 with external jobid 'Submitted batch job 1637910'.

[Tue Jul  6 14:57:21 2021]
rule binarize_multiple_bigwigAverageOverBed_output:
    input: ../../../data/hg19/K562/roadmap_pval_signals/DNase_chr19.tab, ../../../data/hg19/K562/roadmap_pval_signals/H3K27ac_chr19.tab, ../../../data/hg19/K562/roadmap_pval_signals/H3K4me3_chr19.tab
    output: ../../../data/hg19/K562/three_mark_model_training/genome_chr19.0_binary.txt, ../../../data/hg19/K562/three_mark_model_training/genome_chr19.1_binary.txt, ../../../data/hg19/K562/three_mark_model_training/genome_chr19.2_binary.txt
    jobid: 42
    wildcards: chrom=19

Submitted job 42 with external jobid 'Submitted batch job 1637912'.

[Tue Jul  6 14:57:25 2021]
rule binarize_multiple_bigwigAverageOverBed_output:
    input: ../../../data/hg19/K562/roadmap_pval_signals/DNase_chr22.tab, ../../../data/hg19/K562/roadmap_pval_signals/H3K27ac_chr22.tab, ../../../data/hg19/K562/roadmap_pval_signals/H3K4me3_chr22.tab
    output: ../../../data/hg19/K562/three_mark_model_training/genome_chr22.0_binary.txt, ../../../data/hg19/K562/three_mark_model_training/genome_chr22.1_binary.txt, ../../../data/hg19/K562/three_mark_model_training/genome_chr22.2_binary.txt
    jobid: 45
    wildcards: chrom=22

Submitted job 45 with external jobid 'Submitted batch job 1637914'.

[Tue Jul  6 14:57:27 2021]
rule binarize_multiple_bigwigAverageOverBed_output:
    input: ../../../data/hg19/K562/roadmap_pval_signals/DNase_chr17.tab, ../../../data/hg19/K562/roadmap_pval_signals/H3K27ac_chr17.tab, ../../../data/hg19/K562/roadmap_pval_signals/H3K4me3_chr17.tab
    output: ../../../data/hg19/K562/three_mark_model_training/genome_chr17.0_binary.txt, ../../../data/hg19/K562/three_mark_model_training/genome_chr17.1_binary.txt, ../../../data/hg19/K562/three_mark_model_training/genome_chr17.2_binary.txt
    jobid: 40
    wildcards: chrom=17

Submitted job 40 with external jobid 'Submitted batch job 1637916'.

[Tue Jul  6 14:57:33 2021]
rule binarize_multiple_bigwigAverageOverBed_output:
    input: ../../../data/hg19/K562/roadmap_pval_signals/DNase_chr2.tab, ../../../data/hg19/K562/roadmap_pval_signals/H3K27ac_chr2.tab, ../../../data/hg19/K562/roadmap_pval_signals/H3K4me3_chr2.tab
    output: ../../../data/hg19/K562/three_mark_model_training/genome_chr2.0_binary.txt, ../../../data/hg19/K562/three_mark_model_training/genome_chr2.1_binary.txt, ../../../data/hg19/K562/three_mark_model_training/genome_chr2.2_binary.txt
    jobid: 25
    wildcards: chrom=2

Submitted job 25 with external jobid 'Submitted batch job 1637917'.

[Tue Jul  6 14:57:35 2021]
rule binarize_multiple_bigwigAverageOverBed_output:
    input: ../../../data/hg19/K562/roadmap_pval_signals/DNase_chr3.tab, ../../../data/hg19/K562/roadmap_pval_signals/H3K27ac_chr3.tab, ../../../data/hg19/K562/roadmap_pval_signals/H3K4me3_chr3.tab
    output: ../../../data/hg19/K562/three_mark_model_training/genome_chr3.0_binary.txt, ../../../data/hg19/K562/three_mark_model_training/genome_chr3.1_binary.txt, ../../../data/hg19/K562/three_mark_model_training/genome_chr3.2_binary.txt
    jobid: 26
    wildcards: chrom=3

Submitted job 26 with external jobid 'Submitted batch job 1637918'.

[Tue Jul  6 14:57:35 2021]
rule binarize_multiple_bigwigAverageOverBed_output:
    input: ../../../data/hg19/K562/roadmap_pval_signals/DNase_chr6.tab, ../../../data/hg19/K562/roadmap_pval_signals/H3K27ac_chr6.tab, ../../../data/hg19/K562/roadmap_pval_signals/H3K4me3_chr6.tab
    output: ../../../data/hg19/K562/three_mark_model_training/genome_chr6.0_binary.txt, ../../../data/hg19/K562/three_mark_model_training/genome_chr6.1_binary.txt, ../../../data/hg19/K562/three_mark_model_training/genome_chr6.2_binary.txt
    jobid: 29
    wildcards: chrom=6

Submitted job 29 with external jobid 'Submitted batch job 1637919'.

[Tue Jul  6 14:57:35 2021]
rule binarize_multiple_bigwigAverageOverBed_output:
    input: ../../../data/hg19/K562/roadmap_pval_signals/DNase_chr9.tab, ../../../data/hg19/K562/roadmap_pval_signals/H3K27ac_chr9.tab, ../../../data/hg19/K562/roadmap_pval_signals/H3K4me3_chr9.tab
    output: ../../../data/hg19/K562/three_mark_model_training/genome_chr9.0_binary.txt, ../../../data/hg19/K562/three_mark_model_training/genome_chr9.1_binary.txt, ../../../data/hg19/K562/three_mark_model_training/genome_chr9.2_binary.txt
    jobid: 32
    wildcards: chrom=9

Submitted job 32 with external jobid 'Submitted batch job 1637920'.

[Tue Jul  6 14:57:36 2021]
rule binarize_multiple_bigwigAverageOverBed_output:
    input: ../../../data/hg19/K562/roadmap_pval_signals/DNase_chr12.tab, ../../../data/hg19/K562/roadmap_pval_signals/H3K27ac_chr12.tab, ../../../data/hg19/K562/roadmap_pval_signals/H3K4me3_chr12.tab
    output: ../../../data/hg19/K562/three_mark_model_training/genome_chr12.0_binary.txt, ../../../data/hg19/K562/three_mark_model_training/genome_chr12.1_binary.txt, ../../../data/hg19/K562/three_mark_model_training/genome_chr12.2_binary.txt
    jobid: 35
    wildcards: chrom=12

Submitted job 35 with external jobid 'Submitted batch job 1637921'.

[Tue Jul  6 14:57:37 2021]
rule binarize_multiple_bigwigAverageOverBed_output:
    input: ../../../data/hg19/K562/roadmap_pval_signals/DNase_chr15.tab, ../../../data/hg19/K562/roadmap_pval_signals/H3K27ac_chr15.tab, ../../../data/hg19/K562/roadmap_pval_signals/H3K4me3_chr15.tab
    output: ../../../data/hg19/K562/three_mark_model_training/genome_chr15.0_binary.txt, ../../../data/hg19/K562/three_mark_model_training/genome_chr15.1_binary.txt, ../../../data/hg19/K562/three_mark_model_training/genome_chr15.2_binary.txt
    jobid: 38
    wildcards: chrom=15

Submitted job 38 with external jobid 'Submitted batch job 1637922'.

[Tue Jul  6 14:57:37 2021]
rule binarize_multiple_bigwigAverageOverBed_output:
    input: ../../../data/hg19/K562/roadmap_pval_signals/DNase_chr18.tab, ../../../data/hg19/K562/roadmap_pval_signals/H3K27ac_chr18.tab, ../../../data/hg19/K562/roadmap_pval_signals/H3K4me3_chr18.tab
    output: ../../../data/hg19/K562/three_mark_model_training/genome_chr18.0_binary.txt, ../../../data/hg19/K562/three_mark_model_training/genome_chr18.1_binary.txt, ../../../data/hg19/K562/three_mark_model_training/genome_chr18.2_binary.txt
    jobid: 41
    wildcards: chrom=18

Submitted job 41 with external jobid 'Submitted batch job 1637923'.

[Tue Jul  6 14:57:38 2021]
rule binarize_multiple_bigwigAverageOverBed_output:
    input: ../../../data/hg19/K562/roadmap_pval_signals/DNase_chr21.tab, ../../../data/hg19/K562/roadmap_pval_signals/H3K27ac_chr21.tab, ../../../data/hg19/K562/roadmap_pval_signals/H3K4me3_chr21.tab
    output: ../../../data/hg19/K562/three_mark_model_training/genome_chr21.0_binary.txt, ../../../data/hg19/K562/three_mark_model_training/genome_chr21.1_binary.txt, ../../../data/hg19/K562/three_mark_model_training/genome_chr21.2_binary.txt
    jobid: 44
    wildcards: chrom=21

Submitted job 44 with external jobid 'Submitted batch job 1637924'.

[Tue Jul  6 14:57:38 2021]
rule binarize_multiple_bigwigAverageOverBed_output:
    input: ../../../data/hg19/K562/roadmap_pval_signals/DNase_chrX.tab, ../../../data/hg19/K562/roadmap_pval_signals/H3K27ac_chrX.tab, ../../../data/hg19/K562/roadmap_pval_signals/H3K4me3_chrX.tab
    output: ../../../data/hg19/K562/three_mark_model_training/genome_chrX.0_binary.txt, ../../../data/hg19/K562/three_mark_model_training/genome_chrX.1_binary.txt, ../../../data/hg19/K562/three_mark_model_training/genome_chrX.2_binary.txt
    jobid: 46
    wildcards: chrom=X

Submitted job 46 with external jobid 'Submitted batch job 1637925'.

[Tue Jul  6 14:57:39 2021]
rule binarize_multiple_bigwigAverageOverBed_output:
    input: ../../../data/hg19/K562/roadmap_pval_signals/DNase_chr8.tab, ../../../data/hg19/K562/roadmap_pval_signals/H3K27ac_chr8.tab, ../../../data/hg19/K562/roadmap_pval_signals/H3K4me3_chr8.tab
    output: ../../../data/hg19/K562/three_mark_model_training/genome_chr8.0_binary.txt, ../../../data/hg19/K562/three_mark_model_training/genome_chr8.1_binary.txt, ../../../data/hg19/K562/three_mark_model_training/genome_chr8.2_binary.txt
    jobid: 31
    wildcards: chrom=8

Submitted job 31 with external jobid 'Submitted batch job 1637926'.

[Tue Jul  6 14:57:39 2021]
rule binarize_multiple_bigwigAverageOverBed_output:
    input: ../../../data/hg19/K562/roadmap_pval_signals/DNase_chr14.tab, ../../../data/hg19/K562/roadmap_pval_signals/H3K27ac_chr14.tab, ../../../data/hg19/K562/roadmap_pval_signals/H3K4me3_chr14.tab
    output: ../../../data/hg19/K562/three_mark_model_training/genome_chr14.0_binary.txt, ../../../data/hg19/K562/three_mark_model_training/genome_chr14.1_binary.txt, ../../../data/hg19/K562/three_mark_model_training/genome_chr14.2_binary.txt
    jobid: 37
    wildcards: chrom=14

Submitted job 37 with external jobid 'Submitted batch job 1637927'.

[Tue Jul  6 14:57:40 2021]
rule binarize_multiple_bigwigAverageOverBed_output:
    input: ../../../data/hg19/K562/roadmap_pval_signals/DNase_chr20.tab, ../../../data/hg19/K562/roadmap_pval_signals/H3K27ac_chr20.tab, ../../../data/hg19/K562/roadmap_pval_signals/H3K4me3_chr20.tab
    output: ../../../data/hg19/K562/three_mark_model_training/genome_chr20.0_binary.txt, ../../../data/hg19/K562/three_mark_model_training/genome_chr20.1_binary.txt, ../../../data/hg19/K562/three_mark_model_training/genome_chr20.2_binary.txt
    jobid: 43
    wildcards: chrom=20

Submitted job 43 with external jobid 'Submitted batch job 1637928'.

[Tue Jul  6 14:57:40 2021]
rule binarize_multiple_bigwigAverageOverBed_output:
    input: ../../../data/hg19/K562/roadmap_pval_signals/DNase_chr11.tab, ../../../data/hg19/K562/roadmap_pval_signals/H3K27ac_chr11.tab, ../../../data/hg19/K562/roadmap_pval_signals/H3K4me3_chr11.tab
    output: ../../../data/hg19/K562/three_mark_model_training/genome_chr11.0_binary.txt, ../../../data/hg19/K562/three_mark_model_training/genome_chr11.1_binary.txt, ../../../data/hg19/K562/three_mark_model_training/genome_chr11.2_binary.txt
    jobid: 34
    wildcards: chrom=11

Submitted job 34 with external jobid 'Submitted batch job 1637929'.
Terminating processes on user request, this might take some time.
Will exit after finishing currently running jobs.
Complete log: /gstore/home/vuh6/source/chromHMM_training/train_big_model/.snakemake/log/2021-07-06T145700.986108.snakemake.log
