Building DAG of jobs...
Using shell: /usr/bin/bash
Provided cluster nodes: 1
Job counts:
	count	jobs
	1	all
	23	learn_model
	24

[Mon Jun 28 23:01:44 2021]
rule learn_model:
    input: ../../../data/hg19/K562/big_model_training/genome_chr1.0_binary.txt.gz, ../../../data/hg19/K562/big_model_training/genome_chr1.1_binary.txt.gz, ../../../data/hg19/K562/big_model_training/genome_chr1.2_binary.txt.gz, ../../../data/hg19/K562/big_model_training/genome_chr2.0_binary.txt.gz, ../../../data/hg19/K562/big_model_training/genome_chr2.1_binary.txt.gz, ../../../data/hg19/K562/big_model_training/genome_chr2.2_binary.txt.gz, ../../../data/hg19/K562/big_model_training/genome_chr3.0_binary.txt.gz, ../../../data/hg19/K562/big_model_training/genome_chr3.1_binary.txt.gz, ../../../data/hg19/K562/big_model_training/genome_chr3.2_binary.txt.gz, ../../../data/hg19/K562/big_model_training/genome_chr4.0_binary.txt.gz, ../../../data/hg19/K562/big_model_training/genome_chr4.1_binary.txt.gz, ../../../data/hg19/K562/big_model_training/genome_chr4.2_binary.txt.gz, ../../../data/hg19/K562/big_model_training/genome_chr5.0_binary.txt.gz, ../../../data/hg19/K562/big_model_training/genome_chr5.1_binary.txt.gz, ../../../data/hg19/K562/big_model_training/genome_chr5.2_binary.txt.gz, ../../../data/hg19/K562/big_model_training/genome_chr6.0_binary.txt.gz, ../../../data/hg19/K562/big_model_training/genome_chr6.1_binary.txt.gz, ../../../data/hg19/K562/big_model_training/genome_chr6.2_binary.txt.gz, ../../../data/hg19/K562/big_model_training/genome_chr7.0_binary.txt.gz, ../../../data/hg19/K562/big_model_training/genome_chr7.1_binary.txt.gz, ../../../data/hg19/K562/big_model_training/genome_chr7.2_binary.txt.gz, ../../../data/hg19/K562/big_model_training/genome_chr8.0_binary.txt.gz, ../../../data/hg19/K562/big_model_training/genome_chr8.1_binary.txt.gz, ../../../data/hg19/K562/big_model_training/genome_chr8.2_binary.txt.gz, ../../../data/hg19/K562/big_model_training/genome_chr9.0_binary.txt.gz, ../../../data/hg19/K562/big_model_training/genome_chr9.1_binary.txt.gz, ../../../data/hg19/K562/big_model_training/genome_chr9.2_binary.txt.gz, ../../../data/hg19/K562/big_model_training/genome_chr10.0_binary.txt.gz, ../../../data/hg19/K562/big_model_training/genome_chr10.1_binary.txt.gz, ../../../data/hg19/K562/big_model_training/genome_chr10.2_binary.txt.gz, ../../../data/hg19/K562/big_model_training/genome_chr11.0_binary.txt.gz, ../../../data/hg19/K562/big_model_training/genome_chr11.1_binary.txt.gz, ../../../data/hg19/K562/big_model_training/genome_chr11.2_binary.txt.gz, ../../../data/hg19/K562/big_model_training/genome_chr12.0_binary.txt.gz, ../../../data/hg19/K562/big_model_training/genome_chr12.1_binary.txt.gz, ../../../data/hg19/K562/big_model_training/genome_chr12.2_binary.txt.gz, ../../../data/hg19/K562/big_model_training/genome_chr13.0_binary.txt.gz, ../../../data/hg19/K562/big_model_training/genome_chr13.1_binary.txt.gz, ../../../data/hg19/K562/big_model_training/genome_chr13.2_binary.txt.gz, ../../../data/hg19/K562/big_model_training/genome_chr14.0_binary.txt.gz, ../../../data/hg19/K562/big_model_training/genome_chr14.1_binary.txt.gz, ../../../data/hg19/K562/big_model_training/genome_chr14.2_binary.txt.gz, ../../../data/hg19/K562/big_model_training/genome_chr15.0_binary.txt.gz, ../../../data/hg19/K562/big_model_training/genome_chr15.1_binary.txt.gz, ../../../data/hg19/K562/big_model_training/genome_chr15.2_binary.txt.gz, ../../../data/hg19/K562/big_model_training/genome_chr16.0_binary.txt.gz, ../../../data/hg19/K562/big_model_training/genome_chr16.1_binary.txt.gz, ../../../data/hg19/K562/big_model_training/genome_chr16.2_binary.txt.gz, ../../../data/hg19/K562/big_model_training/genome_chr17.0_binary.txt.gz, ../../../data/hg19/K562/big_model_training/genome_chr17.1_binary.txt.gz, ../../../data/hg19/K562/big_model_training/genome_chr17.2_binary.txt.gz, ../../../data/hg19/K562/big_model_training/genome_chr18.0_binary.txt.gz, ../../../data/hg19/K562/big_model_training/genome_chr18.1_binary.txt.gz, ../../../data/hg19/K562/big_model_training/genome_chr18.2_binary.txt.gz, ../../../data/hg19/K562/big_model_training/genome_chr19.0_binary.txt.gz, ../../../data/hg19/K562/big_model_training/genome_chr19.1_binary.txt.gz, ../../../data/hg19/K562/big_model_training/genome_chr19.2_binary.txt.gz, ../../../data/hg19/K562/big_model_training/genome_chr20.0_binary.txt.gz, ../../../data/hg19/K562/big_model_training/genome_chr20.1_binary.txt.gz, ../../../data/hg19/K562/big_model_training/genome_chr20.2_binary.txt.gz, ../../../data/hg19/K562/big_model_training/genome_chr21.0_binary.txt.gz, ../../../data/hg19/K562/big_model_training/genome_chr21.1_binary.txt.gz, ../../../data/hg19/K562/big_model_training/genome_chr21.2_binary.txt.gz, ../../../data/hg19/K562/big_model_training/genome_chr22.0_binary.txt.gz, ../../../data/hg19/K562/big_model_training/genome_chr22.1_binary.txt.gz, ../../../data/hg19/K562/big_model_training/genome_chr22.2_binary.txt.gz, ../../../data/hg19/K562/big_model_training/genome_chrX.0_binary.txt.gz, ../../../data/hg19/K562/big_model_training/genome_chrX.1_binary.txt.gz, ../../../data/hg19/K562/big_model_training/genome_chrX.2_binary.txt.gz
    output: ../../../model_analysis/K562_hg19/all_mark_model/state_8/model_8.txt, ../../../model_analysis/K562_hg19/all_mark_model/state_8/genome_8_segments.bed.gz
    jobid: 7
    wildcards: num_state=8

Submitted job 7 with external jobid 'Submitted batch job 712432'.
[Mon Jun 28 23:12:35 2021]
Error in rule learn_model:
    jobid: 7
    output: ../../../model_analysis/K562_hg19/all_mark_model/state_8/model_8.txt, ../../../model_analysis/K562_hg19/all_mark_model/state_8/genome_8_segments.bed.gz
    shell:
        
		java -jar ../../../program_source/ChromHMM/ChromHMM/ChromHMM.jar LearnModel -holdcolumnorder -noenrich -pseudo -many -p 6 -n 300 -d -1 -lowmem -gzip ../../../data/hg19/K562/big_model_training/ ../../../model_analysis/K562_hg19/all_mark_model 8 hg19
		
        (one of the commands exited with non-zero exit code; note that snakemake uses bash strict mode!)
    cluster_jobid: Submitted batch job 712432

Error executing rule learn_model on cluster (jobid: 7, external: Submitted batch job 712432, jobscript: /gstore/home/vuh6/source/chromHMM_training/train_big_model/.snakemake/tmp.gjsh44br/snakejob.learn_model.7.sh). For error details see the cluster log and the log files of the involved rule(s).
Shutting down, this might take some time.
Exiting because a job execution failed. Look above for error message
Complete log: /gstore/home/vuh6/source/chromHMM_training/train_big_model/.snakemake/log/2021-06-28T230141.490739.snakemake.log
